#
# There is insufficient memory for the Java Runtime Environment to continue.
# Native memory allocation (mmap) failed to map 257949696 bytes for G1 virtual space
# Possible reasons:
#   The system is out of physical RAM or swap space
#   The process is running with CompressedOops enabled, and the Java Heap may be blocking the growth of the native heap
# Possible solutions:
#   Reduce memory load on the system
#   Increase physical memory or swap space
#   Check if swap backing store is full
#   Decrease Java heap size (-Xmx/-Xms)
#   Decrease number of Java threads
#   Decrease Java thread stack sizes (-Xss)
#   Set larger code cache with -XX:ReservedCodeCacheSize=
#   JVM is running with Zero Based Compressed Oops mode in which the Java heap is
#     placed in the first 32GB address space. The Java Heap base address is the
#     maximum limit for the native heap growth. Please use -XX:HeapBaseMinAddress
#     to set the Java Heap base and to place the Java Heap above 32GB virtual address.
# This output file may be truncated or incomplete.
#
#  Out of Memory Error (os_windows.cpp:3613), pid=31724, tid=17724
#
# JRE version:  (17.0.10+7) (build )
# Java VM: OpenJDK 64-Bit Server VM (17.0.10+7-LTS, mixed mode, sharing, tiered, compressed oops, compressed class ptrs, g1 gc, windows-amd64)
# No core dump will be written. Minidumps are not enabled by default on client versions of Windows
#

---------------  S U M M A R Y ------------

Command Line: D:\projects\booknex-2\node_modules\@openapitools\openapi-generator-cli\versions\7.3.0.jar help

Host: AMD Ryzen 7 5800H with Radeon Graphics         , 16 cores, 15G,  Windows 11 , 64 bit Build 22621 (10.0.22621.3672)
Time: Mon Jul 22 21:02:27 2024  Windows 11 , 64 bit Build 22621 (10.0.22621.3672) elapsed time: 0.024874 seconds (0d 0h 0m 0s)

---------------  T H R E A D  ---------------

Current thread (0x0000025aff00ae50):  JavaThread "Unknown thread" [_thread_in_vm, id=17724, stack(0x0000005c31800000,0x0000005c31900000)]

Stack: [0x0000005c31800000,0x0000005c31900000]
Native frames: (J=compiled Java code, j=interpreted, Vv=VM code, C=native code)
V  [jvm.dll+0x67f829]
V  [jvm.dll+0x83750a]
V  [jvm.dll+0x838fce]
V  [jvm.dll+0x839633]
V  [jvm.dll+0x247cbf]
V  [jvm.dll+0x67c669]
V  [jvm.dll+0x6710da]
V  [jvm.dll+0x309b8b]
V  [jvm.dll+0x311036]
V  [jvm.dll+0x360d5e]
V  [jvm.dll+0x360f8f]
V  [jvm.dll+0x2e0798]
V  [jvm.dll+0x2e1704]
V  [jvm.dll+0x808d91]
V  [jvm.dll+0x36ec11]
V  [jvm.dll+0x7e7826]
V  [jvm.dll+0x3f245f]
V  [jvm.dll+0x3f4091]
C  [jli.dll+0x528f]
C  [ucrtbase.dll+0x29333]
C  [KERNEL32.DLL+0x1257d]
C  [ntdll.dll+0x5af28]


---------------  P R O C E S S  ---------------

Threads class SMR info:
_java_thread_list=0x00007ffbbd1e1ed8, length=0, elements={
}

Java Threads: ( => current thread )

Other Threads:
  0x0000025affe0bf70 GCTaskThread "GC Thread#0" [stack: 0x0000005c31900000,0x0000005c31a00000] [id=26964]
  0x0000025affe1d360 ConcurrentGCThread "G1 Main Marker" [stack: 0x0000005c31a00000,0x0000005c31b00000] [id=17944]
  0x0000025affe1dc80 ConcurrentGCThread "G1 Conc#0" [stack: 0x0000005c31b00000,0x0000005c31c00000] [id=23364]

[error occurred during error reporting (printing all threads), id 0xc0000005, EXCEPTION_ACCESS_VIOLATION (0xc0000005) at pc=0x00007ffbbc9a11d7]

VM state: not at safepoint (not fully initialized)

VM Mutex/Monitor currently owned by a thread:  ([mutex/lock_event])
[0x0000025affda0860] Heap_lock - owner thread: 0x0000025aff00ae50

Heap address: 0x000000070a600000, size: 3930 MB, Compressed Oops mode: Zero based, Oop shift amount: 3

CDS archive(s) mapped at: [0x0000000000000000-0x0000000000000000-0x0000000000000000), size 0, SharedBaseAddress: 0x0000000800000000, ArchiveRelocationMode: 1.
Narrow klass base: 0x0000000000000000, Narrow klass shift: 0, Narrow klass range: 0x0

GC Precious Log:
<Empty>

Heap:
 garbage-first heap   total 0K, used 0K [0x000000070a600000, 0x0000000800000000)
  region size 2048K, 0 young (0K), 0 survivors (0K)

[error occurred during error reporting (printing heap information), id 0xc0000005, EXCEPTION_ACCESS_VIOLATION (0xc0000005) at pc=0x00007ffbbcd89869]

GC Heap History (0 events):
No events

Dll operation events (1 events):
Event: 0.016 Loaded shared library C:\Program Files\Microsoft\jdk-17.0.10.7-hotspot\bin\java.dll

Deoptimization events (0 events):
No events

Classes unloaded (0 events):
No events

Classes redefined (0 events):
No events

Internal exceptions (0 events):
No events

VM Operations (0 events):
No events

Events (0 events):
No events


Dynamic libraries:
0x00007ff61aad0000 - 0x00007ff61aade000 	C:\Program Files\Microsoft\jdk-17.0.10.7-hotspot\bin\java.exe
0x00007ffc208b0000 - 0x00007ffc20ac7000 	C:\WINDOWS\SYSTEM32\ntdll.dll
0x00007ffc1fe70000 - 0x00007ffc1ff34000 	C:\WINDOWS\System32\KERNEL32.DLL
0x00007ffc1e240000 - 0x00007ffc1e5ed000 	C:\WINDOWS\System32\KERNELBASE.dll
0x00007ffc1ddb0000 - 0x00007ffc1dec1000 	C:\WINDOWS\System32\ucrtbase.dll
0x00007ffc0e730000 - 0x00007ffc0e747000 	C:\Program Files\Microsoft\jdk-17.0.10.7-hotspot\bin\jli.dll
0x00007ffc060d0000 - 0x00007ffc060eb000 	C:\Program Files\Microsoft\jdk-17.0.10.7-hotspot\bin\VCRUNTIME140.dll
0x00007ffc1e750000 - 0x00007ffc1e8fe000 	C:\WINDOWS\System32\USER32.dll
0x00007ffc0f7d0000 - 0x00007ffc0fa63000 	C:\WINDOWS\WinSxS\amd64_microsoft.windows.common-controls_6595b64144ccf1df_6.0.22621.3672_none_2713b9d173822955\COMCTL32.dll
0x00007ffc1e210000 - 0x00007ffc1e236000 	C:\WINDOWS\System32\win32u.dll
0x00007ffc20730000 - 0x00007ffc20759000 	C:\WINDOWS\System32\GDI32.dll
0x00007ffc1dc60000 - 0x00007ffc1dd79000 	C:\WINDOWS\System32\gdi32full.dll
0x00007ffc1ded0000 - 0x00007ffc1df6a000 	C:\WINDOWS\System32\msvcp_win.dll
0x00007ffc20760000 - 0x00007ffc20807000 	C:\WINDOWS\System32\msvcrt.dll
0x00007ffc206c0000 - 0x00007ffc206f1000 	C:\WINDOWS\System32\IMM32.DLL
0x00007ffc17b00000 - 0x00007ffc17b0c000 	C:\Program Files\Microsoft\jdk-17.0.10.7-hotspot\bin\vcruntime140_1.dll
0x00007ffbd3dc0000 - 0x00007ffbd3e4d000 	C:\Program Files\Microsoft\jdk-17.0.10.7-hotspot\bin\msvcp140.dll
0x00007ffbbc6b0000 - 0x00007ffbbd315000 	C:\Program Files\Microsoft\jdk-17.0.10.7-hotspot\bin\server\jvm.dll
0x00007ffc20600000 - 0x00007ffc206b2000 	C:\WINDOWS\System32\ADVAPI32.dll
0x00007ffc1f4a0000 - 0x00007ffc1f549000 	C:\WINDOWS\System32\sechost.dll
0x00007ffc1dd80000 - 0x00007ffc1dda8000 	C:\WINDOWS\System32\bcrypt.dll
0x00007ffc20140000 - 0x00007ffc20254000 	C:\WINDOWS\System32\RPCRT4.dll
0x00007ffc1d2d0000 - 0x00007ffc1d31d000 	C:\WINDOWS\SYSTEM32\POWRPROF.dll
0x00007ffc18650000 - 0x00007ffc18659000 	C:\WINDOWS\SYSTEM32\WSOCK32.dll
0x00007ffc1ef10000 - 0x00007ffc1ef81000 	C:\WINDOWS\System32\WS2_32.dll
0x00007ffc18550000 - 0x00007ffc18584000 	C:\WINDOWS\SYSTEM32\WINMM.dll
0x00007ffc16c40000 - 0x00007ffc16c4a000 	C:\WINDOWS\SYSTEM32\VERSION.dll
0x00007ffc1d150000 - 0x00007ffc1d163000 	C:\WINDOWS\SYSTEM32\UMPDC.dll
0x00007ffc1cbd0000 - 0x00007ffc1cbe8000 	C:\WINDOWS\SYSTEM32\kernel.appcore.dll
0x00007ffc0f340000 - 0x00007ffc0f34a000 	C:\Program Files\Microsoft\jdk-17.0.10.7-hotspot\bin\jimage.dll
0x00007ffc141b0000 - 0x00007ffc143e2000 	C:\WINDOWS\SYSTEM32\DBGHELP.DLL
0x00007ffc1e920000 - 0x00007ffc1eca8000 	C:\WINDOWS\System32\combase.dll
0x00007ffc20520000 - 0x00007ffc205f7000 	C:\WINDOWS\System32\OLEAUT32.dll
0x00007ffbf9880000 - 0x00007ffbf98b2000 	C:\WINDOWS\SYSTEM32\dbgcore.DLL
0x00007ffc1dbe0000 - 0x00007ffc1dc5b000 	C:\WINDOWS\System32\bcryptPrimitives.dll
0x00007ffc03660000 - 0x00007ffc03685000 	C:\Program Files\Microsoft\jdk-17.0.10.7-hotspot\bin\java.dll

dbghelp: loaded successfully - version: 4.0.5 - missing functions: none
symbol engine: initialized successfully - sym options: 0x614 - pdb path: .;C:\Program Files\Microsoft\jdk-17.0.10.7-hotspot\bin;C:\WINDOWS\SYSTEM32;C:\WINDOWS\WinSxS\amd64_microsoft.windows.common-controls_6595b64144ccf1df_6.0.22621.3672_none_2713b9d173822955;C:\Program Files\Microsoft\jdk-17.0.10.7-hotspot\bin\server

VM Arguments:
java_command: D:\projects\booknex-2\node_modules\@openapitools\openapi-generator-cli\versions\7.3.0.jar help
java_class_path (initial): D:\projects\booknex-2\node_modules\@openapitools\openapi-generator-cli\versions\7.3.0.jar
Launcher Type: SUN_STANDARD

[Global flags]
     intx CICompilerCount                          = 12                                        {product} {ergonomic}
     uint ConcGCThreads                            = 3                                         {product} {ergonomic}
     uint G1ConcRefinementThreads                  = 13                                        {product} {ergonomic}
   size_t G1HeapRegionSize                         = 2097152                                   {product} {ergonomic}
    uintx GCDrainStackTargetSize                   = 64                                        {product} {ergonomic}
   size_t InitialHeapSize                          = 257949696                                 {product} {ergonomic}
   size_t MarkStackSize                            = 4194304                                   {product} {ergonomic}
   size_t MaxHeapSize                              = 4120903680                                {product} {ergonomic}
   size_t MinHeapDeltaBytes                        = 2097152                                   {product} {ergonomic}
   size_t MinHeapSize                              = 8388608                                   {product} {ergonomic}
    uintx NonNMethodCodeHeapSize                   = 7602480                                {pd product} {ergonomic}
    uintx NonProfiledCodeHeapSize                  = 122027880                              {pd product} {ergonomic}
    uintx ProfiledCodeHeapSize                     = 122027880                              {pd product} {ergonomic}
    uintx ReservedCodeCacheSize                    = 251658240                              {pd product} {ergonomic}
     bool SegmentedCodeCache                       = true                                      {product} {ergonomic}
   size_t SoftMaxHeapSize                          = 4120903680                             {manageable} {ergonomic}
     bool UseCompressedClassPointers               = true                           {product lp64_product} {ergonomic}
     bool UseCompressedOops                        = true                           {product lp64_product} {ergonomic}
     bool UseG1GC                                  = true                                      {product} {ergonomic}
     bool UseLargePagesIndividualAllocation        = false                                  {pd product} {ergonomic}

Logging:
Log output configuration:
 #0: stdout all=warning uptime,level,tags
 #1: stderr all=off uptime,level,tags

Environment Variables:
JAVA_HOME=C:\Program Files\Microsoft\jdk-17.0.10.7-hotspot\
PATH=D:\projects\booknex-2\node_modules\.bin;D:\projects\booknex-2\node_modules\.bin;D:\projects\node_modules\.bin;D:\node_modules\.bin;C:\Program Files\nodejs\node_modules\npm\node_modules\@npmcli\run-script\lib\node-gyp-bin;D:\projects\booknex-2\node_modules\.bin;D:\projects\booknex-2\node_modules\.bin;D:\projects\node_modules\.bin;D:\node_modules\.bin;C:\Program Files\nodejs\node_modules\npm\node_modules\@npmcli\run-script\lib\node-gyp-bin;C:\Python312\Scripts\;C:\Python312\;C:\Program Files\Microsoft\jdk-17.0.10.7-hotspot\bin;C:\WINDOWS\system32;C:\WINDOWS;C:\WINDOWS\System32\Wbem;C:\WINDOWS\System32\WindowsPowerShell\v1.0\;C:\WINDOWS\System32\OpenSSH\;C:\ProgramData\chocolatey\bin;C:\Program Files\nodejs\;C:\Program Files\Docker\Docker\resources\bin;D:\Docker\Docker\resources\bin;C:\Program Files (x86)\Yarn\bin\;C:\Program Files\Git\cmd;C:\Program Files\dotnet\;C:\Users\anton\AppData\Local\Android\Sdk\platform-tools;C:\Users\anton\AppData\Local\Android\Sdk\tools;C:\Users\anton\AppData\Local\Microsoft\WindowsApps;D:\WebStorm 2024.1.1\bin;C:\Users\anton\AppData\Roaming\npm;C:\Users\anton\.bun\bin;D:\projects\old\Microsoft VS Code\bin;C:\Users\anton\AppData\Local\Yarn\bin;C:\Users\anton\AppData\Local\JetBrains\Toolbox\scripts;;C:\Program Files\JetBrains\WebStorm 2024.1.2\bin;;D:\projects\booknex-2\node_modules\.bin
USERNAME=anton
OS=Windows_NT
PROCESSOR_IDENTIFIER=AMD64 Family 25 Model 80 Stepping 0, AuthenticAMD
TMP=C:\Users\anton\AppData\Local\Temp
TEMP=C:\Users\anton\AppData\Local\Temp



Periodic native trim disabled


---------------  S Y S T E M  ---------------

OS:
 Windows 11 , 64 bit Build 22621 (10.0.22621.3672)
OS uptime: 5 days 0:42 hours
Hyper-V role detected

CPU: total 16 (initial active 16) (16 cores per cpu, 2 threads per core) family 25 model 80 stepping 0 microcode 0x0, cx8, cmov, fxsr, ht, mmx, 3dnowpref, sse, sse2, sse3, ssse3, sse4a, sse4.1, sse4.2, popcnt, lzcnt, tsc, tscinvbit, avx, avx2, aes, erms, clmul, bmi1, bmi2, adx, sha, fma, vzeroupper, clflush, clflushopt, hv
Processor Information for all 16 processors :
  Max Mhz: 3201, Current Mhz: 3201, Mhz Limit: 3201

Memory: 4k page, system-wide physical 15713M (352M free)
TotalPageFile size 28454M (AvailPageFile size 163M)
current process WorkingSet (physical memory assigned to process): 11M, peak: 11M
current process commit charge ("private bytes"): 71M, peak: 316M

vm_info: OpenJDK 64-Bit Server VM (17.0.10+7-LTS) for windows-amd64 JRE (17.0.10+7-LTS), built on Jan 10 2024 19:47:12 by "MicrosoftCorporation" with MS VC++ 16.10 / 16.11 (VS2019)

END.
