#
# There is insufficient memory for the Java Runtime Environment to continue.
# Native memory allocation (mmap) failed to map 65536 bytes for Failed to commit metaspace.
# Possible reasons:
#   The system is out of physical RAM or swap space
#   The process is running with CompressedOops enabled, and the Java Heap may be blocking the growth of the native heap
# Possible solutions:
#   Reduce memory load on the system
#   Increase physical memory or swap space
#   Check if swap backing store is full
#   Decrease Java heap size (-Xmx/-Xms)
#   Decrease number of Java threads
#   Decrease Java thread stack sizes (-Xss)
#   Set larger code cache with -XX:ReservedCodeCacheSize=
#   JVM is running with Unscaled Compressed Oops mode in which the Java heap is
#     placed in the first 4GB address space. The Java Heap base address is the
#     maximum limit for the native heap growth. Please use -XX:HeapBaseMinAddress
#     to set the Java Heap base and to place the Java Heap above 4GB virtual address.
# This output file may be truncated or incomplete.
#
#  Out of Memory Error (virtualSpaceNode.cpp:110), pid=28376, tid=5700
#
# JRE version: Java(TM) SE Runtime Environment (18.0.2.1+1) (build 18.0.2.1+1-1)
# Java VM: Java HotSpot(TM) 64-Bit Server VM (18.0.2.1+1-1, mixed mode, sharing, tiered, compressed oops, compressed class ptrs, g1 gc, windows-amd64)
# No core dump will be written. Minidumps are not enabled by default on client versions of Windows
#

---------------  S U M M A R Y ------------

Command Line: -Xmx64m -Xms64m -Dorg.gradle.appname=gradlew org.gradle.wrapper.GradleWrapperMain tasks

Host: AMD Ryzen 7 5800H with Radeon Graphics         , 16 cores, 15G,  Windows 11 , 64 bit Build 22621 (10.0.22621.2506)
Time: Sun Dec 17 21:46:43 2023  Windows 11 , 64 bit Build 22621 (10.0.22621.2506) elapsed time: 0.418385 seconds (0d 0h 0m 0s)

---------------  T H R E A D  ---------------

Current thread (0x0000020b10c3d8b0):  JavaThread "main" [_thread_in_vm, id=5700, stack(0x0000006887300000,0x0000006887400000)]

Stack: [0x0000006887300000,0x0000006887400000]
Native frames: (J=compiled Java code, j=interpreted, Vv=VM code, C=native code)
V  [jvm.dll+0x6993aa]
V  [jvm.dll+0x7f46dd]
V  [jvm.dll+0x7f5fee]
V  [jvm.dll+0x7f66a3]
V  [jvm.dll+0x25cf1f]
V  [jvm.dll+0x7f03eb]
V  [jvm.dll+0x63f526]
V  [jvm.dll+0x63f58a]
V  [jvm.dll+0x641e0e]
V  [jvm.dll+0x641cce]
V  [jvm.dll+0x63feee]
V  [jvm.dll+0x6513f9]
V  [jvm.dll+0x64a7e4]
V  [jvm.dll+0x3a1c01]
C  0x0000020b1856c711

Java frames: (J=compiled Java code, j=interpreted, Vv=VM code)
j  java.lang.ApplicationShutdownHooks$1.<init>()V+0 java.base@18.0.2.1
j  java.lang.ApplicationShutdownHooks.<clinit>()V+6 java.base@18.0.2.1
v  ~StubRoutines::call_stub
j  java.lang.Runtime.addShutdownHook(Ljava/lang/Thread;)V+22 java.base@18.0.2.1
j  java.util.logging.LogManager.<init>(Ljava/lang/Void;)V+112 java.logging@18.0.2.1
j  java.util.logging.LogManager.<init>()V+4 java.logging@18.0.2.1
j  java.util.logging.LogManager$1.run()Ljava/util/logging/LogManager;+83 java.logging@18.0.2.1
j  java.util.logging.LogManager$1.run()Ljava/lang/Object;+1 java.logging@18.0.2.1
j  java.security.AccessController.executePrivileged(Ljava/security/PrivilegedAction;Ljava/security/AccessControlContext;Ljava/lang/Class;)Ljava/lang/Object;+29 java.base@18.0.2.1
j  java.security.AccessController.doPrivileged(Ljava/security/PrivilegedAction;)Ljava/lang/Object;+5 java.base@18.0.2.1
j  java.util.logging.LogManager.<clinit>()V+29 java.logging@18.0.2.1
v  ~StubRoutines::call_stub
j  java.util.logging.Logger.demandLogger(Ljava/lang/String;Ljava/lang/String;Ljava/lang/Class;)Ljava/util/logging/Logger;+0 java.logging@18.0.2.1
j  java.util.logging.Logger.getLogger(Ljava/lang/String;Ljava/lang/Class;)Ljava/util/logging/Logger;+3 java.logging@18.0.2.1
j  java.util.logging.Logger.getLogger(Ljava/lang/String;)Ljava/util/logging/Logger;+4 java.logging@18.0.2.1
j  org.gradle.internal.logging.source.JavaUtilLoggingSystem.<init>()V+7
j  org.gradle.internal.logging.services.LoggingServiceRegistry.createLoggingManagerFactory()Lorg/gradle/internal/logging/services/DefaultLoggingManagerFactory;+101
j  java.lang.invoke.DirectMethodHandle$Holder.invokeVirtual(Ljava/lang/Object;Ljava/lang/Object;)Ljava/lang/Object;+10 java.base@18.0.2.1
j  java.lang.invoke.LambdaForm$MH+0x0000000800c24000.invoke(Ljava/lang/Object;Ljava/lang/Object;)Ljava/lang/Object;+31 java.base@18.0.2.1
j  java.lang.invoke.Invokers$Holder.invokeExact_MT(Ljava/lang/Object;Ljava/lang/Object;Ljava/lang/Object;)Ljava/lang/Object;+19 java.base@18.0.2.1
j  jdk.internal.reflect.DirectMethodHandleAccessor.invokeImpl(Ljava/lang/Object;[Ljava/lang/Object;)Ljava/lang/Object;+41 java.base@18.0.2.1
j  jdk.internal.reflect.DirectMethodHandleAccessor.invoke(Ljava/lang/Object;[Ljava/lang/Object;)Ljava/lang/Object;+23 java.base@18.0.2.1
j  java.lang.reflect.Method.invoke(Ljava/lang/Object;[Ljava/lang/Object;)Ljava/lang/Object;+102 java.base@18.0.2.1
j  org.gradle.internal.reflect.JavaMethod.invoke(Ljava/lang/Object;[Ljava/lang/Object;)Ljava/lang/Object;+6
j  org.gradle.internal.service.ReflectionBasedServiceMethod.invoke(Ljava/lang/Object;[Ljava/lang/Object;)Ljava/lang/Object;+6
j  org.gradle.internal.service.DefaultServiceRegistry$FactoryMethodService.invokeMethod([Ljava/lang/Object;)Ljava/lang/Object;+9
j  org.gradle.internal.service.DefaultServiceRegistry$FactoryService.createServiceInstance()Ljava/lang/Object;+7
j  org.gradle.internal.service.DefaultServiceRegistry$ManagedObjectServiceProvider.getInstance()Ljava/lang/Object;+24
j  org.gradle.internal.service.DefaultServiceRegistry$SingletonService.get()Ljava/lang/Object;+1
j  org.gradle.internal.service.DefaultServiceRegistry.find(Ljava/lang/reflect/Type;)Ljava/lang/Object;+22
j  org.gradle.internal.service.DefaultServiceRegistry.get(Ljava/lang/reflect/Type;)Ljava/lang/Object;+2
j  org.gradle.internal.service.DefaultServiceRegistry.get(Ljava/lang/Class;)Ljava/lang/Object;+3
j  org.gradle.internal.logging.services.LoggingServiceRegistry.newCommandLineProcessLogging()Lorg/gradle/internal/logging/services/LoggingServiceRegistry;+12
j  org.gradle.launcher.cli.DefaultCommandLineActionFactory.createLoggingServices()Lorg/gradle/internal/service/ServiceRegistry;+0
j  org.gradle.launcher.cli.DefaultCommandLineActionFactory.convert(Ljava/util/List;)Lorg/gradle/launcher/bootstrap/CommandLineActionFactory$CommandLineExecution;+1
j  org.gradle.launcher.Main.doAction([Ljava/lang/String;Lorg/gradle/launcher/bootstrap/ExecutionListener;)V+8
j  org.gradle.launcher.bootstrap.EntryPoint.run([Ljava/lang/String;)V+12
j  java.lang.invoke.DirectMethodHandle$Holder.invokeVirtual(Ljava/lang/Object;Ljava/lang/Object;Ljava/lang/Object;)V+11 java.base@18.0.2.1
j  java.lang.invoke.LambdaForm$MH+0x0000000800c12800.invoke(Ljava/lang/Object;Ljava/lang/Object;Ljava/lang/Object;)Ljava/lang/Object;+52 java.base@18.0.2.1
j  java.lang.invoke.Invokers$Holder.invokeExact_MT(Ljava/lang/Object;Ljava/lang/Object;Ljava/lang/Object;Ljava/lang/Object;)Ljava/lang/Object;+20 java.base@18.0.2.1
j  jdk.internal.reflect.DirectMethodHandleAccessor.invokeImpl(Ljava/lang/Object;[Ljava/lang/Object;)Ljava/lang/Object;+55 java.base@18.0.2.1
j  jdk.internal.reflect.DirectMethodHandleAccessor.invoke(Ljava/lang/Object;[Ljava/lang/Object;)Ljava/lang/Object;+23 java.base@18.0.2.1
j  java.lang.reflect.Method.invoke(Ljava/lang/Object;[Ljava/lang/Object;)Ljava/lang/Object;+102 java.base@18.0.2.1
j  org.gradle.launcher.bootstrap.ProcessBootstrap.runNoExit(Ljava/lang/String;[Ljava/lang/String;)V+159
j  org.gradle.launcher.bootstrap.ProcessBootstrap.run(Ljava/lang/String;[Ljava/lang/String;)V+2
j  java.lang.invoke.LambdaForm$DMH+0x0000000800c08400.invokeStatic(Ljava/lang/Object;Ljava/lang/Object;Ljava/lang/Object;)V+11 java.base@18.0.2.1
j  java.lang.invoke.LambdaForm$MH+0x0000000800c09c00.invoke(Ljava/lang/Object;Ljava/lang/Object;Ljava/lang/Object;Ljava/lang/Object;)Ljava/lang/Object;+54 java.base@18.0.2.1
j  java.lang.invoke.LambdaForm$MH+0x0000000800c0a000.invokeExact_MT(Ljava/lang/Object;Ljava/lang/Object;Ljava/lang/Object;Ljava/lang/Object;Ljava/lang/Object;)Ljava/lang/Object;+22 java.base@18.0.2.1
j  jdk.internal.reflect.DirectMethodHandleAccessor.invokeImpl(Ljava/lang/Object;[Ljava/lang/Object;)Ljava/lang/Object;+72 java.base@18.0.2.1
j  jdk.internal.reflect.DirectMethodHandleAccessor.invoke(Ljava/lang/Object;[Ljava/lang/Object;)Ljava/lang/Object;+23 java.base@18.0.2.1
j  java.lang.reflect.Method.invoke(Ljava/lang/Object;[Ljava/lang/Object;)Ljava/lang/Object;+102 java.base@18.0.2.1
j  org.gradle.launcher.GradleMain.main([Ljava/lang/String;)V+100
j  java.lang.invoke.LambdaForm$DMH+0x0000000800c04400.invokeStatic(Ljava/lang/Object;Ljava/lang/Object;)V+10 java.base@18.0.2.1
j  java.lang.invoke.LambdaForm$MH+0x0000000800c08000.invoke(Ljava/lang/Object;Ljava/lang/Object;Ljava/lang/Object;)Ljava/lang/Object;+33 java.base@18.0.2.1
j  java.lang.invoke.Invokers$Holder.invokeExact_MT(Ljava/lang/Object;Ljava/lang/Object;Ljava/lang/Object;Ljava/lang/Object;)Ljava/lang/Object;+20 java.base@18.0.2.1
j  jdk.internal.reflect.DirectMethodHandleAccessor.invokeImpl(Ljava/lang/Object;[Ljava/lang/Object;)Ljava/lang/Object;+55 java.base@18.0.2.1
j  jdk.internal.reflect.DirectMethodHandleAccessor.invoke(Ljava/lang/Object;[Ljava/lang/Object;)Ljava/lang/Object;+23 java.base@18.0.2.1
j  java.lang.reflect.Method.invoke(Ljava/lang/Object;[Ljava/lang/Object;)Ljava/lang/Object;+102 java.base@18.0.2.1
j  org.gradle.wrapper.BootstrapMainStarter.start([Ljava/lang/String;Ljava/io/File;)V+105
j  org.gradle.wrapper.WrapperExecutor.execute([Ljava/lang/String;Lorg/gradle/wrapper/Install;Lorg/gradle/wrapper/BootstrapMainStarter;)V+14
j  org.gradle.wrapper.GradleWrapperMain.main([Ljava/lang/String;)V+206
v  ~StubRoutines::call_stub

---------------  P R O C E S S  ---------------

Threads class SMR info:
_java_thread_list=0x0000020b2f353560, length=14, elements={
0x0000020b10c3d8b0, 0x0000020b10ce09b0, 0x0000020b10ce1520, 0x0000020b2aef7ef0,
0x0000020b2aef87a0, 0x0000020b2aef9050, 0x0000020b2aef9900, 0x0000020b2aefd640,
0x0000020b2aefdf30, 0x0000020b2af19210, 0x0000020b2f194630, 0x0000020b2f1a79c0,
0x0000020b2f1ac2b0, 0x0000020b2f50e850
}

Java Threads: ( => current thread )
=>0x0000020b10c3d8b0 JavaThread "main" [_thread_in_vm, id=5700, stack(0x0000006887300000,0x0000006887400000)]
  0x0000020b10ce09b0 JavaThread "Reference Handler" daemon [_thread_blocked, id=30364, stack(0x0000006887a00000,0x0000006887b00000)]
  0x0000020b10ce1520 JavaThread "Finalizer" daemon [_thread_blocked, id=25396, stack(0x0000006887b00000,0x0000006887c00000)]
  0x0000020b2aef7ef0 JavaThread "Signal Dispatcher" daemon [_thread_blocked, id=20544, stack(0x0000006887c00000,0x0000006887d00000)]
  0x0000020b2aef87a0 JavaThread "Attach Listener" daemon [_thread_blocked, id=12444, stack(0x0000006887d00000,0x0000006887e00000)]
  0x0000020b2aef9050 JavaThread "Service Thread" daemon [_thread_blocked, id=31320, stack(0x0000006887e00000,0x0000006887f00000)]
  0x0000020b2aef9900 JavaThread "Monitor Deflation Thread" daemon [_thread_blocked, id=31104, stack(0x0000006887f00000,0x0000006888000000)]
  0x0000020b2aefd640 JavaThread "C2 CompilerThread0" daemon [_thread_blocked, id=26668, stack(0x0000006888000000,0x0000006888100000)]
  0x0000020b2aefdf30 JavaThread "C1 CompilerThread0" daemon [_thread_blocked, id=11808, stack(0x0000006888100000,0x0000006888200000)]
  0x0000020b2af19210 JavaThread "Sweeper thread" daemon [_thread_blocked, id=30372, stack(0x0000006888200000,0x0000006888300000)]
  0x0000020b2f194630 JavaThread "C1 CompilerThread1" daemon [_thread_blocked, id=14684, stack(0x0000006888300000,0x0000006888400000)]
  0x0000020b2f1a79c0 JavaThread "Notification Thread" daemon [_thread_blocked, id=23324, stack(0x0000006888400000,0x0000006888500000)]
  0x0000020b2f1ac2b0 JavaThread "Common-Cleaner" daemon [_thread_blocked, id=14180, stack(0x0000006888600000,0x0000006888700000)]
  0x0000020b2f50e850 JavaThread "C2 CompilerThread1" daemon [_thread_blocked, id=27548, stack(0x0000006888700000,0x0000006888800000)]

Other Threads:
  0x0000020b10cddc10 VMThread "VM Thread" [stack: 0x0000006887900000,0x0000006887a00000] [id=15304]
  0x0000020b2f1abe90 WatcherThread "VM Periodic Task Thread" [stack: 0x0000006888500000,0x0000006888600000] [id=15948]
  0x0000020b10c62130 WorkerThread "GC Thread#0" [stack: 0x0000006887400000,0x0000006887500000] [id=21076]
  0x0000020b10c63770 ConcurrentGCThread "G1 Main Marker" [stack: 0x0000006887500000,0x0000006887600000] [id=22472]
  0x0000020b10c64070 WorkerThread "G1 Conc#0" [stack: 0x0000006887600000,0x0000006887700000] [id=29400]
  0x0000020b10cb7820 ConcurrentGCThread "G1 Refine#0" [stack: 0x0000006887700000,0x0000006887800000] [id=14828]
  0x0000020b10cb9050 ConcurrentGCThread "G1 Service" [stack: 0x0000006887800000,0x0000006887900000] [id=19184]

Threads with active compile tasks:

VM state: not at safepoint (normal execution)

VM Mutex/Monitor currently owned by a thread:  ([mutex/lock_event])
[0x0000020b10c25f50] Metaspace_lock - owner thread: 0x0000020b10c3d8b0

Heap address: 0x00000000fc000000, size: 64 MB, Compressed Oops mode: 32-bit

CDS archive(s) mapped at: [0x0000000800000000-0x0000000800ba0000-0x0000000800ba0000), size 12189696, SharedBaseAddress: 0x0000000800000000, ArchiveRelocationMode: 0.
Compressed class space mapped at: 0x0000000800c00000-0x0000000840c00000, reserved size: 1073741824
Narrow klass base: 0x0000000800000000, Narrow klass shift: 0, Narrow klass range: 0x100000000

GC Precious Log:
 CardTable entry size: 512
 Card Set container configuration: InlinePtr #cards 5 size 8 Array Of Cards #cards 12 size 40 Howl #buckets 4 coarsen threshold 1843 Howl Bitmap #cards 512 size 80 coarsen threshold 460 Card regions per heap region 1 cards per card region 2048
 CPUs: 16 total, 16 available
 Memory: 15713M
 Large Page Support: Disabled
 NUMA Support: Disabled
 Compressed Oops: Enabled (32-bit)
 Heap Region Size: 1M
 Heap Min Capacity: 64M
 Heap Initial Capacity: 64M
 Heap Max Capacity: 64M
 Pre-touch: Disabled
 Parallel Workers: 13
 Concurrent Workers: 3
 Concurrent Refinement Workers: 13
 Periodic GC: Disabled

Heap:
 garbage-first heap   total 65536K, used 20480K [0x00000000fc000000, 0x0000000100000000)
  region size 1024K, 18 young (18432K), 0 survivors (0K)
 Metaspace       used 2678K, committed 2880K, reserved 1114112K
  class space    used 277K, committed 384K, reserved 1048576K

Heap Regions: E=young(eden), S=young(survivor), O=old, HS=humongous(starts), HC=humongous(continues), CS=collection set, F=free, OA=open archive, CA=closed archive, TAMS=top-at-mark-start (previous, next)
|   0|0x00000000fc000000, 0x00000000fc100000, 0x00000000fc100000|100%|HS|  |TAMS 0x00000000fc000000, 0x00000000fc000000| Complete 
|   1|0x00000000fc100000, 0x00000000fc200000, 0x00000000fc200000|100%|HC|  |TAMS 0x00000000fc100000, 0x00000000fc100000| Complete 
|   2|0x00000000fc200000, 0x00000000fc300000, 0x00000000fc300000|100%|HC|  |TAMS 0x00000000fc200000, 0x00000000fc200000| Complete 
|   3|0x00000000fc300000, 0x00000000fc400000, 0x00000000fc400000|100%|HC|  |TAMS 0x00000000fc300000, 0x00000000fc300000| Complete 
|   4|0x00000000fc400000, 0x00000000fc400000, 0x00000000fc500000|  0%| F|  |TAMS 0x00000000fc400000, 0x00000000fc400000| Untracked 
|   5|0x00000000fc500000, 0x00000000fc500000, 0x00000000fc600000|  0%| F|  |TAMS 0x00000000fc500000, 0x00000000fc500000| Untracked 
|   6|0x00000000fc600000, 0x00000000fc600000, 0x00000000fc700000|  0%| F|  |TAMS 0x00000000fc600000, 0x00000000fc600000| Untracked 
|   7|0x00000000fc700000, 0x00000000fc700000, 0x00000000fc800000|  0%| F|  |TAMS 0x00000000fc700000, 0x00000000fc700000| Untracked 
|   8|0x00000000fc800000, 0x00000000fc800000, 0x00000000fc900000|  0%| F|  |TAMS 0x00000000fc800000, 0x00000000fc800000| Untracked 
|   9|0x00000000fc900000, 0x00000000fc900000, 0x00000000fca00000|  0%| F|  |TAMS 0x00000000fc900000, 0x00000000fc900000| Untracked 
|  10|0x00000000fca00000, 0x00000000fca00000, 0x00000000fcb00000|  0%| F|  |TAMS 0x00000000fca00000, 0x00000000fca00000| Untracked 
|  11|0x00000000fcb00000, 0x00000000fcb00000, 0x00000000fcc00000|  0%| F|  |TAMS 0x00000000fcb00000, 0x00000000fcb00000| Untracked 
|  12|0x00000000fcc00000, 0x00000000fcc00000, 0x00000000fcd00000|  0%| F|  |TAMS 0x00000000fcc00000, 0x00000000fcc00000| Untracked 
|  13|0x00000000fcd00000, 0x00000000fcd00000, 0x00000000fce00000|  0%| F|  |TAMS 0x00000000fcd00000, 0x00000000fcd00000| Untracked 
|  14|0x00000000fce00000, 0x00000000fce00000, 0x00000000fcf00000|  0%| F|  |TAMS 0x00000000fce00000, 0x00000000fce00000| Untracked 
|  15|0x00000000fcf00000, 0x00000000fcf00000, 0x00000000fd000000|  0%| F|  |TAMS 0x00000000fcf00000, 0x00000000fcf00000| Untracked 
|  16|0x00000000fd000000, 0x00000000fd000000, 0x00000000fd100000|  0%| F|  |TAMS 0x00000000fd000000, 0x00000000fd000000| Untracked 
|  17|0x00000000fd100000, 0x00000000fd100000, 0x00000000fd200000|  0%| F|  |TAMS 0x00000000fd100000, 0x00000000fd100000| Untracked 
|  18|0x00000000fd200000, 0x00000000fd200000, 0x00000000fd300000|  0%| F|  |TAMS 0x00000000fd200000, 0x00000000fd200000| Untracked 
|  19|0x00000000fd300000, 0x00000000fd300000, 0x00000000fd400000|  0%| F|  |TAMS 0x00000000fd300000, 0x00000000fd300000| Untracked 
|  20|0x00000000fd400000, 0x00000000fd400000, 0x00000000fd500000|  0%| F|  |TAMS 0x00000000fd400000, 0x00000000fd400000| Untracked 
|  21|0x00000000fd500000, 0x00000000fd500000, 0x00000000fd600000|  0%| F|  |TAMS 0x00000000fd500000, 0x00000000fd500000| Untracked 
|  22|0x00000000fd600000, 0x00000000fd600000, 0x00000000fd700000|  0%| F|  |TAMS 0x00000000fd600000, 0x00000000fd600000| Untracked 
|  23|0x00000000fd700000, 0x00000000fd700000, 0x00000000fd800000|  0%| F|  |TAMS 0x00000000fd700000, 0x00000000fd700000| Untracked 
|  24|0x00000000fd800000, 0x00000000fd800000, 0x00000000fd900000|  0%| F|  |TAMS 0x00000000fd800000, 0x00000000fd800000| Untracked 
|  25|0x00000000fd900000, 0x00000000fd900000, 0x00000000fda00000|  0%| F|  |TAMS 0x00000000fd900000, 0x00000000fd900000| Untracked 
|  26|0x00000000fda00000, 0x00000000fda00000, 0x00000000fdb00000|  0%| F|  |TAMS 0x00000000fda00000, 0x00000000fda00000| Untracked 
|  27|0x00000000fdb00000, 0x00000000fdb00000, 0x00000000fdc00000|  0%| F|  |TAMS 0x00000000fdb00000, 0x00000000fdb00000| Untracked 
|  28|0x00000000fdc00000, 0x00000000fdc00000, 0x00000000fdd00000|  0%| F|  |TAMS 0x00000000fdc00000, 0x00000000fdc00000| Untracked 
|  29|0x00000000fdd00000, 0x00000000fdd00000, 0x00000000fde00000|  0%| F|  |TAMS 0x00000000fdd00000, 0x00000000fdd00000| Untracked 
|  30|0x00000000fde00000, 0x00000000fde00000, 0x00000000fdf00000|  0%| F|  |TAMS 0x00000000fde00000, 0x00000000fde00000| Untracked 
|  31|0x00000000fdf00000, 0x00000000fdf00000, 0x00000000fe000000|  0%| F|  |TAMS 0x00000000fdf00000, 0x00000000fdf00000| Untracked 
|  32|0x00000000fe000000, 0x00000000fe000000, 0x00000000fe100000|  0%| F|  |TAMS 0x00000000fe000000, 0x00000000fe000000| Untracked 
|  33|0x00000000fe100000, 0x00000000fe100000, 0x00000000fe200000|  0%| F|  |TAMS 0x00000000fe100000, 0x00000000fe100000| Untracked 
|  34|0x00000000fe200000, 0x00000000fe200000, 0x00000000fe300000|  0%| F|  |TAMS 0x00000000fe200000, 0x00000000fe200000| Untracked 
|  35|0x00000000fe300000, 0x00000000fe300000, 0x00000000fe400000|  0%| F|  |TAMS 0x00000000fe300000, 0x00000000fe300000| Untracked 
|  36|0x00000000fe400000, 0x00000000fe400000, 0x00000000fe500000|  0%| F|  |TAMS 0x00000000fe400000, 0x00000000fe400000| Untracked 
|  37|0x00000000fe500000, 0x00000000fe500000, 0x00000000fe600000|  0%| F|  |TAMS 0x00000000fe500000, 0x00000000fe500000| Untracked 
|  38|0x00000000fe600000, 0x00000000fe600000, 0x00000000fe700000|  0%| F|  |TAMS 0x00000000fe600000, 0x00000000fe600000| Untracked 
|  39|0x00000000fe700000, 0x00000000fe700000, 0x00000000fe800000|  0%| F|  |TAMS 0x00000000fe700000, 0x00000000fe700000| Untracked 
|  40|0x00000000fe800000, 0x00000000fe800000, 0x00000000fe900000|  0%| F|  |TAMS 0x00000000fe800000, 0x00000000fe800000| Untracked 
|  41|0x00000000fe900000, 0x00000000fe900000, 0x00000000fea00000|  0%| F|  |TAMS 0x00000000fe900000, 0x00000000fe900000| Untracked 
|  42|0x00000000fea00000, 0x00000000fea00000, 0x00000000feb00000|  0%| F|  |TAMS 0x00000000fea00000, 0x00000000fea00000| Untracked 
|  43|0x00000000feb00000, 0x00000000feb00000, 0x00000000fec00000|  0%| F|  |TAMS 0x00000000feb00000, 0x00000000feb00000| Untracked 
|  44|0x00000000fec00000, 0x00000000fec00000, 0x00000000fed00000|  0%| F|  |TAMS 0x00000000fec00000, 0x00000000fec00000| Untracked 
|  45|0x00000000fed00000, 0x00000000fed00000, 0x00000000fee00000|  0%| F|  |TAMS 0x00000000fed00000, 0x00000000fed00000| Untracked 
|  46|0x00000000fee00000, 0x00000000feeec0a0, 0x00000000fef00000| 92%| E|  |TAMS 0x00000000fee00000, 0x00000000fee00000| Complete 
|  47|0x00000000fef00000, 0x00000000ff000000, 0x00000000ff000000|100%| E|CS|TAMS 0x00000000fef00000, 0x00000000fef00000| Complete 
|  48|0x00000000ff000000, 0x00000000ff100000, 0x00000000ff100000|100%| E|CS|TAMS 0x00000000ff000000, 0x00000000ff000000| Complete 
|  49|0x00000000ff100000, 0x00000000ff200000, 0x00000000ff200000|100%| E|CS|TAMS 0x00000000ff100000, 0x00000000ff100000| Complete 
|  50|0x00000000ff200000, 0x00000000ff300000, 0x00000000ff300000|100%| E|CS|TAMS 0x00000000ff200000, 0x00000000ff200000| Complete 
|  51|0x00000000ff300000, 0x00000000ff400000, 0x00000000ff400000|100%| E|CS|TAMS 0x00000000ff300000, 0x00000000ff300000| Complete 
|  52|0x00000000ff400000, 0x00000000ff500000, 0x00000000ff500000|100%| E|  |TAMS 0x00000000ff400000, 0x00000000ff400000| Complete 
|  53|0x00000000ff500000, 0x00000000ff600000, 0x00000000ff600000|100%| E|CS|TAMS 0x00000000ff500000, 0x00000000ff500000| Complete 
|  54|0x00000000ff600000, 0x00000000ff700000, 0x00000000ff700000|100%| E|CS|TAMS 0x00000000ff600000, 0x00000000ff600000| Complete 
|  55|0x00000000ff700000, 0x00000000ff800000, 0x00000000ff800000|100%| E|CS|TAMS 0x00000000ff700000, 0x00000000ff700000| Complete 
|  56|0x00000000ff800000, 0x00000000ff900000, 0x00000000ff900000|100%| E|CS|TAMS 0x00000000ff800000, 0x00000000ff800000| Complete 
|  57|0x00000000ff900000, 0x00000000ffa00000, 0x00000000ffa00000|100%| E|CS|TAMS 0x00000000ff900000, 0x00000000ff900000| Complete 
|  58|0x00000000ffa00000, 0x00000000ffb00000, 0x00000000ffb00000|100%| E|CS|TAMS 0x00000000ffa00000, 0x00000000ffa00000| Complete 
|  59|0x00000000ffb00000, 0x00000000ffc00000, 0x00000000ffc00000|100%| E|CS|TAMS 0x00000000ffb00000, 0x00000000ffb00000| Complete 
|  60|0x00000000ffc00000, 0x00000000ffd00000, 0x00000000ffd00000|100%| E|CS|TAMS 0x00000000ffc00000, 0x00000000ffc00000| Complete 
|  61|0x00000000ffd00000, 0x00000000ffe00000, 0x00000000ffe00000|100%| E|CS|TAMS 0x00000000ffd00000, 0x00000000ffd00000| Complete 
|  62|0x00000000ffe00000, 0x00000000fff00000, 0x00000000fff00000|100%| E|CS|TAMS 0x00000000ffe00000, 0x00000000ffe00000| Complete 
|  63|0x00000000fff00000, 0x0000000100000000, 0x0000000100000000|100%| E|CS|TAMS 0x00000000fff00000, 0x00000000fff00000| Complete 

Card table byte_map: [0x0000020b0ec00000,0x0000020b0ec20000] _byte_map_base: 0x0000020b0e420000

Marking Bits (Prev, Next): (CMBitMap*) 0x0000020b10c62640, (CMBitMap*) 0x0000020b10c62680
 Prev Bits: [0x0000020b27e00000, 0x0000020b27f00000)
 Next Bits: [0x0000020b27f00000, 0x0000020b28000000)

Polling page: 0x0000020b0ebb0000

Metaspace:

Usage:
  Non-class:      2.34 MB used.
      Class:    277.59 KB used.
       Both:      2.62 MB used.

Virtual space:
  Non-class space:       64.00 MB reserved,       2.44 MB (  4%) committed,  1 nodes.
      Class space:        1.00 GB reserved,     384.00 KB ( <1%) committed,  1 nodes.
             Both:        1.06 GB reserved,       2.81 MB ( <1%) committed. 

Chunk freelists:
   Non-Class:  3.23 MB
       Class:  3.58 MB
        Both:  6.81 MB

MaxMetaspaceSize: unlimited
CompressedClassSpaceSize: 1.00 GB
Initial GC threshold: 21.00 MB
Current GC threshold: 21.00 MB
CDS: on
MetaspaceReclaimPolicy: balanced
 - commit_granule_bytes: 65536.
 - commit_granule_words: 8192.
 - virtual_space_node_default_size: 8388608.
 - enlarge_chunks_in_place: 1.
 - new_chunks_are_fully_committed: 0.
 - uncommit_free_chunks: 1.
 - use_allocation_guard: 0.


Internal statistics:

num_allocs_failed_limit: 0.
num_arena_births: 46.
num_arena_deaths: 0.
num_vsnodes_births: 2.
num_vsnodes_deaths: 0.
num_space_committed: 45.
num_space_uncommitted: 0.
num_chunks_returned_to_freelist: 0.
num_chunks_taken_from_freelist: 110.
num_chunk_merges: 0.
num_chunk_splits: 60.
num_chunks_enlarged: 43.
num_inconsistent_stats: 0.

CodeHeap 'non-profiled nmethods': size=119168Kb used=240Kb max_used=240Kb free=118927Kb
 bounds [0x0000020b20100000, 0x0000020b20370000, 0x0000020b27560000]
CodeHeap 'profiled nmethods': size=119104Kb used=1435Kb max_used=1435Kb free=117668Kb
 bounds [0x0000020b18cb0000, 0x0000020b18f20000, 0x0000020b20100000]
CodeHeap 'non-nmethods': size=7488Kb used=1698Kb max_used=1713Kb free=5789Kb
 bounds [0x0000020b18560000, 0x0000020b187d0000, 0x0000020b18cb0000]
 total_blobs=1178 nmethods=769 adapters=321
 compilation: enabled
              stopped_count=0, restarted_count=0
 full_count=0

Compilation events (20 events):
Event: 0.403 Thread 0x0000020b2f194630  757  s    3       java.lang.Throwable::fillInStackTrace (29 bytes)
Event: 0.403 Thread 0x0000020b2f194630 nmethod 757 0x0000020b18e11910 code [0x0000020b18e11ac0, 0x0000020b18e11da8]
Event: 0.404 Thread 0x0000020b2f194630  759   !   3       java.net.URLClassLoader::findClass (47 bytes)
Event: 0.404 Thread 0x0000020b2aefdf30  760       3       java.net.URLClassLoader$1::<init> (15 bytes)
Event: 0.405 Thread 0x0000020b2aefdf30 nmethod 760 0x0000020b18e11e90 code [0x0000020b18e12040, 0x0000020b18e12258]
Event: 0.405 Thread 0x0000020b2aefdf30  761       3       java.net.URLClassLoader$1::run (5 bytes)
Event: 0.405 Thread 0x0000020b2aefdf30 nmethod 761 0x0000020b18e12310 code [0x0000020b18e124c0, 0x0000020b18e12608]
Event: 0.405 Thread 0x0000020b2f194630 nmethod 759 0x0000020b18e12690 code [0x0000020b18e12880, 0x0000020b18e12ec8]
Event: 0.405 Thread 0x0000020b2aefdf30  762   !   3       java.net.URLClassLoader$1::run (81 bytes)
Event: 0.405 Thread 0x0000020b2f194630  763       3       java.lang.ref.SoftReference::get (29 bytes)
Event: 0.405 Thread 0x0000020b2f194630 nmethod 763 0x0000020b18e13110 code [0x0000020b18e132a0, 0x0000020b18e13478]
Event: 0.406 Thread 0x0000020b2aefdf30 nmethod 762 0x0000020b18e13510 code [0x0000020b18e138a0, 0x0000020b18e14d18]
Event: 0.410 Thread 0x0000020b2f50e850  766       4       java.util.concurrent.ConcurrentHashMap::setTabAt (20 bytes)
Event: 0.411 Thread 0x0000020b2f50e850 nmethod 766 0x0000020b2013ba90 code [0x0000020b2013bc00, 0x0000020b2013bd18]
Event: 0.412 Thread 0x0000020b2f194630  767       1       java.lang.invoke.MethodTypeForm::basicType (5 bytes)
Event: 0.412 Thread 0x0000020b2f194630 nmethod 767 0x0000020b2013bd90 code [0x0000020b2013bf20, 0x0000020b2013bff8]
Event: 0.413 Thread 0x0000020b2f194630  768   !   3       jdk.internal.loader.URLClassPath$JarLoader::checkResource (78 bytes)
Event: 0.414 Thread 0x0000020b2f194630 nmethod 768 0x0000020b18e15590 code [0x0000020b18e157e0, 0x0000020b18e16188]
Event: 0.416 Thread 0x0000020b2f194630  769   !   3       java.lang.invoke.MemberName::clone (14 bytes)
Event: 0.416 Thread 0x0000020b2f194630 nmethod 769 0x0000020b18e16610 code [0x0000020b18e167e0, 0x0000020b18e16b58]

GC Heap History (0 events):
No events

Deoptimization events (20 events):
Event: 0.238 Thread 0x0000020b10c3d8b0 DEOPT PACKING pc=0x0000020b18d1de72 sp=0x00000068873fe170
Event: 0.238 Thread 0x0000020b10c3d8b0 DEOPT UNPACKING pc=0x0000020b185b2b43 sp=0x00000068873fd630 mode 0
Event: 0.285 Thread 0x0000020b10c3d8b0 Uncommon trap: trap_request=0xffffff45 fr.pc=0x0000020b2011c490 relative=0x0000000000000090
Event: 0.285 Thread 0x0000020b10c3d8b0 Uncommon trap: reason=unstable_if action=reinterpret pc=0x0000020b2011c490 method=java.util.regex.Pattern.append(II)V @ 9 c2
Event: 0.285 Thread 0x0000020b10c3d8b0 DEOPT PACKING pc=0x0000020b2011c490 sp=0x00000068873fdde0
Event: 0.285 Thread 0x0000020b10c3d8b0 DEOPT UNPACKING pc=0x0000020b185b23a3 sp=0x00000068873fdd70 mode 2
Event: 0.304 Thread 0x0000020b10c3d8b0 Uncommon trap: trap_request=0xffffff45 fr.pc=0x0000020b20121c74 relative=0x00000000000005b4
Event: 0.304 Thread 0x0000020b10c3d8b0 Uncommon trap: reason=unstable_if action=reinterpret pc=0x0000020b20121c74 method=java.util.zip.ZipFile$Source.checkAndAddEntry(II)I @ 50 c2
Event: 0.304 Thread 0x0000020b10c3d8b0 DEOPT PACKING pc=0x0000020b20121c74 sp=0x00000068873fdb10
Event: 0.304 Thread 0x0000020b10c3d8b0 DEOPT UNPACKING pc=0x0000020b185b23a3 sp=0x00000068873fda88 mode 2
Event: 0.352 Thread 0x0000020b10c3d8b0 DEOPT PACKING pc=0x0000020b18cf98f7 sp=0x00000068873fc940
Event: 0.352 Thread 0x0000020b10c3d8b0 DEOPT UNPACKING pc=0x0000020b185b2b43 sp=0x00000068873fbe00 mode 0
Event: 0.375 Thread 0x0000020b10c3d8b0 Uncommon trap: trap_request=0xffffff45 fr.pc=0x0000020b2012fa8c relative=0x00000000000003cc
Event: 0.375 Thread 0x0000020b10c3d8b0 Uncommon trap: reason=unstable_if action=reinterpret pc=0x0000020b2012fa8c method=java.util.zip.ZipCoder$UTF8ZipCoder.checkedHash([BII)I @ 27 c2
Event: 0.375 Thread 0x0000020b10c3d8b0 DEOPT PACKING pc=0x0000020b2012fa8c sp=0x00000068873fc5d0
Event: 0.375 Thread 0x0000020b10c3d8b0 DEOPT UNPACKING pc=0x0000020b185b23a3 sp=0x00000068873fc4a0 mode 2
Event: 0.375 Thread 0x0000020b10c3d8b0 Uncommon trap: trap_request=0xffffff45 fr.pc=0x0000020b2010a33c relative=0x00000000000001bc
Event: 0.375 Thread 0x0000020b10c3d8b0 Uncommon trap: reason=unstable_if action=reinterpret pc=0x0000020b2010a33c method=java.lang.String.hashCode()I @ 20 c2
Event: 0.375 Thread 0x0000020b10c3d8b0 DEOPT PACKING pc=0x0000020b2010a33c sp=0x00000068873fc3e0
Event: 0.375 Thread 0x0000020b10c3d8b0 DEOPT UNPACKING pc=0x0000020b185b23a3 sp=0x00000068873fc370 mode 2

Classes loaded (20 events):
Event: 0.402 Loading class java/lang/reflect/Proxy$ProxyBuilder$1
Event: 0.402 Loading class java/lang/reflect/Proxy$ProxyBuilder$1 done
Event: 0.403 Loading class java/lang/reflect/InvocationTargetException
Event: 0.403 Loading class java/lang/reflect/InvocationTargetException done
Event: 0.407 Loading class java/util/LinkedList
Event: 0.407 Loading class java/util/AbstractSequentialList
Event: 0.407 Loading class java/util/AbstractSequentialList done
Event: 0.407 Loading class java/util/LinkedList done
Event: 0.408 Loading class java/util/LinkedList$Node
Event: 0.408 Loading class java/util/LinkedList$Node done
Event: 0.408 Loading class java/util/LinkedList$ListItr
Event: 0.408 Loading class java/util/LinkedList$ListItr done
Event: 0.409 Loading class java/util/concurrent/ConcurrentLinkedQueue
Event: 0.409 Loading class java/util/concurrent/ConcurrentLinkedQueue done
Event: 0.409 Loading class java/util/concurrent/ConcurrentLinkedQueue$Node
Event: 0.409 Loading class java/util/concurrent/ConcurrentLinkedQueue$Node done
Event: 0.410 Loading class java/lang/reflect/ParameterizedType
Event: 0.410 Loading class java/lang/reflect/ParameterizedType done
Event: 0.413 Loading class sun/nio/cs/UTF_8$Encoder
Event: 0.413 Loading class sun/nio/cs/UTF_8$Encoder done

Classes unloaded (0 events):
No events

Classes redefined (0 events):
No events

Internal exceptions (5 events):
Event: 0.129 Thread 0x0000020b10c3d8b0 Exception <a 'java/lang/NoSuchMethodError'{0x00000000ffdc60f0}: 'void java.lang.invoke.DirectMethodHandle$Holder.invokeStatic(java.lang.Object, java.lang.Object)'> (0x00000000ffdc60f0) 
thrown [s\open\src\hotspot\share\interpreter\linkResolver.cpp, line 759]
Event: 0.129 Thread 0x0000020b10c3d8b0 Exception <a 'java/lang/NoSuchMethodError'{0x00000000ffdc9f90}: 'void java.lang.invoke.DirectMethodHandle$Holder.invokeSpecial(java.lang.Object, java.lang.Object, java.lang.Object)'> (0x00000000ffdc9f90) 
thrown [s\open\src\hotspot\share\interpreter\linkResolver.cpp, line 759]
Event: 0.143 Thread 0x0000020b10c3d8b0 Exception <a 'java/lang/NoSuchMethodError'{0x00000000ffc66da0}: 'void java.lang.invoke.DirectMethodHandle$Holder.invokeStatic(java.lang.Object, java.lang.Object, java.lang.Object)'> (0x00000000ffc66da0) 
thrown [s\open\src\hotspot\share\interpreter\linkResolver.cpp, line 759]
Event: 0.147 Thread 0x0000020b10c3d8b0 Exception <a 'java/lang/NoSuchMethodError'{0x00000000ffc7a760}: 'java.lang.Object java.lang.invoke.Invokers$Holder.invokeExact_MT(java.lang.Object, java.lang.Object, java.lang.Object, java.lang.Object, java.lang.Object)'> (0x00000000ffc7a760) 
thrown [s\open\src\hotspot\share\interpreter\linkResolver.cpp, line 759]
Event: 0.154 Thread 0x0000020b10c3d8b0 Exception <a 'java/lang/NoSuchMethodError'{0x00000000ffca3768}: 'int java.lang.invoke.DirectMethodHandle$Holder.invokeStaticInit(java.lang.Object, java.lang.Object)'> (0x00000000ffca3768) 
thrown [s\open\src\hotspot\share\interpreter\linkResolver.cpp, line 759]

VM Operations (6 events):
Event: 0.058 Executing VM operation: HandshakeAllThreads
Event: 0.058 Executing VM operation: HandshakeAllThreads done
Event: 0.407 Executing VM operation: HandshakeAllThreads
Event: 0.407 Executing VM operation: HandshakeAllThreads done
Event: 0.411 Executing VM operation: HandshakeAllThreads
Event: 0.412 Executing VM operation: HandshakeAllThreads done

Events (20 events):
Event: 0.016 Loaded shared library C:\Program Files\Java\jdk-18.0.2.1\bin\jsvml.dll
Event: 0.016 Thread 0x0000020b10c3d8b0 Thread added: 0x0000020b10c3d8b0
Event: 0.019 Thread 0x0000020b10ce09b0 Thread added: 0x0000020b10ce09b0
Event: 0.019 Thread 0x0000020b10ce1520 Thread added: 0x0000020b10ce1520
Event: 0.028 Thread 0x0000020b2aef7ef0 Thread added: 0x0000020b2aef7ef0
Event: 0.028 Thread 0x0000020b2aef87a0 Thread added: 0x0000020b2aef87a0
Event: 0.029 Thread 0x0000020b2aef9050 Thread added: 0x0000020b2aef9050
Event: 0.029 Thread 0x0000020b2aef9900 Thread added: 0x0000020b2aef9900
Event: 0.029 Thread 0x0000020b2aefd640 Thread added: 0x0000020b2aefd640
Event: 0.029 Thread 0x0000020b2aefdf30 Thread added: 0x0000020b2aefdf30
Event: 0.029 Thread 0x0000020b2af19210 Thread added: 0x0000020b2af19210
Event: 0.043 Thread 0x0000020b2f194630 Thread added: 0x0000020b2f194630
Event: 0.045 Thread 0x0000020b2f1a79c0 Thread added: 0x0000020b2f1a79c0
Event: 0.048 Thread 0x0000020b2f1ac2b0 Thread added: 0x0000020b2f1ac2b0
Event: 0.052 Loaded shared library C:\Program Files\Java\jdk-18.0.2.1\bin\net.dll
Event: 0.054 Loaded shared library C:\Program Files\Java\jdk-18.0.2.1\bin\nio.dll
Event: 0.057 Loaded shared library C:\Program Files\Java\jdk-18.0.2.1\bin\zip.dll
Event: 0.293 Loaded shared library C:\Program Files\Java\jdk-18.0.2.1\bin\jimage.dll
Event: 0.305 Thread 0x0000020b2f50e850 Thread added: 0x0000020b2f50e850
Event: 0.341 Loaded shared library C:\Program Files\Java\jdk-18.0.2.1\bin\verify.dll


Dynamic libraries:
0x00007ff665590000 - 0x00007ff6655a0000 	C:\Program Files\Java\jdk-18.0.2.1\bin\java.exe
0x00007ffd1a150000 - 0x00007ffd1a367000 	C:\WINDOWS\SYSTEM32\ntdll.dll
0x00007ffd19810000 - 0x00007ffd198d4000 	C:\WINDOWS\System32\KERNEL32.DLL
0x00007ffd17980000 - 0x00007ffd17d26000 	C:\WINDOWS\System32\KERNELBASE.dll
0x00007ffd17770000 - 0x00007ffd17881000 	C:\WINDOWS\System32\ucrtbase.dll
0x00007ffd0df40000 - 0x00007ffd0df58000 	C:\Program Files\Java\jdk-18.0.2.1\bin\jli.dll
0x00007ffd0f900000 - 0x00007ffd0f91a000 	C:\Program Files\Java\jdk-18.0.2.1\bin\VCRUNTIME140.dll
0x00007ffd19a60000 - 0x00007ffd19b11000 	C:\WINDOWS\System32\ADVAPI32.dll
0x00007ffd19fb0000 - 0x00007ffd1a057000 	C:\WINDOWS\System32\msvcrt.dll
0x00007ffd1a060000 - 0x00007ffd1a105000 	C:\WINDOWS\System32\sechost.dll
0x00007ffd19600000 - 0x00007ffd19717000 	C:\WINDOWS\System32\RPCRT4.dll
0x00007ffd19d20000 - 0x00007ffd19ece000 	C:\WINDOWS\System32\USER32.dll
0x00007ffd174c0000 - 0x00007ffd174e6000 	C:\WINDOWS\System32\win32u.dll
0x00007ffcf8cc0000 - 0x00007ffcf8f53000 	C:\WINDOWS\WinSxS\amd64_microsoft.windows.common-controls_6595b64144ccf1df_6.0.22621.2506_none_270c5ae97388e100\COMCTL32.dll
0x00007ffd199d0000 - 0x00007ffd199f9000 	C:\WINDOWS\System32\GDI32.dll
0x00007ffd17650000 - 0x00007ffd17768000 	C:\WINDOWS\System32\gdi32full.dll
0x00007ffd174f0000 - 0x00007ffd1758a000 	C:\WINDOWS\System32\msvcp_win.dll
0x00007ffd0e190000 - 0x00007ffd0e19a000 	C:\WINDOWS\SYSTEM32\VERSION.dll
0x00007ffd19240000 - 0x00007ffd19271000 	C:\WINDOWS\System32\IMM32.DLL
0x00007ffd0f9b0000 - 0x00007ffd0f9bc000 	C:\Program Files\Java\jdk-18.0.2.1\bin\vcruntime140_1.dll
0x00007ffd06170000 - 0x00007ffd061fd000 	C:\Program Files\Java\jdk-18.0.2.1\bin\msvcp140.dll
0x00007ffc886d0000 - 0x00007ffc892e1000 	C:\Program Files\Java\jdk-18.0.2.1\bin\server\jvm.dll
0x00007ffd19790000 - 0x00007ffd19798000 	C:\WINDOWS\System32\PSAPI.DLL
0x00007ffcc8290000 - 0x00007ffcc8299000 	C:\WINDOWS\SYSTEM32\WSOCK32.dll
0x00007ffd0faf0000 - 0x00007ffd0fb24000 	C:\WINDOWS\SYSTEM32\WINMM.dll
0x00007ffd19ba0000 - 0x00007ffd19c11000 	C:\WINDOWS\System32\WS2_32.dll
0x00007ffd16420000 - 0x00007ffd16438000 	C:\WINDOWS\SYSTEM32\kernel.appcore.dll
0x00007ffd0f8d0000 - 0x00007ffd0f8da000 	C:\Program Files\Java\jdk-18.0.2.1\bin\jimage.dll
0x00007ffd086a0000 - 0x00007ffd088d3000 	C:\WINDOWS\SYSTEM32\DBGHELP.DLL
0x00007ffd18b80000 - 0x00007ffd18f09000 	C:\WINDOWS\System32\combase.dll
0x00007ffd19ed0000 - 0x00007ffd19fa7000 	C:\WINDOWS\System32\OLEAUT32.dll
0x00007ffcf5390000 - 0x00007ffcf53c2000 	C:\WINDOWS\SYSTEM32\dbgcore.DLL
0x00007ffd17900000 - 0x00007ffd1797a000 	C:\WINDOWS\System32\bcryptPrimitives.dll
0x00007ffd0dc20000 - 0x00007ffd0dc45000 	C:\Program Files\Java\jdk-18.0.2.1\bin\java.dll
0x00007ffce5de0000 - 0x00007ffce5eb6000 	C:\Program Files\Java\jdk-18.0.2.1\bin\jsvml.dll
0x00007ffd18320000 - 0x00007ffd18b7a000 	C:\WINDOWS\System32\SHELL32.dll
0x00007ffd15390000 - 0x00007ffd15c86000 	C:\WINDOWS\SYSTEM32\windows.storage.dll
0x00007ffd15250000 - 0x00007ffd1538e000 	C:\WINDOWS\SYSTEM32\wintypes.dll
0x00007ffd19c20000 - 0x00007ffd19d13000 	C:\WINDOWS\System32\SHCORE.dll
0x00007ffd19a00000 - 0x00007ffd19a5e000 	C:\WINDOWS\System32\shlwapi.dll
0x00007ffd173f0000 - 0x00007ffd17416000 	C:\WINDOWS\SYSTEM32\profapi.dll
0x00007ffd0ca80000 - 0x00007ffd0ca93000 	C:\Program Files\Java\jdk-18.0.2.1\bin\net.dll
0x00007ffd10560000 - 0x00007ffd10697000 	C:\WINDOWS\SYSTEM32\WINHTTP.dll
0x00007ffd16960000 - 0x00007ffd169c9000 	C:\WINDOWS\system32\mswsock.dll
0x00007ffd07b30000 - 0x00007ffd07b46000 	C:\Program Files\Java\jdk-18.0.2.1\bin\nio.dll
0x00007ffd07720000 - 0x00007ffd07738000 	C:\Program Files\Java\jdk-18.0.2.1\bin\zip.dll
0x00007ffd0f850000 - 0x00007ffd0f860000 	C:\Program Files\Java\jdk-18.0.2.1\bin\verify.dll

dbghelp: loaded successfully - version: 4.0.5 - missing functions: none
symbol engine: initialized successfully - sym options: 0x614 - pdb path: .;C:\Program Files\Java\jdk-18.0.2.1\bin;C:\WINDOWS\SYSTEM32;C:\WINDOWS\WinSxS\amd64_microsoft.windows.common-controls_6595b64144ccf1df_6.0.22621.2506_none_270c5ae97388e100;C:\Program Files\Java\jdk-18.0.2.1\bin\server

VM Arguments:
jvm_args: -Xmx64m -Xms64m -Dorg.gradle.appname=gradlew 
java_command: org.gradle.wrapper.GradleWrapperMain tasks
java_class_path (initial): D:\projects\booknex-2\apps\mobile\android\\gradle\wrapper\gradle-wrapper.jar
Launcher Type: SUN_STANDARD

[Global flags]
     intx CICompilerCount                          = 12                                        {product} {ergonomic}
     uint ConcGCThreads                            = 3                                         {product} {ergonomic}
     uint G1ConcRefinementThreads                  = 13                                        {product} {ergonomic}
   size_t G1HeapRegionSize                         = 1048576                                   {product} {ergonomic}
    uintx GCDrainStackTargetSize                   = 64                                        {product} {ergonomic}
   size_t InitialHeapSize                          = 67108864                                  {product} {command line}
   size_t MarkStackSize                            = 4194304                                   {product} {ergonomic}
   size_t MaxHeapSize                              = 67108864                                  {product} {command line}
   size_t MaxNewSize                               = 39845888                                  {product} {ergonomic}
   size_t MinHeapDeltaBytes                        = 1048576                                   {product} {ergonomic}
   size_t MinHeapSize                              = 67108864                                  {product} {command line}
    uintx NonNMethodCodeHeapSize                   = 7602480                                {pd product} {ergonomic}
    uintx NonProfiledCodeHeapSize                  = 122027880                              {pd product} {ergonomic}
    uintx ProfiledCodeHeapSize                     = 122027880                              {pd product} {ergonomic}
    uintx ReservedCodeCacheSize                    = 251658240                              {pd product} {ergonomic}
     bool SegmentedCodeCache                       = true                                      {product} {ergonomic}
   size_t SoftMaxHeapSize                          = 67108864                               {manageable} {ergonomic}
     bool UseCompressedClassPointers               = true                           {product lp64_product} {ergonomic}
     bool UseCompressedOops                        = true                           {product lp64_product} {ergonomic}
     bool UseG1GC                                  = true                                      {product} {ergonomic}
     bool UseLargePagesIndividualAllocation        = false                                  {pd product} {ergonomic}

Logging:
Log output configuration:
 #0: stdout all=warning uptime,level,tags foldmultilines=false
 #1: stderr all=off uptime,level,tags foldmultilines=false

Environment Variables:
JAVA_HOME=C:\Program Files\Java\jdk-18.0.2.1
CLASSPATH=D:\projects\booknex-2\apps\mobile\android\\gradle\wrapper\gradle-wrapper.jar
PATH=D:\projects\booknex-2\apps\mobile\node_modules\.bin;D:\projects\booknex-2\apps\mobile\node_modules\.bin;D:\projects\booknex-2\apps\node_modules\.bin;D:\projects\booknex-2\node_modules\.bin;D:\projects\node_modules\.bin;D:\node_modules\.bin;C:\Program Files\nodejs\node_modules\npm\node_modules\@npmcli\run-script\lib\node-gyp-bin;C:\Program Files\Common Files\Oracle\Java\javapath;C:\Program Files (x86)\Common Files\Oracle\Java\javapath;C:\Program Files\Microsoft\jdk-17.0.8.7-hotspot\bin;C:\Python312\Scripts\;C:\Python312\;C:\WINDOWS\system32;C:\WINDOWS;C:\WINDOWS\System32\Wbem;C:\WINDOWS\System32\WindowsPowerShell\v1.0\;C:\WINDOWS\System32\OpenSSH\;C:\Program Files\NVIDIA Corporation\NVIDIA NvDLISR;C:\Program Files\nodejs\;C:\ProgramData\chocolatey\bin;C:\Program Files\Git\cmd;C:\Program Files (x86)\Yarn\bin\;C:\Users\anton\AppData\Local\Android\Sdk\platform-tools;C:\Users\anton\AppData\Local\Android\Sdk\tools;C:\Users\anton\AppData\Local\jdk-11.0.2\bin;C:\Users\anton\AppData\Local\Microsoft\WindowsApps;C:\Users\anton\AppData\Roaming\npm;C:\Users\anton\AppData\Local\GitHubDesktop\bin;C:\Users\anton\AppData\Local\Yarn\bin;D:\WebStorm 2023.3.1\bin;;C:\Users\anton\AppData\Local\Android\Sdk;;D:\projects\booknex-2\node_modules\.bin
USERNAME=anton
OS=Windows_NT
PROCESSOR_IDENTIFIER=AMD64 Family 25 Model 80 Stepping 0, AuthenticAMD



---------------  S Y S T E M  ---------------

OS:
 Windows 11 , 64 bit Build 22621 (10.0.22621.2506)
OS uptime: 1 days 5:04 hours
Hyper-V role detected

CPU: total 16 (initial active 16) (16 cores per cpu, 2 threads per core) family 25 model 80 stepping 0 microcode 0x0, cx8, cmov, fxsr, ht, mmx, 3dnowpref, sse, sse2, sse3, ssse3, sse4a, sse4.1, sse4.2, popcnt, lzcnt, tsc, tscinvbit, avx, avx2, aes, erms, clmul, bmi1, bmi2, adx, sha, fma, vzeroupper, clflush, clflushopt, hv

Memory: 4k page, system-wide physical 15713M (498M free)
TotalPageFile size 28454M (AvailPageFile size 4M)
current process WorkingSet (physical memory assigned to process): 63M, peak: 63M
current process commit charge ("private bytes"): 164M, peak: 164M

vm_info: Java HotSpot(TM) 64-Bit Server VM (18.0.2.1+1-1) for windows-amd64 JRE (18.0.2.1+1-1), built on Aug 16 2022 01:46:33 by "mach5one" with MS VC++ 16.8 / 16.9 (VS2019)

END.
