#
# There is insufficient memory for the Java Runtime Environment to continue.
# Native memory allocation (malloc) failed to allocate 32744 bytes for Chunk::new
# Possible reasons:
#   The system is out of physical RAM or swap space
#   The process is running with CompressedOops enabled, and the Java Heap may be blocking the growth of the native heap
# Possible solutions:
#   Reduce memory load on the system
#   Increase physical memory or swap space
#   Check if swap backing store is full
#   Decrease Java heap size (-Xmx/-Xms)
#   Decrease number of Java threads
#   Decrease Java thread stack sizes (-Xss)
#   Set larger code cache with -XX:ReservedCodeCacheSize=
#   JVM is running with Unscaled Compressed Oops mode in which the Java heap is
#     placed in the first 4GB address space. The Java Heap base address is the
#     maximum limit for the native heap growth. Please use -XX:HeapBaseMinAddress
#     to set the Java Heap base and to place the Java Heap above 4GB virtual address.
# This output file may be truncated or incomplete.
#
#  Out of Memory Error (arena.cpp:184), pid=11540, tid=4056
#
# JRE version: Java(TM) SE Runtime Environment (18.0.2.1+1) (build 18.0.2.1+1-1)
# Java VM: Java HotSpot(TM) 64-Bit Server VM (18.0.2.1+1-1, mixed mode, sharing, tiered, compressed oops, compressed class ptrs, g1 gc, windows-amd64)
# No core dump will be written. Minidumps are not enabled by default on client versions of Windows
#

---------------  S U M M A R Y ------------

Command Line: -XX:MaxMetaspaceSize=512m --add-opens=java.base/java.util=ALL-UNNAMED --add-opens=java.base/java.lang=ALL-UNNAMED --add-opens=java.base/java.lang.invoke=ALL-UNNAMED --add-opens=java.prefs/java.util.prefs=ALL-UNNAMED --add-opens=java.base/java.nio.charset=ALL-UNNAMED --add-opens=java.base/java.net=ALL-UNNAMED --add-opens=java.base/java.util.concurrent.atomic=ALL-UNNAMED -Xmx2048m -Dfile.encoding=UTF-8 -Duser.country=RU -Duser.language=ru -Duser.variant org.gradle.launcher.daemon.bootstrap.GradleDaemon 8.0.1

Host: AMD Ryzen 7 5800H with Radeon Graphics         , 16 cores, 15G,  Windows 11 , 64 bit Build 22621 (10.0.22621.2506)
Time: Mon Dec 18 09:45:26 2023  Windows 11 , 64 bit Build 22621 (10.0.22621.2506) elapsed time: 37.861555 seconds (0d 0h 0m 37s)

---------------  T H R E A D  ---------------

Current thread (0x00000271f9f6db90):  JavaThread "C2 CompilerThread0" daemon [_thread_in_native, id=4056, stack(0x000000ebcb600000,0x000000ebcb700000)]


Current CompileTask:
C2:  37861 7219   !   4       java.net.URLClassLoader::findClass (47 bytes)

Stack: [0x000000ebcb600000,0x000000ebcb700000]
Native frames: (J=compiled Java code, j=interpreted, Vv=VM code, C=native code)
V  [jvm.dll+0x6993aa]
V  [jvm.dll+0x7f46dd]
V  [jvm.dll+0x7f5fee]
V  [jvm.dll+0x7f66a3]
V  [jvm.dll+0x25cf1f]
V  [jvm.dll+0xb8c2f]
V  [jvm.dll+0xb8fa5]
V  [jvm.dll+0x38bb3c]
V  [jvm.dll+0x38b111]
V  [jvm.dll+0x38b154]
V  [jvm.dll+0x581ca1]
V  [jvm.dll+0x582413]
V  [jvm.dll+0x34fea0]
V  [jvm.dll+0x34f30a]
V  [jvm.dll+0x230101]
V  [jvm.dll+0x22f4d1]
V  [jvm.dll+0x1ba01c]
V  [jvm.dll+0x23ee0a]
V  [jvm.dll+0x23d0f5]
V  [jvm.dll+0x7a6dd1]
V  [jvm.dll+0x7a120a]
V  [jvm.dll+0x698255]
C  [ucrtbase.dll+0x29363]
C  [KERNEL32.DLL+0x1257d]
C  [ntdll.dll+0x5aa58]


---------------  P R O C E S S  ---------------

Threads class SMR info:
_java_thread_list=0x00000271fe544180, length=82, elements={
0x00000271db113ec0, 0x00000271f9f51020, 0x00000271f9f539d0, 0x00000271f9f652b0,
0x00000271f9f65b60, 0x00000271f9f66500, 0x00000271f9f66ea0, 0x00000271f9f6db90,
0x00000271f9f70580, 0x00000271f9f70f60, 0x00000271fe238cb0, 0x00000271fe246170,
0x00000271ff7f6420, 0x00000271ff8d1fb0, 0x00000271ff8df440, 0x00000271ff97e450,
0x00000271ff992420, 0x00000271ffb03c80, 0x00000271ffb7c730, 0x00000271ffb72a80,
0x00000271ffb79fb0, 0x00000271ffb78c70, 0x00000271ffb7b2f0, 0x00000271ffb7a480,
0x00000271ffb77e00, 0x00000271ffb7a950, 0x00000271ffb79ae0, 0x00000271ffb77930,
0x00000271ffb782d0, 0x00000271ffb787a0, 0x0000027182c733e0, 0x0000027182c6c530,
0x0000027182c72f10, 0x0000027182c6d3a0, 0x0000027182c738b0, 0x0000027182c6c060,
0x0000027182c6ca00, 0x0000027182c71bd0, 0x0000027182c70890, 0x0000027182c6e6e0,
0x0000027182c6e210, 0x0000027180be0450, 0x0000027182c71700, 0x0000027182c71230,
0x0000027182c6d870, 0x0000027182c6fef0, 0x0000027182c703c0, 0x0000027182c720a0,
0x0000027182c72570, 0x0000027181a095a0, 0x0000027181a09f40, 0x0000027181a090d0,
0x0000027181a073f0, 0x0000027181a0a410, 0x0000027181a078c0, 0x0000027181a08730,
0x0000027181a08c00, 0x0000027181a09a70, 0x0000027181a0a8e0, 0x0000027181a07d90,
0x0000027181a0adb0, 0x0000027181a08260, 0x00000271feb731e0, 0x00000271feb72d10,
0x00000271feb74520, 0x00000271feb77a10, 0x00000271feb749f0, 0x00000271feb736b0,
0x00000271feb75d30, 0x00000271feb74ec0, 0x00000271feb75390, 0x00000271fe290cf0,
0x00000271feb75860, 0x00000271feb71ea0, 0x00000271feb73b80, 0x00000271feb77070,
0x00000271feb76200, 0x00000271feb766d0, 0x00000271feb77ee0, 0x00000271feb78880,
0x00000271feb783b0, 0x00000271feb76ba0
}

Java Threads: ( => current thread )
  0x00000271db113ec0 JavaThread "main" [_thread_blocked, id=4968, stack(0x000000ebca900000,0x000000ebcaa00000)]
  0x00000271f9f51020 JavaThread "Reference Handler" daemon [_thread_blocked, id=7644, stack(0x000000ebcb000000,0x000000ebcb100000)]
  0x00000271f9f539d0 JavaThread "Finalizer" daemon [_thread_blocked, id=2332, stack(0x000000ebcb100000,0x000000ebcb200000)]
  0x00000271f9f652b0 JavaThread "Signal Dispatcher" daemon [_thread_blocked, id=2584, stack(0x000000ebcb200000,0x000000ebcb300000)]
  0x00000271f9f65b60 JavaThread "Attach Listener" daemon [_thread_blocked, id=7600, stack(0x000000ebcb300000,0x000000ebcb400000)]
  0x00000271f9f66500 JavaThread "Service Thread" daemon [_thread_blocked, id=7660, stack(0x000000ebcb400000,0x000000ebcb500000)]
  0x00000271f9f66ea0 JavaThread "Monitor Deflation Thread" daemon [_thread_blocked, id=4000, stack(0x000000ebcb500000,0x000000ebcb600000)]
=>0x00000271f9f6db90 JavaThread "C2 CompilerThread0" daemon [_thread_in_native, id=4056, stack(0x000000ebcb600000,0x000000ebcb700000)]
  0x00000271f9f70580 JavaThread "C1 CompilerThread0" daemon [_thread_blocked, id=4012, stack(0x000000ebcb700000,0x000000ebcb800000)]
  0x00000271f9f70f60 JavaThread "Sweeper thread" daemon [_thread_blocked, id=2552, stack(0x000000ebcb800000,0x000000ebcb900000)]
  0x00000271fe238cb0 JavaThread "Common-Cleaner" daemon [_thread_blocked, id=2852, stack(0x000000ebcb900000,0x000000ebcba00000)]
  0x00000271fe246170 JavaThread "Notification Thread" daemon [_thread_blocked, id=7664, stack(0x000000ebcba00000,0x000000ebcbb00000)]
  0x00000271ff7f6420 JavaThread "Daemon health stats" [_thread_blocked, id=5760, stack(0x000000ebcc200000,0x000000ebcc300000)]
  0x00000271ff8d1fb0 JavaThread "Incoming local TCP Connector on port 59504" [_thread_in_native, id=15244, stack(0x000000ebcc400000,0x000000ebcc500000)]
  0x00000271ff8df440 JavaThread "Daemon periodic checks" [_thread_blocked, id=4556, stack(0x000000ebcc600000,0x000000ebcc700000)]
  0x00000271ff97e450 JavaThread "Daemon" [_thread_blocked, id=26100, stack(0x000000ebcc700000,0x000000ebcc800000)]
  0x00000271ff992420 JavaThread "Handler for socket connection from /127.0.0.1:59504 to /127.0.0.1:59505" [_thread_in_native, id=11660, stack(0x000000ebcc800000,0x000000ebcc900000)]
  0x00000271ffb03c80 JavaThread "Cancel handler" [_thread_blocked, id=19040, stack(0x000000ebcc900000,0x000000ebcca00000)]
  0x00000271ffb7c730 JavaThread "Daemon worker" [_thread_in_vm, id=27640, stack(0x000000ebcca00000,0x000000ebccb00000)]
  0x00000271ffb72a80 JavaThread "Asynchronous log dispatcher for DefaultDaemonConnection: socket connection from /127.0.0.1:59504 to /127.0.0.1:59505" [_thread_blocked, id=19976, stack(0x000000ebccb00000,0x000000ebccc00000)]
  0x00000271ffb79fb0 JavaThread "Stdin handler" [_thread_blocked, id=21456, stack(0x000000ebccc00000,0x000000ebccd00000)]
  0x00000271ffb78c70 JavaThread "Daemon client event forwarder" [_thread_blocked, id=25004, stack(0x000000ebccd00000,0x000000ebcce00000)]
  0x00000271ffb7b2f0 JavaThread "Cache worker for journal cache (C:\Users\anton\.gradle\caches\journal-1)" [_thread_blocked, id=13172, stack(0x000000ebcce00000,0x000000ebccf00000)]
  0x00000271ffb7a480 JavaThread "File lock request listener" [_thread_in_native, id=15432, stack(0x000000ebccf00000,0x000000ebcd000000)]
  0x00000271ffb77e00 JavaThread "Cache worker for file hash cache (C:\Users\anton\.gradle\caches\8.0.1\fileHashes)" [_thread_blocked, id=2712, stack(0x000000ebcd000000,0x000000ebcd100000)]
  0x00000271ffb7a950 JavaThread "File watcher server" daemon [_thread_in_native, id=17936, stack(0x000000ebcd100000,0x000000ebcd200000)]
  0x00000271ffb79ae0 JavaThread "File watcher consumer" daemon [_thread_blocked, id=25120, stack(0x000000ebcd200000,0x000000ebcd300000)]
  0x00000271ffb77930 JavaThread "Cache worker for checksums cache (D:\projects\booknex-2\apps\mobile\android\.gradle\8.0.1\checksums)" [_thread_blocked, id=16064, stack(0x000000ebcd300000,0x000000ebcd400000)]
  0x00000271ffb782d0 JavaThread "Cache worker for cache directory md-rule (C:\Users\anton\.gradle\caches\8.0.1\md-rule)" [_thread_blocked, id=25080, stack(0x000000ebcde00000,0x000000ebcdf00000)]
  0x00000271ffb787a0 JavaThread "Cache worker for file content cache (C:\Users\anton\.gradle\caches\8.0.1\fileContent)" [_thread_blocked, id=10604, stack(0x000000ebcdf00000,0x000000ebce000000)]
  0x0000027182c733e0 JavaThread "Cache worker for file hash cache (D:\projects\booknex-2\apps\mobile\android\.gradle\8.0.1\fileHashes)" [_thread_blocked, id=632, stack(0x000000ebce000000,0x000000ebce100000)]
  0x0000027182c6c530 JavaThread "Cache worker for cache directory md-supplier (C:\Users\anton\.gradle\caches\8.0.1\md-supplier)" [_thread_blocked, id=19032, stack(0x000000ebce100000,0x000000ebce200000)]
  0x0000027182c72f10 JavaThread "Cache worker for execution history cache (C:\Users\anton\.gradle\caches\8.0.1\executionHistory)" [_thread_blocked, id=7040, stack(0x000000ebce200000,0x000000ebce300000)]
  0x0000027182c6d3a0 JavaThread "File lock release action executor" [_thread_blocked, id=184, stack(0x000000ebcc500000,0x000000ebcc600000)]
  0x0000027182c738b0 JavaThread "jar transforms" [_thread_blocked, id=13528, stack(0x000000ebce300000,0x000000ebce400000)]
  0x0000027182c6c060 JavaThread "jar transforms Thread 2" [_thread_blocked, id=27996, stack(0x000000ebce400000,0x000000ebce500000)]
  0x0000027182c6ca00 JavaThread "jar transforms Thread 3" [_thread_blocked, id=18388, stack(0x000000ebce500000,0x000000ebce600000)]
  0x0000027182c71bd0 JavaThread "jar transforms Thread 4" [_thread_blocked, id=25028, stack(0x000000ebce600000,0x000000ebce700000)]
  0x0000027182c70890 JavaThread "Cache worker for kotlin-dsl (C:\Users\anton\.gradle\caches\8.0.1\kotlin-dsl)" [_thread_blocked, id=17652, stack(0x000000ebcc300000,0x000000ebcc400000)]
  0x0000027182c6e6e0 JavaThread "jar transforms Thread 5" [_thread_blocked, id=1932, stack(0x000000ebcc000000,0x000000ebcc100000)]
  0x0000027182c6e210 JavaThread "jar transforms Thread 6" [_thread_blocked, id=18544, stack(0x000000ebce700000,0x000000ebce800000)]
  0x0000027180be0450 JavaThread "C1 CompilerThread1" daemon [_thread_blocked, id=12560, stack(0x000000ebcc100000,0x000000ebcc200000)]
  0x0000027182c71700 JavaThread "Cache worker for dependencies-accessors (D:\projects\booknex-2\apps\mobile\android\.gradle\8.0.1\dependencies-accessors)" [_thread_blocked, id=13168, stack(0x000000ebce800000,0x000000ebce900000)]
  0x0000027182c71230 JavaThread "Cache worker for Build Output Cleanup Cache (D:\projects\booknex-2\apps\mobile\node_modules\@react-native\gradle-plugin\.gradle\buildOutputCleanup)" [_thread_blocked, id=12060, stack(0x000000ebce900000,0x000000ebcea00000)]
  0x0000027182c6d870 JavaThread "jar transforms Thread 7" [_thread_blocked, id=3320, stack(0x000000ebca700000,0x000000ebca800000)]
  0x0000027182c6fef0 JavaThread "Unconstrained build operations" [_thread_blocked, id=9052, stack(0x000000ebcea00000,0x000000ebceb00000)]
  0x0000027182c703c0 JavaThread "Unconstrained build operations Thread 2" [_thread_blocked, id=17900, stack(0x000000ebceb00000,0x000000ebcec00000)]
  0x0000027182c720a0 JavaThread "Unconstrained build operations Thread 3" [_thread_blocked, id=23332, stack(0x000000ebcec00000,0x000000ebced00000)]
  0x0000027182c72570 JavaThread "Unconstrained build operations Thread 4" [_thread_blocked, id=2244, stack(0x000000ebced00000,0x000000ebcee00000)]
  0x0000027181a095a0 JavaThread "Unconstrained build operations Thread 5" [_thread_blocked, id=23796, stack(0x000000ebcee00000,0x000000ebcef00000)]
  0x0000027181a09f40 JavaThread "Unconstrained build operations Thread 6" [_thread_blocked, id=20472, stack(0x000000ebcef00000,0x000000ebcf000000)]
  0x0000027181a090d0 JavaThread "Unconstrained build operations Thread 7" [_thread_blocked, id=19200, stack(0x000000ebcf000000,0x000000ebcf100000)]
  0x0000027181a073f0 JavaThread "Unconstrained build operations Thread 8" [_thread_blocked, id=16776, stack(0x000000ebcf100000,0x000000ebcf200000)]
  0x0000027181a0a410 JavaThread "Unconstrained build operations Thread 9" [_thread_blocked, id=28280, stack(0x000000ebcf200000,0x000000ebcf300000)]
  0x0000027181a078c0 JavaThread "Unconstrained build operations Thread 10" [_thread_blocked, id=16576, stack(0x000000ebcf300000,0x000000ebcf400000)]
  0x0000027181a08730 JavaThread "Unconstrained build operations Thread 11" [_thread_blocked, id=16356, stack(0x000000ebcf400000,0x000000ebcf500000)]
  0x0000027181a08c00 JavaThread "Unconstrained build operations Thread 12" [_thread_blocked, id=26124, stack(0x000000ebcf500000,0x000000ebcf600000)]
  0x0000027181a09a70 JavaThread "Unconstrained build operations Thread 13" [_thread_blocked, id=12960, stack(0x000000ebcf600000,0x000000ebcf700000)]
  0x0000027181a0a8e0 JavaThread "Unconstrained build operations Thread 14" [_thread_blocked, id=25248, stack(0x000000ebcf700000,0x000000ebcf800000)]
  0x0000027181a07d90 JavaThread "Unconstrained build operations Thread 15" [_thread_blocked, id=16764, stack(0x000000ebcf800000,0x000000ebcf900000)]
  0x0000027181a0adb0 JavaThread "Unconstrained build operations Thread 16" [_thread_blocked, id=16840, stack(0x000000ebcf900000,0x000000ebcfa00000)]
  0x0000027181a08260 JavaThread "Unconstrained build operations Thread 17" [_thread_blocked, id=14520, stack(0x000000ebcfa00000,0x000000ebcfb00000)]
  0x00000271feb731e0 JavaThread "Unconstrained build operations Thread 18" [_thread_blocked, id=25932, stack(0x000000ebcfb00000,0x000000ebcfc00000)]
  0x00000271feb72d10 JavaThread "Unconstrained build operations Thread 19" [_thread_blocked, id=2500, stack(0x000000ebcfc00000,0x000000ebcfd00000)]
  0x00000271feb74520 JavaThread "Unconstrained build operations Thread 20" [_thread_blocked, id=20272, stack(0x000000ebcfd00000,0x000000ebcfe00000)]
  0x00000271feb77a10 JavaThread "Unconstrained build operations Thread 21" [_thread_blocked, id=27116, stack(0x000000ebcfe00000,0x000000ebcff00000)]
  0x00000271feb749f0 JavaThread "Unconstrained build operations Thread 22" [_thread_blocked, id=26000, stack(0x000000ebcff00000,0x000000ebd0000000)]
  0x00000271feb736b0 JavaThread "Unconstrained build operations Thread 23" [_thread_blocked, id=27584, stack(0x000000ebd0000000,0x000000ebd0100000)]
  0x00000271feb75d30 JavaThread "Unconstrained build operations Thread 24" [_thread_blocked, id=4392, stack(0x000000ebd0100000,0x000000ebd0200000)]
  0x00000271feb74ec0 JavaThread "Unconstrained build operations Thread 25" [_thread_blocked, id=26136, stack(0x000000ebd0200000,0x000000ebd0300000)]
  0x00000271feb75390 JavaThread "Unconstrained build operations Thread 26" [_thread_blocked, id=25448, stack(0x000000ebd0300000,0x000000ebd0400000)]
  0x00000271fe290cf0 JavaThread "C1 CompilerThread2" daemon [_thread_blocked, id=27848, stack(0x000000ebd0400000,0x000000ebd0500000)]
  0x00000271feb75860 JavaThread "jar transforms Thread 8" [_thread_blocked, id=4724, stack(0x000000ebd0500000,0x000000ebd0600000)]
  0x00000271feb71ea0 JavaThread "jar transforms Thread 9" [_thread_blocked, id=18256, stack(0x000000ebd0600000,0x000000ebd0700000)]
  0x00000271feb73b80 JavaThread "jar transforms Thread 10" [_thread_blocked, id=25168, stack(0x000000ebd0700000,0x000000ebd0800000)]
  0x00000271feb77070 JavaThread "jar transforms Thread 11" [_thread_blocked, id=25256, stack(0x000000ebd0800000,0x000000ebd0900000)]
  0x00000271feb76200 JavaThread "jar transforms Thread 12" [_thread_blocked, id=10212, stack(0x000000ebd0900000,0x000000ebd0a00000)]
  0x00000271feb766d0 JavaThread "jar transforms Thread 13" [_thread_blocked, id=25252, stack(0x000000ebd0a00000,0x000000ebd0b00000)]
  0x00000271feb77ee0 JavaThread "jar transforms Thread 14" [_thread_blocked, id=21864, stack(0x000000ebd0b00000,0x000000ebd0c00000)]
  0x00000271feb78880 JavaThread "jar transforms Thread 15" [_thread_blocked, id=2468, stack(0x000000ebd0c00000,0x000000ebd0d00000)]
  0x00000271feb783b0 JavaThread "jar transforms Thread 16" [_thread_blocked, id=22892, stack(0x000000ebd0d00000,0x000000ebd0e00000)]
  0x00000271feb76ba0 JavaThread "Memory manager" [_thread_blocked, id=12592, stack(0x000000ebd0f00000,0x000000ebd1000000)]

Other Threads:
  0x00000271f9f4e020 VMThread "VM Thread" [stack: 0x000000ebcaf00000,0x000000ebcb000000] [id=16112]
  0x00000271fe250e70 WatcherThread "VM Periodic Task Thread" [stack: 0x000000ebcbb00000,0x000000ebcbc00000] [id=2856]
  0x00000271db1760a0 WorkerThread "GC Thread#0" [stack: 0x000000ebcaa00000,0x000000ebcab00000] [id=1444]
  0x00000271fef46440 WorkerThread "GC Thread#1" [stack: 0x000000ebcbc00000,0x000000ebcbd00000] [id=7972]
  0x00000271feba5e10 WorkerThread "GC Thread#2" [stack: 0x000000ebcbd00000,0x000000ebcbe00000] [id=24184]
  0x00000271feba60b0 WorkerThread "GC Thread#3" [stack: 0x000000ebcbe00000,0x000000ebcbf00000] [id=2008]
  0x00000271feba6350 WorkerThread "GC Thread#4" [stack: 0x000000ebcbf00000,0x000000ebcc000000] [id=24728]
  0x00000271819132e0 WorkerThread "GC Thread#5" [stack: 0x000000ebcd400000,0x000000ebcd500000] [id=332]
  0x00000271805d4e00 WorkerThread "GC Thread#6" [stack: 0x000000ebcd500000,0x000000ebcd600000] [id=19100]
  0x0000027181d1cc50 WorkerThread "GC Thread#7" [stack: 0x000000ebcd600000,0x000000ebcd700000] [id=12120]
  0x00000271fe49fe50 WorkerThread "GC Thread#8" [stack: 0x000000ebcd700000,0x000000ebcd800000] [id=5544]
  0x00000271ff83f910 WorkerThread "GC Thread#9" [stack: 0x000000ebcd800000,0x000000ebcd900000] [id=15156]
  0x0000027180ee1c90 WorkerThread "GC Thread#10" [stack: 0x000000ebcd900000,0x000000ebcda00000] [id=2320]
  0x000002718210da80 WorkerThread "GC Thread#11" [stack: 0x000000ebcda00000,0x000000ebcdb00000] [id=6772]
  0x000002718210dd20 WorkerThread "GC Thread#12" [stack: 0x000000ebcdb00000,0x000000ebcdc00000] [id=6004]
  0x00000271db186fd0 ConcurrentGCThread "G1 Main Marker" [stack: 0x000000ebcab00000,0x000000ebcac00000] [id=5048]
  0x00000271db1879c0 WorkerThread "G1 Conc#0" [stack: 0x000000ebcac00000,0x000000ebcad00000] [id=5624]
  0x0000027181f4a7c0 WorkerThread "G1 Conc#1" [stack: 0x000000ebcdc00000,0x000000ebcdd00000] [id=13096]
  0x0000027181f4aa60 WorkerThread "G1 Conc#2" [stack: 0x000000ebcdd00000,0x000000ebcde00000] [id=11704]
  0x00000271db1cecd0 ConcurrentGCThread "G1 Refine#0" [stack: 0x000000ebcad00000,0x000000ebcae00000] [id=8568]
  0x00000271f9dc5880 ConcurrentGCThread "G1 Service" [stack: 0x000000ebcae00000,0x000000ebcaf00000] [id=7604]

Threads with active compile tasks:
C2 CompilerThread0    37903 7219   !   4       java.net.URLClassLoader::findClass (47 bytes)

VM state: not at safepoint (normal execution)

VM Mutex/Monitor currently owned by a thread: None

Heap address: 0x0000000080000000, size: 2048 MB, Compressed Oops mode: 32-bit

CDS archive(s) mapped at: [0x0000000800000000-0x0000000800ba0000-0x0000000800ba0000), size 12189696, SharedBaseAddress: 0x0000000800000000, ArchiveRelocationMode: 0.
Compressed class space mapped at: 0x0000000800c00000-0x000000081a800000, reserved size: 432013312
Narrow klass base: 0x0000000800000000, Narrow klass shift: 0, Narrow klass range: 0x100000000

GC Precious Log:
 CardTable entry size: 512
 Card Set container configuration: InlinePtr #cards 5 size 8 Array Of Cards #cards 12 size 40 Howl #buckets 4 coarsen threshold 1843 Howl Bitmap #cards 512 size 80 coarsen threshold 460 Card regions per heap region 1 cards per card region 2048
 CPUs: 16 total, 16 available
 Memory: 15713M
 Large Page Support: Disabled
 NUMA Support: Disabled
 Compressed Oops: Enabled (32-bit)
 Heap Region Size: 1M
 Heap Min Capacity: 8M
 Heap Initial Capacity: 246M
 Heap Max Capacity: 2G
 Pre-touch: Disabled
 Parallel Workers: 13
 Concurrent Workers: 3
 Concurrent Refinement Workers: 13
 Periodic GC: Disabled

Heap:
 garbage-first heap   total 101376K, used 73462K [0x0000000080000000, 0x0000000100000000)
  region size 1024K, 28 young (28672K), 5 survivors (5120K)
 Metaspace       used 58730K, committed 60544K, reserved 487424K
  class space    used 8180K, committed 9088K, reserved 421888K

Heap Regions: E=young(eden), S=young(survivor), O=old, HS=humongous(starts), HC=humongous(continues), CS=collection set, F=free, OA=open archive, CA=closed archive, TAMS=top-at-mark-start (previous, next)
|   0|0x0000000080000000, 0x0000000080100000, 0x0000000080100000|100%|HS|  |TAMS 0x0000000080100000, 0x0000000080000000| Complete 
|   1|0x0000000080100000, 0x0000000080200000, 0x0000000080200000|100%|HC|  |TAMS 0x0000000080200000, 0x0000000080100000| Complete 
|   2|0x0000000080200000, 0x0000000080300000, 0x0000000080300000|100%|HC|  |TAMS 0x0000000080300000, 0x0000000080200000| Complete 
|   3|0x0000000080300000, 0x0000000080400000, 0x0000000080400000|100%|HC|  |TAMS 0x0000000080400000, 0x0000000080300000| Complete 
|   4|0x0000000080400000, 0x0000000080500000, 0x0000000080500000|100%| O|  |TAMS 0x0000000080500000, 0x0000000080400000| Untracked 
|   5|0x0000000080500000, 0x0000000080600000, 0x0000000080600000|100%| O|  |TAMS 0x0000000080600000, 0x0000000080500000| Untracked 
|   6|0x0000000080600000, 0x0000000080700000, 0x0000000080700000|100%| O|  |TAMS 0x0000000080700000, 0x0000000080600000| Untracked 
|   7|0x0000000080700000, 0x0000000080800000, 0x0000000080800000|100%| O|  |TAMS 0x0000000080800000, 0x0000000080700000| Untracked 
|   8|0x0000000080800000, 0x0000000080900000, 0x0000000080900000|100%| O|  |TAMS 0x0000000080900000, 0x0000000080800000| Untracked 
|   9|0x0000000080900000, 0x0000000080a00000, 0x0000000080a00000|100%| O|  |TAMS 0x0000000080a00000, 0x0000000080900000| Untracked 
|  10|0x0000000080a00000, 0x0000000080afd800, 0x0000000080b00000| 99%| O|  |TAMS 0x0000000080afd800, 0x0000000080a00000| Untracked 
|  11|0x0000000080b00000, 0x0000000080c00000, 0x0000000080c00000|100%| O|  |TAMS 0x0000000080c00000, 0x0000000080b00000| Untracked 
|  12|0x0000000080c00000, 0x0000000080d00000, 0x0000000080d00000|100%| O|  |TAMS 0x0000000080d00000, 0x0000000080c00000| Untracked 
|  13|0x0000000080d00000, 0x0000000080e00000, 0x0000000080e00000|100%| O|  |TAMS 0x0000000080e00000, 0x0000000080d00000| Untracked 
|  14|0x0000000080e00000, 0x0000000080f00000, 0x0000000080f00000|100%| O|  |TAMS 0x0000000080f00000, 0x0000000080e00000| Untracked 
|  15|0x0000000080f00000, 0x0000000081000000, 0x0000000081000000|100%| O|  |TAMS 0x0000000081000000, 0x0000000080f00000| Untracked 
|  16|0x0000000081000000, 0x0000000081100000, 0x0000000081100000|100%| O|  |TAMS 0x0000000081100000, 0x0000000081000000| Untracked 
|  17|0x0000000081100000, 0x0000000081200000, 0x0000000081200000|100%| O|  |TAMS 0x0000000081200000, 0x0000000081100000| Untracked 
|  18|0x0000000081200000, 0x0000000081300000, 0x0000000081300000|100%| O|  |TAMS 0x0000000081300000, 0x0000000081200000| Untracked 
|  19|0x0000000081300000, 0x0000000081400000, 0x0000000081400000|100%| O|  |TAMS 0x0000000081400000, 0x0000000081300000| Untracked 
|  20|0x0000000081400000, 0x0000000081500000, 0x0000000081500000|100%| O|  |TAMS 0x0000000081500000, 0x0000000081400000| Untracked 
|  21|0x0000000081500000, 0x0000000081600000, 0x0000000081600000|100%| O|  |TAMS 0x0000000081600000, 0x0000000081500000| Untracked 
|  22|0x0000000081600000, 0x0000000081700000, 0x0000000081700000|100%| O|  |TAMS 0x0000000081700000, 0x0000000081600000| Untracked 
|  23|0x0000000081700000, 0x0000000081800000, 0x0000000081800000|100%| O|  |TAMS 0x0000000081800000, 0x0000000081700000| Untracked 
|  24|0x0000000081800000, 0x0000000081900000, 0x0000000081900000|100%| O|  |TAMS 0x0000000081900000, 0x0000000081800000| Untracked 
|  25|0x0000000081900000, 0x0000000081a00000, 0x0000000081a00000|100%| O|  |TAMS 0x0000000081a00000, 0x0000000081900000| Untracked 
|  26|0x0000000081a00000, 0x0000000081b00000, 0x0000000081b00000|100%| O|  |TAMS 0x0000000081b00000, 0x0000000081a00000| Untracked 
|  27|0x0000000081b00000, 0x0000000081c00000, 0x0000000081c00000|100%| O|  |TAMS 0x0000000081c00000, 0x0000000081b00000| Untracked 
|  28|0x0000000081c00000, 0x0000000081d00000, 0x0000000081d00000|100%| O|  |TAMS 0x0000000081d00000, 0x0000000081c00000| Untracked 
|  29|0x0000000081d00000, 0x0000000081e00000, 0x0000000081e00000|100%|HS|  |TAMS 0x0000000081e00000, 0x0000000081d00000| Complete 
|  30|0x0000000081e00000, 0x0000000081f00000, 0x0000000081f00000|100%|HC|  |TAMS 0x0000000081f00000, 0x0000000081e00000| Complete 
|  31|0x0000000081f00000, 0x0000000082000000, 0x0000000082000000|100%|HS|  |TAMS 0x0000000082000000, 0x0000000081f00000| Complete 
|  32|0x0000000082000000, 0x0000000082100000, 0x0000000082100000|100%|HC|  |TAMS 0x0000000082100000, 0x0000000082000000| Complete 
|  33|0x0000000082100000, 0x0000000082200000, 0x0000000082200000|100%|HC|  |TAMS 0x0000000082200000, 0x0000000082100000| Complete 
|  34|0x0000000082200000, 0x0000000082300000, 0x0000000082300000|100%|HC|  |TAMS 0x0000000082300000, 0x0000000082200000| Complete 
|  35|0x0000000082300000, 0x0000000082400000, 0x0000000082400000|100%| O|  |TAMS 0x0000000082400000, 0x0000000082300000| Untracked 
|  36|0x0000000082400000, 0x0000000082500000, 0x0000000082500000|100%| O|  |TAMS 0x0000000082500000, 0x0000000082400000| Untracked 
|  37|0x0000000082500000, 0x0000000082600000, 0x0000000082600000|100%| O|  |TAMS 0x0000000082600000, 0x0000000082500000| Untracked 
|  38|0x0000000082600000, 0x0000000082700000, 0x0000000082700000|100%| O|  |TAMS 0x0000000082700000, 0x0000000082600000| Untracked 
|  39|0x0000000082700000, 0x0000000082800000, 0x0000000082800000|100%| O|  |TAMS 0x0000000082800000, 0x0000000082700000| Untracked 
|  40|0x0000000082800000, 0x00000000828c0200, 0x0000000082900000| 75%| O|  |TAMS 0x0000000082847e00, 0x0000000082800000| Untracked 
|  41|0x0000000082900000, 0x0000000082900000, 0x0000000082a00000|  0%| F|  |TAMS 0x0000000082900000, 0x0000000082900000| Untracked 
|  42|0x0000000082a00000, 0x0000000082a00000, 0x0000000082b00000|  0%| F|  |TAMS 0x0000000082a00000, 0x0000000082a00000| Untracked 
|  43|0x0000000082b00000, 0x0000000082b00000, 0x0000000082c00000|  0%| F|  |TAMS 0x0000000082b00000, 0x0000000082b00000| Untracked 
|  44|0x0000000082c00000, 0x0000000082c00000, 0x0000000082d00000|  0%| F|  |TAMS 0x0000000082c00000, 0x0000000082c00000| Untracked 
|  45|0x0000000082d00000, 0x0000000082d00000, 0x0000000082e00000|  0%| F|  |TAMS 0x0000000082d00000, 0x0000000082d00000| Untracked 
|  46|0x0000000082e00000, 0x0000000082e00000, 0x0000000082f00000|  0%| F|  |TAMS 0x0000000082e00000, 0x0000000082e00000| Untracked 
|  47|0x0000000082f00000, 0x0000000082f00000, 0x0000000083000000|  0%| F|  |TAMS 0x0000000082f00000, 0x0000000082f00000| Untracked 
|  48|0x0000000083000000, 0x0000000083000000, 0x0000000083100000|  0%| F|  |TAMS 0x0000000083000000, 0x0000000083000000| Untracked 
|  49|0x0000000083100000, 0x0000000083100000, 0x0000000083200000|  0%| F|  |TAMS 0x0000000083100000, 0x0000000083100000| Untracked 
|  50|0x0000000083200000, 0x0000000083200000, 0x0000000083300000|  0%| F|  |TAMS 0x0000000083200000, 0x0000000083200000| Untracked 
|  51|0x0000000083300000, 0x0000000083300000, 0x0000000083400000|  0%| F|  |TAMS 0x0000000083300000, 0x0000000083300000| Untracked 
|  52|0x0000000083400000, 0x0000000083400000, 0x0000000083500000|  0%| F|  |TAMS 0x0000000083400000, 0x0000000083400000| Untracked 
|  53|0x0000000083500000, 0x0000000083500000, 0x0000000083600000|  0%| F|  |TAMS 0x0000000083500000, 0x0000000083500000| Untracked 
|  54|0x0000000083600000, 0x0000000083600000, 0x0000000083700000|  0%| F|  |TAMS 0x0000000083600000, 0x0000000083600000| Untracked 
|  55|0x0000000083700000, 0x0000000083800000, 0x0000000083800000|100%| S|CS|TAMS 0x0000000083700000, 0x0000000083700000| Complete 
|  56|0x0000000083800000, 0x0000000083900000, 0x0000000083900000|100%| S|CS|TAMS 0x0000000083800000, 0x0000000083800000| Complete 
|  57|0x0000000083900000, 0x0000000083a00000, 0x0000000083a00000|100%| S|CS|TAMS 0x0000000083900000, 0x0000000083900000| Complete 
|  58|0x0000000083a00000, 0x0000000083b00000, 0x0000000083b00000|100%| S|CS|TAMS 0x0000000083a00000, 0x0000000083a00000| Complete 
|  59|0x0000000083b00000, 0x0000000083b00000, 0x0000000083c00000|  0%| F|  |TAMS 0x0000000083b00000, 0x0000000083b00000| Untracked 
|  60|0x0000000083c00000, 0x0000000083c00000, 0x0000000083d00000|  0%| F|  |TAMS 0x0000000083c00000, 0x0000000083c00000| Untracked 
|  61|0x0000000083d00000, 0x0000000083d00000, 0x0000000083e00000|  0%| F|  |TAMS 0x0000000083d00000, 0x0000000083d00000| Untracked 
|  62|0x0000000083e00000, 0x0000000083f00000, 0x0000000083f00000|100%| S|CS|TAMS 0x0000000083e00000, 0x0000000083e00000| Complete 
|  63|0x0000000083f00000, 0x0000000083f00000, 0x0000000084000000|  0%| F|  |TAMS 0x0000000083f00000, 0x0000000083f00000| Untracked 
|  64|0x0000000084000000, 0x0000000084000000, 0x0000000084100000|  0%| F|  |TAMS 0x0000000084000000, 0x0000000084000000| Untracked 
|  65|0x0000000084100000, 0x0000000084100000, 0x0000000084200000|  0%| F|  |TAMS 0x0000000084100000, 0x0000000084100000| Untracked 
|  66|0x0000000084200000, 0x0000000084200000, 0x0000000084300000|  0%| F|  |TAMS 0x0000000084200000, 0x0000000084200000| Untracked 
|  67|0x0000000084300000, 0x0000000084300000, 0x0000000084400000|  0%| F|  |TAMS 0x0000000084300000, 0x0000000084300000| Untracked 
|  68|0x0000000084400000, 0x0000000084400000, 0x0000000084500000|  0%| F|  |TAMS 0x0000000084400000, 0x0000000084400000| Untracked 
|  69|0x0000000084500000, 0x0000000084500000, 0x0000000084600000|  0%| F|  |TAMS 0x0000000084500000, 0x0000000084500000| Untracked 
|  70|0x0000000084600000, 0x0000000084600000, 0x0000000084700000|  0%| F|  |TAMS 0x0000000084600000, 0x0000000084600000| Untracked 
|  71|0x0000000084700000, 0x0000000084700000, 0x0000000084800000|  0%| F|  |TAMS 0x0000000084700000, 0x0000000084700000| Untracked 
|  72|0x0000000084800000, 0x0000000084900000, 0x0000000084900000|100%| E|  |TAMS 0x0000000084800000, 0x0000000084800000| Complete 
|  73|0x0000000084900000, 0x0000000084a00000, 0x0000000084a00000|100%| E|CS|TAMS 0x0000000084900000, 0x0000000084900000| Complete 
|  74|0x0000000084a00000, 0x0000000084b00000, 0x0000000084b00000|100%| E|CS|TAMS 0x0000000084a00000, 0x0000000084a00000| Complete 
|  75|0x0000000084b00000, 0x0000000084c00000, 0x0000000084c00000|100%| E|CS|TAMS 0x0000000084b00000, 0x0000000084b00000| Complete 
|  76|0x0000000084c00000, 0x0000000084d00000, 0x0000000084d00000|100%| E|CS|TAMS 0x0000000084c00000, 0x0000000084c00000| Complete 
|  77|0x0000000084d00000, 0x0000000084e00000, 0x0000000084e00000|100%| E|CS|TAMS 0x0000000084d00000, 0x0000000084d00000| Complete 
|  78|0x0000000084e00000, 0x0000000084f00000, 0x0000000084f00000|100%| E|CS|TAMS 0x0000000084e00000, 0x0000000084e00000| Complete 
|  79|0x0000000084f00000, 0x0000000085000000, 0x0000000085000000|100%| E|CS|TAMS 0x0000000084f00000, 0x0000000084f00000| Complete 
| 137|0x0000000088900000, 0x0000000088a00000, 0x0000000088a00000|100%| E|CS|TAMS 0x0000000088900000, 0x0000000088900000| Complete 
| 138|0x0000000088a00000, 0x0000000088b00000, 0x0000000088b00000|100%| E|CS|TAMS 0x0000000088a00000, 0x0000000088a00000| Complete 
| 139|0x0000000088b00000, 0x0000000088c00000, 0x0000000088c00000|100%| E|CS|TAMS 0x0000000088b00000, 0x0000000088b00000| Complete 
| 140|0x0000000088c00000, 0x0000000088d00000, 0x0000000088d00000|100%| E|CS|TAMS 0x0000000088c00000, 0x0000000088c00000| Complete 
| 141|0x0000000088d00000, 0x0000000088e00000, 0x0000000088e00000|100%| E|CS|TAMS 0x0000000088d00000, 0x0000000088d00000| Complete 
| 142|0x0000000088e00000, 0x0000000088f00000, 0x0000000088f00000|100%| E|CS|TAMS 0x0000000088e00000, 0x0000000088e00000| Complete 
| 143|0x0000000088f00000, 0x0000000089000000, 0x0000000089000000|100%| E|CS|TAMS 0x0000000088f00000, 0x0000000088f00000| Complete 
| 144|0x0000000089000000, 0x0000000089100000, 0x0000000089100000|100%| E|CS|TAMS 0x0000000089000000, 0x0000000089000000| Complete 
| 145|0x0000000089100000, 0x0000000089200000, 0x0000000089200000|100%| E|CS|TAMS 0x0000000089100000, 0x0000000089100000| Complete 
| 146|0x0000000089200000, 0x0000000089300000, 0x0000000089300000|100%| E|CS|TAMS 0x0000000089200000, 0x0000000089200000| Complete 
| 147|0x0000000089300000, 0x0000000089400000, 0x0000000089400000|100%| E|CS|TAMS 0x0000000089300000, 0x0000000089300000| Complete 
| 148|0x0000000089400000, 0x0000000089500000, 0x0000000089500000|100%| E|CS|TAMS 0x0000000089400000, 0x0000000089400000| Complete 
| 244|0x000000008f400000, 0x000000008f500000, 0x000000008f500000|100%| E|CS|TAMS 0x000000008f400000, 0x000000008f400000| Complete 
| 245|0x000000008f500000, 0x000000008f600000, 0x000000008f600000|100%| E|CS|TAMS 0x000000008f500000, 0x000000008f500000| Complete 
|2043|0x00000000ffb00000, 0x00000000ffc00000, 0x00000000ffc00000|100%| O|  |TAMS 0x00000000ffc00000, 0x00000000ffb00000| Untracked 
|2044|0x00000000ffc00000, 0x00000000ffd00000, 0x00000000ffd00000|100%| O|  |TAMS 0x00000000ffd00000, 0x00000000ffc00000| Untracked 
|2045|0x00000000ffd00000, 0x00000000ffe00000, 0x00000000ffe00000|100%| O|  |TAMS 0x00000000ffe00000, 0x00000000ffd00000| Untracked 
|2046|0x00000000ffe00000, 0x00000000fff00000, 0x00000000fff00000|100%| E|CS|TAMS 0x00000000ffe00000, 0x00000000ffe00000| Complete 
|2047|0x00000000fff00000, 0x0000000100000000, 0x0000000100000000|100%| O|  |TAMS 0x0000000100000000, 0x00000000fff00000| Untracked 

Card table byte_map: [0x00000271f26c0000,0x00000271f2ac0000] _byte_map_base: 0x00000271f22c0000

Marking Bits (Prev, Next): (CMBitMap*) 0x00000271db1766e0, (CMBitMap*) 0x00000271db1766a0
 Prev Bits: [0x00000271f4ec0000, 0x00000271f6ec0000)
 Next Bits: [0x00000271f2ec0000, 0x00000271f4ec0000)

Polling page: 0x00000271da8d0000

Metaspace:

Usage:
  Non-class:     49.38 MB used.
      Class:      7.99 MB used.
       Both:     57.37 MB used.

Virtual space:
  Non-class space:       64.00 MB reserved,      50.25 MB ( 79%) committed,  1 nodes.
      Class space:      412.00 MB reserved,       8.88 MB (  2%) committed,  1 nodes.
             Both:      476.00 MB reserved,      59.12 MB ( 12%) committed. 

Chunk freelists:
   Non-Class:  864.00 KB
       Class:  2.94 MB
        Both:  3.78 MB

MaxMetaspaceSize: 512.00 MB
CompressedClassSpaceSize: 412.00 MB
Initial GC threshold: 21.00 MB
Current GC threshold: 95.56 MB
CDS: on
MetaspaceReclaimPolicy: balanced
 - commit_granule_bytes: 65536.
 - commit_granule_words: 8192.
 - virtual_space_node_default_size: 8388608.
 - enlarge_chunks_in_place: 1.
 - new_chunks_are_fully_committed: 0.
 - uncommit_free_chunks: 1.
 - use_allocation_guard: 0.


Internal statistics:

num_allocs_failed_limit: 6.
num_arena_births: 3232.
num_arena_deaths: 0.
num_vsnodes_births: 2.
num_vsnodes_deaths: 0.
num_space_committed: 946.
num_space_uncommitted: 0.
num_chunks_returned_to_freelist: 6.
num_chunks_taken_from_freelist: 5959.
num_chunk_merges: 6.
num_chunk_splits: 3906.
num_chunks_enlarged: 2437.
num_inconsistent_stats: 0.

CodeHeap 'non-profiled nmethods': size=119168Kb used=2806Kb max_used=2973Kb free=116361Kb
 bounds [0x00000271ea5e0000, 0x00000271ea8d0000, 0x00000271f1a40000]
CodeHeap 'profiled nmethods': size=119104Kb used=12749Kb max_used=12749Kb free=106354Kb
 bounds [0x00000271e3190000, 0x00000271e3e10000, 0x00000271ea5e0000]
CodeHeap 'non-nmethods': size=7488Kb used=3497Kb max_used=4006Kb free=3991Kb
 bounds [0x00000271e2a40000, 0x00000271e2e30000, 0x00000271e3190000]
 total_blobs=7295 nmethods=6410 adapters=793
 compilation: enabled
              stopped_count=0, restarted_count=0
 full_count=0

Compilation events (20 events):
Event: 37.784 Thread 0x00000271f9f70580 7299       1       org.gradle.api.internal.DefaultNamedDomainObjectCollection::getInstantiator (5 bytes)
Event: 37.784 Thread 0x00000271f9f70580 nmethod 7299 0x00000271ea692690 code [0x00000271ea692820, 0x00000271ea6928f8]
Event: 37.788 Thread 0x00000271fe290cf0 7300       3       org.gradle.internal.operations.DefaultBuildOperationRunner::getCurrentBuildOperation (11 bytes)
Event: 37.789 Thread 0x00000271fe290cf0 nmethod 7300 0x00000271e3dfab90 code [0x00000271e3dfad60, 0x00000271e3dfb1a8]
Event: 37.790 Thread 0x00000271fe290cf0 7301       3       java.lang.invoke.LambdaForm$DMH/0x0000000800cc7000::invokeInterface (25 bytes)
Event: 37.790 Thread 0x00000271fe290cf0 nmethod 7301 0x00000271e3dfb310 code [0x00000271e3dfb500, 0x00000271e3dfbcc8]
Event: 37.791 Thread 0x00000271fe290cf0 7303       3       kotlin.collections.CollectionsKt___CollectionsKt::joinToString$default (94 bytes)
Event: 37.792 Thread 0x00000271fe290cf0 nmethod 7303 0x00000271e3dfbe10 code [0x00000271e3dfbfc0, 0x00000271e3dfc288]
Event: 37.792 Thread 0x00000271fe290cf0 7305       3       kotlin.collections.CollectionsKt___CollectionsKt::joinTo (156 bytes)
Event: 37.794 Thread 0x00000271fe290cf0 nmethod 7305 0x00000271e3dfc390 code [0x00000271e3dfc8a0, 0x00000271e3dfedb8]
Event: 37.794 Thread 0x00000271fe290cf0 7304       3       kotlin.collections.CollectionsKt___CollectionsKt::joinToString (72 bytes)
Event: 37.795 Thread 0x0000027180be0450 7307       3       org.gradle.api.internal.DefaultDomainObjectCollection::<init> (38 bytes)
Event: 37.795 Thread 0x00000271f9f70580 7308       3       org.gradle.api.internal.DefaultDomainObjectCollection$1::<init> (15 bytes)
Event: 37.796 Thread 0x00000271f9f70580 nmethod 7308 0x00000271e3dffa90 code [0x00000271e3dffc40, 0x00000271e3dffe58]
Event: 37.796 Thread 0x0000027180be0450 nmethod 7307 0x00000271e3dfff10 code [0x00000271e3e000e0, 0x00000271e3e00668]
Event: 37.796 Thread 0x00000271f9f70580 7306       3       org.gradle.configuration.internal.DefaultUserCodeApplicationContext::current (11 bytes)
Event: 37.796 Thread 0x0000027180be0450 7309       1       org.gradle.api.internal.artifacts.configurations.DefaultConfiguration::getAttributes (5 bytes)
Event: 37.796 Thread 0x0000027180be0450 nmethod 7309 0x00000271ea692390 code [0x00000271ea692520, 0x00000271ea6925f8]
Event: 37.796 Thread 0x00000271f9f70580 nmethod 7306 0x00000271e3e00810 code [0x00000271e3e009c0, 0x00000271e3e00ca8]
Event: 37.796 Thread 0x00000271fe290cf0 nmethod 7304 0x00000271e3e00d90 code [0x00000271e3e01200, 0x00000271e3e02f08]

GC Heap History (20 events):
Event: 6.058 GC heap before
{Heap before GC invocations=2 (full 0):
 garbage-first heap   total 251904K, used 108534K [0x0000000080000000, 0x0000000100000000)
  region size 1024K, 97 young (99328K), 4 survivors (4096K)
 Metaspace       used 20797K, committed 21504K, reserved 487424K
  class space    used 3035K, committed 3392K, reserved 421888K
}
Event: 6.090 GC heap after
{Heap after GC invocations=3 (full 0):
 garbage-first heap   total 251904K, used 21798K [0x0000000080000000, 0x0000000100000000)
  region size 1024K, 12 young (12288K), 12 survivors (12288K)
 Metaspace       used 20797K, committed 21504K, reserved 487424K
  class space    used 3035K, committed 3392K, reserved 421888K
}
Event: 7.847 GC heap before
{Heap before GC invocations=4 (full 0):
 garbage-first heap   total 81920K, used 80166K [0x0000000080000000, 0x0000000100000000)
  region size 1024K, 70 young (71680K), 12 survivors (12288K)
 Metaspace       used 30498K, committed 31616K, reserved 487424K
  class space    used 4286K, committed 4864K, reserved 421888K
}
Event: 7.854 GC heap after
{Heap after GC invocations=5 (full 0):
 garbage-first heap   total 101376K, used 28291K [0x0000000080000000, 0x0000000100000000)
  region size 1024K, 14 young (14336K), 14 survivors (14336K)
 Metaspace       used 30498K, committed 31616K, reserved 487424K
  class space    used 4286K, committed 4864K, reserved 421888K
}
Event: 17.635 GC heap before
{Heap before GC invocations=5 (full 0):
 garbage-first heap   total 101376K, used 73347K [0x0000000080000000, 0x0000000100000000)
  region size 1024K, 56 young (57344K), 14 survivors (14336K)
 Metaspace       used 34162K, committed 35328K, reserved 487424K
  class space    used 4714K, committed 5312K, reserved 421888K
}
Event: 17.640 GC heap after
{Heap after GC invocations=6 (full 0):
 garbage-first heap   total 101376K, used 31252K [0x0000000080000000, 0x0000000100000000)
  region size 1024K, 5 young (5120K), 5 survivors (5120K)
 Metaspace       used 34162K, committed 35328K, reserved 487424K
  class space    used 4714K, committed 5312K, reserved 421888K
}
Event: 17.769 GC heap before
{Heap before GC invocations=6 (full 0):
 garbage-first heap   total 101376K, used 38420K [0x0000000080000000, 0x0000000100000000)
  region size 1024K, 13 young (13312K), 5 survivors (5120K)
 Metaspace       used 34896K, committed 36096K, reserved 487424K
  class space    used 4831K, committed 5440K, reserved 421888K
}
Event: 17.772 GC heap after
{Heap after GC invocations=7 (full 0):
 garbage-first heap   total 101376K, used 32317K [0x0000000080000000, 0x0000000100000000)
  region size 1024K, 2 young (2048K), 2 survivors (2048K)
 Metaspace       used 34896K, committed 36096K, reserved 487424K
  class space    used 4831K, committed 5440K, reserved 421888K
}
Event: 27.538 GC heap before
{Heap before GC invocations=8 (full 0):
 garbage-first heap   total 101376K, used 75325K [0x0000000080000000, 0x0000000100000000)
  region size 1024K, 43 young (44032K), 2 survivors (2048K)
 Metaspace       used 38977K, committed 40384K, reserved 487424K
  class space    used 5401K, committed 6080K, reserved 421888K
}
Event: 27.540 GC heap after
{Heap after GC invocations=9 (full 0):
 garbage-first heap   total 101376K, used 33726K [0x0000000080000000, 0x0000000100000000)
  region size 1024K, 3 young (3072K), 3 survivors (3072K)
 Metaspace       used 38977K, committed 40384K, reserved 487424K
  class space    used 5401K, committed 6080K, reserved 421888K
}
Event: 28.821 GC heap before
{Heap before GC invocations=9 (full 0):
 garbage-first heap   total 101376K, used 34750K [0x0000000080000000, 0x0000000100000000)
  region size 1024K, 4 young (4096K), 3 survivors (3072K)
 Metaspace       used 39002K, committed 40384K, reserved 487424K
  class space    used 5401K, committed 6080K, reserved 421888K
}
Event: 28.823 GC heap after
{Heap after GC invocations=10 (full 0):
 garbage-first heap   total 101376K, used 33558K [0x0000000080000000, 0x0000000100000000)
  region size 1024K, 1 young (1024K), 1 survivors (1024K)
 Metaspace       used 39002K, committed 40384K, reserved 487424K
  class space    used 5401K, committed 6080K, reserved 421888K
}
Event: 32.230 GC heap before
{Heap before GC invocations=10 (full 0):
 garbage-first heap   total 101376K, used 74518K [0x0000000080000000, 0x0000000100000000)
  region size 1024K, 42 young (43008K), 1 survivors (1024K)
 Metaspace       used 44117K, committed 45696K, reserved 487424K
  class space    used 6158K, committed 6976K, reserved 421888K
}
Event: 32.236 GC heap after
{Heap after GC invocations=11 (full 0):
 garbage-first heap   total 101376K, used 35550K [0x0000000080000000, 0x0000000100000000)
  region size 1024K, 3 young (3072K), 3 survivors (3072K)
 Metaspace       used 44117K, committed 45696K, reserved 487424K
  class space    used 6158K, committed 6976K, reserved 421888K
}
Event: 33.687 GC heap before
{Heap before GC invocations=11 (full 0):
 garbage-first heap   total 101376K, used 83678K [0x0000000080000000, 0x0000000100000000)
  region size 1024K, 44 young (45056K), 3 survivors (3072K)
 Metaspace       used 49083K, committed 50816K, reserved 487424K
  class space    used 6851K, committed 7744K, reserved 421888K
}
Event: 33.691 GC heap after
{Heap after GC invocations=12 (full 0):
 garbage-first heap   total 101376K, used 45453K [0x0000000080000000, 0x0000000100000000)
  region size 1024K, 6 young (6144K), 6 survivors (6144K)
 Metaspace       used 49083K, committed 50816K, reserved 487424K
  class space    used 6851K, committed 7744K, reserved 421888K
}
Event: 34.517 GC heap before
{Heap before GC invocations=12 (full 0):
 garbage-first heap   total 101376K, used 79245K [0x0000000080000000, 0x0000000100000000)
  region size 1024K, 39 young (39936K), 6 survivors (6144K)
 Metaspace       used 52625K, committed 54400K, reserved 487424K
  class space    used 7375K, committed 8256K, reserved 421888K
}
Event: 34.521 GC heap after
{Heap after GC invocations=13 (full 0):
 garbage-first heap   total 101376K, used 47637K [0x0000000080000000, 0x0000000100000000)
  region size 1024K, 3 young (3072K), 3 survivors (3072K)
 Metaspace       used 52625K, committed 54400K, reserved 487424K
  class space    used 7375K, committed 8256K, reserved 421888K
}
Event: 35.997 GC heap before
{Heap before GC invocations=13 (full 0):
 garbage-first heap   total 101376K, used 80405K [0x0000000080000000, 0x0000000100000000)
  region size 1024K, 35 young (35840K), 3 survivors (3072K)
 Metaspace       used 56906K, committed 58688K, reserved 487424K
  class space    used 7907K, committed 8832K, reserved 421888K
}
Event: 36.001 GC heap after
{Heap after GC invocations=14 (full 0):
 garbage-first heap   total 101376K, used 50934K [0x0000000080000000, 0x0000000100000000)
  region size 1024K, 5 young (5120K), 5 survivors (5120K)
 Metaspace       used 56906K, committed 58688K, reserved 487424K
  class space    used 7907K, committed 8832K, reserved 421888K
}

Deoptimization events (20 events):
Event: 37.427 Thread 0x00000271ffb7c730 Uncommon trap: trap_request=0xffffffde fr.pc=0x00000271ea8c18dc relative=0x00000000000004dc
Event: 37.427 Thread 0x00000271ffb7c730 Uncommon trap: reason=class_check action=maybe_recompile pc=0x00000271ea8c18dc method=jdk.internal.loader.Resource.getBytes()[B @ 10 c2
Event: 37.427 Thread 0x00000271ffb7c730 DEOPT PACKING pc=0x00000271ea8c18dc sp=0x000000ebccaf7890
Event: 37.427 Thread 0x00000271ffb7c730 DEOPT UNPACKING pc=0x00000271e2a923a3 sp=0x000000ebccaf7838 mode 2
Event: 37.430 Thread 0x00000271ffb7c730 Uncommon trap: trap_request=0xffffffde fr.pc=0x00000271ea79b3c8 relative=0x0000000000000908
Event: 37.430 Thread 0x00000271ffb7c730 Uncommon trap: reason=class_check action=maybe_recompile pc=0x00000271ea79b3c8 method=jdk.internal.loader.URLClassPath.getLoader(I)Ljdk/internal/loader/URLClassPath$Loader; @ 190 c2
Event: 37.430 Thread 0x00000271ffb7c730 DEOPT PACKING pc=0x00000271ea79b3c8 sp=0x000000ebccaf7b20
Event: 37.430 Thread 0x00000271ffb7c730 DEOPT UNPACKING pc=0x00000271e2a923a3 sp=0x000000ebccaf7ae0 mode 2
Event: 37.430 Thread 0x00000271ffb7c730 Uncommon trap: trap_request=0xffffffde fr.pc=0x00000271ea838e60 relative=0x0000000000003ee0
Event: 37.430 Thread 0x00000271ffb7c730 Uncommon trap: reason=class_check action=maybe_recompile pc=0x00000271ea838e60 method=jdk.internal.loader.URLClassPath.getResource(Ljava/lang/String;Z)Ljdk/internal/loader/Resource; @ 53 c2
Event: 37.430 Thread 0x00000271ffb7c730 DEOPT PACKING pc=0x00000271ea838e60 sp=0x000000ebccaf7bb0
Event: 37.430 Thread 0x00000271ffb7c730 DEOPT UNPACKING pc=0x00000271e2a923a3 sp=0x000000ebccaf79b0 mode 2
Event: 37.434 Thread 0x00000271ffb7c730 Uncommon trap: trap_request=0xffffffde fr.pc=0x00000271ea8c18dc relative=0x00000000000004dc
Event: 37.434 Thread 0x00000271ffb7c730 Uncommon trap: reason=class_check action=maybe_recompile pc=0x00000271ea8c18dc method=jdk.internal.loader.Resource.getBytes()[B @ 10 c2
Event: 37.434 Thread 0x00000271ffb7c730 DEOPT PACKING pc=0x00000271ea8c18dc sp=0x000000ebccaf7890
Event: 37.434 Thread 0x00000271ffb7c730 DEOPT UNPACKING pc=0x00000271e2a923a3 sp=0x000000ebccaf7838 mode 2
Event: 37.440 Thread 0x00000271ffb7c730 Uncommon trap: trap_request=0xffffffde fr.pc=0x00000271ea848f00 relative=0x0000000000003b40
Event: 37.440 Thread 0x00000271ffb7c730 Uncommon trap: reason=class_check action=maybe_recompile pc=0x00000271ea848f00 method=jdk.internal.loader.URLClassPath.getResource(Ljava/lang/String;Z)Ljdk/internal/loader/Resource; @ 53 c2
Event: 37.440 Thread 0x00000271ffb7c730 DEOPT PACKING pc=0x00000271ea848f00 sp=0x000000ebccaf7c60
Event: 37.440 Thread 0x00000271ffb7c730 DEOPT UNPACKING pc=0x00000271e2a923a3 sp=0x000000ebccaf7bb8 mode 2

Classes loaded (20 events):
Event: 33.677 Loading class javax/management/MalformedObjectNameException
Event: 33.677 Loading class javax/management/MalformedObjectNameException done
Event: 33.677 Loading class javax/management/MBeanException
Event: 33.677 Loading class javax/management/MBeanException done
Event: 33.677 Loading class javax/management/AttributeNotFoundException
Event: 33.677 Loading class javax/management/AttributeNotFoundException done
Event: 33.677 Loading class sun/reflect/misc/MethodUtil
Event: 33.678 Loading class sun/reflect/misc/MethodUtil done
Event: 33.678 Loading class sun/reflect/misc/MethodUtil$1
Event: 33.678 Loading class sun/reflect/misc/MethodUtil$1 done
Event: 33.697 Loading class java/lang/Byte$ByteCache
Event: 33.697 Loading class java/lang/Byte$ByteCache done
Event: 33.797 Loading class java/util/regex/Pattern$SliceI
Event: 33.797 Loading class java/util/regex/Pattern$SliceI done
Event: 35.208 Loading class java/util/ArrayList$SubList$1
Event: 35.208 Loading class java/util/ArrayList$SubList$1 done
Event: 37.408 Loading class jdk/internal/loader/URLClassPath$FileLoader
Event: 37.408 Loading class jdk/internal/loader/URLClassPath$FileLoader done
Event: 37.409 Loading class jdk/internal/loader/URLClassPath$FileLoader$1
Event: 37.409 Loading class jdk/internal/loader/URLClassPath$FileLoader$1 done

Classes unloaded (0 events):
No events

Classes redefined (0 events):
No events

Internal exceptions (20 events):
Event: 34.127 Thread 0x00000271ffb7c730 Exception <a 'java/lang/ClassNotFoundException'{0x0000000084d7ea78}: org/gradle/api/plugins/internal/DefaultJavaPluginConventionBeanInfo> (0x0000000084d7ea78) 
thrown [s\open\src\hotspot\share\classfile\systemDictionary.cpp, line 255]
Event: 34.129 Thread 0x00000271ffb7c730 Exception <a 'java/lang/ClassNotFoundException'{0x0000000084d96438}: org/gradle/api/plugins/JavaPluginConventionBeanInfo> (0x0000000084d96438) 
thrown [s\open\src\hotspot\share\classfile\systemDictionary.cpp, line 255]
Event: 34.130 Thread 0x00000271ffb7c730 Exception <a 'java/lang/ClassNotFoundException'{0x0000000084dadb80}: org/gradle/api/plugins/JavaPluginConventionCustomizer> (0x0000000084dadb80) 
thrown [s\open\src\hotspot\share\classfile\systemDictionary.cpp, line 255]
Event: 34.135 Thread 0x00000271ffb7c730 Exception <a 'java/lang/ClassNotFoundException'{0x0000000084dd9418}: org/gradle/api/plugins/internal/DefaultJavaPluginConventionCustomizer> (0x0000000084dd9418) 
thrown [s\open\src\hotspot\share\classfile\systemDictionary.cpp, line 255]
Event: 34.138 Thread 0x00000271ffb7c730 Exception <a 'java/lang/ClassNotFoundException'{0x0000000084c17a50}: org/gradle/api/plugins/internal/DefaultJavaPluginConvention_DecoratedCustomizer> (0x0000000084c17a50) 
thrown [s\open\src\hotspot\share\classfile\systemDictionary.cpp, line 255]
Event: 34.290 Thread 0x00000271ffb7c730 Exception <a 'java/lang/NoSuchMethodError'{0x00000000846c4c60}: 'int java.lang.invoke.DirectMethodHandle$Holder.invokeInterface(java.lang.Object, java.lang.Object, java.lang.Object, java.lang.Object)'> (0x00000000846c4c60) 
thrown [s\open\src\hotspot\share\interpreter\linkResolver.cpp, line 759]
Event: 34.420 Thread 0x00000271ffb7c730 Exception <a 'java/lang/ClassNotFoundException'{0x0000000084159af0}: org/jetbrains/kotlin/gradle/targets/js/npm/DefaultNpmDependencyExtensionBeanInfo> (0x0000000084159af0) 
thrown [s\open\src\hotspot\share\classfile\systemDictionary.cpp, line 255]
Event: 34.421 Thread 0x00000271ffb7c730 Exception <a 'java/lang/ClassNotFoundException'{0x0000000084164b08}: org/jetbrains/kotlin/gradle/targets/js/npm/DefaultNpmDependencyExtensionCustomizer> (0x0000000084164b08) 
thrown [s\open\src\hotspot\share\classfile\systemDictionary.cpp, line 255]
Event: 34.429 Thread 0x00000271ffb7c730 Exception <a 'java/lang/ClassNotFoundException'{0x00000000841dcf98}: org/jetbrains/kotlin/gradle/targets/js/npm/NpmDependencyExtensionKt$defaultNpmDependencyDelegate$1BeanInfo> (0x00000000841dcf98) 
thrown [s\open\src\hotspot\share\classfile\systemDictionary.cpp, line 255]
Event: 34.430 Thread 0x00000271ffb7c730 Exception <a 'java/lang/ClassNotFoundException'{0x00000000841e7ff8}: org/jetbrains/kotlin/gradle/targets/js/npm/NpmDependencyExtensionDelegateBeanInfo> (0x00000000841e7ff8) 
thrown [s\open\src\hotspot\share\classfile\systemDictionary.cpp, line 255]
Event: 34.430 Thread 0x00000271ffb7c730 Exception <a 'java/lang/ClassNotFoundException'{0x00000000841f3020}: org/jetbrains/kotlin/gradle/targets/js/npm/NpmDependencyExtensionDelegateCustomizer> (0x00000000841f3020) 
thrown [s\open\src\hotspot\share\classfile\systemDictionary.cpp, line 255]
Event: 34.432 Thread 0x00000271ffb7c730 Exception <a 'java/lang/ClassNotFoundException'{0x0000000084017098}: org/jetbrains/kotlin/gradle/targets/js/npm/NpmDependencyExtensionKt$defaultNpmDependencyDelegate$1Customizer> (0x0000000084017098) 
thrown [s\open\src\hotspot\share\classfile\systemDictionary.cpp, line 255]
Event: 34.436 Thread 0x00000271ffb7c730 Exception <a 'java/lang/ClassNotFoundException'{0x0000000084052288}: org/jetbrains/kotlin/gradle/targets/js/npm/DefaultDevNpmDependencyExtensionBeanInfo> (0x0000000084052288) 
thrown [s\open\src\hotspot\share\classfile\systemDictionary.cpp, line 255]
Event: 34.436 Thread 0x00000271ffb7c730 Exception <a 'java/lang/ClassNotFoundException'{0x000000008405d2b8}: org/jetbrains/kotlin/gradle/targets/js/npm/DefaultDevNpmDependencyExtensionCustomizer> (0x000000008405d2b8) 
thrown [s\open\src\hotspot\share\classfile\systemDictionary.cpp, line 255]
Event: 34.441 Thread 0x00000271ffb7c730 Exception <a 'java/lang/ClassNotFoundException'{0x000000008409b838}: org/jetbrains/kotlin/gradle/targets/js/npm/DefaultPeerNpmDependencyExtensionBeanInfo> (0x000000008409b838) 
thrown [s\open\src\hotspot\share\classfile\systemDictionary.cpp, line 255]
Event: 34.441 Thread 0x00000271ffb7c730 Exception <a 'java/lang/ClassNotFoundException'{0x00000000840a6878}: org/jetbrains/kotlin/gradle/targets/js/npm/DefaultPeerNpmDependencyExtensionCustomizer> (0x00000000840a6878) 
thrown [s\open\src\hotspot\share\classfile\systemDictionary.cpp, line 255]
Event: 34.444 Thread 0x00000271ffb7c730 Exception <a 'java/lang/ClassNotFoundException'{0x00000000840efdd8}: org/jetbrains/kotlin/gradle/targets/js/npm/DefaultPeerNpmDependencyExtension$delegate$1BeanInfo> (0x00000000840efdd8) 
thrown [s\open\src\hotspot\share\classfile\systemDictionary.cpp, line 255]
Event: 34.444 Thread 0x00000271ffb7c730 Exception <a 'java/lang/ClassNotFoundException'{0x00000000840faec0}: org/jetbrains/kotlin/gradle/targets/js/npm/DefaultPeerNpmDependencyExtension$delegate$1Customizer> (0x00000000840faec0) 
thrown [s\open\src\hotspot\share\classfile\systemDictionary.cpp, line 255]
Event: 37.525 Thread 0x00000271ffb7c730 Exception <a 'java/lang/NoSuchMethodError'{0x0000000088b7f2f8}: 'java.lang.Object java.lang.invoke.DirectMethodHandle$Holder.invokeVirtual(java.lang.Object, java.lang.Object, java.lang.Object, java.lang.Object, java.lang.Object, java.lang.Object, java.lang.Object, java.lang.Object, java.lang.Object, java.lang.Object, java.lang.Object, java.lang.Object, java.lang.Object, java.lang.Object, java.lang.Object, java.lang.Object)'> (0x0000000088b7f2f8) 
thrown [s\open\src\hotspot\share\interpreter\linkResolver.cp
Event: 37.551 Thread 0x00000271ffb7c730 Exception <a 'java/lang/NoSuchMethodError'{0x0000000088a7af90}: 'java.lang.Object java.lang.invoke.DirectMethodHandle$Holder.newInvokeSpecial(java.lang.Object, java.lang.Object, java.lang.Object, java.lang.Object, java.lang.Object, java.lang.Object, java.lang.Object, java.lang.Object, java.lang.Object, java.lang.Object, java.lang.Object, java.lang.Object, java.lang.Object, java.lang.Object, java.lang.Object)'> (0x0000000088a7af90) 
thrown [s\open\src\hotspot\share\interpreter\linkResolver.cpp, line 759]

VM Operations (20 events):
Event: 34.276 Executing VM operation: HandshakeAllThreads
Event: 34.276 Executing VM operation: HandshakeAllThreads done
Event: 34.287 Executing VM operation: HandshakeAllThreads
Event: 34.287 Executing VM operation: HandshakeAllThreads done
Event: 34.497 Executing VM operation: ICBufferFull
Event: 34.498 Executing VM operation: ICBufferFull done
Event: 34.517 Executing VM operation: G1CollectForAllocation
Event: 34.521 Executing VM operation: G1CollectForAllocation done
Event: 35.540 Executing VM operation: Cleanup
Event: 35.540 Executing VM operation: Cleanup done
Event: 35.997 Executing VM operation: G1CollectForAllocation
Event: 36.001 Executing VM operation: G1CollectForAllocation done
Event: 36.028 Executing VM operation: G1Concurrent
Event: 36.032 Executing VM operation: G1Concurrent done
Event: 36.041 Executing VM operation: G1Concurrent
Event: 36.041 Executing VM operation: G1Concurrent done
Event: 37.046 Executing VM operation: Cleanup
Event: 37.046 Executing VM operation: Cleanup done
Event: 37.755 Executing VM operation: HandshakeAllThreads
Event: 37.756 Executing VM operation: HandshakeAllThreads done

Events (20 events):
Event: 33.175 Thread 0x00000271f9f70f60 flushing nmethod 0x00000271e3a84490
Event: 33.175 Thread 0x00000271f9f70f60 flushing nmethod 0x00000271e3a85690
Event: 33.175 Thread 0x00000271f9f70f60 flushing nmethod 0x00000271e3ab8510
Event: 33.175 Thread 0x00000271f9f70f60 flushing nmethod 0x00000271e3ac0d90
Event: 33.175 Thread 0x00000271f9f70f60 flushing nmethod 0x00000271e3ae3590
Event: 33.175 Thread 0x00000271f9f70f60 flushing nmethod 0x00000271e3afd910
Event: 33.175 Thread 0x00000271f9f70f60 flushing nmethod 0x00000271e3afdc90
Event: 33.175 Thread 0x00000271f9f70f60 flushing nmethod 0x00000271e3b2d210
Event: 33.176 Thread 0x00000271f9f70f60 flushing nmethod 0x00000271e3b3ae10
Event: 33.176 Thread 0x00000271f9f70f60 flushing nmethod 0x00000271e3b41b10
Event: 33.176 Thread 0x00000271f9f70f60 flushing nmethod 0x00000271e3b57190
Event: 33.176 Thread 0x00000271f9f70f60 flushing nmethod 0x00000271e3b65a10
Event: 33.176 Thread 0x00000271f9f70f60 flushing nmethod 0x00000271e3b66790
Event: 33.176 Thread 0x00000271f9f70f60 flushing nmethod 0x00000271e3b67210
Event: 33.176 Thread 0x00000271f9f70f60 flushing nmethod 0x00000271e3b67a10
Event: 33.176 Thread 0x00000271f9f70f60 flushing nmethod 0x00000271e3c59690
Event: 33.176 Thread 0x00000271f9f70f60 flushing nmethod 0x00000271e3c5b490
Event: 33.177 Thread 0x00000271f9f70f60 flushing nmethod 0x00000271e3c95b10
Event: 33.177 Thread 0x00000271f9f70f60 flushing nmethod 0x00000271e3d31190
Event: 33.692 Thread 0x00000271feb76ba0 Thread added: 0x00000271feb76ba0


Dynamic libraries:
0x00007ff6112e0000 - 0x00007ff6112f0000 	C:\Program Files\Java\jdk-18.0.2.1\bin\java.exe
0x00007ffb9ddd0000 - 0x00007ffb9dfe7000 	C:\WINDOWS\SYSTEM32\ntdll.dll
0x00007ffb9bbd0000 - 0x00007ffb9bc94000 	C:\WINDOWS\System32\KERNEL32.DLL
0x00007ffb9b770000 - 0x00007ffb9bb16000 	C:\WINDOWS\System32\KERNELBASE.dll
0x00007ffb9b590000 - 0x00007ffb9b6a1000 	C:\WINDOWS\System32\ucrtbase.dll
0x00007ffb96700000 - 0x00007ffb96718000 	C:\Program Files\Java\jdk-18.0.2.1\bin\jli.dll
0x00007ffb9c830000 - 0x00007ffb9c8e1000 	C:\WINDOWS\System32\ADVAPI32.dll
0x00007ffb9d550000 - 0x00007ffb9d5f7000 	C:\WINDOWS\System32\msvcrt.dll
0x00007ffb9bb20000 - 0x00007ffb9bbc5000 	C:\WINDOWS\System32\sechost.dll
0x00007ffb9d380000 - 0x00007ffb9d497000 	C:\WINDOWS\System32\RPCRT4.dll
0x00007ffb9cd40000 - 0x00007ffb9ceee000 	C:\WINDOWS\System32\USER32.dll
0x00007ffb9b250000 - 0x00007ffb9b276000 	C:\WINDOWS\System32\win32u.dll
0x00007ffb96660000 - 0x00007ffb9667a000 	C:\Program Files\Java\jdk-18.0.2.1\bin\VCRUNTIME140.dll
0x00007ffb9be50000 - 0x00007ffb9be79000 	C:\WINDOWS\System32\GDI32.dll
0x00007ffb87f50000 - 0x00007ffb881e3000 	C:\WINDOWS\WinSxS\amd64_microsoft.windows.common-controls_6595b64144ccf1df_6.0.22621.2506_none_270c5ae97388e100\COMCTL32.dll
0x00007ffb9b3f0000 - 0x00007ffb9b508000 	C:\WINDOWS\System32\gdi32full.dll
0x00007ffb9b140000 - 0x00007ffb9b1da000 	C:\WINDOWS\System32\msvcp_win.dll
0x00007ffb91d90000 - 0x00007ffb91d9a000 	C:\WINDOWS\SYSTEM32\VERSION.dll
0x00007ffb9c8f0000 - 0x00007ffb9c921000 	C:\WINDOWS\System32\IMM32.DLL
0x00007ffb96820000 - 0x00007ffb9682c000 	C:\Program Files\Java\jdk-18.0.2.1\bin\vcruntime140_1.dll
0x00007ffb8d810000 - 0x00007ffb8d89d000 	C:\Program Files\Java\jdk-18.0.2.1\bin\msvcp140.dll
0x00007ffb50130000 - 0x00007ffb50d41000 	C:\Program Files\Java\jdk-18.0.2.1\bin\server\jvm.dll
0x00007ffb9c9b0000 - 0x00007ffb9c9b8000 	C:\WINDOWS\System32\PSAPI.DLL
0x00007ffb1ce10000 - 0x00007ffb1ce19000 	C:\WINDOWS\SYSTEM32\WSOCK32.dll
0x00007ffb93940000 - 0x00007ffb93974000 	C:\WINDOWS\SYSTEM32\WINMM.dll
0x00007ffb9bef0000 - 0x00007ffb9bf61000 	C:\WINDOWS\System32\WS2_32.dll
0x00007ffb9a0a0000 - 0x00007ffb9a0b8000 	C:\WINDOWS\SYSTEM32\kernel.appcore.dll
0x00007ffb96790000 - 0x00007ffb9679a000 	C:\Program Files\Java\jdk-18.0.2.1\bin\jimage.dll
0x00007ffb8c330000 - 0x00007ffb8c563000 	C:\WINDOWS\SYSTEM32\DBGHELP.DLL
0x00007ffb9cff0000 - 0x00007ffb9d379000 	C:\WINDOWS\System32\combase.dll
0x00007ffb9db10000 - 0x00007ffb9dbe7000 	C:\WINDOWS\System32\OLEAUT32.dll
0x00007ffb79790000 - 0x00007ffb797c2000 	C:\WINDOWS\SYSTEM32\dbgcore.DLL
0x00007ffb9b510000 - 0x00007ffb9b58a000 	C:\WINDOWS\System32\bcryptPrimitives.dll
0x00007ffb95560000 - 0x00007ffb95585000 	C:\Program Files\Java\jdk-18.0.2.1\bin\java.dll
0x00007ffb89b80000 - 0x00007ffb89c56000 	C:\Program Files\Java\jdk-18.0.2.1\bin\jsvml.dll
0x00007ffb9bf70000 - 0x00007ffb9c7ca000 	C:\WINDOWS\System32\SHELL32.dll
0x00007ffb99010000 - 0x00007ffb99906000 	C:\WINDOWS\SYSTEM32\windows.storage.dll
0x00007ffb98ed0000 - 0x00007ffb9900e000 	C:\WINDOWS\SYSTEM32\wintypes.dll
0x00007ffb9cc10000 - 0x00007ffb9cd03000 	C:\WINDOWS\System32\SHCORE.dll
0x00007ffb9c950000 - 0x00007ffb9c9ae000 	C:\WINDOWS\System32\shlwapi.dll
0x00007ffb9b070000 - 0x00007ffb9b096000 	C:\WINDOWS\SYSTEM32\profapi.dll
0x00007ffb95c40000 - 0x00007ffb95c53000 	C:\Program Files\Java\jdk-18.0.2.1\bin\net.dll
0x00007ffb94760000 - 0x00007ffb94897000 	C:\WINDOWS\SYSTEM32\WINHTTP.dll
0x00007ffb9a570000 - 0x00007ffb9a5d9000 	C:\WINDOWS\system32\mswsock.dll
0x00007ffb934e0000 - 0x00007ffb934f6000 	C:\Program Files\Java\jdk-18.0.2.1\bin\nio.dll
0x00007ffb934c0000 - 0x00007ffb934d8000 	C:\Program Files\Java\jdk-18.0.2.1\bin\zip.dll
0x00007ffb966e0000 - 0x00007ffb966f0000 	C:\Program Files\Java\jdk-18.0.2.1\bin\verify.dll
0x00007ffb93490000 - 0x00007ffb934b7000 	C:\Users\anton\.gradle\native\68d5fa5c4cc2d200863cafc0d521ce42e7d3e7ee720ec0a83991735586a16f82\windows-amd64\native-platform.dll
0x00007ffb899c0000 - 0x00007ffb89b04000 	C:\Users\anton\.gradle\native\e376f236ea51e6404a007f0833ffe2c6e607c4080706a723a18a27aeea778392\windows-amd64\native-platform-file-events.dll
0x00007ffb94c40000 - 0x00007ffb94c49000 	C:\Program Files\Java\jdk-18.0.2.1\bin\management.dll
0x00007ffb93480000 - 0x00007ffb9348b000 	C:\Program Files\Java\jdk-18.0.2.1\bin\management_ext.dll
0x00007ffb9a830000 - 0x00007ffb9a84b000 	C:\WINDOWS\SYSTEM32\CRYPTSP.dll
0x00007ffb9a060000 - 0x00007ffb9a095000 	C:\WINDOWS\system32\rsaenh.dll
0x00007ffb9a680000 - 0x00007ffb9a6ac000 	C:\WINDOWS\SYSTEM32\USERENV.dll
0x00007ffb9aad0000 - 0x00007ffb9aaf8000 	C:\WINDOWS\SYSTEM32\bcrypt.dll
0x00007ffb9a7f0000 - 0x00007ffb9a7fc000 	C:\WINDOWS\SYSTEM32\CRYPTBASE.dll
0x00007ffb99b70000 - 0x00007ffb99b9d000 	C:\WINDOWS\SYSTEM32\IPHLPAPI.DLL
0x00007ffb9cd10000 - 0x00007ffb9cd19000 	C:\WINDOWS\System32\NSI.dll
0x00007ffb94350000 - 0x00007ffb94369000 	C:\WINDOWS\SYSTEM32\dhcpcsvc6.DLL
0x00007ffb94140000 - 0x00007ffb9415f000 	C:\WINDOWS\SYSTEM32\dhcpcsvc.DLL
0x00007ffb99be0000 - 0x00007ffb99cd9000 	C:\WINDOWS\SYSTEM32\DNSAPI.dll

dbghelp: loaded successfully - version: 4.0.5 - missing functions: none
symbol engine: initialized successfully - sym options: 0x614 - pdb path: .;C:\Program Files\Java\jdk-18.0.2.1\bin;C:\WINDOWS\SYSTEM32;C:\WINDOWS\WinSxS\amd64_microsoft.windows.common-controls_6595b64144ccf1df_6.0.22621.2506_none_270c5ae97388e100;C:\Program Files\Java\jdk-18.0.2.1\bin\server;C:\Users\anton\.gradle\native\68d5fa5c4cc2d200863cafc0d521ce42e7d3e7ee720ec0a83991735586a16f82\windows-amd64;C:\Users\anton\.gradle\native\e376f236ea51e6404a007f0833ffe2c6e607c4080706a723a18a27aeea778392\windows-amd64

VM Arguments:
jvm_args: -XX:MaxMetaspaceSize=512m --add-opens=java.base/java.util=ALL-UNNAMED --add-opens=java.base/java.lang=ALL-UNNAMED --add-opens=java.base/java.lang.invoke=ALL-UNNAMED --add-opens=java.prefs/java.util.prefs=ALL-UNNAMED --add-opens=java.base/java.nio.charset=ALL-UNNAMED --add-opens=java.base/java.net=ALL-UNNAMED --add-opens=java.base/java.util.concurrent.atomic=ALL-UNNAMED -Xmx2048m -Dfile.encoding=UTF-8 -Duser.country=RU -Duser.language=ru -Duser.variant 
java_command: org.gradle.launcher.daemon.bootstrap.GradleDaemon 8.0.1
java_class_path (initial): C:\Users\anton\.gradle\wrapper\dists\gradle-8.0.1-all\aro4hu1c3oeioove7l0i4i14o\gradle-8.0.1\lib\gradle-launcher-8.0.1.jar
Launcher Type: SUN_STANDARD

[Global flags]
     intx CICompilerCount                          = 12                                        {product} {ergonomic}
   size_t CompressedClassSpaceSize                 = 432013312                                 {product} {ergonomic}
     uint ConcGCThreads                            = 3                                         {product} {ergonomic}
     uint G1ConcRefinementThreads                  = 13                                        {product} {ergonomic}
   size_t G1HeapRegionSize                         = 1048576                                   {product} {ergonomic}
    uintx GCDrainStackTargetSize                   = 64                                        {product} {ergonomic}
   size_t InitialHeapSize                          = 257949696                                 {product} {ergonomic}
   size_t MarkStackSize                            = 4194304                                   {product} {ergonomic}
   size_t MaxHeapSize                              = 2147483648                                {product} {command line}
   size_t MaxMetaspaceSize                         = 536870912                                 {product} {command line}
   size_t MaxNewSize                               = 1287651328                                {product} {ergonomic}
   size_t MinHeapDeltaBytes                        = 1048576                                   {product} {ergonomic}
   size_t MinHeapSize                              = 8388608                                   {product} {ergonomic}
    uintx NonNMethodCodeHeapSize                   = 7602480                                {pd product} {ergonomic}
    uintx NonProfiledCodeHeapSize                  = 122027880                              {pd product} {ergonomic}
    uintx ProfiledCodeHeapSize                     = 122027880                              {pd product} {ergonomic}
    uintx ReservedCodeCacheSize                    = 251658240                              {pd product} {ergonomic}
     bool SegmentedCodeCache                       = true                                      {product} {ergonomic}
   size_t SoftMaxHeapSize                          = 2147483648                             {manageable} {ergonomic}
     bool UseCompressedClassPointers               = true                           {product lp64_product} {ergonomic}
     bool UseCompressedOops                        = true                           {product lp64_product} {ergonomic}
     bool UseG1GC                                  = true                                      {product} {ergonomic}
     bool UseLargePagesIndividualAllocation        = false                                  {pd product} {ergonomic}

Logging:
Log output configuration:
 #0: stdout all=warning uptime,level,tags foldmultilines=false
 #1: stderr all=off uptime,level,tags foldmultilines=false

Environment Variables:
JAVA_HOME=C:\Program Files\Java\jdk-18.0.2.1
CLASSPATH=D:\projects\booknex-2\apps\mobile\android\\gradle\wrapper\gradle-wrapper.jar
PATH=D:\projects\booknex-2\apps\mobile\node_modules\.bin;D:\projects\booknex-2\apps\mobile\node_modules\.bin;D:\projects\booknex-2\apps\node_modules\.bin;D:\projects\booknex-2\node_modules\.bin;D:\projects\node_modules\.bin;D:\node_modules\.bin;C:\Program Files\nodejs\node_modules\npm\node_modules\@npmcli\run-script\lib\node-gyp-bin;C:\Program Files\Common Files\Oracle\Java\javapath;C:\Program Files (x86)\Common Files\Oracle\Java\javapath;C:\Program Files\Microsoft\jdk-17.0.8.7-hotspot\bin;C:\Python312\Scripts\;C:\Python312\;C:\WINDOWS\system32;C:\WINDOWS;C:\WINDOWS\System32\Wbem;C:\WINDOWS\System32\WindowsPowerShell\v1.0\;C:\WINDOWS\System32\OpenSSH\;C:\Program Files\NVIDIA Corporation\NVIDIA NvDLISR;C:\Program Files\nodejs\;C:\ProgramData\chocolatey\bin;C:\Program Files\Git\cmd;C:\Program Files (x86)\Yarn\bin\;C:\Users\anton\AppData\Local\Android\Sdk\platform-tools;C:\Users\anton\AppData\Local\Android\Sdk\tools;C:\Users\anton\AppData\Local\jdk-11.0.2\bin;C:\Users\anton\AppData\Local\Microsoft\WindowsApps;C:\Users\anton\AppData\Roaming\npm;C:\Users\anton\AppData\Local\GitHubDesktop\bin;C:\Users\anton\AppData\Local\Yarn\bin;D:\WebStorm 2023.3.1\bin;;C:\Users\anton\AppData\Local\Android\Sdk;;D:\projects\booknex-2\node_modules\.bin
USERNAME=anton
OS=Windows_NT
PROCESSOR_IDENTIFIER=AMD64 Family 25 Model 80 Stepping 0, AuthenticAMD



---------------  S Y S T E M  ---------------

OS:
 Windows 11 , 64 bit Build 22621 (10.0.22621.2506)
OS uptime: 0 days 11:51 hours
Hyper-V role detected

CPU: total 16 (initial active 16) (16 cores per cpu, 2 threads per core) family 25 model 80 stepping 0 microcode 0x0, cx8, cmov, fxsr, ht, mmx, 3dnowpref, sse, sse2, sse3, ssse3, sse4a, sse4.1, sse4.2, popcnt, lzcnt, tsc, tscinvbit, avx, avx2, aes, erms, clmul, bmi1, bmi2, adx, sha, fma, vzeroupper, clflush, clflushopt, hv

Memory: 4k page, system-wide physical 15713M (138M free)
TotalPageFile size 28454M (AvailPageFile size 4M)
current process WorkingSet (physical memory assigned to process): 284M, peak: 284M
current process commit charge ("private bytes"): 338M, peak: 443M

vm_info: Java HotSpot(TM) 64-Bit Server VM (18.0.2.1+1-1) for windows-amd64 JRE (18.0.2.1+1-1), built on Aug 16 2022 01:46:33 by "mach5one" with MS VC++ 16.8 / 16.9 (VS2019)

END.
