#
# There is insufficient memory for the Java Runtime Environment to continue.
# Native memory allocation (malloc) failed to allocate 801344 bytes for Chunk::new
# Possible reasons:
#   The system is out of physical RAM or swap space
#   The process is running with CompressedOops enabled, and the Java Heap may be blocking the growth of the native heap
# Possible solutions:
#   Reduce memory load on the system
#   Increase physical memory or swap space
#   Check if swap backing store is full
#   Decrease Java heap size (-Xmx/-Xms)
#   Decrease number of Java threads
#   Decrease Java thread stack sizes (-Xss)
#   Set larger code cache with -XX:ReservedCodeCacheSize=
#   JVM is running with Zero Based Compressed Oops mode in which the Java heap is
#     placed in the first 32GB address space. The Java Heap base address is the
#     maximum limit for the native heap growth. Please use -XX:HeapBaseMinAddress
#     to set the Java Heap base and to place the Java Heap above 32GB virtual address.
# This output file may be truncated or incomplete.
#
#  Out of Memory Error (arena.cpp:184), pid=12532, tid=25964
#
# JRE version: Java(TM) SE Runtime Environment (18.0.2.1+1) (build 18.0.2.1+1-1)
# Java VM: Java HotSpot(TM) 64-Bit Server VM (18.0.2.1+1-1, mixed mode, sharing, tiered, compressed oops, compressed class ptrs, g1 gc, windows-amd64)
# No core dump will be written. Minidumps are not enabled by default on client versions of Windows
#

---------------  S U M M A R Y ------------

Command Line: org.jetbrains.kotlin.cli.jvm.K2JVMCompiler @D:\projects\booknex-2\apps\mobile\node_modules\react-native-gesture-handler\android\build\20231223_494937218994281800.compiler.options

Host: AMD Ryzen 7 5800H with Radeon Graphics         , 16 cores, 15G,  Windows 11 , 64 bit Build 22621 (10.0.22621.2506)
Time: Sat Dec 23 08:39:04 2023  Windows 11 , 64 bit Build 22621 (10.0.22621.2506) elapsed time: 14.472841 seconds (0d 0h 0m 14s)

---------------  T H R E A D  ---------------

Current thread (0x00000225fa72f3b0):  JavaThread "C2 CompilerThread1" daemon [_thread_in_native, id=25964, stack(0x0000003ae7800000,0x0000003ae7900000)]


Current CompileTask:
C2:  14472 13634       4       org.jetbrains.kotlin.types.AbstractTypeChecker::findCorrespondingSupertypes (561 bytes)

Stack: [0x0000003ae7800000,0x0000003ae7900000]
Native frames: (J=compiled Java code, j=interpreted, Vv=VM code, C=native code)
V  [jvm.dll+0x6993aa]
V  [jvm.dll+0x7f46dd]
V  [jvm.dll+0x7f5fee]
V  [jvm.dll+0x7f66a3]
V  [jvm.dll+0x25cf1f]
V  [jvm.dll+0xb8c2f]
V  [jvm.dll+0xb8fa5]
V  [jvm.dll+0x3860cb]
V  [jvm.dll+0x34fe71]
V  [jvm.dll+0x34f30a]
V  [jvm.dll+0x230101]
V  [jvm.dll+0x22f4d1]
V  [jvm.dll+0x1ba01c]
V  [jvm.dll+0x23ee0a]
V  [jvm.dll+0x23d0f5]
V  [jvm.dll+0x7a6dd1]
V  [jvm.dll+0x7a120a]
V  [jvm.dll+0x698255]
C  [ucrtbase.dll+0x29363]
C  [KERNEL32.DLL+0x1257d]
C  [ntdll.dll+0x5aa58]


---------------  P R O C E S S  ---------------

Threads class SMR info:
_java_thread_list=0x00000225f9ecee80, length=17, elements={
0x00000225d2373f70, 0x00000225f5737b90, 0x00000225f57387f0, 0x00000225f57545a0,
0x00000225f5754f40, 0x00000225f57558e0, 0x00000225f5756280, 0x00000225f5759980,
0x00000225f5788ab0, 0x00000225f5794290, 0x00000225f99fad50, 0x00000225f9a0b710,
0x00000225f9a0ec60, 0x00000225f9d926a0, 0x00000225f9cfd8c0, 0x00000225fa72f3b0,
0x00000225faed0ec0
}

Java Threads: ( => current thread )
  0x00000225d2373f70 JavaThread "main" [_thread_in_Java, id=7804, stack(0x0000003ae5900000,0x0000003ae5a00000)]
  0x00000225f5737b90 JavaThread "Reference Handler" daemon [_thread_blocked, id=14224, stack(0x0000003ae6000000,0x0000003ae6100000)]
  0x00000225f57387f0 JavaThread "Finalizer" daemon [_thread_blocked, id=6840, stack(0x0000003ae6100000,0x0000003ae6200000)]
  0x00000225f57545a0 JavaThread "Signal Dispatcher" daemon [_thread_blocked, id=19840, stack(0x0000003ae6200000,0x0000003ae6300000)]
  0x00000225f5754f40 JavaThread "Attach Listener" daemon [_thread_blocked, id=24384, stack(0x0000003ae6300000,0x0000003ae6400000)]
  0x00000225f57558e0 JavaThread "Service Thread" daemon [_thread_blocked, id=25632, stack(0x0000003ae6400000,0x0000003ae6500000)]
  0x00000225f5756280 JavaThread "Monitor Deflation Thread" daemon [_thread_blocked, id=25120, stack(0x0000003ae6500000,0x0000003ae6600000)]
  0x00000225f5759980 JavaThread "C2 CompilerThread0" daemon [_thread_in_native, id=25652, stack(0x0000003ae6600000,0x0000003ae6700000)]
  0x00000225f5788ab0 JavaThread "C1 CompilerThread0" daemon [_thread_blocked, id=16516, stack(0x0000003ae6700000,0x0000003ae6800000)]
  0x00000225f5794290 JavaThread "Sweeper thread" daemon [_thread_blocked, id=6884, stack(0x0000003ae6800000,0x0000003ae6900000)]
  0x00000225f99fad50 JavaThread "C1 CompilerThread1" daemon [_thread_blocked, id=8340, stack(0x0000003ae6900000,0x0000003ae6a00000)]
  0x00000225f9a0b710 JavaThread "Notification Thread" daemon [_thread_blocked, id=16832, stack(0x0000003ae6a00000,0x0000003ae6b00000)]
  0x00000225f9a0ec60 JavaThread "Common-Cleaner" daemon [_thread_blocked, id=19068, stack(0x0000003ae6c00000,0x0000003ae6d00000)]
  0x00000225f9d926a0 JavaThread "C1 CompilerThread2" daemon [_thread_blocked, id=21296, stack(0x0000003ae6e00000,0x0000003ae6f00000)]
  0x00000225f9cfd8c0 JavaThread "C1 CompilerThread3" daemon [_thread_blocked, id=20144, stack(0x0000003ae6f00000,0x0000003ae7000000)]
=>0x00000225fa72f3b0 JavaThread "C2 CompilerThread1" daemon [_thread_in_native, id=25964, stack(0x0000003ae7800000,0x0000003ae7900000)]
  0x00000225faed0ec0 JavaThread "C2 CompilerThread2" daemon [_thread_in_native, id=25732, stack(0x0000003ae7900000,0x0000003ae7a00000)]

Other Threads:
  0x00000225f57323b0 VMThread "VM Thread" [stack: 0x0000003ae5f00000,0x0000003ae6000000] [id=18016]
  0x00000225f9a0e020 WatcherThread "VM Periodic Task Thread" [stack: 0x0000003ae6b00000,0x0000003ae6c00000] [id=27096]
  0x00000225d23e4130 WorkerThread "GC Thread#0" [stack: 0x0000003ae5a00000,0x0000003ae5b00000] [id=1100]
  0x00000225f9da9730 WorkerThread "GC Thread#1" [stack: 0x0000003ae7000000,0x0000003ae7100000] [id=28396]
  0x00000225f9da9f10 WorkerThread "GC Thread#2" [stack: 0x0000003ae7100000,0x0000003ae7200000] [id=14588]
  0x00000225f9da8f50 WorkerThread "GC Thread#3" [stack: 0x0000003ae7200000,0x0000003ae7300000] [id=24268]
  0x00000225f9da8770 WorkerThread "GC Thread#4" [stack: 0x0000003ae7300000,0x0000003ae7400000] [id=26924]
  0x00000225f9da99d0 WorkerThread "GC Thread#5" [stack: 0x0000003ae6d00000,0x0000003ae6e00000] [id=24624]
  0x00000225f9da84d0 WorkerThread "GC Thread#6" [stack: 0x0000003ae7400000,0x0000003ae7500000] [id=24740]
  0x00000225f9da9490 WorkerThread "GC Thread#7" [stack: 0x0000003ae7500000,0x0000003ae7600000] [id=22020]
  0x00000225f9da8a10 WorkerThread "GC Thread#8" [stack: 0x0000003ae7600000,0x0000003ae7700000] [id=2780]
  0x00000225f9da8cb0 WorkerThread "GC Thread#9" [stack: 0x0000003ae7700000,0x0000003ae7800000] [id=4984]
  0x00000225fadb5e60 WorkerThread "GC Thread#10" [stack: 0x0000003ae7a00000,0x0000003ae7b00000] [id=20564]
  0x00000225fadb4180 WorkerThread "GC Thread#11" [stack: 0x0000003ae7b00000,0x0000003ae7c00000] [id=24872]
  0x00000225fadb3700 WorkerThread "GC Thread#12" [stack: 0x0000003ae7c00000,0x0000003ae7d00000] [id=27228]
  0x00000225d23f6500 ConcurrentGCThread "G1 Main Marker" [stack: 0x0000003ae5b00000,0x0000003ae5c00000] [id=18380]
  0x00000225d23f6df0 WorkerThread "G1 Conc#0" [stack: 0x0000003ae5c00000,0x0000003ae5d00000] [id=2424]
  0x00000225fadb39a0 WorkerThread "G1 Conc#1" [stack: 0x0000003ae7d00000,0x0000003ae7e00000] [id=3096]
  0x00000225fadb31c0 WorkerThread "G1 Conc#2" [stack: 0x0000003ae7e00000,0x0000003ae7f00000] [id=25112]
  0x00000225f55eaca0 ConcurrentGCThread "G1 Refine#0" [stack: 0x0000003ae5d00000,0x0000003ae5e00000] [id=5216]
  0x00000225fd2ff110 ConcurrentGCThread "G1 Refine#1" [stack: 0x0000003ae8000000,0x0000003ae8100000] [id=26084]
  0x00000225f55ec4d0 ConcurrentGCThread "G1 Service" [stack: 0x0000003ae5e00000,0x0000003ae5f00000] [id=9636]

Threads with active compile tasks:
C2 CompilerThread0    14489 13626       4       org.jetbrains.kotlin.types.AbstractNullabilityChecker::hasNotNullSupertype (468 bytes)
C2 CompilerThread1    14489 13634       4       org.jetbrains.kotlin.types.AbstractTypeChecker::findCorrespondingSupertypes (561 bytes)
C2 CompilerThread2    14489 13636       4       org.jetbrains.kotlin.types.AbstractTypeChecker::collectAllSupertypesWithGivenTypeConstructor (554 bytes)

VM state: not at safepoint (normal execution)

VM Mutex/Monitor currently owned by a thread: None

Heap address: 0x000000070a600000, size: 3930 MB, Compressed Oops mode: Zero based, Oop shift amount: 3

CDS archive(s) mapped at: [0x0000022580000000-0x0000022580ba0000-0x0000022580ba0000), size 12189696, SharedBaseAddress: 0x0000022580000000, ArchiveRelocationMode: 0.
Compressed class space mapped at: 0x0000022580c00000-0x00000225c0c00000, reserved size: 1073741824
Narrow klass base: 0x0000022580000000, Narrow klass shift: 0, Narrow klass range: 0x100000000

GC Precious Log:
 CardTable entry size: 512
 Card Set container configuration: InlinePtr #cards 4 size 8 Array Of Cards #cards 16 size 48 Howl #buckets 8 coarsen threshold 3686 Howl Bitmap #cards 512 size 80 coarsen threshold 460 Card regions per heap region 1 cards per card region 4096
 CPUs: 16 total, 16 available
 Memory: 15713M
 Large Id Support: Disabled
 NUMA Support: Disabled
 Compressed Oops: Enabled (Zero based)
 Heap Region Size: 2M
 Heap Min Capacity: 8M
 Heap Initial Capacity: 246M
 Heap Max Capacity: 3930M
 Pre-touch: Disabled
 Parallel Workers: 13
 Concurrent Workers: 3
 Concurrent Refinement Workers: 13
 Periodic GC: Disabled

Heap:
 garbage-first heap   total 141312K, used 104792K [0x000000070a600000, 0x0000000800000000)
  region size 2048K, 18 young (36864K), 2 survivors (4096K)
 Metaspace       used 62473K, committed 63360K, reserved 1114112K
  class space    used 7058K, committed 7488K, reserved 1048576K

Heap Regions: E=young(eden), S=young(survivor), O=old, HS=humongous(starts), HC=humongous(continues), CS=collection set, F=free, OA=open archive, CA=closed archive, TAMS=top-at-mark-start (previous, next)
|   0|0x000000070a600000, 0x000000070a800000, 0x000000070a800000|100%|HS|  |TAMS 0x000000070a800000, 0x000000070a600000| Complete
|   1|0x000000070a800000, 0x000000070aa00000, 0x000000070aa00000|100%|HC|  |TAMS 0x000000070aa00000, 0x000000070a800000| Complete
|   2|0x000000070aa00000, 0x000000070ac00000, 0x000000070ac00000|100%| O|  |TAMS 0x000000070ac00000, 0x000000070aa00000| Untracked
|   3|0x000000070ac00000, 0x000000070ae00000, 0x000000070ae00000|100%|HS|  |TAMS 0x000000070ae00000, 0x000000070ac00000| Complete
|   4|0x000000070ae00000, 0x000000070b000000, 0x000000070b000000|100%|HC|  |TAMS 0x000000070b000000, 0x000000070ae00000| Complete
|   5|0x000000070b000000, 0x000000070b200000, 0x000000070b200000|100%|HS|  |TAMS 0x000000070b200000, 0x000000070b000000| Complete
|   6|0x000000070b200000, 0x000000070b400000, 0x000000070b400000|100%| O|  |TAMS 0x000000070b400000, 0x000000070b200000| Untracked
|   7|0x000000070b400000, 0x000000070b600000, 0x000000070b600000|100%| O|  |TAMS 0x000000070b600000, 0x000000070b400000| Untracked
|   8|0x000000070b600000, 0x000000070b800000, 0x000000070b800000|100%| O|  |TAMS 0x000000070b800000, 0x000000070b600000| Untracked
|   9|0x000000070b800000, 0x000000070ba00000, 0x000000070ba00000|100%| O|  |TAMS 0x000000070ba00000, 0x000000070b800000| Untracked
|  10|0x000000070ba00000, 0x000000070bc00000, 0x000000070bc00000|100%| O|  |TAMS 0x000000070bc00000, 0x000000070ba00000| Untracked
|  11|0x000000070bc00000, 0x000000070be00000, 0x000000070be00000|100%| O|  |TAMS 0x000000070be00000, 0x000000070bc00000| Untracked
|  12|0x000000070be00000, 0x000000070c000000, 0x000000070c000000|100%| O|  |TAMS 0x000000070c000000, 0x000000070be00000| Untracked
|  13|0x000000070c000000, 0x000000070c200000, 0x000000070c200000|100%| O|  |TAMS 0x000000070c200000, 0x000000070c000000| Untracked
|  14|0x000000070c200000, 0x000000070c400000, 0x000000070c400000|100%| O|  |TAMS 0x000000070c400000, 0x000000070c200000| Untracked
|  15|0x000000070c400000, 0x000000070c600000, 0x000000070c600000|100%| O|  |TAMS 0x000000070c600000, 0x000000070c400000| Untracked
|  16|0x000000070c600000, 0x000000070c800000, 0x000000070c800000|100%| O|  |TAMS 0x000000070c800000, 0x000000070c600000| Untracked
|  17|0x000000070c800000, 0x000000070ca00000, 0x000000070ca00000|100%| O|  |TAMS 0x000000070ca00000, 0x000000070c800000| Untracked
|  18|0x000000070ca00000, 0x000000070cc00000, 0x000000070cc00000|100%| O|  |TAMS 0x000000070cc00000, 0x000000070ca00000| Untracked
|  19|0x000000070cc00000, 0x000000070ce00000, 0x000000070ce00000|100%| O|  |TAMS 0x000000070ce00000, 0x000000070cc00000| Untracked
|  20|0x000000070ce00000, 0x000000070d000000, 0x000000070d000000|100%| O|  |TAMS 0x000000070d000000, 0x000000070ce00000| Untracked
|  21|0x000000070d000000, 0x000000070d200000, 0x000000070d200000|100%| O|  |TAMS 0x000000070d200000, 0x000000070d000000| Untracked
|  22|0x000000070d200000, 0x000000070d400000, 0x000000070d400000|100%| O|  |TAMS 0x000000070d400000, 0x000000070d200000| Untracked
|  23|0x000000070d400000, 0x000000070d600000, 0x000000070d600000|100%| O|  |TAMS 0x000000070d600000, 0x000000070d400000| Untracked
|  24|0x000000070d600000, 0x000000070d800000, 0x000000070d800000|100%| O|  |TAMS 0x000000070d800000, 0x000000070d600000| Untracked
|  25|0x000000070d800000, 0x000000070da00000, 0x000000070da00000|100%| O|  |TAMS 0x000000070da00000, 0x000000070d800000| Untracked
|  26|0x000000070da00000, 0x000000070dc00000, 0x000000070dc00000|100%| O|  |TAMS 0x000000070dc00000, 0x000000070da00000| Untracked
|  27|0x000000070dc00000, 0x000000070de00000, 0x000000070de00000|100%| O|  |TAMS 0x000000070de00000, 0x000000070dc00000| Untracked
|  28|0x000000070de00000, 0x000000070e000000, 0x000000070e000000|100%| O|  |TAMS 0x000000070e000000, 0x000000070de00000| Untracked
|  29|0x000000070e000000, 0x000000070e200000, 0x000000070e200000|100%|HS|  |TAMS 0x000000070e200000, 0x000000070e000000| Complete
|  30|0x000000070e200000, 0x000000070e400000, 0x000000070e400000|100%| O|  |TAMS 0x000000070e400000, 0x000000070e200000| Untracked
|  31|0x000000070e400000, 0x000000070e600000, 0x000000070e600000|100%| O|  |TAMS 0x000000070e59a600, 0x000000070e400000| Untracked
|  32|0x000000070e600000, 0x000000070e800000, 0x000000070e800000|100%| O|  |TAMS 0x000000070e600000, 0x000000070e600000| Untracked
|  33|0x000000070e800000, 0x000000070ea00000, 0x000000070ea00000|100%| O|  |TAMS 0x000000070e800000, 0x000000070e800000| Untracked
|  34|0x000000070ea00000, 0x000000070ea56000, 0x000000070ec00000| 16%| O|  |TAMS 0x000000070ea00000, 0x000000070ea00000| Untracked
|  35|0x000000070ec00000, 0x000000070ec00000, 0x000000070ee00000|  0%| F|  |TAMS 0x000000070ec00000, 0x000000070ec00000| Untracked
|  36|0x000000070ee00000, 0x000000070ee00000, 0x000000070f000000|  0%| F|  |TAMS 0x000000070ee00000, 0x000000070ee00000| Untracked
|  37|0x000000070f000000, 0x000000070f000000, 0x000000070f200000|  0%| F|  |TAMS 0x000000070f000000, 0x000000070f000000| Untracked
|  38|0x000000070f200000, 0x000000070f200000, 0x000000070f400000|  0%| F|  |TAMS 0x000000070f200000, 0x000000070f200000| Untracked
|  39|0x000000070f400000, 0x000000070f400000, 0x000000070f600000|  0%| F|  |TAMS 0x000000070f400000, 0x000000070f400000| Untracked
|  40|0x000000070f600000, 0x000000070f600000, 0x000000070f800000|  0%| F|  |TAMS 0x000000070f600000, 0x000000070f600000| Untracked
|  41|0x000000070f800000, 0x000000070f800000, 0x000000070fa00000|  0%| F|  |TAMS 0x000000070f800000, 0x000000070f800000| Untracked
|  42|0x000000070fa00000, 0x000000070fa00000, 0x000000070fc00000|  0%| F|  |TAMS 0x000000070fa00000, 0x000000070fa00000| Untracked
|  43|0x000000070fc00000, 0x000000070fc00000, 0x000000070fe00000|  0%| F|  |TAMS 0x000000070fc00000, 0x000000070fc00000| Untracked
|  44|0x000000070fe00000, 0x000000070fe00000, 0x0000000710000000|  0%| F|  |TAMS 0x000000070fe00000, 0x000000070fe00000| Untracked
|  45|0x0000000710000000, 0x0000000710200000, 0x0000000710200000|100%| S|CS|TAMS 0x0000000710000000, 0x0000000710000000| Complete
|  46|0x0000000710200000, 0x0000000710200000, 0x0000000710400000|  0%| F|  |TAMS 0x0000000710200000, 0x0000000710200000| Untracked
|  47|0x0000000710400000, 0x0000000710400000, 0x0000000710600000|  0%| F|  |TAMS 0x0000000710400000, 0x0000000710400000| Untracked
|  48|0x0000000710600000, 0x0000000710800000, 0x0000000710800000|100%| S|CS|TAMS 0x0000000710600000, 0x0000000710600000| Complete
|  49|0x0000000710800000, 0x0000000710800000, 0x0000000710a00000|  0%| F|  |TAMS 0x0000000710800000, 0x0000000710800000| Untracked
|  50|0x0000000710a00000, 0x0000000710a00000, 0x0000000710c00000|  0%| F|  |TAMS 0x0000000710a00000, 0x0000000710a00000| Untracked
|  51|0x0000000710c00000, 0x0000000710c00000, 0x0000000710e00000|  0%| F|  |TAMS 0x0000000710c00000, 0x0000000710c00000| Untracked
|  52|0x0000000710e00000, 0x0000000710e00000, 0x0000000711000000|  0%| F|  |TAMS 0x0000000710e00000, 0x0000000710e00000| Untracked
|  53|0x0000000711000000, 0x00000007110d6558, 0x0000000711200000| 41%| E|  |TAMS 0x0000000711000000, 0x0000000711000000| Complete
|  54|0x0000000711200000, 0x0000000711400000, 0x0000000711400000|100%| E|CS|TAMS 0x0000000711200000, 0x0000000711200000| Complete
|  55|0x0000000711400000, 0x0000000711600000, 0x0000000711600000|100%| E|CS|TAMS 0x0000000711400000, 0x0000000711400000| Complete
|  56|0x0000000711600000, 0x0000000711800000, 0x0000000711800000|100%| E|CS|TAMS 0x0000000711600000, 0x0000000711600000| Complete
|  57|0x0000000711800000, 0x0000000711a00000, 0x0000000711a00000|100%| E|CS|TAMS 0x0000000711800000, 0x0000000711800000| Complete
|  58|0x0000000711a00000, 0x0000000711c00000, 0x0000000711c00000|100%| E|CS|TAMS 0x0000000711a00000, 0x0000000711a00000| Complete
|  59|0x0000000711c00000, 0x0000000711e00000, 0x0000000711e00000|100%| E|CS|TAMS 0x0000000711c00000, 0x0000000711c00000| Complete
|  60|0x0000000711e00000, 0x0000000712000000, 0x0000000712000000|100%| E|CS|TAMS 0x0000000711e00000, 0x0000000711e00000| Complete
|  61|0x0000000712000000, 0x0000000712200000, 0x0000000712200000|100%| E|CS|TAMS 0x0000000712000000, 0x0000000712000000| Complete
|  62|0x0000000712200000, 0x0000000712400000, 0x0000000712400000|100%| E|CS|TAMS 0x0000000712200000, 0x0000000712200000| Complete
| 104|0x0000000717600000, 0x0000000717800000, 0x0000000717800000|100%| E|CS|TAMS 0x0000000717600000, 0x0000000717600000| Complete
| 105|0x0000000717800000, 0x0000000717a00000, 0x0000000717a00000|100%| E|CS|TAMS 0x0000000717800000, 0x0000000717800000| Complete
| 106|0x0000000717a00000, 0x0000000717c00000, 0x0000000717c00000|100%| E|CS|TAMS 0x0000000717a00000, 0x0000000717a00000| Complete
| 107|0x0000000717c00000, 0x0000000717e00000, 0x0000000717e00000|100%| E|CS|TAMS 0x0000000717c00000, 0x0000000717c00000| Complete
| 108|0x0000000717e00000, 0x0000000718000000, 0x0000000718000000|100%| E|CS|TAMS 0x0000000717e00000, 0x0000000717e00000| Complete
| 122|0x0000000719a00000, 0x0000000719c00000, 0x0000000719c00000|100%| E|CS|TAMS 0x0000000719a00000, 0x0000000719a00000| Complete

Card table byte_map: [0x00000225e9cd0000,0x00000225ea480000] _byte_map_base: 0x00000225e647d000

Marking Bits (Prev, Next): (CMBitMap*) 0x00000225d23e6640, (CMBitMap*) 0x00000225d23e6680
 Prev Bits: [0x00000225eac30000, 0x00000225ee998000)
 Next Bits: [0x00000225ee9a0000, 0x00000225f2708000)

Polling page: 0x00000225d1b30000

Metaspace:

Usage:
  Non-class:     54.12 MB used.
      Class:      6.89 MB used.
       Both:     61.01 MB used.

Virtual space:
  Non-class space:       64.00 MB reserved,      54.56 MB ( 85%) committed,  1 nodes.
      Class space:        1.00 GB reserved,       7.31 MB ( <1%) committed,  1 nodes.
             Both:        1.06 GB reserved,      61.88 MB (  6%) committed.

Chunk freelists:
   Non-Class:  703.00 KB
       Class:  542.00 KB
        Both:  1.22 MB

MaxMetaspaceSize: unlimited
CompressedClassSpaceSize: 1.00 GB
Initial GC threshold: 21.00 MB
Current GC threshold: 102.31 MB
CDS: on
MetaspaceReclaimPolicy: balanced
 - commit_granule_bytes: 65536.
 - commit_granule_words: 8192.
 - virtual_space_node_default_size: 8388608.
 - enlarge_chunks_in_place: 1.
 - new_chunks_are_fully_committed: 0.
 - uncommit_free_chunks: 1.
 - use_allocation_guard: 0.


Internal statistics:

num_allocs_failed_limit: 6.
num_arena_births: 1352.
num_arena_deaths: 0.
num_vsnodes_births: 2.
num_vsnodes_deaths: 0.
num_space_committed: 988.
num_space_uncommitted: 0.
num_chunks_returned_to_freelist: 6.
num_chunks_taken_from_freelist: 3823.
num_chunk_merges: 6.
num_chunk_splits: 2808.
num_chunks_enlarged: 2126.
num_inconsistent_stats: 0.

CodeHeap 'non-profiled nmethods': size=119168Kb used=6778Kb max_used=6778Kb free=112389Kb
 bounds [0x00000225e1840000, 0x00000225e1ee0000, 0x00000225e8ca0000]
CodeHeap 'profiled nmethods': size=119104Kb used=32867Kb max_used=33636Kb free=86236Kb
 bounds [0x00000225da3f0000, 0x00000225dc4d0000, 0x00000225e1840000]
CodeHeap 'non-nmethods': size=7488Kb used=3033Kb max_used=3119Kb free=4454Kb
 bounds [0x00000225d9ca0000, 0x00000225d9fb0000, 0x00000225da3f0000]
 total_blobs=11854 nmethods=11204 adapters=556
 compilation: enabled
              stopped_count=0, restarted_count=0
 full_count=0

Compilation events (20 events):
Event: 14.416 Thread 0x00000225fa72f3b0 13634       4       org.jetbrains.kotlin.types.AbstractTypeChecker::findCorrespondingSupertypes (561 bytes)
Event: 14.417 Thread 0x00000225f9cfd8c0 13635       3       org.jetbrains.kotlin.types.AbstractTypeChecker::getTypeParameterForArgumentInBaseIfItEqualToTarget (225 bytes)
Event: 14.417 Thread 0x00000225f9cfd8c0 nmethod 13635 0x00000225dabc8490 code [0x00000225dabc87a0, 0x00000225dabc9de8]
Event: 14.418 Thread 0x00000225faed0ec0 13636       4       org.jetbrains.kotlin.types.AbstractTypeChecker::collectAllSupertypesWithGivenTypeConstructor (554 bytes)
Event: 14.431 Thread 0x00000225f9cfd8c0 13637       3       org.jetbrains.kotlin.resolve.calls.results.FlatSignatureKt::isSignatureNotLessSpecific (150 bytes)
Event: 14.432 Thread 0x00000225f9cfd8c0 nmethod 13637 0x00000225db3ca310 code [0x00000225db3ca7c0, 0x00000225db3cc8c8]
Event: 14.437 Thread 0x00000225f99fad50 13638       3       org.jetbrains.kotlin.com.intellij.model.ModelBranch::getFileBranch (44 bytes)
Event: 14.437 Thread 0x00000225f99fad50 nmethod 13638 0x00000225db0c2110 code [0x00000225db0c2300, 0x00000225db0c2ac8]
Event: 14.458 Thread 0x00000225f99fad50 13642       3       org.jetbrains.kotlin.com.intellij.psi.impl.file.impl.FileManagerImpl::getRawCachedViewProvider (59 bytes)
Event: 14.459 Thread 0x00000225f99fad50 nmethod 13642 0x00000225db2bfa90 code [0x00000225db2bfc80, 0x00000225db2c03e8]
Event: 14.461 Thread 0x00000225f9d926a0 13643       1       org.jetbrains.kotlin.com.intellij.openapi.util.ModificationTracker::lambda$static$0 (2 bytes)
Event: 14.461 Thread 0x00000225f9d926a0 nmethod 13643 0x00000225e1ede610 code [0x00000225e1ede7a0, 0x00000225e1ede858]
Event: 14.462 Thread 0x00000225f5788ab0 13645       3       org.jetbrains.kotlin.resolve.calls.tower.NewCallArgumentsKt::createSimplePSICallArgument (381 bytes)
Event: 14.463 Thread 0x00000225f9d926a0 13646       3       org.jetbrains.kotlin.types.expressions.ExpressionTypingServices::getBlockReturnedType (29 bytes)
Event: 14.464 Thread 0x00000225f9d926a0 nmethod 13646 0x00000225dbd10510 code [0x00000225dbd106c0, 0x00000225dbd108f8]
Event: 14.465 Thread 0x00000225f5788ab0 nmethod 13645 0x00000225db8ad110 code [0x00000225db8ada00, 0x00000225db8b2b58]
Event: 14.466 Thread 0x00000225f99fad50 13647       3       org.jetbrains.kotlin.com.intellij.util.ArrayUtil::toObjectArray (46 bytes)
Event: 14.467 Thread 0x00000225f99fad50 nmethod 13647 0x00000225db3c9810 code [0x00000225db3c9a40, 0x00000225db3ca0f8]
Event: 14.467 Thread 0x00000225f5788ab0 13648       3       java.lang.invoke.LambdaForm$MH/0x000002258133c000::invoke (42 bytes)
Event: 14.469 Thread 0x00000225f5788ab0 nmethod 13648 0x00000225db880b10 code [0x00000225db880d80, 0x00000225db8819b8]

GC Heap History (20 events):
Event: 2.705 GC heap before
{Heap before GC invocations=6 (full 0):
 garbage-first heap   total 75776K, used 52340K [0x000000070a600000, 0x0000000800000000)
  region size 2048K, 15 young (30720K), 1 survivors (2048K)
 Metaspace       used 32895K, committed 33216K, reserved 1114112K
  class space    used 4016K, committed 4160K, reserved 1048576K
}
Event: 2.709 GC heap after
{Heap after GC invocations=7 (full 0):
 garbage-first heap   total 75776K, used 28360K [0x000000070a600000, 0x0000000800000000)
  region size 2048K, 2 young (4096K), 2 survivors (4096K)
 Metaspace       used 32895K, committed 33216K, reserved 1114112K
  class space    used 4016K, committed 4160K, reserved 1048576K
}
Event: 2.971 GC heap before
{Heap before GC invocations=7 (full 0):
 garbage-first heap   total 75776K, used 46792K [0x000000070a600000, 0x0000000800000000)
  region size 2048K, 12 young (24576K), 2 survivors (4096K)
 Metaspace       used 35255K, committed 35968K, reserved 1114112K
  class space    used 4367K, committed 4736K, reserved 1048576K
}
Event: 2.977 GC heap after
{Heap after GC invocations=8 (full 0):
 garbage-first heap   total 75776K, used 29754K [0x000000070a600000, 0x0000000800000000)
  region size 2048K, 1 young (2048K), 1 survivors (2048K)
 Metaspace       used 35255K, committed 35968K, reserved 1114112K
  class space    used 4367K, committed 4736K, reserved 1048576K
}
Event: 4.060 GC heap before
{Heap before GC invocations=9 (full 0):
 garbage-first heap   total 75776K, used 56378K [0x000000070a600000, 0x0000000800000000)
  region size 2048K, 14 young (28672K), 1 survivors (2048K)
 Metaspace       used 40670K, committed 41408K, reserved 1114112K
  class space    used 4963K, committed 5312K, reserved 1048576K
}
Event: 4.068 GC heap after
{Heap after GC invocations=10 (full 0):
 garbage-first heap   total 75776K, used 33360K [0x000000070a600000, 0x0000000800000000)
  region size 2048K, 2 young (4096K), 2 survivors (4096K)
 Metaspace       used 40670K, committed 41408K, reserved 1114112K
  class space    used 4963K, committed 5312K, reserved 1048576K
}
Event: 4.583 GC heap before
{Heap before GC invocations=10 (full 0):
 garbage-first heap   total 75776K, used 53840K [0x000000070a600000, 0x0000000800000000)
  region size 2048K, 13 young (26624K), 2 survivors (4096K)
 Metaspace       used 42707K, committed 43456K, reserved 1114112K
  class space    used 5138K, committed 5504K, reserved 1048576K
}
Event: 4.596 GC heap after
{Heap after GC invocations=11 (full 0):
 garbage-first heap   total 75776K, used 38344K [0x000000070a600000, 0x0000000800000000)
  region size 2048K, 2 young (4096K), 2 survivors (4096K)
 Metaspace       used 42707K, committed 43456K, reserved 1114112K
  class space    used 5138K, committed 5504K, reserved 1048576K
}
Event: 5.080 GC heap before
{Heap before GC invocations=11 (full 0):
 garbage-first heap   total 75776K, used 56776K [0x000000070a600000, 0x0000000800000000)
  region size 2048K, 11 young (22528K), 2 survivors (4096K)
 Metaspace       used 43621K, committed 44352K, reserved 1114112K
  class space    used 5248K, committed 5632K, reserved 1048576K
}
Event: 5.087 GC heap after
{Heap after GC invocations=12 (full 0):
 garbage-first heap   total 141312K, used 38489K [0x000000070a600000, 0x0000000800000000)
  region size 2048K, 1 young (2048K), 1 survivors (2048K)
 Metaspace       used 43621K, committed 44352K, reserved 1114112K
  class space    used 5248K, committed 5632K, reserved 1048576K
}
Event: 7.526 GC heap before
{Heap before GC invocations=13 (full 0):
 garbage-first heap   total 141312K, used 104025K [0x000000070a600000, 0x0000000800000000)
  region size 2048K, 34 young (69632K), 1 survivors (2048K)
 Metaspace       used 53994K, committed 54848K, reserved 1114112K
  class space    used 6419K, committed 6848K, reserved 1048576K
}
Event: 7.543 GC heap after
{Heap after GC invocations=14 (full 0):
 garbage-first heap   total 141312K, used 48386K [0x000000070a600000, 0x0000000800000000)
  region size 2048K, 5 young (10240K), 5 survivors (10240K)
 Metaspace       used 53994K, committed 54848K, reserved 1114112K
  class space    used 6419K, committed 6848K, reserved 1048576K
}
Event: 8.568 GC heap before
{Heap before GC invocations=14 (full 0):
 garbage-first heap   total 141312K, used 101634K [0x000000070a600000, 0x0000000800000000)
  region size 2048K, 31 young (63488K), 5 survivors (10240K)
 Metaspace       used 55305K, committed 56064K, reserved 1114112K
  class space    used 6499K, committed 6912K, reserved 1048576K
}
Event: 8.592 GC heap after
{Heap after GC invocations=15 (full 0):
 garbage-first heap   total 141312K, used 57587K [0x000000070a600000, 0x0000000800000000)
  region size 2048K, 4 young (8192K), 4 survivors (8192K)
 Metaspace       used 55305K, committed 56064K, reserved 1114112K
  class space    used 6499K, committed 6912K, reserved 1048576K
}
Event: 10.275 GC heap before
{Heap before GC invocations=15 (full 0):
 garbage-first heap   total 141312K, used 104691K [0x000000070a600000, 0x0000000800000000)
  region size 2048K, 27 young (55296K), 4 survivors (8192K)
 Metaspace       used 58191K, committed 59008K, reserved 1114112K
  class space    used 6689K, committed 7104K, reserved 1048576K
}
Event: 10.289 GC heap after
{Heap after GC invocations=16 (full 0):
 garbage-first heap   total 141312K, used 63657K [0x000000070a600000, 0x0000000800000000)
  region size 2048K, 3 young (6144K), 3 survivors (6144K)
 Metaspace       used 58191K, committed 59008K, reserved 1114112K
  class space    used 6689K, committed 7104K, reserved 1048576K
}
Event: 12.079 GC heap before
{Heap before GC invocations=16 (full 0):
 garbage-first heap   total 141312K, used 108713K [0x000000070a600000, 0x0000000800000000)
  region size 2048K, 24 young (49152K), 3 survivors (6144K)
 Metaspace       used 61009K, committed 61824K, reserved 1114112K
  class space    used 6918K, committed 7360K, reserved 1048576K
}
Event: 12.092 GC heap after
{Heap after GC invocations=17 (full 0):
 garbage-first heap   total 141312K, used 70268K [0x000000070a600000, 0x0000000800000000)
  region size 2048K, 3 young (6144K), 3 survivors (6144K)
 Metaspace       used 61009K, committed 61824K, reserved 1114112K
  class space    used 6918K, committed 7360K, reserved 1048576K
}
Event: 13.293 GC heap before
{Heap before GC invocations=17 (full 0):
 garbage-first heap   total 141312K, used 109180K [0x000000070a600000, 0x0000000800000000)
  region size 2048K, 23 young (47104K), 3 survivors (6144K)
 Metaspace       used 61984K, committed 62848K, reserved 1114112K
  class space    used 7009K, committed 7424K, reserved 1048576K
}
Event: 13.305 GC heap after
{Heap after GC invocations=18 (full 0):
 garbage-first heap   total 141312K, used 74072K [0x000000070a600000, 0x0000000800000000)
  region size 2048K, 2 young (4096K), 2 survivors (4096K)
 Metaspace       used 61984K, committed 62848K, reserved 1114112K
  class space    used 7009K, committed 7424K, reserved 1048576K
}

Deoptimization events (20 events):
Event: 14.144 Thread 0x00000225d2373f70 Uncommon trap: trap_request=0xffffffde fr.pc=0x00000225e1a4e030 relative=0x0000000000002d90
Event: 14.144 Thread 0x00000225d2373f70 Uncommon trap: reason=class_check action=maybe_recompile pc=0x00000225e1a4e030 method=org.jetbrains.kotlin.types.TypeSubstitutor.substituteTypeArguments(Ljava/util/List;Ljava/util/List;I)Ljava/util/List; @ 135 c2
Event: 14.144 Thread 0x00000225d2373f70 DEOPT PACKING pc=0x00000225e1a4e030 sp=0x0000003ae59f9470
Event: 14.144 Thread 0x00000225d2373f70 DEOPT UNPACKING pc=0x00000225d9cf23a3 sp=0x0000003ae59f9440 mode 2
Event: 14.148 Thread 0x00000225d2373f70 Uncommon trap: trap_request=0xffffffde fr.pc=0x00000225e1a4e030 relative=0x0000000000002d90
Event: 14.148 Thread 0x00000225d2373f70 Uncommon trap: reason=class_check action=maybe_recompile pc=0x00000225e1a4e030 method=org.jetbrains.kotlin.types.TypeSubstitutor.substituteTypeArguments(Ljava/util/List;Ljava/util/List;I)Ljava/util/List; @ 135 c2
Event: 14.148 Thread 0x00000225d2373f70 DEOPT PACKING pc=0x00000225e1a4e030 sp=0x0000003ae59fa4a0
Event: 14.148 Thread 0x00000225d2373f70 DEOPT UNPACKING pc=0x00000225d9cf23a3 sp=0x0000003ae59fa470 mode 2
Event: 14.185 Thread 0x00000225d2373f70 Uncommon trap: trap_request=0xffffffde fr.pc=0x00000225e1e74090 relative=0x0000000000002010
Event: 14.185 Thread 0x00000225d2373f70 Uncommon trap: reason=class_check action=maybe_recompile pc=0x00000225e1e74090 method=org.jetbrains.kotlin.resolve.checkers.OptInUsageChecker$Companion.loadOptIns(Lorg/jetbrains/kotlin/descriptors/DeclarationDescriptor;Lorg/jetbrains/kotlin/resolve/Module
Event: 14.185 Thread 0x00000225d2373f70 DEOPT PACKING pc=0x00000225e1e74090 sp=0x0000003ae59fbd80
Event: 14.185 Thread 0x00000225d2373f70 DEOPT UNPACKING pc=0x00000225d9cf23a3 sp=0x0000003ae59fbce8 mode 2
Event: 14.454 Thread 0x00000225d2373f70 Uncommon trap: trap_request=0xffffffc6 fr.pc=0x00000225e1cfef2c relative=0x000000000000008c
Event: 14.454 Thread 0x00000225d2373f70 Uncommon trap: reason=bimorphic_or_optimized_type_check action=maybe_recompile pc=0x00000225e1cfef2c method=org.jetbrains.kotlin.types.DelegatingSimpleType.getAttributes()Lorg/jetbrains/kotlin/types/TypeAttributes; @ 4 c2
Event: 14.454 Thread 0x00000225d2373f70 DEOPT PACKING pc=0x00000225e1cfef2c sp=0x0000003ae59fa020
Event: 14.454 Thread 0x00000225d2373f70 DEOPT UNPACKING pc=0x00000225d9cf23a3 sp=0x0000003ae59f9fa8 mode 2
Event: 14.454 Thread 0x00000225d2373f70 Uncommon trap: trap_request=0xffffffc6 fr.pc=0x00000225e1cfef2c relative=0x000000000000008c
Event: 14.454 Thread 0x00000225d2373f70 Uncommon trap: reason=bimorphic_or_optimized_type_check action=maybe_recompile pc=0x00000225e1cfef2c method=org.jetbrains.kotlin.types.DelegatingSimpleType.getAttributes()Lorg/jetbrains/kotlin/types/TypeAttributes; @ 4 c2
Event: 14.454 Thread 0x00000225d2373f70 DEOPT PACKING pc=0x00000225e1cfef2c sp=0x0000003ae59fa020
Event: 14.454 Thread 0x00000225d2373f70 DEOPT UNPACKING pc=0x00000225d9cf23a3 sp=0x0000003ae59f9fa8 mode 2

Classes loaded (20 events):
Event: 6.401 Loading class java/util/stream/Nodes$SpinedNodeBuilder
Event: 6.402 Loading class java/util/stream/Node$Builder
Event: 6.402 Loading class java/util/stream/Node$Builder done
Event: 6.402 Loading class java/util/stream/SpinedBuffer
Event: 6.402 Loading class java/util/stream/AbstractSpinedBuffer
Event: 6.402 Loading class java/util/stream/AbstractSpinedBuffer done
Event: 6.402 Loading class java/util/stream/SpinedBuffer done
Event: 6.402 Loading class java/util/stream/Nodes$SpinedNodeBuilder done
Event: 6.460 Loading class java/util/RegularEnumSet$EnumSetIterator
Event: 6.460 Loading class java/util/RegularEnumSet$EnumSetIterator done
Event: 7.225 Loading class java/util/concurrent/locks/AbstractQueuedSynchronizer$Node
Event: 7.225 Loading class java/util/concurrent/locks/AbstractQueuedSynchronizer$Node done
Event: 10.105 Loading class java/lang/Short$ShortCache
Event: 10.105 Loading class java/lang/Short$ShortCache done
Event: 10.764 Loading class jdk/internal/math/FloatingDecimal$ASCIIToBinaryBuffer
Event: 10.765 Loading class jdk/internal/math/FloatingDecimal$ASCIIToBinaryBuffer done
Event: 13.897 Loading class java/util/regex/Pattern$Bound
Event: 13.897 Loading class java/util/regex/Pattern$Bound done
Event: 13.897 Loading class java/util/regex/Pattern$NotBehind
Event: 13.897 Loading class java/util/regex/Pattern$NotBehind done

Classes unloaded (0 events):
No events

Classes redefined (0 events):
No events

Internal exceptions (20 events):
Event: 6.639 Thread 0x00000225d2373f70 Implicit null exception at 0x00000225e1b4c9b8 to 0x00000225e1b4f380
Event: 7.118 Thread 0x00000225d2373f70 Exception <a 'java/lang/NoSuchMethodError'{0x000000070fb2bdd8}: 'java.lang.Object java.lang.invoke.DirectMethodHandle$Holder.invokeSpecial(java.lang.Object, java.lang.Object, java.lang.Object, java.lang.Object, java.lang.Object, java.lang.Object, int)'> (0x000000070fb2bdd8)
thrown [s\open\src\hotspot\share\interpreter\linkResolver.cpp, line 759]
Event: 7.244 Thread 0x00000225d2373f70 Exception <a 'java/lang/NoSuchMethodError'{0x000000070f7c2dc8}: 'int java.lang.invoke.DirectMethodHandle$Holder.invokeStaticInit(java.lang.Object, int)'> (0x000000070f7c2dc8)
thrown [s\open\src\hotspot\share\interpreter\linkResolver.cpp, line 759]
Event: 7.432 Thread 0x00000225d2373f70 Exception <a 'java/lang/NoSuchMethodError'{0x000000070eeb3e08}: 'java.lang.Object java.lang.invoke.DirectMethodHandle$Holder.invokeStatic(java.lang.Object, int, java.lang.Object)'> (0x000000070eeb3e08)
thrown [s\open\src\hotspot\share\interpreter\linkResolver.cpp, line 759]
Event: 7.444 Thread 0x00000225d2373f70 Exception <a 'java/lang/NoSuchMethodError'{0x000000070ef07128}: 'java.lang.Object java.lang.invoke.DirectMethodHandle$Holder.invokeSpecial(java.lang.Object, java.lang.Object, int, java.lang.Object, java.lang.Object)'> (0x000000070ef07128)
thrown [s\open\src\hotspot\share\interpreter\linkResolver.cpp, line 759]
Event: 7.702 Thread 0x00000225d2373f70 Exception <a 'java/lang/NoSuchMethodError'{0x0000000717ac8b70}: 'java.lang.Object java.lang.invoke.DirectMethodHandle$Holder.invokeStatic(java.lang.Object, int, java.lang.Object, java.lang.Object)'> (0x0000000717ac8b70)
thrown [s\open\src\hotspot\share\interpreter\linkResolver.cpp, line 759]
Event: 7.703 Thread 0x00000225d2373f70 Exception <a 'java/lang/NoSuchMethodError'{0x0000000717ad0d58}: 'java.lang.Object java.lang.invoke.DirectMethodHandle$Holder.newInvokeSpecial(java.lang.Object, int, java.lang.Object)'> (0x0000000717ad0d58)
thrown [s\open\src\hotspot\share\interpreter\linkResolver.cpp, line 759]
Event: 7.824 Thread 0x00000225d2373f70 Implicit null exception at 0x00000225e188f5eb to 0x00000225e188f7c8
Event: 7.828 Thread 0x00000225d2373f70 Implicit null exception at 0x00000225e18a258f to 0x00000225e18a2609
Event: 8.888 Thread 0x00000225d2373f70 Exception <a 'java/lang/NoSuchMethodError'{0x0000000717861670}: 'java.lang.Object java.lang.invoke.DirectMethodHandle$Holder.invokeInterface(java.lang.Object, java.lang.Object, java.lang.Object)'> (0x0000000717861670)
thrown [s\open\src\hotspot\share\interpreter\linkResolver.cpp, line 759]
Event: 8.889 Thread 0x00000225d2373f70 Exception <a 'java/lang/IncompatibleClassChangeError'{0x0000000717864fd8}: Found class java.lang.Object, but interface was expected> (0x0000000717864fd8)
thrown [s\open\src\hotspot\share\interpreter\linkResolver.cpp, line 826]
Event: 9.032 Thread 0x00000225d2373f70 Exception <a 'java/lang/NoSuchMethodError'{0x0000000711d07328}: 'java.lang.Object java.lang.invoke.Invokers$Holder.linkToTargetMethod(java.lang.Object, java.lang.Object, java.lang.Object, java.lang.Object, java.lang.Object, java.lang.Object, java.lang.Object)'> (0x0000000711d07328)
thrown [s\open\src\hotspot\share\interpreter\linkResolver.cpp, line 759]
Event: 9.362 Thread 0x00000225d2373f70 Implicit null exception at 0x00000225e1c4d5fc to 0x00000225e1c4df24
Event: 9.739 Thread 0x00000225d2373f70 Implicit null exception at 0x00000225e1c6bff3 to 0x00000225e1c6d3f4
Event: 10.153 Thread 0x00000225d2373f70 Implicit null exception at 0x00000225e1cf1e65 to 0x00000225e1cf46d0
Event: 10.252 Thread 0x00000225d2373f70 Implicit null exception at 0x00000225e1c198dd to 0x00000225e1c1a25c
Event: 11.292 Thread 0x00000225d2373f70 Implicit null exception at 0x00000225e1d858ef to 0x00000225e1d85ab8
Event: 11.862 Thread 0x00000225d2373f70 Exception <a 'java/lang/NoSuchMethodError'{0x0000000710ddba48}: 'void java.lang.invoke.DirectMethodHandle$Holder.invokeStatic(java.lang.Object, java.lang.Object, java.lang.Object)'> (0x0000000710ddba48)
thrown [s\open\src\hotspot\share\interpreter\linkResolver.cpp, line 759]
Event: 12.145 Thread 0x00000225d2373f70 Implicit null exception at 0x00000225e1e19472 to 0x00000225e1e19818
Event: 13.977 Thread 0x00000225d2373f70 Implicit null exception at 0x00000225e1e69f33 to 0x00000225e1e6a094

VM Operations (20 events):
Event: 13.823 Executing VM operation: HandshakeAllThreads
Event: 13.823 Executing VM operation: HandshakeAllThreads done
Event: 13.867 Executing VM operation: HandshakeAllThreads
Event: 13.867 Executing VM operation: HandshakeAllThreads done
Event: 13.928 Executing VM operation: ICBufferFull
Event: 13.929 Executing VM operation: ICBufferFull done
Event: 13.960 Executing VM operation: HandshakeAllThreads
Event: 13.960 Executing VM operation: HandshakeAllThreads done
Event: 13.963 Executing VM operation: HandshakeAllThreads
Event: 13.963 Executing VM operation: HandshakeAllThreads done
Event: 13.963 Executing VM operation: HandshakeAllThreads
Event: 13.963 Executing VM operation: HandshakeAllThreads done
Event: 14.072 Executing VM operation: ICBufferFull
Event: 14.072 Executing VM operation: ICBufferFull done
Event: 14.151 Executing VM operation: HandshakeAllThreads
Event: 14.151 Executing VM operation: HandshakeAllThreads done
Event: 14.178 Executing VM operation: ICBufferFull
Event: 14.179 Executing VM operation: ICBufferFull done
Event: 14.443 Executing VM operation: ICBufferFull
Event: 14.443 Executing VM operation: ICBufferFull done

Events (20 events):
Event: 13.990 Thread 0x00000225f5794290 flushing nmethod 0x00000225dbfa3510
Event: 13.990 Thread 0x00000225f5794290 flushing nmethod 0x00000225dbfa4210
Event: 13.990 Thread 0x00000225f5794290 flushing nmethod 0x00000225dbfcc790
Event: 13.990 Thread 0x00000225f5794290 flushing nmethod 0x00000225dbfeca10
Event: 13.990 Thread 0x00000225f5794290 flushing nmethod 0x00000225dbfee910
Event: 13.990 Thread 0x00000225f5794290 flushing nmethod 0x00000225dbff0c10
Event: 13.990 Thread 0x00000225f5794290 flushing nmethod 0x00000225dc000c10
Event: 13.990 Thread 0x00000225f5794290 flushing nmethod 0x00000225dc025390
Event: 13.990 Thread 0x00000225f5794290 flushing nmethod 0x00000225dc026410
Event: 13.991 Thread 0x00000225f5794290 flushing nmethod 0x00000225dc104d10
Event: 13.991 Thread 0x00000225f5794290 flushing nmethod 0x00000225dc106690
Event: 13.991 Thread 0x00000225f5794290 flushing nmethod 0x00000225dc118f90
Event: 13.991 Thread 0x00000225f5794290 flushing nmethod 0x00000225dc144a10
Event: 13.991 Thread 0x00000225f5794290 flushing nmethod 0x00000225dc1ef910
Event: 13.991 Thread 0x00000225f5794290 flushing nmethod 0x00000225dc213f10
Event: 13.992 Thread 0x00000225f5794290 flushing nmethod 0x00000225dc259510
Event: 13.992 Thread 0x00000225f5794290 flushing nmethod 0x00000225dc26f090
Event: 13.992 Thread 0x00000225f5794290 flushing nmethod 0x00000225dc301e10
Event: 13.993 Thread 0x00000225f5794290 flushing nmethod 0x00000225dc412c90
Event: 13.993 Thread 0x00000225f5794290 flushing nmethod 0x00000225dc488590


Dynamic libraries:
0x00007ff63b2b0000 - 0x00007ff63b2c0000 	C:\Program Files\Java\jdk-18.0.2.1\bin\java.exe
0x00007ff9320d0000 - 0x00007ff9322e7000 	C:\WINDOWS\SYSTEM32\ntdll.dll
0x00007ff930b50000 - 0x00007ff930c14000 	C:\WINDOWS\System32\KERNEL32.DLL
0x00007ff92f440000 - 0x00007ff92f7e6000 	C:\WINDOWS\System32\KERNELBASE.dll
0x00007ff92fc80000 - 0x00007ff92fd91000 	C:\WINDOWS\System32\ucrtbase.dll
0x00007ff903dc0000 - 0x00007ff903dda000 	C:\Program Files\Java\jdk-18.0.2.1\bin\VCRUNTIME140.dll
0x00007ff8fe9d0000 - 0x00007ff8fe9e8000 	C:\Program Files\Java\jdk-18.0.2.1\bin\jli.dll
0x00007ff931fd0000 - 0x00007ff932081000 	C:\WINDOWS\System32\ADVAPI32.dll
0x00007ff931de0000 - 0x00007ff931e87000 	C:\WINDOWS\System32\msvcrt.dll
0x00007ff92fe20000 - 0x00007ff92fec5000 	C:\WINDOWS\System32\sechost.dll
0x00007ff931cc0000 - 0x00007ff931dd7000 	C:\WINDOWS\System32\RPCRT4.dll
0x00007ff931800000 - 0x00007ff9319ae000 	C:\WINDOWS\System32\USER32.dll
0x00007ff92f8b0000 - 0x00007ff92f8d6000 	C:\WINDOWS\System32\win32u.dll
0x00007ff9108a0000 - 0x00007ff910b33000 	C:\WINDOWS\WinSxS\amd64_microsoft.windows.common-controls_6595b64144ccf1df_6.0.22621.2506_none_270c5ae97388e100\COMCTL32.dll
0x00007ff930460000 - 0x00007ff930489000 	C:\WINDOWS\System32\GDI32.dll
0x00007ff92f9f0000 - 0x00007ff92fb08000 	C:\WINDOWS\System32\gdi32full.dll
0x00007ff92f950000 - 0x00007ff92f9ea000 	C:\WINDOWS\System32\msvcp_win.dll
0x00007ff9261c0000 - 0x00007ff9261ca000 	C:\WINDOWS\SYSTEM32\VERSION.dll
0x00007ff931b80000 - 0x00007ff931bb1000 	C:\WINDOWS\System32\IMM32.DLL
0x00007ff9050f0000 - 0x00007ff9050fc000 	C:\Program Files\Java\jdk-18.0.2.1\bin\vcruntime140_1.dll
0x00007ff8e6a90000 - 0x00007ff8e6b1d000 	C:\Program Files\Java\jdk-18.0.2.1\bin\msvcp140.dll
0x00007ff89dd90000 - 0x00007ff89e9a1000 	C:\Program Files\Java\jdk-18.0.2.1\bin\server\jvm.dll
0x00007ff930070000 - 0x00007ff930078000 	C:\WINDOWS\System32\PSAPI.DLL
0x00007ff92ab30000 - 0x00007ff92ab39000 	C:\WINDOWS\SYSTEM32\WSOCK32.dll
0x00007ff930ad0000 - 0x00007ff930b41000 	C:\WINDOWS\System32\WS2_32.dll
0x00007ff927bc0000 - 0x00007ff927bf4000 	C:\WINDOWS\SYSTEM32\WINMM.dll
0x00007ff92e3a0000 - 0x00007ff92e3b8000 	C:\WINDOWS\SYSTEM32\kernel.appcore.dll
0x00007ff904440000 - 0x00007ff90444a000 	C:\Program Files\Java\jdk-18.0.2.1\bin\jimage.dll
0x00007ff9203f0000 - 0x00007ff920623000 	C:\WINDOWS\SYSTEM32\DBGHELP.DLL
0x00007ff9300d0000 - 0x00007ff930459000 	C:\WINDOWS\System32\combase.dll
0x00007ff931a10000 - 0x00007ff931ae7000 	C:\WINDOWS\System32\OLEAUT32.dll
0x00007ff90d070000 - 0x00007ff90d0a2000 	C:\WINDOWS\SYSTEM32\dbgcore.DLL
0x00007ff92fda0000 - 0x00007ff92fe1a000 	C:\WINDOWS\System32\bcryptPrimitives.dll
0x00007ff8fdd00000 - 0x00007ff8fdd25000 	C:\Program Files\Java\jdk-18.0.2.1\bin\java.dll
0x00007ff8dda30000 - 0x00007ff8ddb06000 	C:\Program Files\Java\jdk-18.0.2.1\bin\jsvml.dll
0x00007ff930f80000 - 0x00007ff9317da000 	C:\WINDOWS\System32\SHELL32.dll
0x00007ff92d310000 - 0x00007ff92dc06000 	C:\WINDOWS\SYSTEM32\windows.storage.dll
0x00007ff92d1d0000 - 0x00007ff92d30e000 	C:\WINDOWS\SYSTEM32\wintypes.dll
0x00007ff930e10000 - 0x00007ff930f03000 	C:\WINDOWS\System32\SHCORE.dll
0x00007ff9319b0000 - 0x00007ff931a0e000 	C:\WINDOWS\System32\shlwapi.dll
0x00007ff92f370000 - 0x00007ff92f396000 	C:\WINDOWS\SYSTEM32\profapi.dll
0x00007ff8fe620000 - 0x00007ff8fe633000 	C:\Program Files\Java\jdk-18.0.2.1\bin\net.dll
0x00007ff9284c0000 - 0x00007ff9285f7000 	C:\WINDOWS\SYSTEM32\WINHTTP.dll
0x00007ff92e8e0000 - 0x00007ff92e949000 	C:\WINDOWS\system32\mswsock.dll
0x00007ff8fd860000 - 0x00007ff8fd876000 	C:\Program Files\Java\jdk-18.0.2.1\bin\nio.dll
0x00007ff8fd7d0000 - 0x00007ff8fd7e8000 	C:\Program Files\Java\jdk-18.0.2.1\bin\zip.dll
0x00007ff8fed80000 - 0x00007ff8fed90000 	C:\Program Files\Java\jdk-18.0.2.1\bin\verify.dll

dbghelp: loaded successfully - version: 4.0.5 - missing functions: none
symbol engine: initialized successfully - sym options: 0x614 - pdb path: .;C:\Program Files\Java\jdk-18.0.2.1\bin;C:\WINDOWS\SYSTEM32;C:\WINDOWS\WinSxS\amd64_microsoft.windows.common-controls_6595b64144ccf1df_6.0.22621.2506_none_270c5ae97388e100;C:\Program Files\Java\jdk-18.0.2.1\bin\server

VM Arguments:
java_command: org.jetbrains.kotlin.cli.jvm.K2JVMCompiler @D:\projects\booknex-2\apps\mobile\node_modules\react-native-gesture-handler\android\build\20231223_494937218994281800.compiler.options
java_class_path (initial): C:\Users\anton\.gradle\caches\modules-2\files-2.1\org.jetbrains.kotlin\kotlin-compiler-embeddable\1.8.20\78d9baa57f65babf9e0a93e51f62f26f5f35ac3e\kotlin-compiler-embeddable-1.8.20.jar;C:\Users\anton\.gradle\caches\modules-2\files-2.1\org.jetbrains.kotlin\kotlin-stdlib\1.8.20\e72fc5e03ec6c064c678a6bd0d955c88d55b0c4a\kotlin-stdlib-1.8.20.jar;C:\Users\anton\.gradle\caches\modules-2\files-2.1\org.jetbrains.kotlin\kotlin-script-runtime\1.8.20\c850771e723701f9d63dbcf641429c0f29290074\kotlin-script-runtime-1.8.20.jar;C:\Users\anton\.gradle\caches\modules-2\files-2.1\org.jetbrains.kotlin\kotlin-reflect\1.6.10\1cbe9c92c12a94eea200d23c2bbaedaf3daf5132\kotlin-reflect-1.6.10.jar;C:\Users\anton\.gradle\caches\modules-2\files-2.1\org.jetbrains.kotlin\kotlin-daemon-embeddable\1.8.20\c1b808fbe5fee60bd0504a54778120ef40f383d4\kotlin-daemon-embeddable-1.8.20.jar;C:\Users\anton\.gradle\caches\modules-2\files-2.1\org.jetbrains.intellij.deps\trove4j\1.0.20200330\3afb14d5f9ceb459d724e907a21145e8ff394f02\trove4j-1.0.20200330.jar;C:\Users\anton\.gradle\caches\modules-2\files-2.1\net.java.dev.jna\jna\5.6.0\330f2244e9030119ab3030fc3fededc86713d9cc\jna-5.6.0.jar;C:\Users\anton\.gradle\caches\modules-2\files-2.1\org.jetbrains.kotlin\kotlin-stdlib-common\1.8.20\5eddaaf234c8c49d03eebeb6a14feb7f90faca71\kotlin-stdlib-common-1.8.20.jar;C:\Users\anton\.gradle\caches\modules-2\files-2.1\org.jetbrains\annotations\13.0\919f0dfe192fb4e063e7dacadee7f8bb9a2672a9\annotations-13.0.jar
Launcher Type: SUN_STANDARD

[Global flags]
     intx CICompilerCount                          = 12                                        {product} {ergonomic}
     uint ConcGCThreads                            = 3                                         {product} {ergonomic}
     uint G1ConcRefinementThreads                  = 13                                        {product} {ergonomic}
   size_t G1HeapRegionSize                         = 2097152                                   {product} {ergonomic}
    uintx GCDrainStackTargetSize                   = 64                                        {product} {ergonomic}
   size_t InitialHeapSize                          = 257949696                                 {product} {ergonomic}
   size_t MarkStackSize                            = 4194304                                   {product} {ergonomic}
   size_t MaxHeapSize                              = 4120903680                                {product} {ergonomic}
   size_t MaxNewSize                               = 2472542208                                {product} {ergonomic}
   size_t MinHeapDeltaBytes                        = 2097152                                   {product} {ergonomic}
   size_t MinHeapSize                              = 8388608                                   {product} {ergonomic}
    uintx NonNMethodCodeHeapSize                   = 7602480                                {pd product} {ergonomic}
    uintx NonProfiledCodeHeapSize                  = 122027880                              {pd product} {ergonomic}
    uintx ProfiledCodeHeapSize                     = 122027880                              {pd product} {ergonomic}
    uintx ReservedCodeCacheSize                    = 251658240                              {pd product} {ergonomic}
     bool SegmentedCodeCache                       = true                                      {product} {ergonomic}
   size_t SoftMaxHeapSize                          = 4120903680                             {manageable} {ergonomic}
     bool UseCompressedClassPointers               = true                           {product lp64_product} {ergonomic}
     bool UseCompressedOops                        = true                           {product lp64_product} {ergonomic}
     bool UseG1GC                                  = true                                      {product} {ergonomic}
     bool UseLargePagesIndividualAllocation        = false                                  {pd product} {ergonomic}

Logging:
Log output configuration:
 #0: stdout all=warning uptime,level,tags foldmultilines=false
 #1: stderr all=off uptime,level,tags foldmultilines=false

Environment Variables:
JAVA_HOME=C:\Program Files\Java\jdk-18.0.2.1
CLASSPATH=D:\projects\booknex-2\apps\mobile\android\\gradle\wrapper\gradle-wrapper.jar
PATH=D:\projects\booknex-2\apps\mobile\node_modules\.bin;D:\projects\booknex-2\apps\mobile\node_modules\.bin;D:\projects\booknex-2\apps\node_modules\.bin;D:\projects\booknex-2\node_modules\.bin;D:\projects\node_modules\.bin;D:\node_modules\.bin;C:\Program Files\nodejs\node_modules\npm\node_modules\@npmcli\run-script\lib\node-gyp-bin;C:\Program Files\Common Files\Oracle\Java\javapath;C:\Program Files (x86)\Common Files\Oracle\Java\javapath;C:\Program Files\Microsoft\jdk-17.0.8.7-hotspot\bin;C:\Python312\Scripts\;C:\Python312\;C:\WINDOWS\system32;C:\WINDOWS;C:\WINDOWS\System32\Wbem;C:\WINDOWS\System32\WindowsPowerShell\v1.0\;C:\WINDOWS\System32\OpenSSH\;C:\Program Files\NVIDIA Corporation\NVIDIA NvDLISR;C:\Program Files\nodejs\;C:\ProgramData\chocolatey\bin;C:\Program Files\Git\cmd;C:\Program Files (x86)\Yarn\bin\;C:\Users\anton\AppData\Local\Android\Sdk\platform-tools;C:\Users\anton\AppData\Local\Android\Sdk\tools;C:\Users\anton\AppData\Local\jdk-11.0.2\bin;C:\Users\anton\AppData\Local\Microsoft\WindowsApps;C:\Users\anton\AppData\Roaming\npm;C:\Users\anton\AppData\Local\GitHubDesktop\bin;C:\Users\anton\AppData\Local\Yarn\bin;D:\WebStorm 2023.3.1\bin;;C:\Users\anton\AppData\Local\Android\Sdk;;D:\projects\booknex-2\node_modules\.bin
USERNAME=anton
OS=Windows_NT
PROCESSOR_IDENTIFIER=AMD64 Family 25 Model 80 Stepping 0, AuthenticAMD



---------------  S Y S T E M  ---------------

OS:
 Windows 11 , 64 bit Build 22621 (10.0.22621.2506)
OS uptime: 1 days 0:19 hours
Hyper-V role detected

CPU: total 16 (initial active 16) (16 cores per cpu, 2 threads per core) family 25 model 80 stepping 0 microcode 0x0, cx8, cmov, fxsr, ht, mmx, 3dnowpref, sse, sse2, sse3, ssse3, sse4a, sse4.1, sse4.2, popcnt, lzcnt, tsc, tscinvbit, avx, avx2, aes, erms, clmul, bmi1, bmi2, adx, sha, fma, vzeroupper, clflush, clflushopt, hv

Memory: 4k page, system-wide physical 15713M (459M free)
TotalPageFile size 28454M (AvailPageFile size 2M)
current process WorkingSet (physical memory assigned to process): 358M, peak: 364M
current process commit charge ("private bytes"): 410M, peak: 417M

vm_info: Java HotSpot(TM) 64-Bit Server VM (18.0.2.1+1-1) for windows-amd64 JRE (18.0.2.1+1-1), built on Aug 16 2022 01:46:33 by "mach5one" with MS VC++ 16.8 / 16.9 (VS2019)

END.
