#
# There is insufficient memory for the Java Runtime Environment to continue.
# Native memory allocation (mmap) failed to map 67108864 bytes for G1 virtual space
# Possible reasons:
#   The system is out of physical RAM or swap space
#   The process is running with CompressedOops enabled, and the Java Heap may be blocking the growth of the native heap
# Possible solutions:
#   Reduce memory load on the system
#   Increase physical memory or swap space
#   Check if swap backing store is full
#   Decrease Java heap size (-Xmx/-Xms)
#   Decrease number of Java threads
#   Decrease Java thread stack sizes (-Xss)
#   Set larger code cache with -XX:ReservedCodeCacheSize=
#   JVM is running with Unscaled Compressed Oops mode in which the Java heap is
#     placed in the first 4GB address space. The Java Heap base address is the
#     maximum limit for the native heap growth. Please use -XX:HeapBaseMinAddress
#     to set the Java Heap base and to place the Java Heap above 4GB virtual address.
# This output file may be truncated or incomplete.
#
#  Out of Memory Error (os_windows.cpp:3613), pid=23252, tid=21528
#
# JRE version:  (17.0.10+7) (build )
# Java VM: OpenJDK 64-Bit Server VM (17.0.10+7-LTS, mixed mode, sharing, tiered, compressed oops, compressed class ptrs, g1 gc, windows-amd64)
# No core dump will be written. Minidumps are not enabled by default on client versions of Windows
#

---------------  S U M M A R Y ------------

Command Line: -Xmx64m -Xms64m -Dorg.gradle.appname=gradlew org.gradle.wrapper.GradleWrapperMain tasks

Host: AMD Ryzen 7 5800H with Radeon Graphics         , 16 cores, 15G,  Windows 11 , 64 bit Build 22621 (10.0.22621.3672)
Time: Sat Jul 20 17:58:21 2024  Windows 11 , 64 bit Build 22621 (10.0.22621.3672) elapsed time: 0.010875 seconds (0d 0h 0m 0s)

---------------  T H R E A D  ---------------

Current thread (0x000001e88670d2d0):  JavaThread "Unknown thread" [_thread_in_vm, id=21528, stack(0x00000086a8600000,0x00000086a8700000)]

Stack: [0x00000086a8600000,0x00000086a8700000]
Native frames: (J=compiled Java code, j=interpreted, Vv=VM code, C=native code)
V  [jvm.dll+0x67f829]
V  [jvm.dll+0x83750a]
V  [jvm.dll+0x838fce]
V  [jvm.dll+0x839633]
V  [jvm.dll+0x247cbf]
V  [jvm.dll+0x67c669]
V  [jvm.dll+0x6710da]
V  [jvm.dll+0x309b8b]
V  [jvm.dll+0x311036]
V  [jvm.dll+0x360d5e]
V  [jvm.dll+0x360f8f]
V  [jvm.dll+0x2e0798]
V  [jvm.dll+0x2e1704]
V  [jvm.dll+0x808d91]
V  [jvm.dll+0x36ec11]
V  [jvm.dll+0x7e7826]
V  [jvm.dll+0x3f245f]
V  [jvm.dll+0x3f4091]
C  [jli.dll+0x528f]
C  [ucrtbase.dll+0x29333]
C  [KERNEL32.DLL+0x1257d]
C  [ntdll.dll+0x5af28]


---------------  P R O C E S S  ---------------

Threads class SMR info:
_java_thread_list=0x00007ffb8bca1ed8, length=0, elements={
}

Java Threads: ( => current thread )

Other Threads:
  0x000001e88672e260 GCTaskThread "GC Thread#0" [stack: 0x00000086a8700000,0x00000086a8800000] [id=4656]
  0x000001e88672f9b0 ConcurrentGCThread "G1 Main Marker" [stack: 0x00000086a8800000,0x00000086a8900000] [id=15568]
  0x000001e8867303d0 ConcurrentGCThread "G1 Conc#0" [stack: 0x00000086a8900000,0x00000086a8a00000] [id=29600]

[error occurred during error reporting (printing all threads), id 0xc0000005, EXCEPTION_ACCESS_VIOLATION (0xc0000005) at pc=0x00007ffb8b4611d7]

VM state: not at safepoint (not fully initialized)

VM Mutex/Monitor currently owned by a thread:  ([mutex/lock_event])
[0x000001e886708520] Heap_lock - owner thread: 0x000001e88670d2d0

Heap address: 0x00000000fc000000, size: 64 MB, Compressed Oops mode: 32-bit

CDS archive(s) mapped at: [0x0000000000000000-0x0000000000000000-0x0000000000000000), size 0, SharedBaseAddress: 0x0000000800000000, ArchiveRelocationMode: 1.
Narrow klass base: 0x0000000000000000, Narrow klass shift: 0, Narrow klass range: 0x0

GC Precious Log:
<Empty>

Heap:
 garbage-first heap   total 0K, used 0K [0x00000000fc000000, 0x0000000100000000)
  region size 1024K, 0 young (0K), 0 survivors (0K)

[error occurred during error reporting (printing heap information), id 0xc0000005, EXCEPTION_ACCESS_VIOLATION (0xc0000005) at pc=0x00007ffb8b849869]

GC Heap History (0 events):
No events

Dll operation events (1 events):
Event: 0.006 Loaded shared library C:\Program Files\Microsoft\jdk-17.0.10.7-hotspot\bin\java.dll

Deoptimization events (0 events):
No events

Classes unloaded (0 events):
No events

Classes redefined (0 events):
No events

Internal exceptions (0 events):
No events

VM Operations (0 events):
No events

Events (0 events):
No events


Dynamic libraries:
0x00007ff7be6f0000 - 0x00007ff7be6fe000 	C:\Program Files\Microsoft\jdk-17.0.10.7-hotspot\bin\java.exe
0x00007ffc208b0000 - 0x00007ffc20ac7000 	C:\WINDOWS\SYSTEM32\ntdll.dll
0x00007ffc1fe70000 - 0x00007ffc1ff34000 	C:\WINDOWS\System32\KERNEL32.DLL
0x00007ffc1e240000 - 0x00007ffc1e5ed000 	C:\WINDOWS\System32\KERNELBASE.dll
0x00007ffc1ddb0000 - 0x00007ffc1dec1000 	C:\WINDOWS\System32\ucrtbase.dll
0x00007ffc0e550000 - 0x00007ffc0e567000 	C:\Program Files\Microsoft\jdk-17.0.10.7-hotspot\bin\jli.dll
0x00007ffc0e680000 - 0x00007ffc0e69b000 	C:\Program Files\Microsoft\jdk-17.0.10.7-hotspot\bin\VCRUNTIME140.dll
0x00007ffc1e750000 - 0x00007ffc1e8fe000 	C:\WINDOWS\System32\USER32.dll
0x00007ffc1e210000 - 0x00007ffc1e236000 	C:\WINDOWS\System32\win32u.dll
0x00007ffc0f7d0000 - 0x00007ffc0fa63000 	C:\WINDOWS\WinSxS\amd64_microsoft.windows.common-controls_6595b64144ccf1df_6.0.22621.3672_none_2713b9d173822955\COMCTL32.dll
0x00007ffc20730000 - 0x00007ffc20759000 	C:\WINDOWS\System32\GDI32.dll
0x00007ffc20760000 - 0x00007ffc20807000 	C:\WINDOWS\System32\msvcrt.dll
0x00007ffc1dc60000 - 0x00007ffc1dd79000 	C:\WINDOWS\System32\gdi32full.dll
0x00007ffc1ded0000 - 0x00007ffc1df6a000 	C:\WINDOWS\System32\msvcp_win.dll
0x00007ffc206c0000 - 0x00007ffc206f1000 	C:\WINDOWS\System32\IMM32.DLL
0x00007ffc0e670000 - 0x00007ffc0e67c000 	C:\Program Files\Microsoft\jdk-17.0.10.7-hotspot\bin\vcruntime140_1.dll
0x00007ffbdb2e0000 - 0x00007ffbdb36d000 	C:\Program Files\Microsoft\jdk-17.0.10.7-hotspot\bin\msvcp140.dll
0x00007ffb8b170000 - 0x00007ffb8bdd5000 	C:\Program Files\Microsoft\jdk-17.0.10.7-hotspot\bin\server\jvm.dll
0x00007ffc20600000 - 0x00007ffc206b2000 	C:\WINDOWS\System32\ADVAPI32.dll
0x00007ffc1f4a0000 - 0x00007ffc1f549000 	C:\WINDOWS\System32\sechost.dll
0x00007ffc1dd80000 - 0x00007ffc1dda8000 	C:\WINDOWS\System32\bcrypt.dll
0x00007ffc20140000 - 0x00007ffc20254000 	C:\WINDOWS\System32\RPCRT4.dll
0x00007ffc18550000 - 0x00007ffc18584000 	C:\WINDOWS\SYSTEM32\WINMM.dll
0x00007ffc18650000 - 0x00007ffc18659000 	C:\WINDOWS\SYSTEM32\WSOCK32.dll
0x00007ffc1d2d0000 - 0x00007ffc1d31d000 	C:\WINDOWS\SYSTEM32\POWRPROF.dll
0x00007ffc1ef10000 - 0x00007ffc1ef81000 	C:\WINDOWS\System32\WS2_32.dll
0x00007ffc16c40000 - 0x00007ffc16c4a000 	C:\WINDOWS\SYSTEM32\VERSION.dll
0x00007ffc1d150000 - 0x00007ffc1d163000 	C:\WINDOWS\SYSTEM32\UMPDC.dll
0x00007ffc1cbd0000 - 0x00007ffc1cbe8000 	C:\WINDOWS\SYSTEM32\kernel.appcore.dll
0x00007ffc0e5f0000 - 0x00007ffc0e5fa000 	C:\Program Files\Microsoft\jdk-17.0.10.7-hotspot\bin\jimage.dll
0x00007ffc141b0000 - 0x00007ffc143e2000 	C:\WINDOWS\SYSTEM32\DBGHELP.DLL
0x00007ffc1e920000 - 0x00007ffc1eca8000 	C:\WINDOWS\System32\combase.dll
0x00007ffc20520000 - 0x00007ffc205f7000 	C:\WINDOWS\System32\OLEAUT32.dll
0x00007ffbf9880000 - 0x00007ffbf98b2000 	C:\WINDOWS\SYSTEM32\dbgcore.DLL
0x00007ffc1dbe0000 - 0x00007ffc1dc5b000 	C:\WINDOWS\System32\bcryptPrimitives.dll
0x00007ffc07420000 - 0x00007ffc07445000 	C:\Program Files\Microsoft\jdk-17.0.10.7-hotspot\bin\java.dll

dbghelp: loaded successfully - version: 4.0.5 - missing functions: none
symbol engine: initialized successfully - sym options: 0x614 - pdb path: .;C:\Program Files\Microsoft\jdk-17.0.10.7-hotspot\bin;C:\WINDOWS\SYSTEM32;C:\WINDOWS\WinSxS\amd64_microsoft.windows.common-controls_6595b64144ccf1df_6.0.22621.3672_none_2713b9d173822955;C:\Program Files\Microsoft\jdk-17.0.10.7-hotspot\bin\server

VM Arguments:
jvm_args: -Xmx64m -Xms64m -Dorg.gradle.appname=gradlew 
java_command: org.gradle.wrapper.GradleWrapperMain tasks
java_class_path (initial): D:\projects\booknex-2\apps\mobile\android\\gradle\wrapper\gradle-wrapper.jar
Launcher Type: SUN_STANDARD

[Global flags]
     intx CICompilerCount                          = 12                                        {product} {ergonomic}
     uint ConcGCThreads                            = 3                                         {product} {ergonomic}
     uint G1ConcRefinementThreads                  = 13                                        {product} {ergonomic}
   size_t G1HeapRegionSize                         = 1048576                                   {product} {ergonomic}
    uintx GCDrainStackTargetSize                   = 64                                        {product} {ergonomic}
   size_t InitialHeapSize                          = 67108864                                  {product} {command line}
   size_t MarkStackSize                            = 4194304                                   {product} {ergonomic}
   size_t MaxHeapSize                              = 67108864                                  {product} {command line}
   size_t MinHeapDeltaBytes                        = 1048576                                   {product} {ergonomic}
   size_t MinHeapSize                              = 67108864                                  {product} {command line}
    uintx NonNMethodCodeHeapSize                   = 7602480                                {pd product} {ergonomic}
    uintx NonProfiledCodeHeapSize                  = 122027880                              {pd product} {ergonomic}
    uintx ProfiledCodeHeapSize                     = 122027880                              {pd product} {ergonomic}
    uintx ReservedCodeCacheSize                    = 251658240                              {pd product} {ergonomic}
     bool SegmentedCodeCache                       = true                                      {product} {ergonomic}
   size_t SoftMaxHeapSize                          = 67108864                               {manageable} {ergonomic}
     bool UseCompressedClassPointers               = true                           {product lp64_product} {ergonomic}
     bool UseCompressedOops                        = true                           {product lp64_product} {ergonomic}
     bool UseG1GC                                  = true                                      {product} {ergonomic}
     bool UseLargePagesIndividualAllocation        = false                                  {pd product} {ergonomic}

Logging:
Log output configuration:
 #0: stdout all=warning uptime,level,tags
 #1: stderr all=off uptime,level,tags

Environment Variables:
JAVA_HOME=C:\Program Files\Microsoft\jdk-17.0.10.7-hotspot\
CLASSPATH=D:\projects\booknex-2\apps\mobile\android\\gradle\wrapper\gradle-wrapper.jar
PATH=D:\projects\booknex-2\apps\mobile\node_modules\.bin;D:\projects\booknex-2\apps\node_modules\.bin;D:\projects\booknex-2\node_modules\.bin;D:\projects\node_modules\.bin;D:\node_modules\.bin;C:\Program Files\nodejs\node_modules\npm\node_modules\@npmcli\run-script\lib\node-gyp-bin;C:\Python312\Scripts\;C:\Python312\;C:\Program Files\Microsoft\jdk-17.0.10.7-hotspot\bin;C:\WINDOWS\system32;C:\WINDOWS;C:\WINDOWS\System32\Wbem;C:\WINDOWS\System32\WindowsPowerShell\v1.0\;C:\WINDOWS\System32\OpenSSH\;C:\ProgramData\chocolatey\bin;C:\Program Files\nodejs\;C:\Program Files\Docker\Docker\resources\bin;D:\Docker\Docker\resources\bin;C:\Program Files (x86)\Yarn\bin\;C:\Program Files\Git\cmd;C:\Program Files\dotnet\;C:\Users\anton\AppData\Local\Android\Sdk\platform-tools;C:\Users\anton\AppData\Local\Android\Sdk\tools;C:\Users\anton\AppData\Local\Microsoft\WindowsApps;D:\WebStorm 2024.1.1\bin;C:\Users\anton\AppData\Roaming\npm;C:\Users\anton\.bun\bin;D:\projects\old\Microsoft VS Code\bin;C:\Users\anton\AppData\Local\Yarn\bin;C:\Users\anton\AppData\Local\JetBrains\Toolbox\scripts;;C:\Program Files\JetBrains\WebStorm 2024.1.2\bin;;D:\projects\booknex-2\node_modules\.bin
USERNAME=anton
OS=Windows_NT
PROCESSOR_IDENTIFIER=AMD64 Family 25 Model 80 Stepping 0, AuthenticAMD
TMP=C:\Users\anton\AppData\Local\Temp
TEMP=C:\Users\anton\AppData\Local\Temp



Periodic native trim disabled


---------------  S Y S T E M  ---------------

OS:
 Windows 11 , 64 bit Build 22621 (10.0.22621.3672)
OS uptime: 2 days 21:38 hours
Hyper-V role detected

CPU: total 16 (initial active 16) (16 cores per cpu, 2 threads per core) family 25 model 80 stepping 0 microcode 0x0, cx8, cmov, fxsr, ht, mmx, 3dnowpref, sse, sse2, sse3, ssse3, sse4a, sse4.1, sse4.2, popcnt, lzcnt, tsc, tscinvbit, avx, avx2, aes, erms, clmul, bmi1, bmi2, adx, sha, fma, vzeroupper, clflush, clflushopt, hv
Processor Information for all 16 processors :
  Max Mhz: 3201, Current Mhz: 3201, Mhz Limit: 3201

Memory: 4k page, system-wide physical 15713M (1384M free)
TotalPageFile size 28454M (AvailPageFile size 16M)
current process WorkingSet (physical memory assigned to process): 11M, peak: 11M
current process commit charge ("private bytes"): 69M, peak: 133M

vm_info: OpenJDK 64-Bit Server VM (17.0.10+7-LTS) for windows-amd64 JRE (17.0.10+7-LTS), built on Jan 10 2024 19:47:12 by "MicrosoftCorporation" with MS VC++ 16.10 / 16.11 (VS2019)

END.
