#
# There is insufficient memory for the Java Runtime Environment to continue.
# Native memory allocation (malloc) failed to allocate 247824 bytes for Chunk::new
# Possible reasons:
#   The system is out of physical RAM or swap space
#   The process is running with CompressedOops enabled, and the Java Heap may be blocking the growth of the native heap
# Possible solutions:
#   Reduce memory load on the system
#   Increase physical memory or swap space
#   Check if swap backing store is full
#   Decrease Java heap size (-Xmx/-Xms)
#   Decrease number of Java threads
#   Decrease Java thread stack sizes (-Xss)
#   Set larger code cache with -XX:ReservedCodeCacheSize=
#   JVM is running with Unscaled Compressed Oops mode in which the Java heap is
#     placed in the first 4GB address space. The Java Heap base address is the
#     maximum limit for the native heap growth. Please use -XX:HeapBaseMinAddress
#     to set the Java Heap base and to place the Java Heap above 4GB virtual address.
# This output file may be truncated or incomplete.
#
#  Out of Memory Error (arena.cpp:191), pid=24844, tid=17540
#
# JRE version: OpenJDK Runtime Environment Microsoft-8902769 (17.0.10+7) (build 17.0.10+7-LTS)
# Java VM: OpenJDK 64-Bit Server VM Microsoft-8902769 (17.0.10+7-LTS, mixed mode, sharing, tiered, compressed oops, compressed class ptrs, g1 gc, windows-amd64)
# No core dump will be written. Minidumps are not enabled by default on client versions of Windows
#

---------------  S U M M A R Y ------------

Command Line: -Xmx64m -Xms64m -Dorg.gradle.appname=gradlew org.gradle.wrapper.GradleWrapperMain app:installDebug -PreactNativeDevServerPort=8081

Host: AMD Ryzen 7 5800H with Radeon Graphics         , 16 cores, 15G,  Windows 11 , 64 bit Build 22621 (10.0.22621.3235)
Time: Tue Mar 19 15:02:27 2024  Windows 11 , 64 bit Build 22621 (10.0.22621.3235) elapsed time: 18.646334 seconds (0d 0h 0m 18s)

---------------  T H R E A D  ---------------

Current thread (0x000001e0cb3dd530):  JavaThread "C2 CompilerThread0" daemon [_thread_in_native, id=17540, stack(0x00000008b1000000,0x00000008b1100000)]


Current CompileTask:
C2:  18646 1593 % !   4       java.io.BufferedReader::readLine @ 139 (327 bytes)

Stack: [0x00000008b1000000,0x00000008b1100000]
Native frames: (J=compiled Java code, j=interpreted, Vv=VM code, C=native code)
V  [jvm.dll+0x67f829]
V  [jvm.dll+0x83750a]
V  [jvm.dll+0x838fce]
V  [jvm.dll+0x839633]
V  [jvm.dll+0x247cbf]
V  [jvm.dll+0xac524]
V  [jvm.dll+0xacb6c]
V  [jvm.dll+0x368cf7]
V  [jvm.dll+0x33311a]
V  [jvm.dll+0x3325ba]
V  [jvm.dll+0x21a401]
V  [jvm.dll+0x219821]
V  [jvm.dll+0x1a5176]
V  [jvm.dll+0x22957e]
V  [jvm.dll+0x22774c]
V  [jvm.dll+0x7ec5d7]
V  [jvm.dll+0x7e69da]
V  [jvm.dll+0x67e715]
C  [ucrtbase.dll+0x29363]
C  [KERNEL32.DLL+0x1257d]
C  [ntdll.dll+0x5aa58]


---------------  P R O C E S S  ---------------

Threads class SMR info:
_java_thread_list=0x000001e111902700, length=17, elements={
0x000001e0aef4e150, 0x000001e0cb3bca70, 0x000001e0cb3be7a0, 0x000001e0cb3d4dd0,
0x000001e0cb3d5990, 0x000001e0cb3d6550, 0x000001e0cb3d9740, 0x000001e0cb3dd530,
0x000001e0cb3eb400, 0x000001e0cb3ed520, 0x000001e0cb649820, 0x000001e0cb64c590,
0x000001e11184a090, 0x000001e111b6d090, 0x000001e111ab4f40, 0x000001e1119038b0,
0x000001e111145a40
}

Java Threads: ( => current thread )
  0x000001e0aef4e150 JavaThread "main" [_thread_in_vm, id=21068, stack(0x00000008b0300000,0x00000008b0400000)]
  0x000001e0cb3bca70 JavaThread "Reference Handler" daemon [_thread_blocked, id=25164, stack(0x00000008b0a00000,0x00000008b0b00000)]
  0x000001e0cb3be7a0 JavaThread "Finalizer" daemon [_thread_blocked, id=18444, stack(0x00000008b0b00000,0x00000008b0c00000)]
  0x000001e0cb3d4dd0 JavaThread "Signal Dispatcher" daemon [_thread_blocked, id=18008, stack(0x00000008b0c00000,0x00000008b0d00000)]
  0x000001e0cb3d5990 JavaThread "Attach Listener" daemon [_thread_blocked, id=9540, stack(0x00000008b0d00000,0x00000008b0e00000)]
  0x000001e0cb3d6550 JavaThread "Service Thread" daemon [_thread_blocked, id=25224, stack(0x00000008b0e00000,0x00000008b0f00000)]
  0x000001e0cb3d9740 JavaThread "Monitor Deflation Thread" daemon [_thread_blocked, id=20816, stack(0x00000008b0f00000,0x00000008b1000000)]
=>0x000001e0cb3dd530 JavaThread "C2 CompilerThread0" daemon [_thread_in_native, id=17540, stack(0x00000008b1000000,0x00000008b1100000)]
  0x000001e0cb3eb400 JavaThread "C1 CompilerThread0" daemon [_thread_in_native, id=13436, stack(0x00000008b1100000,0x00000008b1200000)]
  0x000001e0cb3ed520 JavaThread "Sweeper thread" daemon [_thread_blocked, id=19792, stack(0x00000008b1200000,0x00000008b1300000)]
  0x000001e0cb649820 JavaThread "Notification Thread" daemon [_thread_blocked, id=19216, stack(0x00000008b1500000,0x00000008b1600000)]
  0x000001e0cb64c590 JavaThread "Common-Cleaner" daemon [_thread_blocked, id=6648, stack(0x00000008b1700000,0x00000008b1800000)]
  0x000001e11184a090 JavaThread "pool-1-thread-1" [_thread_in_Java, id=6272, stack(0x00000008b1e00000,0x00000008b1f00000)]
  0x000001e111b6d090 JavaThread "DisconnectableInputStream source reader" daemon [_thread_in_native, id=21688, stack(0x00000008b2000000,0x00000008b2100000)]
  0x000001e111ab4f40 JavaThread "C1 CompilerThread1" daemon [_thread_in_native, id=8644, stack(0x00000008b1300000,0x00000008b1400000)]
  0x000001e1119038b0 JavaThread "C2 CompilerThread1" daemon [_thread_in_native, id=18752, stack(0x00000008b1400000,0x00000008b1500000)]
  0x000001e111145a40 JavaThread "C2 CompilerThread2" daemon [_thread_new, id=5880, stack(0x0000000000000000,0x0000000000000000)]

Other Threads:
  0x000001e0cb3b8a60 VMThread "VM Thread" [stack: 0x00000008b0900000,0x00000008b0a00000] [id=20920]
  0x000001e0cb48ecb0 WatcherThread [stack: 0x00000008b1600000,0x00000008b1700000] [id=21136]
  0x000001e0aef6ee20 GCTaskThread "GC Thread#0" [stack: 0x00000008b0400000,0x00000008b0500000] [id=8352]
  0x000001e111671fd0 GCTaskThread "GC Thread#1" [stack: 0x00000008b1a00000,0x00000008b1b00000] [id=10564]
  0x000001e111b70d10 GCTaskThread "GC Thread#2" [stack: 0x00000008b1b00000,0x00000008b1c00000] [id=7444]
  0x000001e1110b5580 GCTaskThread "GC Thread#3" [stack: 0x00000008b1c00000,0x00000008b1d00000] [id=25232]
  0x000001e111a5cc90 GCTaskThread "GC Thread#4" [stack: 0x00000008b1d00000,0x00000008b1e00000] [id=3328]
  0x000001e0aef73380 ConcurrentGCThread "G1 Main Marker" [stack: 0x00000008b0500000,0x00000008b0600000] [id=13888]
  0x000001e0aef74540 ConcurrentGCThread "G1 Conc#0" [stack: 0x00000008b0600000,0x00000008b0700000] [id=20576]
  0x000001e0aefe83c0 ConcurrentGCThread "G1 Refine#0" [stack: 0x00000008b0700000,0x00000008b0800000] [id=10616]
  0x000001e0aefe8df0 ConcurrentGCThread "G1 Service" [stack: 0x00000008b0800000,0x00000008b0900000] [id=21036]

Threads with active compile tasks:
C2 CompilerThread0    18660 1593 % !   4       java.io.BufferedReader::readLine @ 139 (327 bytes)
C1 CompilerThread1    18660 1638       3       org.gradle.internal.logging.console.StyledTextOutputBackedRenderer::onOutput (260 bytes)
C2 CompilerThread1    18660 1618   !   4       java.util.concurrent.ConcurrentHashMap::transfer (849 bytes)

VM state: not at safepoint (normal execution)

VM Mutex/Monitor currently owned by a thread: None

Heap address: 0x00000000fc000000, size: 64 MB, Compressed Oops mode: 32-bit

CDS archive(s) mapped at: [0x000001e0cc000000-0x000001e0ccbb0000-0x000001e0ccbb0000), size 12255232, SharedBaseAddress: 0x000001e0cc000000, ArchiveRelocationMode: 1.
Compressed class space mapped at: 0x000001e0cd000000-0x000001e10d000000, reserved size: 1073741824
Narrow klass base: 0x000001e0cc000000, Narrow klass shift: 0, Narrow klass range: 0x100000000

GC Precious Log:
 CPUs: 16 total, 16 available
 Memory: 15713M
 Large Page Support: Disabled
 NUMA Support: Disabled
 Compressed Oops: Enabled (32-bit)
 Heap Region Size: 1M
 Heap Min Capacity: 64M
 Heap Initial Capacity: 64M
 Heap Max Capacity: 64M
 Pre-touch: Disabled
 Parallel Workers: 13
 Concurrent Workers: 3
 Concurrent Refinement Workers: 13
 Periodic GC: Disabled

Heap:
 garbage-first heap   total 65536K, used 26576K [0x00000000fc000000, 0x0000000100000000)
  region size 1024K, 20 young (20480K), 3 survivors (3072K)
 Metaspace       used 8620K, committed 8832K, reserved 1114112K
  class space    used 1144K, committed 1280K, reserved 1048576K

Heap Regions: E=young(eden), S=young(survivor), O=old, HS=humongous(starts), HC=humongous(continues), CS=collection set, F=free, OA=open archive, CA=closed archive, TAMS=top-at-mark-start (previous, next)
|   0|0x00000000fc000000, 0x00000000fc100000, 0x00000000fc100000|100%|HS|  |TAMS 0x00000000fc000000, 0x00000000fc000000| Complete 
|   1|0x00000000fc100000, 0x00000000fc200000, 0x00000000fc200000|100%|HC|  |TAMS 0x00000000fc100000, 0x00000000fc100000| Complete 
|   2|0x00000000fc200000, 0x00000000fc300000, 0x00000000fc300000|100%|HC|  |TAMS 0x00000000fc200000, 0x00000000fc200000| Complete 
|   3|0x00000000fc300000, 0x00000000fc400000, 0x00000000fc400000|100%|HC|  |TAMS 0x00000000fc300000, 0x00000000fc300000| Complete 
|   4|0x00000000fc400000, 0x00000000fc500000, 0x00000000fc500000|100%| O|  |TAMS 0x00000000fc400000, 0x00000000fc400000| Untracked 
|   5|0x00000000fc500000, 0x00000000fc600000, 0x00000000fc600000|100%| O|  |TAMS 0x00000000fc500000, 0x00000000fc500000| Untracked 
|   6|0x00000000fc600000, 0x00000000fc6f4200, 0x00000000fc700000| 95%| O|  |TAMS 0x00000000fc600000, 0x00000000fc600000| Untracked 
|   7|0x00000000fc700000, 0x00000000fc700000, 0x00000000fc800000|  0%| F|  |TAMS 0x00000000fc700000, 0x00000000fc700000| Untracked 
|   8|0x00000000fc800000, 0x00000000fc800000, 0x00000000fc900000|  0%| F|  |TAMS 0x00000000fc800000, 0x00000000fc800000| Untracked 
|   9|0x00000000fc900000, 0x00000000fc900000, 0x00000000fca00000|  0%| F|  |TAMS 0x00000000fc900000, 0x00000000fc900000| Untracked 
|  10|0x00000000fca00000, 0x00000000fca00000, 0x00000000fcb00000|  0%| F|  |TAMS 0x00000000fca00000, 0x00000000fca00000| Untracked 
|  11|0x00000000fcb00000, 0x00000000fcb00000, 0x00000000fcc00000|  0%| F|  |TAMS 0x00000000fcb00000, 0x00000000fcb00000| Untracked 
|  12|0x00000000fcc00000, 0x00000000fcc00000, 0x00000000fcd00000|  0%| F|  |TAMS 0x00000000fcc00000, 0x00000000fcc00000| Untracked 
|  13|0x00000000fcd00000, 0x00000000fcd00000, 0x00000000fce00000|  0%| F|  |TAMS 0x00000000fcd00000, 0x00000000fcd00000| Untracked 
|  14|0x00000000fce00000, 0x00000000fce00000, 0x00000000fcf00000|  0%| F|  |TAMS 0x00000000fce00000, 0x00000000fce00000| Untracked 
|  15|0x00000000fcf00000, 0x00000000fcf00000, 0x00000000fd000000|  0%| F|  |TAMS 0x00000000fcf00000, 0x00000000fcf00000| Untracked 
|  16|0x00000000fd000000, 0x00000000fd000000, 0x00000000fd100000|  0%| F|  |TAMS 0x00000000fd000000, 0x00000000fd000000| Untracked 
|  17|0x00000000fd100000, 0x00000000fd100000, 0x00000000fd200000|  0%| F|  |TAMS 0x00000000fd100000, 0x00000000fd100000| Untracked 
|  18|0x00000000fd200000, 0x00000000fd200000, 0x00000000fd300000|  0%| F|  |TAMS 0x00000000fd200000, 0x00000000fd200000| Untracked 
|  19|0x00000000fd300000, 0x00000000fd300000, 0x00000000fd400000|  0%| F|  |TAMS 0x00000000fd300000, 0x00000000fd300000| Untracked 
|  20|0x00000000fd400000, 0x00000000fd400000, 0x00000000fd500000|  0%| F|  |TAMS 0x00000000fd400000, 0x00000000fd400000| Untracked 
|  21|0x00000000fd500000, 0x00000000fd500000, 0x00000000fd600000|  0%| F|  |TAMS 0x00000000fd500000, 0x00000000fd500000| Untracked 
|  22|0x00000000fd600000, 0x00000000fd600000, 0x00000000fd700000|  0%| F|  |TAMS 0x00000000fd600000, 0x00000000fd600000| Untracked 
|  23|0x00000000fd700000, 0x00000000fd700000, 0x00000000fd800000|  0%| F|  |TAMS 0x00000000fd700000, 0x00000000fd700000| Untracked 
|  24|0x00000000fd800000, 0x00000000fd800000, 0x00000000fd900000|  0%| F|  |TAMS 0x00000000fd800000, 0x00000000fd800000| Untracked 
|  25|0x00000000fd900000, 0x00000000fd900000, 0x00000000fda00000|  0%| F|  |TAMS 0x00000000fd900000, 0x00000000fd900000| Untracked 
|  26|0x00000000fda00000, 0x00000000fda00000, 0x00000000fdb00000|  0%| F|  |TAMS 0x00000000fda00000, 0x00000000fda00000| Untracked 
|  27|0x00000000fdb00000, 0x00000000fdb00000, 0x00000000fdc00000|  0%| F|  |TAMS 0x00000000fdb00000, 0x00000000fdb00000| Untracked 
|  28|0x00000000fdc00000, 0x00000000fdc00000, 0x00000000fdd00000|  0%| F|  |TAMS 0x00000000fdc00000, 0x00000000fdc00000| Untracked 
|  29|0x00000000fdd00000, 0x00000000fdd00000, 0x00000000fde00000|  0%| F|  |TAMS 0x00000000fdd00000, 0x00000000fdd00000| Untracked 
|  30|0x00000000fde00000, 0x00000000fde00000, 0x00000000fdf00000|  0%| F|  |TAMS 0x00000000fde00000, 0x00000000fde00000| Untracked 
|  31|0x00000000fdf00000, 0x00000000fdf00000, 0x00000000fe000000|  0%| F|  |TAMS 0x00000000fdf00000, 0x00000000fdf00000| Untracked 
|  32|0x00000000fe000000, 0x00000000fe000000, 0x00000000fe100000|  0%| F|  |TAMS 0x00000000fe000000, 0x00000000fe000000| Untracked 
|  33|0x00000000fe100000, 0x00000000fe100000, 0x00000000fe200000|  0%| F|  |TAMS 0x00000000fe100000, 0x00000000fe100000| Untracked 
|  34|0x00000000fe200000, 0x00000000fe200000, 0x00000000fe300000|  0%| F|  |TAMS 0x00000000fe200000, 0x00000000fe200000| Untracked 
|  35|0x00000000fe300000, 0x00000000fe300000, 0x00000000fe400000|  0%| F|  |TAMS 0x00000000fe300000, 0x00000000fe300000| Untracked 
|  36|0x00000000fe400000, 0x00000000fe400000, 0x00000000fe500000|  0%| F|  |TAMS 0x00000000fe400000, 0x00000000fe400000| Untracked 
|  37|0x00000000fe500000, 0x00000000fe500000, 0x00000000fe600000|  0%| F|  |TAMS 0x00000000fe500000, 0x00000000fe500000| Untracked 
|  38|0x00000000fe600000, 0x00000000fe700000, 0x00000000fe700000|100%| S|CS|TAMS 0x00000000fe600000, 0x00000000fe600000| Complete 
|  39|0x00000000fe700000, 0x00000000fe800000, 0x00000000fe800000|100%| S|CS|TAMS 0x00000000fe700000, 0x00000000fe700000| Complete 
|  40|0x00000000fe800000, 0x00000000fe900000, 0x00000000fe900000|100%| S|CS|TAMS 0x00000000fe800000, 0x00000000fe800000| Complete 
|  41|0x00000000fe900000, 0x00000000fe900000, 0x00000000fea00000|  0%| F|  |TAMS 0x00000000fe900000, 0x00000000fe900000| Untracked 
|  42|0x00000000fea00000, 0x00000000fea00000, 0x00000000feb00000|  0%| F|  |TAMS 0x00000000fea00000, 0x00000000fea00000| Untracked 
|  43|0x00000000feb00000, 0x00000000feb00000, 0x00000000fec00000|  0%| F|  |TAMS 0x00000000feb00000, 0x00000000feb00000| Untracked 
|  44|0x00000000fec00000, 0x00000000fec00000, 0x00000000fed00000|  0%| F|  |TAMS 0x00000000fec00000, 0x00000000fec00000| Untracked 
|  45|0x00000000fed00000, 0x00000000fed00000, 0x00000000fee00000|  0%| F|  |TAMS 0x00000000fed00000, 0x00000000fed00000| Untracked 
|  46|0x00000000fee00000, 0x00000000fee00000, 0x00000000fef00000|  0%| F|  |TAMS 0x00000000fee00000, 0x00000000fee00000| Untracked 
|  47|0x00000000fef00000, 0x00000000fefe29b0, 0x00000000ff000000| 88%| E|  |TAMS 0x00000000fef00000, 0x00000000fef00000| Complete 
|  48|0x00000000ff000000, 0x00000000ff100000, 0x00000000ff100000|100%| E|CS|TAMS 0x00000000ff000000, 0x00000000ff000000| Complete 
|  49|0x00000000ff100000, 0x00000000ff200000, 0x00000000ff200000|100%| E|CS|TAMS 0x00000000ff100000, 0x00000000ff100000| Complete 
|  50|0x00000000ff200000, 0x00000000ff300000, 0x00000000ff300000|100%| E|CS|TAMS 0x00000000ff200000, 0x00000000ff200000| Complete 
|  51|0x00000000ff300000, 0x00000000ff400000, 0x00000000ff400000|100%| E|CS|TAMS 0x00000000ff300000, 0x00000000ff300000| Complete 
|  52|0x00000000ff400000, 0x00000000ff500000, 0x00000000ff500000|100%| E|CS|TAMS 0x00000000ff400000, 0x00000000ff400000| Complete 
|  53|0x00000000ff500000, 0x00000000ff600000, 0x00000000ff600000|100%| E|CS|TAMS 0x00000000ff500000, 0x00000000ff500000| Complete 
|  54|0x00000000ff600000, 0x00000000ff700000, 0x00000000ff700000|100%| E|CS|TAMS 0x00000000ff600000, 0x00000000ff600000| Complete 
|  55|0x00000000ff700000, 0x00000000ff800000, 0x00000000ff800000|100%| E|CS|TAMS 0x00000000ff700000, 0x00000000ff700000| Complete 
|  56|0x00000000ff800000, 0x00000000ff900000, 0x00000000ff900000|100%| E|CS|TAMS 0x00000000ff800000, 0x00000000ff800000| Complete 
|  57|0x00000000ff900000, 0x00000000ffa00000, 0x00000000ffa00000|100%| E|CS|TAMS 0x00000000ff900000, 0x00000000ff900000| Complete 
|  58|0x00000000ffa00000, 0x00000000ffb00000, 0x00000000ffb00000|100%| E|CS|TAMS 0x00000000ffa00000, 0x00000000ffa00000| Complete 
|  59|0x00000000ffb00000, 0x00000000ffc00000, 0x00000000ffc00000|100%| E|CS|TAMS 0x00000000ffb00000, 0x00000000ffb00000| Complete 
|  60|0x00000000ffc00000, 0x00000000ffd00000, 0x00000000ffd00000|100%| E|CS|TAMS 0x00000000ffc00000, 0x00000000ffc00000| Complete 
|  61|0x00000000ffd00000, 0x00000000ffe00000, 0x00000000ffe00000|100%| E|CS|TAMS 0x00000000ffd00000, 0x00000000ffd00000| Complete 
|  62|0x00000000ffe00000, 0x00000000fff00000, 0x00000000fff00000|100%| E|CS|TAMS 0x00000000ffe00000, 0x00000000ffe00000| Complete 
|  63|0x00000000fff00000, 0x0000000100000000, 0x0000000100000000|100%| E|CS|TAMS 0x00000000fff00000, 0x00000000fff00000| Complete 

Card table byte_map: [0x000001e0c8230000,0x000001e0c8250000] _byte_map_base: 0x000001e0c7a50000

Marking Bits (Prev, Next): (CMBitMap*) 0x000001e0aef6f440, (CMBitMap*) 0x000001e0aef6f480
 Prev Bits: [0x000001e0c8270000, 0x000001e0c8370000)
 Next Bits: [0x000001e0c8370000, 0x000001e0c8470000)

Polling page: 0x000001e0af000000

Metaspace:

Usage:
  Non-class:      7.30 MB used.
      Class:      1.12 MB used.
       Both:      8.42 MB used.

Virtual space:
  Non-class space:       64.00 MB reserved,       7.38 MB ( 12%) committed,  1 nodes.
      Class space:        1.00 GB reserved,       1.25 MB ( <1%) committed,  1 nodes.
             Both:        1.06 GB reserved,       8.62 MB ( <1%) committed. 

Chunk freelists:
   Non-Class:  8.38 MB
       Class:  14.67 MB
        Both:  23.05 MB

MaxMetaspaceSize: unlimited
CompressedClassSpaceSize: 1.00 GB
Initial GC threshold: 21.00 MB
Current GC threshold: 21.00 MB
CDS: on
MetaspaceReclaimPolicy: balanced
 - commit_granule_bytes: 65536.
 - commit_granule_words: 8192.
 - virtual_space_node_default_size: 8388608.
 - enlarge_chunks_in_place: 1.
 - new_chunks_are_fully_committed: 0.
 - uncommit_free_chunks: 1.
 - use_allocation_guard: 0.
 - handle_deallocations: 1.


Internal statistics:

num_allocs_failed_limit: 0.
num_arena_births: 80.
num_arena_deaths: 0.
num_vsnodes_births: 2.
num_vsnodes_deaths: 0.
num_space_committed: 138.
num_space_uncommitted: 0.
num_chunks_returned_to_freelist: 0.
num_chunks_taken_from_freelist: 305.
num_chunk_merges: 0.
num_chunk_splits: 198.
num_chunks_enlarged: 163.
num_inconsistent_stats: 0.

CodeHeap 'non-profiled nmethods': size=119168Kb used=579Kb max_used=579Kb free=118588Kb
 bounds [0x000001e0bfdf0000, 0x000001e0c0060000, 0x000001e0c7250000]
CodeHeap 'profiled nmethods': size=119104Kb used=3105Kb max_used=3105Kb free=115998Kb
 bounds [0x000001e0b8250000, 0x000001e0b8560000, 0x000001e0bf6a0000]
CodeHeap 'non-nmethods': size=7488Kb used=1727Kb max_used=2879Kb free=5761Kb
 bounds [0x000001e0bf6a0000, 0x000001e0bf980000, 0x000001e0bfdf0000]
 total_blobs=2090 nmethods=1631 adapters=371
 compilation: enabled
              stopped_count=0, restarted_count=0
 full_count=0

Compilation events (20 events):
Event: 18.636 Thread 0x000001e0cb3eb400 nmethod 1599 0x000001e0b8548610 code [0x000001e0b8548800, 0x000001e0b8548da8]
Event: 18.638 Thread 0x000001e111ab4f40 1601       1       java.nio.Buffer::capacity (5 bytes)
Event: 18.638 Thread 0x000001e0cb3eb400 1602       3       java.nio.HeapByteBuffer::ix (7 bytes)
Event: 18.638 Thread 0x000001e111ab4f40 nmethod 1601 0x000001e0bfe7dd10 code [0x000001e0bfe7dea0, 0x000001e0bfe7df78]
Event: 18.638 Thread 0x000001e0cb3eb400 nmethod 1602 0x000001e0b8549010 code [0x000001e0b85491a0, 0x000001e0b85492b8]
Event: 18.640 Thread 0x000001e111ab4f40 1603   !   3       java.nio.charset.CharsetDecoder::decode (275 bytes)
Event: 18.640 Thread 0x000001e0cb3eb400 1604       3       java.lang.System$2::decodeASCII (11 bytes)
Event: 18.640 Thread 0x000001e0cb3eb400 nmethod 1604 0x000001e0b8549390 code [0x000001e0b8549520, 0x000001e0b8549668]
Event: 18.640 Thread 0x000001e0cb3eb400 1605       3       java.lang.String::decodeASCII (64 bytes)
Event: 18.640 Thread 0x000001e0cb3eb400 nmethod 1605 0x000001e0b8549710 code [0x000001e0b85498e0, 0x000001e0b8549c38]
Event: 18.640 Thread 0x000001e0cb3eb400 1606       3       java.nio.ByteBuffer::limit (8 bytes)
Event: 18.640 Thread 0x000001e0cb3eb400 nmethod 1606 0x000001e0b8549e10 code [0x000001e0b8549fa0, 0x000001e0b854a0e8]
Event: 18.641 Thread 0x000001e111ab4f40 nmethod 1603 0x000001e0b854a190 code [0x000001e0b854a4c0, 0x000001e0b854b988]
Event: 18.641 Thread 0x000001e111ab4f40 1612       3       java.lang.AbstractStringBuilder::append (33 bytes)
Event: 18.642 Thread 0x000001e111ab4f40 nmethod 1612 0x000001e0b854c010 code [0x000001e0b854c1c0, 0x000001e0b854c3a8]
Event: 18.642 Thread 0x000001e0cb3eb400 1613       3       sun.nio.cs.SingleByte$Decoder::decodeLoop (28 bytes)
Event: 18.642 Thread 0x000001e111ab4f40 1614       3       sun.nio.cs.SingleByte$Decoder::decodeArrayLoop (205 bytes)
Event: 18.642 Thread 0x000001e0cb3eb400 nmethod 1613 0x000001e0b854c510 code [0x000001e0b854c6e0, 0x000001e0b854caf8]
Event: 18.643 Thread 0x000001e111ab4f40 nmethod 1614 0x000001e0b854cc90 code [0x000001e0b854d0a0, 0x000001e0b854ecd8]
Event: 18.644 Thread 0x000001e1119038b0 1600       4       java.lang.String::<init> (14 bytes)

GC Heap History (2 events):
Event: 0.563 GC heap before
{Heap before GC invocations=0 (full 0):
 garbage-first heap   total 65536K, used 26624K [0x00000000fc000000, 0x0000000100000000)
  region size 1024K, 23 young (23552K), 0 survivors (0K)
 Metaspace       used 3708K, committed 3840K, reserved 1114112K
  class space    used 459K, committed 512K, reserved 1048576K
}
Event: 0.568 GC heap after
{Heap after GC invocations=1 (full 0):
 garbage-first heap   total 65536K, used 10192K [0x00000000fc000000, 0x0000000100000000)
  region size 1024K, 3 young (3072K), 3 survivors (3072K)
 Metaspace       used 3708K, committed 3840K, reserved 1114112K
  class space    used 459K, committed 512K, reserved 1048576K
}

Dll operation events (12 events):
Event: 0.008 Loaded shared library C:\Program Files\Microsoft\jdk-17.0.10.7-hotspot\bin\java.dll
Event: 0.022 Loaded shared library C:\Program Files\Microsoft\jdk-17.0.10.7-hotspot\bin\jsvml.dll
Event: 0.047 Loaded shared library C:\Program Files\Microsoft\jdk-17.0.10.7-hotspot\bin\net.dll
Event: 0.048 Loaded shared library C:\Program Files\Microsoft\jdk-17.0.10.7-hotspot\bin\nio.dll
Event: 0.051 Loaded shared library C:\Program Files\Microsoft\jdk-17.0.10.7-hotspot\bin\zip.dll
Event: 0.292 Loaded shared library C:\Program Files\Microsoft\jdk-17.0.10.7-hotspot\bin\jimage.dll
Event: 0.351 Loaded shared library C:\Program Files\Microsoft\jdk-17.0.10.7-hotspot\bin\verify.dll
Event: 0.577 Loaded shared library C:\Users\anton\.gradle\native\68d5fa5c4cc2d200863cafc0d521ce42e7d3e7ee720ec0a83991735586a16f82\windows-amd64\native-platform.dll
Event: 0.692 Loaded shared library C:\Program Files\Microsoft\jdk-17.0.10.7-hotspot\bin\management.dll
Event: 0.696 Loaded shared library C:\Program Files\Microsoft\jdk-17.0.10.7-hotspot\bin\management_ext.dll
Event: 0.939 Loaded shared library C:\Program Files\Microsoft\jdk-17.0.10.7-hotspot\bin\extnet.dll
Event: 0.986 Loaded shared library C:\Program Files\Microsoft\jdk-17.0.10.7-hotspot\bin\sunmscapi.dll

Deoptimization events (20 events):
Event: 0.824 Thread 0x000001e0aef4e150 Uncommon trap: trap_request=0xffffff45 fr.pc=0x000001e0bfe4b564 relative=0x0000000000001b24
Event: 0.824 Thread 0x000001e0aef4e150 Uncommon trap: reason=unstable_if action=reinterpret pc=0x000001e0bfe4b564 method=java.io.WinNTFileSystem.normalize(Ljava/lang/String;)Ljava/lang/String; @ 128 c2
Event: 0.824 Thread 0x000001e0aef4e150 DEOPT PACKING pc=0x000001e0bfe4b564 sp=0x00000008b03fb7b0
Event: 0.824 Thread 0x000001e0aef4e150 DEOPT UNPACKING pc=0x000001e0bf6f69a3 sp=0x00000008b03fb798 mode 2
Event: 0.956 Thread 0x000001e0aef4e150 Uncommon trap: trap_request=0xffffff45 fr.pc=0x000001e0bfe29058 relative=0x0000000000000618
Event: 0.956 Thread 0x000001e0aef4e150 Uncommon trap: reason=unstable_if action=reinterpret pc=0x000001e0bfe29058 method=java.lang.AbstractStringBuilder.append(Ljava/lang/String;)Ljava/lang/AbstractStringBuilder; @ 1 c2
Event: 0.956 Thread 0x000001e0aef4e150 DEOPT PACKING pc=0x000001e0bfe29058 sp=0x00000008b03fc540
Event: 0.956 Thread 0x000001e0aef4e150 DEOPT UNPACKING pc=0x000001e0bf6f69a3 sp=0x00000008b03fc4c0 mode 2
Event: 0.957 Thread 0x000001e0aef4e150 Uncommon trap: trap_request=0xffffff45 fr.pc=0x000001e0bfe2f668 relative=0x0000000000000628
Event: 0.957 Thread 0x000001e0aef4e150 Uncommon trap: reason=unstable_if action=reinterpret pc=0x000001e0bfe2f668 method=java.lang.AbstractStringBuilder.append(Ljava/lang/String;)Ljava/lang/AbstractStringBuilder; @ 1 c2
Event: 0.957 Thread 0x000001e0aef4e150 DEOPT PACKING pc=0x000001e0bfe2f668 sp=0x00000008b03fc4e0
Event: 0.957 Thread 0x000001e0aef4e150 DEOPT UNPACKING pc=0x000001e0bf6f69a3 sp=0x00000008b03fc4c8 mode 2
Event: 17.718 Thread 0x000001e11184a090 Uncommon trap: trap_request=0xffffff45 fr.pc=0x000001e0bfe775a0 relative=0x0000000000000520
Event: 17.718 Thread 0x000001e11184a090 Uncommon trap: reason=unstable_if action=reinterpret pc=0x000001e0bfe775a0 method=org.gradle.internal.logging.text.AbstractLineChoppingStyledTextOutput$2.execute(Lorg/gradle/internal/logging/text/AbstractLineChoppingStyledTextOutput$StateContext;)V @ 34 c
Event: 17.718 Thread 0x000001e11184a090 DEOPT PACKING pc=0x000001e0bfe775a0 sp=0x00000008b1efe870
Event: 17.718 Thread 0x000001e11184a090 DEOPT UNPACKING pc=0x000001e0bf6f69a3 sp=0x00000008b1efe6f8 mode 2
Event: 18.628 Thread 0x000001e0aef4e150 Uncommon trap: trap_request=0xffffff45 fr.pc=0x000001e0bfe74010 relative=0x00000000000001f0
Event: 18.628 Thread 0x000001e0aef4e150 Uncommon trap: reason=unstable_if action=reinterpret pc=0x000001e0bfe74010 method=com.esotericsoftware.kryo.io.Input.require(I)I @ 180 c2
Event: 18.628 Thread 0x000001e0aef4e150 DEOPT PACKING pc=0x000001e0bfe74010 sp=0x00000008b03fc560
Event: 18.628 Thread 0x000001e0aef4e150 DEOPT UNPACKING pc=0x000001e0bf6f69a3 sp=0x00000008b03fc508 mode 2

Classes unloaded (0 events):
No events

Classes redefined (0 events):
No events

Internal exceptions (19 events):
Event: 0.148 Thread 0x000001e0aef4e150 Exception <a 'java/lang/NoSuchMethodError'{0x00000000ffb51280}: 'int java.lang.invoke.DirectMethodHandle$Holder.invokeStaticInit(java.lang.Object, java.lang.Object)'> (0x00000000ffb51280) 
thrown [s\src\hotspot\share\interpreter\linkResolver.cpp, line 759]
Event: 0.514 Thread 0x000001e0aef4e150 Exception <a 'java/lang/NoSuchMethodError'{0x00000000fea7c3e8}: 'void java.lang.invoke.DirectMethodHandle$Holder.invokeStatic(java.lang.Object, java.lang.Object)'> (0x00000000fea7c3e8) 
thrown [s\src\hotspot\share\interpreter\linkResolver.cpp, line 759]
Event: 0.537 Thread 0x000001e0aef4e150 Exception <a 'java/lang/NoClassDefFoundError'{0x00000000fe901570}: org/slf4j/impl/StaticMarkerBinder> (0x00000000fe901570) 
thrown [s\src\hotspot\share\classfile\systemDictionary.cpp, line 245]
Event: 0.551 Thread 0x000001e0aef4e150 Exception <a 'java/lang/NoSuchMethodError'{0x00000000fe99cba8}: 'java.lang.Object java.lang.invoke.DirectMethodHandle$Holder.invokeVirtual(java.lang.Object, java.lang.Object, java.lang.Object, java.lang.Object, java.lang.Object, java.lang.Object, java.lang.Object)'> (0x00000000fe99cba8) 
thrown [s\src\hotspot\share\interpreter\linkResolver.cpp, line 759]
Event: 0.553 Thread 0x000001e0aef4e150 Exception <a 'java/lang/NoSuchMethodError'{0x00000000fe9ae748}: 'java.lang.Object java.lang.invoke.Invokers$Holder.invoker(java.lang.Object, java.lang.Object, java.lang.Object)'> (0x00000000fe9ae748) 
thrown [s\src\hotspot\share\interpreter\linkResolver.cpp, line 759]
Event: 0.555 Thread 0x000001e0aef4e150 Exception <a 'java/lang/NoSuchMethodError'{0x00000000fe9b7818}: 'java.lang.Object java.lang.invoke.DirectMethodHandle$Holder.invokeStatic(java.lang.Object, java.lang.Object, int)'> (0x00000000fe9b7818) 
thrown [s\src\hotspot\share\interpreter\linkResolver.cpp, line 759]
Event: 0.557 Thread 0x000001e0aef4e150 Exception <a 'java/lang/NoSuchMethodError'{0x00000000fe9c3508}: 'void java.lang.invoke.DelegatingMethodHandle$Holder.delegate(java.lang.Object, java.lang.Object, int, java.lang.Object)'> (0x00000000fe9c3508) 
thrown [s\src\hotspot\share\interpreter\linkResolver.cpp, line 759]
Event: 0.557 Thread 0x000001e0aef4e150 Exception <a 'java/lang/NoSuchMethodError'{0x00000000fe9c7650}: 'int java.lang.invoke.DirectMethodHandle$Holder.invokeSpecial(java.lang.Object, java.lang.Object, java.lang.Object)'> (0x00000000fe9c7650) 
thrown [s\src\hotspot\share\interpreter\linkResolver.cpp, line 759]
Event: 0.560 Thread 0x000001e0aef4e150 Exception <a 'java/lang/NoSuchMethodError'{0x00000000fe9da798}: 'java.lang.Object java.lang.invoke.Invokers$Holder.invokeExact_MT(java.lang.Object, java.lang.Object, java.lang.Object, java.lang.Object)'> (0x00000000fe9da798) 
thrown [s\src\hotspot\share\interpreter\linkResolver.cpp, line 759]
Event: 0.656 Thread 0x000001e0aef4e150 Exception <a 'java/lang/NoSuchMethodError'{0x00000000ffcfc490}: 'void java.lang.invoke.DirectMethodHandle$Holder.invokeSpecial(java.lang.Object, java.lang.Object, java.lang.Object)'> (0x00000000ffcfc490) 
thrown [s\src\hotspot\share\interpreter\linkResolver.cpp, line 759]
Event: 0.667 Thread 0x000001e0aef4e150 Implicit null exception at 0x000001e0bfe3de8c to 0x000001e0bfe3e3d0
Event: 0.667 Thread 0x000001e0aef4e150 Implicit null exception at 0x000001e0bfe31d8f to 0x000001e0bfe322e4
Event: 0.690 Thread 0x000001e0aef4e150 Exception <a 'java/lang/NoSuchMethodError'{0x00000000ffaa0848}: 'java.lang.Object java.lang.invoke.DirectMethodHandle$Holder.invokeStaticInit(java.lang.Object)'> (0x00000000ffaa0848) 
thrown [s\src\hotspot\share\interpreter\linkResolver.cpp, line 759]
Event: 0.787 Thread 0x000001e0aef4e150 Exception <a 'java/lang/NoSuchMethodError'{0x00000000ff5412b8}: 'java.lang.Object java.lang.invoke.DirectMethodHandle$Holder.invokeStaticInit(java.lang.Object, int, int, int, int)'> (0x00000000ff5412b8) 
thrown [s\src\hotspot\share\interpreter\linkResolver.cpp, line 759]
Event: 0.835 Thread 0x000001e0aef4e150 Exception <a 'java/lang/NoSuchMethodError'{0x00000000ff57def8}: 'java.lang.Object java.lang.invoke.DirectMethodHandle$Holder.invokeStaticInit(java.lang.Object, java.lang.Object, int, int, int, int)'> (0x00000000ff57def8) 
thrown [s\src\hotspot\share\interpreter\linkResolver.cpp, line 759]
Event: 0.941 Thread 0x000001e0aef4e150 Exception <a 'java/lang/NoSuchMethodError'{0x00000000ff5ab6c8}: 'void java.lang.invoke.DirectMethodHandle$Holder.invokeStatic(java.lang.Object, java.lang.Object, java.lang.Object)'> (0x00000000ff5ab6c8) 
thrown [s\src\hotspot\share\interpreter\linkResolver.cpp, line 759]
Event: 0.956 Thread 0x000001e0aef4e150 Implicit null exception at 0x000001e0bfe28a72 to 0x000001e0bfe29040
Event: 0.957 Thread 0x000001e0aef4e150 Implicit null exception at 0x000001e0bfe2f072 to 0x000001e0bfe2f650
Event: 18.628 Thread 0x000001e0aef4e150 Exception <a 'sun/net/ConnectionResetException'{0x00000000ff135690}: Connection reset> (0x00000000ff135690) 
thrown [s\src\hotspot\share\prims\jni.cpp, line 535]

VM Operations (20 events):
Event: 0.560 Executing VM operation: ICBufferFull
Event: 0.560 Executing VM operation: ICBufferFull done
Event: 0.563 Executing VM operation: G1CollectForAllocation
Event: 0.568 Executing VM operation: G1CollectForAllocation done
Event: 0.750 Executing VM operation: HandshakeAllThreads
Event: 0.750 Executing VM operation: HandshakeAllThreads done
Event: 0.826 Executing VM operation: HandshakeAllThreads
Event: 0.826 Executing VM operation: HandshakeAllThreads done
Event: 1.827 Executing VM operation: Cleanup
Event: 1.827 Executing VM operation: Cleanup done
Event: 6.883 Executing VM operation: Cleanup
Event: 6.883 Executing VM operation: Cleanup done
Event: 12.958 Executing VM operation: Cleanup
Event: 12.958 Executing VM operation: Cleanup done
Event: 14.972 Executing VM operation: Cleanup
Event: 14.972 Executing VM operation: Cleanup done
Event: 16.988 Executing VM operation: Cleanup
Event: 16.988 Executing VM operation: Cleanup done
Event: 18.004 Executing VM operation: Cleanup
Event: 18.004 Executing VM operation: Cleanup done

Events (20 events):
Event: 12.027 loading class sun/util/logging/internal/LoggingProviderImpl$JULWrapper
Event: 12.027 loading class sun/util/logging/PlatformLogger$ConfigurableBridge$LoggerConfiguration
Event: 12.027 loading class sun/util/logging/PlatformLogger$ConfigurableBridge$LoggerConfiguration done
Event: 12.027 loading class sun/util/logging/internal/LoggingProviderImpl$JULWrapper done
Event: 12.028 loading class java/io/ObjectInputFilter
Event: 12.028 loading class java/io/ObjectInputFilter done
Event: 12.028 loading class java/io/ObjectInputFilter$Config$BuiltinFilterFactory
Event: 12.028 loading class java/io/ObjectInputFilter$Config$BuiltinFilterFactory done
Event: 12.028 loading class jdk/internal/access/JavaObjectInputFilterAccess
Event: 12.028 loading class jdk/internal/access/JavaObjectInputFilterAccess done
Event: 12.029 loading class java/lang/System$Logger$Level
Event: 12.029 loading class java/lang/System$Logger$Level done
Event: 12.029 loading class java/io/Bits
Event: 12.029 loading class java/io/Bits done
Event: 14.835 Thread 0x000001e111ab4f40 Thread added: 0x000001e111ab4f40
Event: 14.835 Thread 0x000001e111afd4d0 Thread added: 0x000001e111afd4d0
Event: 16.211 Thread 0x000001e111afd4d0 Thread exited: 0x000001e111afd4d0
Event: 18.627 loading class sun/net/ConnectionResetException
Event: 18.628 loading class sun/net/ConnectionResetException done
Event: 18.641 Thread 0x000001e1119038b0 Thread added: 0x000001e1119038b0


Dynamic libraries:
0x00007ff657b90000 - 0x00007ff657b9e000 	C:\Program Files\Microsoft\jdk-17.0.10.7-hotspot\bin\java.exe
0x00007ffe6bb10000 - 0x00007ffe6bd26000 	C:\WINDOWS\SYSTEM32\ntdll.dll
0x00007ffe6b060000 - 0x00007ffe6b124000 	C:\WINDOWS\System32\KERNEL32.DLL
0x00007ffe69380000 - 0x00007ffe69726000 	C:\WINDOWS\System32\KERNELBASE.dll
0x00007ffe69110000 - 0x00007ffe69221000 	C:\WINDOWS\System32\ucrtbase.dll
0x00007ffe452a0000 - 0x00007ffe452bb000 	C:\Program Files\Microsoft\jdk-17.0.10.7-hotspot\bin\VCRUNTIME140.dll
0x00007ffe608f0000 - 0x00007ffe60907000 	C:\Program Files\Microsoft\jdk-17.0.10.7-hotspot\bin\jli.dll
0x00007ffe6b410000 - 0x00007ffe6b5bd000 	C:\WINDOWS\System32\USER32.dll
0x00007ffe690e0000 - 0x00007ffe69106000 	C:\WINDOWS\System32\win32u.dll
0x00007ffe6ae20000 - 0x00007ffe6ae49000 	C:\WINDOWS\System32\GDI32.dll
0x00007ffe680d0000 - 0x00007ffe68363000 	C:\WINDOWS\WinSxS\amd64_microsoft.windows.common-controls_6595b64144ccf1df_6.0.22621.3235_none_270f74e173860f98\COMCTL32.dll
0x00007ffe6b360000 - 0x00007ffe6b407000 	C:\WINDOWS\System32\msvcrt.dll
0x00007ffe69260000 - 0x00007ffe69378000 	C:\WINDOWS\System32\gdi32full.dll
0x00007ffe68e50000 - 0x00007ffe68eea000 	C:\WINDOWS\System32\msvcp_win.dll
0x00007ffe6b930000 - 0x00007ffe6b961000 	C:\WINDOWS\System32\IMM32.DLL
0x00007ffe63690000 - 0x00007ffe6369c000 	C:\Program Files\Microsoft\jdk-17.0.10.7-hotspot\bin\vcruntime140_1.dll
0x00007ffe315d0000 - 0x00007ffe3165d000 	C:\Program Files\Microsoft\jdk-17.0.10.7-hotspot\bin\msvcp140.dll
0x00007ffde2a70000 - 0x00007ffde36d5000 	C:\Program Files\Microsoft\jdk-17.0.10.7-hotspot\bin\server\jvm.dll
0x00007ffe6a140000 - 0x00007ffe6a1f2000 	C:\WINDOWS\System32\ADVAPI32.dll
0x00007ffe698f0000 - 0x00007ffe69998000 	C:\WINDOWS\System32\sechost.dll
0x00007ffe69230000 - 0x00007ffe69258000 	C:\WINDOWS\System32\bcrypt.dll
0x00007ffe69f20000 - 0x00007ffe6a035000 	C:\WINDOWS\System32\RPCRT4.dll
0x00007ffe63570000 - 0x00007ffe63579000 	C:\WINDOWS\SYSTEM32\WSOCK32.dll
0x00007ffe68770000 - 0x00007ffe687bd000 	C:\WINDOWS\SYSTEM32\POWRPROF.dll
0x00007ffe6a040000 - 0x00007ffe6a0b1000 	C:\WINDOWS\System32\WS2_32.dll
0x00007ffe60490000 - 0x00007ffe604c4000 	C:\WINDOWS\SYSTEM32\WINMM.dll
0x00007ffe5f0d0000 - 0x00007ffe5f0da000 	C:\WINDOWS\SYSTEM32\VERSION.dll
0x00007ffe68460000 - 0x00007ffe68473000 	C:\WINDOWS\SYSTEM32\UMPDC.dll
0x00007ffe67590000 - 0x00007ffe675a8000 	C:\WINDOWS\SYSTEM32\kernel.appcore.dll
0x00007ffe456b0000 - 0x00007ffe456ba000 	C:\Program Files\Microsoft\jdk-17.0.10.7-hotspot\bin\jimage.dll
0x00007ffe687c0000 - 0x00007ffe689f3000 	C:\WINDOWS\SYSTEM32\DBGHELP.DLL
0x00007ffe6aa90000 - 0x00007ffe6ae18000 	C:\WINDOWS\System32\combase.dll
0x00007ffe6b5c0000 - 0x00007ffe6b697000 	C:\WINDOWS\System32\OLEAUT32.dll
0x00007ffe68660000 - 0x00007ffe68692000 	C:\WINDOWS\SYSTEM32\dbgcore.DLL
0x00007ffe68ef0000 - 0x00007ffe68f6a000 	C:\WINDOWS\System32\bcryptPrimitives.dll
0x00007ffe3dfe0000 - 0x00007ffe3e005000 	C:\Program Files\Microsoft\jdk-17.0.10.7-hotspot\bin\java.dll
0x00007ffe314f0000 - 0x00007ffe315c7000 	C:\Program Files\Microsoft\jdk-17.0.10.7-hotspot\bin\jsvml.dll
0x00007ffe6a210000 - 0x00007ffe6aa6d000 	C:\WINDOWS\System32\SHELL32.dll
0x00007ffe66330000 - 0x00007ffe66c28000 	C:\WINDOWS\SYSTEM32\windows.storage.dll
0x00007ffe661f0000 - 0x00007ffe6632e000 	C:\WINDOWS\SYSTEM32\wintypes.dll
0x00007ffe6af50000 - 0x00007ffe6b043000 	C:\WINDOWS\System32\SHCORE.dll
0x00007ffe6b8c0000 - 0x00007ffe6b91e000 	C:\WINDOWS\System32\shlwapi.dll
0x00007ffe68d80000 - 0x00007ffe68da6000 	C:\WINDOWS\SYSTEM32\profapi.dll
0x00007ffe3fe40000 - 0x00007ffe3fe59000 	C:\Program Files\Microsoft\jdk-17.0.10.7-hotspot\bin\net.dll
0x00007ffe61690000 - 0x00007ffe617c7000 	C:\WINDOWS\SYSTEM32\WINHTTP.dll
0x00007ffe67a90000 - 0x00007ffe67af9000 	C:\WINDOWS\system32\mswsock.dll
0x00007ffe3fb40000 - 0x00007ffe3fb56000 	C:\Program Files\Microsoft\jdk-17.0.10.7-hotspot\bin\nio.dll
0x00007ffe3fa70000 - 0x00007ffe3fa88000 	C:\Program Files\Microsoft\jdk-17.0.10.7-hotspot\bin\zip.dll
0x00007ffe45290000 - 0x00007ffe452a0000 	C:\Program Files\Microsoft\jdk-17.0.10.7-hotspot\bin\verify.dll
0x00007ffe38380000 - 0x00007ffe383a7000 	C:\Users\anton\.gradle\native\68d5fa5c4cc2d200863cafc0d521ce42e7d3e7ee720ec0a83991735586a16f82\windows-amd64\native-platform.dll
0x00007ffe43cf0000 - 0x00007ffe43cf9000 	C:\Program Files\Microsoft\jdk-17.0.10.7-hotspot\bin\management.dll
0x00007ffe43bc0000 - 0x00007ffe43bcb000 	C:\Program Files\Microsoft\jdk-17.0.10.7-hotspot\bin\management_ext.dll
0x00007ffe6b130000 - 0x00007ffe6b138000 	C:\WINDOWS\System32\PSAPI.DLL
0x00007ffe68af0000 - 0x00007ffe68b0b000 	C:\WINDOWS\SYSTEM32\CRYPTSP.dll
0x00007ffe676a0000 - 0x00007ffe676d5000 	C:\WINDOWS\system32\rsaenh.dll
0x00007ffe67b60000 - 0x00007ffe67b8c000 	C:\WINDOWS\SYSTEM32\USERENV.dll
0x00007ffe67e40000 - 0x00007ffe67e4c000 	C:\WINDOWS\SYSTEM32\CRYPTBASE.dll
0x00007ffe67040000 - 0x00007ffe6706d000 	C:\WINDOWS\SYSTEM32\IPHLPAPI.DLL
0x00007ffe6b050000 - 0x00007ffe6b059000 	C:\WINDOWS\System32\NSI.dll
0x00007ffe61420000 - 0x00007ffe61439000 	C:\WINDOWS\SYSTEM32\dhcpcsvc6.DLL
0x00007ffe61360000 - 0x00007ffe6137f000 	C:\WINDOWS\SYSTEM32\dhcpcsvc.DLL
0x00007ffe670b0000 - 0x00007ffe671a9000 	C:\WINDOWS\SYSTEM32\DNSAPI.dll
0x00007ffe40ec0000 - 0x00007ffe40ec9000 	C:\Program Files\Microsoft\jdk-17.0.10.7-hotspot\bin\extnet.dll
0x00007ffe3f550000 - 0x00007ffe3f55e000 	C:\Program Files\Microsoft\jdk-17.0.10.7-hotspot\bin\sunmscapi.dll
0x00007ffe68f70000 - 0x00007ffe690d6000 	C:\WINDOWS\System32\CRYPT32.dll
0x00007ffe680a0000 - 0x00007ffe680ce000 	C:\WINDOWS\SYSTEM32\ncrypt.dll
0x00007ffe68060000 - 0x00007ffe68097000 	C:\WINDOWS\SYSTEM32\NTASN1.dll
0x00007ffe38b30000 - 0x00007ffe38b38000 	C:\WINDOWS\system32\wshunix.dll

dbghelp: loaded successfully - version: 4.0.5 - missing functions: none
symbol engine: initialized successfully - sym options: 0x614 - pdb path: .;C:\Program Files\Microsoft\jdk-17.0.10.7-hotspot\bin;C:\WINDOWS\SYSTEM32;C:\WINDOWS\WinSxS\amd64_microsoft.windows.common-controls_6595b64144ccf1df_6.0.22621.3235_none_270f74e173860f98;C:\Program Files\Microsoft\jdk-17.0.10.7-hotspot\bin\server;C:\Users\anton\.gradle\native\68d5fa5c4cc2d200863cafc0d521ce42e7d3e7ee720ec0a83991735586a16f82\windows-amd64

VM Arguments:
jvm_args: -Xmx64m -Xms64m -Dorg.gradle.appname=gradlew 
java_command: org.gradle.wrapper.GradleWrapperMain app:installDebug -PreactNativeDevServerPort=8081
java_class_path (initial): D:\projects\booknex-2\apps\mobile\android\\gradle\wrapper\gradle-wrapper.jar
Launcher Type: SUN_STANDARD

[Global flags]
     intx CICompilerCount                          = 12                                        {product} {ergonomic}
     uint ConcGCThreads                            = 3                                         {product} {ergonomic}
     uint G1ConcRefinementThreads                  = 13                                        {product} {ergonomic}
   size_t G1HeapRegionSize                         = 1048576                                   {product} {ergonomic}
    uintx GCDrainStackTargetSize                   = 64                                        {product} {ergonomic}
   size_t InitialHeapSize                          = 67108864                                  {product} {command line}
   size_t MarkStackSize                            = 4194304                                   {product} {ergonomic}
   size_t MaxHeapSize                              = 67108864                                  {product} {command line}
   size_t MaxNewSize                               = 39845888                                  {product} {ergonomic}
   size_t MinHeapDeltaBytes                        = 1048576                                   {product} {ergonomic}
   size_t MinHeapSize                              = 67108864                                  {product} {command line}
    uintx NonNMethodCodeHeapSize                   = 7602480                                {pd product} {ergonomic}
    uintx NonProfiledCodeHeapSize                  = 122027880                              {pd product} {ergonomic}
    uintx ProfiledCodeHeapSize                     = 122027880                              {pd product} {ergonomic}
    uintx ReservedCodeCacheSize                    = 251658240                              {pd product} {ergonomic}
     bool SegmentedCodeCache                       = true                                      {product} {ergonomic}
   size_t SoftMaxHeapSize                          = 67108864                               {manageable} {ergonomic}
     bool UseCompressedClassPointers               = true                           {product lp64_product} {ergonomic}
     bool UseCompressedOops                        = true                           {product lp64_product} {ergonomic}
     bool UseG1GC                                  = true                                      {product} {ergonomic}
     bool UseLargePagesIndividualAllocation        = false                                  {pd product} {ergonomic}

Logging:
Log output configuration:
 #0: stdout all=warning uptime,level,tags
 #1: stderr all=off uptime,level,tags

Environment Variables:
JAVA_HOME=C:\Program Files\Microsoft\jdk-17.0.10.7-hotspot\
CLASSPATH=D:\projects\booknex-2\apps\mobile\android\\gradle\wrapper\gradle-wrapper.jar
PATH=D:\projects\booknex-2\apps\mobile\node_modules\.bin;D:\projects\booknex-2\apps\mobile\node_modules\.bin;D:\projects\booknex-2\apps\node_modules\.bin;D:\projects\booknex-2\node_modules\.bin;D:\projects\node_modules\.bin;D:\node_modules\.bin;C:\Program Files\nodejs\node_modules\npm\node_modules\@npmcli\run-script\lib\node-gyp-bin;C:\Python312\Scripts\;C:\Python312\;C:\Program Files\Microsoft\jdk-17.0.10.7-hotspot\bin;C:\WINDOWS\system32;C:\WINDOWS;C:\WINDOWS\System32\Wbem;C:\WINDOWS\System32\WindowsPowerShell\v1.0\;C:\WINDOWS\System32\OpenSSH\;C:\ProgramData\chocolatey\bin;C:\Program Files\nodejs\;C:\Program Files\Git\cmd;C:\Program Files (x86)\Yarn\bin\;C:\Users\anton\AppData\Local\Android\Sdk\platform-tools;C:\Users\anton\AppData\Local\Android\Sdk\tools;C:\Users\anton\AppData\Local\Microsoft\WindowsApps;;D:\WebStorm 2023.3.5\bin;;C:\Users\anton\AppData\Roaming\npm;C:\Users\anton\AppData\Local\Yarn\bin;D:\projects\booknex-2\node_modules\.bin
USERNAME=anton
OS=Windows_NT
PROCESSOR_IDENTIFIER=AMD64 Family 25 Model 80 Stepping 0, AuthenticAMD
TMP=C:\Users\anton\AppData\Local\Temp
TEMP=C:\Users\anton\AppData\Local\Temp



Periodic native trim disabled


---------------  S Y S T E M  ---------------

OS:
 Windows 11 , 64 bit Build 22621 (10.0.22621.3235)
OS uptime: 1 days 11:47 hours
Hyper-V role detected

CPU: total 16 (initial active 16) (16 cores per cpu, 2 threads per core) family 25 model 80 stepping 0 microcode 0x0, cx8, cmov, fxsr, ht, mmx, 3dnowpref, sse, sse2, sse3, ssse3, sse4a, sse4.1, sse4.2, popcnt, lzcnt, tsc, tscinvbit, avx, avx2, aes, erms, clmul, bmi1, bmi2, adx, sha, fma, vzeroupper, clflush, clflushopt, hv
Processor Information for all 16 processors :
  Max Mhz: 3201, Current Mhz: 3201, Mhz Limit: 3201

Memory: 4k page, system-wide physical 15713M (742M free)
TotalPageFile size 28454M (AvailPageFile size 0M)
current process WorkingSet (physical memory assigned to process): 92M, peak: 93M
current process commit charge ("private bytes"): 176M, peak: 177M

vm_info: OpenJDK 64-Bit Server VM (17.0.10+7-LTS) for windows-amd64 JRE (17.0.10+7-LTS), built on Jan 10 2024 19:47:12 by "MicrosoftCorporation" with MS VC++ 16.10 / 16.11 (VS2019)

END.
