#
# There is insufficient memory for the Java Runtime Environment to continue.
# Native memory allocation (malloc) failed to allocate 1138816 bytes for Chunk::new
# Possible reasons:
#   The system is out of physical RAM or swap space
#   The process is running with CompressedOops enabled, and the Java Heap may be blocking the growth of the native heap
# Possible solutions:
#   Reduce memory load on the system
#   Increase physical memory or swap space
#   Check if swap backing store is full
#   Decrease Java heap size (-Xmx/-Xms)
#   Decrease number of Java threads
#   Decrease Java thread stack sizes (-Xss)
#   Set larger code cache with -XX:ReservedCodeCacheSize=
#   JVM is running with Zero Based Compressed Oops mode in which the Java heap is
#     placed in the first 32GB address space. The Java Heap base address is the
#     maximum limit for the native heap growth. Please use -XX:HeapBaseMinAddress
#     to set the Java Heap base and to place the Java Heap above 32GB virtual address.
# This output file may be truncated or incomplete.
#
#  Out of Memory Error (arena.cpp:184), pid=29120, tid=4792
#
# JRE version: Java(TM) SE Runtime Environment (18.0.2.1+1) (build 18.0.2.1+1-1)
# Java VM: Java HotSpot(TM) 64-Bit Server VM (18.0.2.1+1-1, mixed mode, sharing, tiered, compressed oops, compressed class ptrs, g1 gc, windows-amd64)
# No core dump will be written. Minidumps are not enabled by default on client versions of Windows
#

---------------  S U M M A R Y ------------

Command Line: org.jetbrains.kotlin.cli.jvm.K2JVMCompiler @D:\projects\booknex-2\apps\mobile\node_modules\react-native-screens\android\build\20231223_16805271661367683026.compiler.options

Host: AMD Ryzen 7 5800H with Radeon Graphics         , 16 cores, 15G,  Windows 11 , 64 bit Build 22621 (10.0.22621.2506)
Time: Sat Dec 23 08:39:04 2023  Windows 11 , 64 bit Build 22621 (10.0.22621.2506) elapsed time: 14.392858 seconds (0d 0h 0m 14s)

---------------  T H R E A D  ---------------

Current thread (0x0000017ae0bda1e0):  JavaThread "C2 CompilerThread2" daemon [_thread_in_native, id=4792, stack(0x0000003026a00000,0x0000003026b00000)]


Current CompileTask:
C2:  14392 13685       4       org.jetbrains.kotlin.descriptors.impl.FunctionDescriptorImpl::doSubstitute (1003 bytes)

Stack: [0x0000003026a00000,0x0000003026b00000]
Native frames: (J=compiled Java code, j=interpreted, Vv=VM code, C=native code)
V  [jvm.dll+0x6993aa]
V  [jvm.dll+0x7f46dd]
V  [jvm.dll+0x7f5fee]
V  [jvm.dll+0x7f66a3]
V  [jvm.dll+0x25cf1f]
V  [jvm.dll+0xb8c2f]
V  [jvm.dll+0xb8fa5]
V  [jvm.dll+0x2c7e2f]
V  [jvm.dll+0x5a0d8e]
V  [jvm.dll+0x2388de]
V  [jvm.dll+0x231ea5]
V  [jvm.dll+0x22f3cb]
V  [jvm.dll+0x1ba01c]
V  [jvm.dll+0x23ee0a]
V  [jvm.dll+0x23d0f5]
V  [jvm.dll+0x7a6dd1]
V  [jvm.dll+0x7a120a]
V  [jvm.dll+0x698255]
C  [ucrtbase.dll+0x29363]
C  [KERNEL32.DLL+0x1257d]
C  [ntdll.dll+0x5aa58]


---------------  P R O C E S S  ---------------

Threads class SMR info:
_java_thread_list=0x0000017ae0030e00, length=17, elements={
0x0000017ab86c30f0, 0x0000017adba85f70, 0x0000017adba86bd0, 0x0000017adba9d830,
0x0000017adba9e0e0, 0x0000017adba9ea80, 0x0000017adba9f420, 0x0000017adbaa00f0,
0x0000017adbab2050, 0x0000017adbab4e30, 0x0000017adfdd8eb0, 0x0000017adfdd93b0,
0x0000017adfde38f0, 0x0000017adfde49e0, 0x0000017ae0078f70, 0x0000017ae0b34840,
0x0000017ae0bda1e0
}

Java Threads: ( => current thread )
  0x0000017ab86c30f0 JavaThread "main" [_thread_in_Java, id=13720, stack(0x0000003024a00000,0x0000003024b00000)]
  0x0000017adba85f70 JavaThread "Reference Handler" daemon [_thread_blocked, id=1880, stack(0x0000003025100000,0x0000003025200000)]
  0x0000017adba86bd0 JavaThread "Finalizer" daemon [_thread_blocked, id=19824, stack(0x0000003025200000,0x0000003025300000)]
  0x0000017adba9d830 JavaThread "Signal Dispatcher" daemon [_thread_blocked, id=27344, stack(0x0000003025300000,0x0000003025400000)]
  0x0000017adba9e0e0 JavaThread "Attach Listener" daemon [_thread_blocked, id=23236, stack(0x0000003025400000,0x0000003025500000)]
  0x0000017adba9ea80 JavaThread "Service Thread" daemon [_thread_blocked, id=25992, stack(0x0000003025500000,0x0000003025600000)]
  0x0000017adba9f420 JavaThread "Monitor Deflation Thread" daemon [_thread_blocked, id=23656, stack(0x0000003025600000,0x0000003025700000)]
  0x0000017adbaa00f0 JavaThread "C2 CompilerThread0" daemon [_thread_in_native, id=18468, stack(0x0000003025700000,0x0000003025800000)]
  0x0000017adbab2050 JavaThread "C1 CompilerThread0" daemon [_thread_blocked, id=21312, stack(0x0000003025800000,0x0000003025900000)]
  0x0000017adbab4e30 JavaThread "Sweeper thread" daemon [_thread_blocked, id=18096, stack(0x0000003025900000,0x0000003025a00000)]
  0x0000017adfdd8eb0 JavaThread "C1 CompilerThread1" daemon [_thread_blocked, id=5932, stack(0x0000003025a00000,0x0000003025b00000)]
  0x0000017adfdd93b0 JavaThread "C1 CompilerThread2" daemon [_thread_blocked, id=27680, stack(0x0000003025b00000,0x0000003025c00000)]
  0x0000017adfde38f0 JavaThread "Notification Thread" daemon [_thread_blocked, id=19300, stack(0x0000003025c00000,0x0000003025d00000)]
  0x0000017adfde49e0 JavaThread "Common-Cleaner" daemon [_thread_blocked, id=5200, stack(0x0000003025e00000,0x0000003025f00000)]
  0x0000017ae0078f70 JavaThread "C1 CompilerThread3" daemon [_thread_blocked, id=29544, stack(0x0000003026000000,0x0000003026100000)]
  0x0000017ae0b34840 JavaThread "C2 CompilerThread1" daemon [_thread_in_native, id=17084, stack(0x0000003026900000,0x0000003026a00000)]
=>0x0000017ae0bda1e0 JavaThread "C2 CompilerThread2" daemon [_thread_in_native, id=4792, stack(0x0000003026a00000,0x0000003026b00000)]

Other Threads:
  0x0000017ab8757710 VMThread "VM Thread" [stack: 0x0000003025000000,0x0000003025100000] [id=24704]
  0x0000017adfde41c0 WatcherThread "VM Periodic Task Thread" [stack: 0x0000003025d00000,0x0000003025e00000] [id=20252]
  0x0000017ab8734410 WorkerThread "GC Thread#0" [stack: 0x0000003024b00000,0x0000003024c00000] [id=27296]
  0x0000017ae0287030 WorkerThread "GC Thread#1" [stack: 0x0000003026100000,0x0000003026200000] [id=19976]
  0x0000017ae02872d0 WorkerThread "GC Thread#2" [stack: 0x0000003026200000,0x0000003026300000] [id=18056]
  0x0000017ae0287570 WorkerThread "GC Thread#3" [stack: 0x0000003026300000,0x0000003026400000] [id=17932]
  0x0000017ae021b0b0 WorkerThread "GC Thread#4" [stack: 0x0000003026400000,0x0000003026500000] [id=19108]
  0x0000017ae0dc4490 WorkerThread "GC Thread#5" [stack: 0x0000003025f00000,0x0000003026000000] [id=19052]
  0x0000017ae086e1e0 WorkerThread "GC Thread#6" [stack: 0x0000003026500000,0x0000003026600000] [id=19064]
  0x0000017ae0ae1ca0 WorkerThread "GC Thread#7" [stack: 0x0000003026600000,0x0000003026700000] [id=26168]
  0x0000017ae0ae2150 WorkerThread "GC Thread#8" [stack: 0x0000003026700000,0x0000003026800000] [id=26120]
  0x0000017ae0ae3300 WorkerThread "GC Thread#9" [stack: 0x0000003026800000,0x0000003026900000] [id=25172]
  0x0000017ae0ae4800 WorkerThread "GC Thread#10" [stack: 0x0000003026d00000,0x0000003026e00000] [id=29688]
  0x0000017ae0ae35a0 WorkerThread "GC Thread#11" [stack: 0x0000003026e00000,0x0000003026f00000] [id=26908]
  0x0000017ae0ae3d80 WorkerThread "GC Thread#12" [stack: 0x0000003026f00000,0x0000003027000000] [id=21056]
  0x0000017ab87467e0 ConcurrentGCThread "G1 Main Marker" [stack: 0x0000003024c00000,0x0000003024d00000] [id=18404]
  0x0000017ab8747870 WorkerThread "G1 Conc#0" [stack: 0x0000003024d00000,0x0000003024e00000] [id=26228]
  0x0000017ae0ae3060 WorkerThread "G1 Conc#1" [stack: 0x0000003027000000,0x0000003027100000] [id=14396]
  0x0000017ae0ae3840 WorkerThread "G1 Conc#2" [stack: 0x0000003027100000,0x0000003027200000] [id=24228]
  0x0000017adb93afe0 ConcurrentGCThread "G1 Refine#0" [stack: 0x0000003024e00000,0x0000003024f00000] [id=20128]
  0x0000017ae105b5d0 ConcurrentGCThread "G1 Refine#1" [stack: 0x0000003027300000,0x0000003027400000] [id=14576]
  0x0000017ae00505b0 ConcurrentGCThread "G1 Refine#2" [stack: 0x0000003027400000,0x0000003027500000] [id=24972]
  0x0000017ae2e49e30 ConcurrentGCThread "G1 Refine#3" [stack: 0x0000003027200000,0x0000003027300000] [id=25040]
  0x0000017adb93cd00 ConcurrentGCThread "G1 Service" [stack: 0x0000003024f00000,0x0000003025000000] [id=360]

Threads with active compile tasks:
C2 CompilerThread0    14413 13627       4       org.jetbrains.kotlin.resolve.calls.tower.TowerResolver::processTowerData (97 bytes)
C2 CompilerThread1    14413 13724       4       org.jetbrains.kotlin.resolve.calls.tower.TowerResolver$Task::process (42 bytes)
C2 CompilerThread2    14413 13685       4       org.jetbrains.kotlin.descriptors.impl.FunctionDescriptorImpl::doSubstitute (1003 bytes)

VM state: not at safepoint (normal execution)

VM Mutex/Monitor currently owned by a thread: None

Heap address: 0x000000070a600000, size: 3930 MB, Compressed Oops mode: Zero based, Oop shift amount: 3

CDS archive(s) mapped at: [0x0000000800000000-0x0000000800ba0000-0x0000000800ba0000), size 12189696, SharedBaseAddress: 0x0000000800000000, ArchiveRelocationMode: 0.
Compressed class space mapped at: 0x0000000800c00000-0x0000000840c00000, reserved size: 1073741824
Narrow klass base: 0x0000000800000000, Narrow klass shift: 0, Narrow klass range: 0x100000000

GC Precious Log:
 CardTable entry size: 512
 Card Set container configuration: InlinePtr #cards 4 size 8 Array Of Cards #cards 16 size 48 Howl #buckets 8 coarsen threshold 3686 Howl Bitmap #cards 512 size 80 coarsen threshold 460 Card regions per heap region 1 cards per card region 4096
 CPUs: 16 total, 16 available
 Memory: 15713M
 Large Page Support: Disabled
 NUMA Support: Disabled
 Compressed Oops: Enabled (Zero based)
 Heap Region Size: 2M
 Heap Min Capacity: 8M
 Heap Initial Capacity: 246M
 Heap Max Capacity: 3930M
 Pre-touch: Disabled
 Parallel Workers: 13
 Concurrent Workers: 3
 Concurrent Refinement Workers: 13
 Periodic GC: Disabled

Heap:
 garbage-first heap   total 184320K, used 113055K [0x000000070a600000, 0x0000000800000000)
  region size 2048K, 18 young (36864K), 5 survivors (10240K)
 Metaspace       used 62295K, committed 63104K, reserved 1114112K
  class space    used 7044K, committed 7488K, reserved 1048576K

Heap Regions: E=young(eden), S=young(survivor), O=old, HS=humongous(starts), HC=humongous(continues), CS=collection set, F=free, OA=open archive, CA=closed archive, TAMS=top-at-mark-start (previous, next)
|   0|0x000000070a600000, 0x000000070a800000, 0x000000070a800000|100%|HS|  |TAMS 0x000000070a800000, 0x000000070a600000| Complete 
|   1|0x000000070a800000, 0x000000070aa00000, 0x000000070aa00000|100%|HC|  |TAMS 0x000000070aa00000, 0x000000070a800000| Complete 
|   2|0x000000070aa00000, 0x000000070ac00000, 0x000000070ac00000|100%| O|  |TAMS 0x000000070ac00000, 0x000000070aa00000| Untracked 
|   3|0x000000070ac00000, 0x000000070ae00000, 0x000000070ae00000|100%|HS|  |TAMS 0x000000070ae00000, 0x000000070ac00000| Complete 
|   4|0x000000070ae00000, 0x000000070b000000, 0x000000070b000000|100%|HC|  |TAMS 0x000000070b000000, 0x000000070ae00000| Complete 
|   5|0x000000070b000000, 0x000000070b1c5c00, 0x000000070b200000| 88%| O|  |TAMS 0x000000070b1c5c00, 0x000000070b000000| Untracked 
|   6|0x000000070b200000, 0x000000070b400000, 0x000000070b400000|100%| O|  |TAMS 0x000000070b400000, 0x000000070b200000| Untracked 
|   7|0x000000070b400000, 0x000000070b600000, 0x000000070b600000|100%| O|  |TAMS 0x000000070b600000, 0x000000070b400000| Untracked 
|   8|0x000000070b600000, 0x000000070b800000, 0x000000070b800000|100%| O|  |TAMS 0x000000070b800000, 0x000000070b600000| Untracked 
|   9|0x000000070b800000, 0x000000070ba00000, 0x000000070ba00000|100%| O|  |TAMS 0x000000070ba00000, 0x000000070b800000| Untracked 
|  10|0x000000070ba00000, 0x000000070bc00000, 0x000000070bc00000|100%| O|  |TAMS 0x000000070bc00000, 0x000000070ba00000| Untracked 
|  11|0x000000070bc00000, 0x000000070be00000, 0x000000070be00000|100%| O|  |TAMS 0x000000070be00000, 0x000000070bc00000| Untracked 
|  12|0x000000070be00000, 0x000000070c000000, 0x000000070c000000|100%|HS|  |TAMS 0x000000070c000000, 0x000000070be00000| Complete 
|  13|0x000000070c000000, 0x000000070c200000, 0x000000070c200000|100%| O|  |TAMS 0x000000070c200000, 0x000000070c000000| Untracked 
|  14|0x000000070c200000, 0x000000070c400000, 0x000000070c400000|100%| O|  |TAMS 0x000000070c400000, 0x000000070c200000| Untracked 
|  15|0x000000070c400000, 0x000000070c600000, 0x000000070c600000|100%| O|  |TAMS 0x000000070c600000, 0x000000070c400000| Untracked 
|  16|0x000000070c600000, 0x000000070c800000, 0x000000070c800000|100%| O|  |TAMS 0x000000070c800000, 0x000000070c600000| Untracked 
|  17|0x000000070c800000, 0x000000070ca00000, 0x000000070ca00000|100%| O|  |TAMS 0x000000070ca00000, 0x000000070c800000| Untracked 
|  18|0x000000070ca00000, 0x000000070cc00000, 0x000000070cc00000|100%| O|  |TAMS 0x000000070cc00000, 0x000000070ca00000| Untracked 
|  19|0x000000070cc00000, 0x000000070ce00000, 0x000000070ce00000|100%| O|  |TAMS 0x000000070ce00000, 0x000000070cc00000| Untracked 
|  20|0x000000070ce00000, 0x000000070d000000, 0x000000070d000000|100%| O|  |TAMS 0x000000070d000000, 0x000000070ce00000| Untracked 
|  21|0x000000070d000000, 0x000000070d200000, 0x000000070d200000|100%| O|  |TAMS 0x000000070d200000, 0x000000070d000000| Untracked 
|  22|0x000000070d200000, 0x000000070d400000, 0x000000070d400000|100%| O|  |TAMS 0x000000070d400000, 0x000000070d200000| Untracked 
|  23|0x000000070d400000, 0x000000070d600000, 0x000000070d600000|100%| O|  |TAMS 0x000000070d600000, 0x000000070d400000| Untracked 
|  24|0x000000070d600000, 0x000000070d800000, 0x000000070d800000|100%| O|  |TAMS 0x000000070d800000, 0x000000070d600000| Untracked 
|  25|0x000000070d800000, 0x000000070da00000, 0x000000070da00000|100%| O|  |TAMS 0x000000070da00000, 0x000000070d800000| Untracked 
|  26|0x000000070da00000, 0x000000070dc00000, 0x000000070dc00000|100%| O|  |TAMS 0x000000070dc00000, 0x000000070da00000| Untracked 
|  27|0x000000070dc00000, 0x000000070de00000, 0x000000070de00000|100%| O|  |TAMS 0x000000070de00000, 0x000000070dc00000| Untracked 
|  28|0x000000070de00000, 0x000000070e000000, 0x000000070e000000|100%| O|  |TAMS 0x000000070e000000, 0x000000070de00000| Untracked 
|  29|0x000000070e000000, 0x000000070e200000, 0x000000070e200000|100%| O|  |TAMS 0x000000070e200000, 0x000000070e000000| Untracked 
|  30|0x000000070e200000, 0x000000070e400000, 0x000000070e400000|100%| O|  |TAMS 0x000000070e400000, 0x000000070e200000| Untracked 
|  31|0x000000070e400000, 0x000000070e600000, 0x000000070e600000|100%| O|  |TAMS 0x000000070e600000, 0x000000070e400000| Untracked 
|  32|0x000000070e600000, 0x000000070e800000, 0x000000070e800000|100%| O|  |TAMS 0x000000070e800000, 0x000000070e600000| Untracked 
|  33|0x000000070e800000, 0x000000070ea00000, 0x000000070ea00000|100%| O|  |TAMS 0x000000070ea00000, 0x000000070e800000| Untracked 
|  34|0x000000070ea00000, 0x000000070ec00000, 0x000000070ec00000|100%| O|  |TAMS 0x000000070eb70800, 0x000000070ea00000| Untracked 
|  35|0x000000070ec00000, 0x000000070ee00000, 0x000000070ee00000|100%|HS|  |TAMS 0x000000070ec00000, 0x000000070ec00000| Complete 
|  36|0x000000070ee00000, 0x000000070f000000, 0x000000070f000000|100%| O|  |TAMS 0x000000070ee00000, 0x000000070ee00000| Untracked 
|  37|0x000000070f000000, 0x000000070f0a2000, 0x000000070f200000| 31%| O|  |TAMS 0x000000070f000000, 0x000000070f000000| Untracked 
|  38|0x000000070f200000, 0x000000070f200000, 0x000000070f400000|  0%| F|  |TAMS 0x000000070f200000, 0x000000070f200000| Untracked 
|  39|0x000000070f400000, 0x000000070f400000, 0x000000070f600000|  0%| F|  |TAMS 0x000000070f400000, 0x000000070f400000| Untracked 
|  40|0x000000070f600000, 0x000000070f600000, 0x000000070f800000|  0%| F|  |TAMS 0x000000070f600000, 0x000000070f600000| Untracked 
|  41|0x000000070f800000, 0x000000070f800000, 0x000000070fa00000|  0%| F|  |TAMS 0x000000070f800000, 0x000000070f800000| Untracked 
|  42|0x000000070fa00000, 0x000000070fa00000, 0x000000070fc00000|  0%| F|  |TAMS 0x000000070fa00000, 0x000000070fa00000| Untracked 
|  43|0x000000070fc00000, 0x000000070fc00000, 0x000000070fe00000|  0%| F|  |TAMS 0x000000070fc00000, 0x000000070fc00000| Untracked 
|  44|0x000000070fe00000, 0x000000070fe00000, 0x0000000710000000|  0%| F|  |TAMS 0x000000070fe00000, 0x000000070fe00000| Untracked 
|  45|0x0000000710000000, 0x0000000710000000, 0x0000000710200000|  0%| F|  |TAMS 0x0000000710000000, 0x0000000710000000| Untracked 
|  46|0x0000000710200000, 0x0000000710200000, 0x0000000710400000|  0%| F|  |TAMS 0x0000000710200000, 0x0000000710200000| Untracked 
|  47|0x0000000710400000, 0x0000000710400000, 0x0000000710600000|  0%| F|  |TAMS 0x0000000710400000, 0x0000000710400000| Untracked 
|  48|0x0000000710600000, 0x0000000710600000, 0x0000000710800000|  0%| F|  |TAMS 0x0000000710600000, 0x0000000710600000| Untracked 
|  49|0x0000000710800000, 0x0000000710800000, 0x0000000710a00000|  0%| F|  |TAMS 0x0000000710800000, 0x0000000710800000| Untracked 
|  50|0x0000000710a00000, 0x0000000710a00000, 0x0000000710c00000|  0%| F|  |TAMS 0x0000000710a00000, 0x0000000710a00000| Untracked 
|  51|0x0000000710c00000, 0x0000000710c00000, 0x0000000710e00000|  0%| F|  |TAMS 0x0000000710c00000, 0x0000000710c00000| Untracked 
|  52|0x0000000710e00000, 0x0000000710e00000, 0x0000000711000000|  0%| F|  |TAMS 0x0000000710e00000, 0x0000000710e00000| Untracked 
|  53|0x0000000711000000, 0x0000000711200000, 0x0000000711200000|100%| S|CS|TAMS 0x0000000711000000, 0x0000000711000000| Complete 
|  54|0x0000000711200000, 0x0000000711400000, 0x0000000711400000|100%| S|CS|TAMS 0x0000000711200000, 0x0000000711200000| Complete 
|  55|0x0000000711400000, 0x0000000711600000, 0x0000000711600000|100%| S|CS|TAMS 0x0000000711400000, 0x0000000711400000| Complete 
|  56|0x0000000711600000, 0x0000000711800000, 0x0000000711800000|100%| S|CS|TAMS 0x0000000711600000, 0x0000000711600000| Complete 
|  57|0x0000000711800000, 0x0000000711a00000, 0x0000000711a00000|100%| S|CS|TAMS 0x0000000711800000, 0x0000000711800000| Complete 
|  58|0x0000000711a00000, 0x0000000711a00000, 0x0000000711c00000|  0%| F|  |TAMS 0x0000000711a00000, 0x0000000711a00000| Untracked 
|  59|0x0000000711c00000, 0x0000000711c00000, 0x0000000711e00000|  0%| F|  |TAMS 0x0000000711c00000, 0x0000000711c00000| Untracked 
|  60|0x0000000711e00000, 0x0000000711e00000, 0x0000000712000000|  0%| F|  |TAMS 0x0000000711e00000, 0x0000000711e00000| Untracked 
|  61|0x0000000712000000, 0x0000000712000000, 0x0000000712200000|  0%| F|  |TAMS 0x0000000712000000, 0x0000000712000000| Untracked 
|  62|0x0000000712200000, 0x0000000712200000, 0x0000000712400000|  0%| F|  |TAMS 0x0000000712200000, 0x0000000712200000| Untracked 
|  63|0x0000000712400000, 0x0000000712400000, 0x0000000712600000|  0%| F|  |TAMS 0x0000000712400000, 0x0000000712400000| Untracked 
|  64|0x0000000712600000, 0x0000000712600000, 0x0000000712800000|  0%| F|  |TAMS 0x0000000712600000, 0x0000000712600000| Untracked 
|  65|0x0000000712800000, 0x0000000712800000, 0x0000000712a00000|  0%| F|  |TAMS 0x0000000712800000, 0x0000000712800000| Untracked 
|  66|0x0000000712a00000, 0x0000000712a00000, 0x0000000712c00000|  0%| F|  |TAMS 0x0000000712a00000, 0x0000000712a00000| Untracked 
|  67|0x0000000712c00000, 0x0000000712c00000, 0x0000000712e00000|  0%| F|  |TAMS 0x0000000712c00000, 0x0000000712c00000| Untracked 
|  68|0x0000000712e00000, 0x0000000712e00000, 0x0000000713000000|  0%| F|  |TAMS 0x0000000712e00000, 0x0000000712e00000| Untracked 
|  69|0x0000000713000000, 0x0000000713000000, 0x0000000713200000|  0%| F|  |TAMS 0x0000000713000000, 0x0000000713000000| Untracked 
|  70|0x0000000713200000, 0x0000000713200000, 0x0000000713400000|  0%| F|  |TAMS 0x0000000713200000, 0x0000000713200000| Untracked 
|  71|0x0000000713400000, 0x0000000713400000, 0x0000000713600000|  0%| F|  |TAMS 0x0000000713400000, 0x0000000713400000| Untracked 
|  72|0x0000000713600000, 0x0000000713600000, 0x0000000713800000|  0%| F|  |TAMS 0x0000000713600000, 0x0000000713600000| Untracked 
|  73|0x0000000713800000, 0x0000000713800000, 0x0000000713a00000|  0%| F|  |TAMS 0x0000000713800000, 0x0000000713800000| Untracked 
|  74|0x0000000713a00000, 0x0000000713a00000, 0x0000000713c00000|  0%| F|  |TAMS 0x0000000713a00000, 0x0000000713a00000| Untracked 
|  75|0x0000000713c00000, 0x0000000713c00000, 0x0000000713e00000|  0%| F|  |TAMS 0x0000000713c00000, 0x0000000713c00000| Untracked 
|  76|0x0000000713e00000, 0x0000000714000000, 0x0000000714000000|100%| E|  |TAMS 0x0000000713e00000, 0x0000000713e00000| Complete 
|  77|0x0000000714000000, 0x0000000714200000, 0x0000000714200000|100%| E|CS|TAMS 0x0000000714000000, 0x0000000714000000| Complete 
|  78|0x0000000714200000, 0x0000000714400000, 0x0000000714400000|100%| E|CS|TAMS 0x0000000714200000, 0x0000000714200000| Complete 
|  79|0x0000000714400000, 0x0000000714600000, 0x0000000714600000|100%| E|CS|TAMS 0x0000000714400000, 0x0000000714400000| Complete 
|  80|0x0000000714600000, 0x0000000714800000, 0x0000000714800000|100%| E|CS|TAMS 0x0000000714600000, 0x0000000714600000| Complete 
|  81|0x0000000714800000, 0x0000000714a00000, 0x0000000714a00000|100%| E|CS|TAMS 0x0000000714800000, 0x0000000714800000| Complete 
|  82|0x0000000714a00000, 0x0000000714c00000, 0x0000000714c00000|100%| E|CS|TAMS 0x0000000714a00000, 0x0000000714a00000| Complete 
|  83|0x0000000714c00000, 0x0000000714e00000, 0x0000000714e00000|100%| E|CS|TAMS 0x0000000714c00000, 0x0000000714c00000| Complete 
|  84|0x0000000714e00000, 0x0000000715000000, 0x0000000715000000|100%| E|CS|TAMS 0x0000000714e00000, 0x0000000714e00000| Complete 
|  85|0x0000000715000000, 0x0000000715200000, 0x0000000715200000|100%| E|CS|TAMS 0x0000000715000000, 0x0000000715000000| Complete 
|  86|0x0000000715200000, 0x0000000715400000, 0x0000000715400000|100%| E|CS|TAMS 0x0000000715200000, 0x0000000715200000| Complete 
|  87|0x0000000715400000, 0x0000000715600000, 0x0000000715600000|100%| E|CS|TAMS 0x0000000715400000, 0x0000000715400000| Complete 
| 122|0x0000000719a00000, 0x0000000719c00000, 0x0000000719c00000|100%| E|CS|TAMS 0x0000000719a00000, 0x0000000719a00000| Complete 
|1964|0x00000007ffe00000, 0x0000000800000000, 0x0000000800000000|100%| O|  |TAMS 0x0000000800000000, 0x00000007ffe00000| Untracked 

Card table byte_map: [0x0000017ad0020000,0x0000017ad07d0000] _byte_map_base: 0x0000017acc7cd000

Marking Bits (Prev, Next): (CMBitMap*) 0x0000017ab8736920, (CMBitMap*) 0x0000017ab8736960
 Prev Bits: [0x0000017ad0f80000, 0x0000017ad4ce8000)
 Next Bits: [0x0000017ad4cf0000, 0x0000017ad8a58000)

Polling page: 0x0000017ab7e80000

Metaspace:

Usage:
  Non-class:     53.96 MB used.
      Class:      6.88 MB used.
       Both:     60.83 MB used.

Virtual space:
  Non-class space:       64.00 MB reserved,      54.31 MB ( 85%) committed,  1 nodes.
      Class space:        1.00 GB reserved,       7.31 MB ( <1%) committed,  1 nodes.
             Both:        1.06 GB reserved,      61.62 MB (  6%) committed. 

Chunk freelists:
   Non-Class:  847.00 KB
       Class:  671.00 KB
        Both:  1.48 MB

MaxMetaspaceSize: unlimited
CompressedClassSpaceSize: 1.00 GB
Initial GC threshold: 21.00 MB
Current GC threshold: 96.19 MB
CDS: on
MetaspaceReclaimPolicy: balanced
 - commit_granule_bytes: 65536.
 - commit_granule_words: 8192.
 - virtual_space_node_default_size: 8388608.
 - enlarge_chunks_in_place: 1.
 - new_chunks_are_fully_committed: 0.
 - uncommit_free_chunks: 1.
 - use_allocation_guard: 0.


Internal statistics:

num_allocs_failed_limit: 6.
num_arena_births: 1366.
num_arena_deaths: 0.
num_vsnodes_births: 2.
num_vsnodes_deaths: 0.
num_space_committed: 984.
num_space_uncommitted: 0.
num_chunks_returned_to_freelist: 6.
num_chunks_taken_from_freelist: 3796.
num_chunk_merges: 6.
num_chunk_splits: 2802.
num_chunks_enlarged: 2153.
num_inconsistent_stats: 0.

CodeHeap 'non-profiled nmethods': size=119168Kb used=6763Kb max_used=6794Kb free=112404Kb
 bounds [0x0000017ac7b90000, 0x0000017ac8240000, 0x0000017aceff0000]
CodeHeap 'profiled nmethods': size=119104Kb used=32577Kb max_used=32693Kb free=86527Kb
 bounds [0x0000017ac0740000, 0x0000017ac2730000, 0x0000017ac7b90000]
CodeHeap 'non-nmethods': size=7488Kb used=3033Kb max_used=3131Kb free=4454Kb
 bounds [0x0000017abfff0000, 0x0000017ac0310000, 0x0000017ac0740000]
 total_blobs=11952 nmethods=11302 adapters=556
 compilation: enabled
              stopped_count=0, restarted_count=0
 full_count=0

Compilation events (20 events):
Event: 14.320 Thread 0x0000017adfdd8eb0 13734       3       org.jetbrains.kotlin.descriptors.impl.AbstractReceiverParameterDescriptor::getValueParameters (13 bytes)
Event: 14.320 Thread 0x0000017adfdd8eb0 nmethod 13734 0x0000017ac16bbe10 code [0x0000017ac16bbfa0, 0x0000017ac16bc118]
Event: 14.336 Thread 0x0000017adfdd93b0 13736       3       org.jetbrains.kotlin.resolve.calls.CallExpressionResolver$elementChain$1::invoke (9 bytes)
Event: 14.336 Thread 0x0000017adbab2050 13737       3       org.jetbrains.kotlin.resolve.calls.CallExpressionResolver$elementChain$1::invoke (166 bytes)
Event: 14.336 Thread 0x0000017adfdd93b0 nmethod 13736 0x0000017ac0f5e110 code [0x0000017ac0f5e2c0, 0x0000017ac0f5e508]
Event: 14.336 Thread 0x0000017adfdd93b0 13738       3       org.jetbrains.kotlin.resolve.calls.CallExpressionResolver::access$resolveSimpleName (8 bytes)
Event: 14.337 Thread 0x0000017ae0078f70 13739       3       org.jetbrains.kotlin.resolve.calls.CallExpressionResolver::resolveSimpleName (52 bytes)
Event: 14.337 Thread 0x0000017adfdd93b0 nmethod 13738 0x0000017ac19c5f10 code [0x0000017ac19c60a0, 0x0000017ac19c61c8]
Event: 14.337 Thread 0x0000017ae0078f70 nmethod 13739 0x0000017ac1b48e90 code [0x0000017ac1b49100, 0x0000017ac1b49878]
Event: 14.338 Thread 0x0000017adbab2050 nmethod 13737 0x0000017ac250c110 code [0x0000017ac250c480, 0x0000017ac250dbd8]
Event: 14.342 Thread 0x0000017adfdd8eb0 13740       3       org.jetbrains.kotlin.resolve.calls.smartcasts.IdentifierInfo$Qualified::equals (47 bytes)
Event: 14.343 Thread 0x0000017adfdd8eb0 nmethod 13740 0x0000017ac1c45210 code [0x0000017ac1c45400, 0x0000017ac1c45cb8]
Event: 14.356 Thread 0x0000017adfdd93b0 13741       3       java.lang.invoke.LambdaForm$MH/0x00000008012cd400::invoke (42 bytes)
Event: 14.356 Thread 0x0000017adfdd93b0 nmethod 13741 0x0000017ac1c43f90 code [0x0000017ac1c44200, 0x0000017ac1c44e38]
Event: 14.364 Thread 0x0000017ae0078f70 13742       3       org.jetbrains.kotlin.types.expressions.ExpressionTypingServices::getBlockReturnedType (192 bytes)
Event: 14.365 Thread 0x0000017ae0078f70 nmethod 13742 0x0000017ac1c40f90 code [0x0000017ac1c41400, 0x0000017ac1c43488]
Event: 14.378 Thread 0x0000017ae0078f70 13743       3       org.jetbrains.kotlin.types.expressions.PreliminaryDeclarationVisitor::<init> (45 bytes)
Event: 14.379 Thread 0x0000017ae0078f70 nmethod 13743 0x0000017ac20c0c10 code [0x0000017ac20c0f20, 0x0000017ac20c20c8]
Event: 14.384 Thread 0x0000017adfdd8eb0 13744       3       org.jetbrains.kotlin.resolve.calls.tower.SyntheticScopeBasedTowerLevel::getFunctions (13 bytes)
Event: 14.385 Thread 0x0000017adfdd8eb0 nmethod 13744 0x0000017ac1c40510 code [0x0000017ac1c40720, 0x0000017ac1c40d18]

GC Heap History (20 events):
Event: 5.246 GC heap before
{Heap before GC invocations=9 (full 0):
 garbage-first heap   total 102400K, used 87747K [0x000000070a600000, 0x0000000800000000)
  region size 2048K, 30 young (61440K), 1 survivors (2048K)
 Metaspace       used 43680K, committed 44480K, reserved 1114112K
  class space    used 5251K, committed 5632K, reserved 1048576K
}
Event: 5.268 GC heap after
{Heap after GC invocations=10 (full 0):
 garbage-first heap   total 104448K, used 41971K [0x000000070a600000, 0x0000000800000000)
  region size 2048K, 4 young (8192K), 4 survivors (8192K)
 Metaspace       used 43680K, committed 44480K, reserved 1114112K
  class space    used 5251K, committed 5632K, reserved 1048576K
}
Event: 5.357 GC heap before
{Heap before GC invocations=10 (full 0):
 garbage-first heap   total 104448K, used 44019K [0x000000070a600000, 0x0000000800000000)
  region size 2048K, 5 young (10240K), 4 survivors (8192K)
 Metaspace       used 43686K, committed 44480K, reserved 1114112K
  class space    used 5251K, committed 5632K, reserved 1048576K
}
Event: 5.373 GC heap after
{Heap after GC invocations=11 (full 0):
 garbage-first heap   total 104448K, used 42808K [0x000000070a600000, 0x0000000800000000)
  region size 2048K, 1 young (2048K), 1 survivors (2048K)
 Metaspace       used 43686K, committed 44480K, reserved 1114112K
  class space    used 5251K, committed 5632K, reserved 1048576K
}
Event: 6.054 GC heap before
{Heap before GC invocations=11 (full 0):
 garbage-first heap   total 104448K, used 71480K [0x000000070a600000, 0x0000000800000000)
  region size 2048K, 16 young (32768K), 1 survivors (2048K)
 Metaspace       used 45288K, committed 46080K, reserved 1114112K
  class space    used 5376K, committed 5760K, reserved 1048576K
}
Event: 6.062 GC heap after
{Heap after GC invocations=12 (full 0):
 garbage-first heap   total 104448K, used 46501K [0x000000070a600000, 0x0000000800000000)
  region size 2048K, 2 young (4096K), 2 survivors (4096K)
 Metaspace       used 45288K, committed 46080K, reserved 1114112K
  class space    used 5376K, committed 5760K, reserved 1048576K
}
Event: 7.296 GC heap before
{Heap before GC invocations=12 (full 0):
 garbage-first heap   total 104448K, used 77221K [0x000000070a600000, 0x0000000800000000)
  region size 2048K, 17 young (34816K), 2 survivors (4096K)
 Metaspace       used 52229K, committed 52992K, reserved 1114112K
  class space    used 6151K, committed 6592K, reserved 1048576K
}
Event: 7.310 GC heap after
{Heap after GC invocations=13 (full 0):
 garbage-first heap   total 104448K, used 50871K [0x000000070a600000, 0x0000000800000000)
  region size 2048K, 3 young (6144K), 3 survivors (6144K)
 Metaspace       used 52229K, committed 52992K, reserved 1114112K
  class space    used 6151K, committed 6592K, reserved 1048576K
}
Event: 7.887 GC heap before
{Heap before GC invocations=13 (full 0):
 garbage-first heap   total 104448K, used 77495K [0x000000070a600000, 0x0000000800000000)
  region size 2048K, 16 young (32768K), 3 survivors (6144K)
 Metaspace       used 53111K, committed 53952K, reserved 1114112K
  class space    used 6202K, committed 6656K, reserved 1048576K
}
Event: 7.904 GC heap after
{Heap after GC invocations=14 (full 0):
 garbage-first heap   total 153600K, used 55409K [0x000000070a600000, 0x0000000800000000)
  region size 2048K, 2 young (4096K), 2 survivors (4096K)
 Metaspace       used 53111K, committed 53952K, reserved 1114112K
  class space    used 6202K, committed 6656K, reserved 1048576K
}
Event: 8.946 GC heap before
{Heap before GC invocations=15 (full 0):
 garbage-first heap   total 153600K, used 108657K [0x000000070a600000, 0x0000000800000000)
  region size 2048K, 28 young (57344K), 2 survivors (4096K)
 Metaspace       used 53740K, committed 54528K, reserved 1114112K
  class space    used 6295K, committed 6720K, reserved 1048576K
}
Event: 8.965 GC heap after
{Heap after GC invocations=16 (full 0):
 garbage-first heap   total 153600K, used 65047K [0x000000070a600000, 0x0000000800000000)
  region size 2048K, 4 young (8192K), 4 survivors (8192K)
 Metaspace       used 53740K, committed 54528K, reserved 1114112K
  class space    used 6295K, committed 6720K, reserved 1048576K
}
Event: 9.537 GC heap before
{Heap before GC invocations=16 (full 0):
 garbage-first heap   total 153600K, used 112151K [0x000000070a600000, 0x0000000800000000)
  region size 2048K, 27 young (55296K), 4 survivors (8192K)
 Metaspace       used 54149K, committed 54912K, reserved 1114112K
  class space    used 6327K, committed 6720K, reserved 1048576K
}
Event: 9.562 GC heap after
{Heap after GC invocations=17 (full 0):
 garbage-first heap   total 153600K, used 72245K [0x000000070a600000, 0x0000000800000000)
  region size 2048K, 4 young (8192K), 4 survivors (8192K)
 Metaspace       used 54149K, committed 54912K, reserved 1114112K
  class space    used 6327K, committed 6720K, reserved 1048576K
}
Event: 10.072 GC heap before
{Heap before GC invocations=17 (full 0):
 garbage-first heap   total 153600K, used 115253K [0x000000070a600000, 0x0000000800000000)
  region size 2048K, 25 young (51200K), 4 survivors (8192K)
 Metaspace       used 55000K, committed 55808K, reserved 1114112K
  class space    used 6407K, committed 6848K, reserved 1048576K
}
Event: 10.080 GC heap after
{Heap after GC invocations=18 (full 0):
 garbage-first heap   total 153600K, used 74969K [0x000000070a600000, 0x0000000800000000)
  region size 2048K, 1 young (2048K), 1 survivors (2048K)
 Metaspace       used 55000K, committed 55808K, reserved 1114112K
  class space    used 6407K, committed 6848K, reserved 1048576K
}
Event: 11.116 GC heap before
{Heap before GC invocations=18 (full 0):
 garbage-first heap   total 153600K, used 115929K [0x000000070a600000, 0x0000000800000000)
  region size 2048K, 22 young (45056K), 1 survivors (2048K)
 Metaspace       used 58209K, committed 59008K, reserved 1114112K
  class space    used 6702K, committed 7104K, reserved 1048576K
}
Event: 11.125 GC heap after
{Heap after GC invocations=19 (full 0):
 garbage-first heap   total 184320K, used 79065K [0x000000070a600000, 0x0000000800000000)
  region size 2048K, 3 young (6144K), 3 survivors (6144K)
 Metaspace       used 58209K, committed 59008K, reserved 1114112K
  class space    used 6702K, committed 7104K, reserved 1048576K
}
Event: 13.374 GC heap before
{Heap before GC invocations=20 (full 0):
 garbage-first heap   total 184320K, used 144601K [0x000000070a600000, 0x0000000800000000)
  region size 2048K, 34 young (69632K), 3 survivors (6144K)
 Metaspace       used 61977K, committed 62784K, reserved 1114112K
  class space    used 7037K, committed 7488K, reserved 1048576K
}
Event: 13.386 GC heap after
{Heap after GC invocations=21 (full 0):
 garbage-first heap   total 184320K, used 88479K [0x000000070a600000, 0x0000000800000000)
  region size 2048K, 5 young (10240K), 5 survivors (10240K)
 Metaspace       used 61977K, committed 62784K, reserved 1114112K
  class space    used 7037K, committed 7488K, reserved 1048576K
}

Deoptimization events (20 events):
Event: 14.071 Thread 0x0000017ab86c30f0 Uncommon trap: trap_request=0xffffffd6 fr.pc=0x0000017ac8215f08 relative=0x0000000000000348
Event: 14.071 Thread 0x0000017ab86c30f0 Uncommon trap: reason=array_check action=maybe_recompile pc=0x0000017ac8215f08 method=java.util.AbstractCollection.toArray([Ljava/lang/Object;)[Ljava/lang/Object; @ 116 c2
Event: 14.072 Thread 0x0000017ab86c30f0 DEOPT PACKING pc=0x0000017ac8215f08 sp=0x0000003024afa7f0
Event: 14.072 Thread 0x0000017ab86c30f0 DEOPT UNPACKING pc=0x0000017ac00423a3 sp=0x0000003024afa790 mode 2
Event: 14.072 Thread 0x0000017ab86c30f0 Uncommon trap: trap_request=0xffffffd6 fr.pc=0x0000017ac8215f08 relative=0x0000000000000348
Event: 14.072 Thread 0x0000017ab86c30f0 Uncommon trap: reason=array_check action=maybe_recompile pc=0x0000017ac8215f08 method=java.util.AbstractCollection.toArray([Ljava/lang/Object;)[Ljava/lang/Object; @ 116 c2
Event: 14.072 Thread 0x0000017ab86c30f0 DEOPT PACKING pc=0x0000017ac8215f08 sp=0x0000003024afa5d0
Event: 14.072 Thread 0x0000017ab86c30f0 DEOPT UNPACKING pc=0x0000017ac00423a3 sp=0x0000003024afa570 mode 2
Event: 14.074 Thread 0x0000017ab86c30f0 Uncommon trap: trap_request=0xffffff45 fr.pc=0x0000017ac81a2c40 relative=0x00000000000000a0
Event: 14.074 Thread 0x0000017ab86c30f0 Uncommon trap: reason=unstable_if action=reinterpret pc=0x0000017ac81a2c40 method=org.jetbrains.kotlin.resolve.scopes.LexicalScopeStorage.functionsByName(Lorg/jetbrains/kotlin/name/Name;I)Ljava/util/List; @ 7 c2
Event: 14.074 Thread 0x0000017ab86c30f0 DEOPT PACKING pc=0x0000017ac81a2c40 sp=0x0000003024afb160
Event: 14.074 Thread 0x0000017ab86c30f0 DEOPT UNPACKING pc=0x0000017ac00423a3 sp=0x0000003024afafa8 mode 2
Event: 14.075 Thread 0x0000017ab86c30f0 Uncommon trap: trap_request=0xffffffc6 fr.pc=0x0000017ac818bac8 relative=0x0000000000000808
Event: 14.075 Thread 0x0000017ab86c30f0 Uncommon trap: reason=bimorphic_or_optimized_type_check action=maybe_recompile pc=0x0000017ac818bac8 method=org.jetbrains.kotlin.descriptors.FindClassInModuleKt.findClassifierAcrossModuleDependencies(Lorg/jetbrains/kotlin/descriptors/ModuleDescriptor;Lorg
Event: 14.075 Thread 0x0000017ab86c30f0 DEOPT PACKING pc=0x0000017ac818bac8 sp=0x0000003024af9620
Event: 14.075 Thread 0x0000017ab86c30f0 DEOPT UNPACKING pc=0x0000017ac00423a3 sp=0x0000003024af9560 mode 2
Event: 14.163 Thread 0x0000017ab86c30f0 Uncommon trap: trap_request=0xffffff45 fr.pc=0x0000017ac804be14 relative=0x0000000000000394
Event: 14.163 Thread 0x0000017ab86c30f0 Uncommon trap: reason=unstable_if action=reinterpret pc=0x0000017ac804be14 method=org.jetbrains.kotlin.types.TypeUtils.isTypeParameter(Lorg/jetbrains/kotlin/types/KotlinType;)Z @ 23 c2
Event: 14.163 Thread 0x0000017ab86c30f0 DEOPT PACKING pc=0x0000017ac804be14 sp=0x0000003024af7110
Event: 14.163 Thread 0x0000017ab86c30f0 DEOPT UNPACKING pc=0x0000017ac00423a3 sp=0x0000003024af7040 mode 2

Classes loaded (20 events):
Event: 6.612 Loading class java/util/stream/Node$OfLong done
Event: 6.612 Loading class java/util/stream/Nodes$EmptyNode$OfLong done
Event: 6.612 Loading class java/util/stream/Nodes$EmptyNode$OfDouble
Event: 6.612 Loading class java/util/stream/Node$OfDouble
Event: 6.612 Loading class java/util/stream/Node$OfDouble done
Event: 6.612 Loading class java/util/stream/Nodes$EmptyNode$OfDouble done
Event: 6.612 Loading class java/util/stream/Nodes$SpinedNodeBuilder
Event: 6.612 Loading class java/util/stream/Node$Builder
Event: 6.612 Loading class java/util/stream/Node$Builder done
Event: 6.612 Loading class java/util/stream/SpinedBuffer
Event: 6.612 Loading class java/util/stream/AbstractSpinedBuffer
Event: 6.612 Loading class java/util/stream/AbstractSpinedBuffer done
Event: 6.612 Loading class java/util/stream/SpinedBuffer done
Event: 6.612 Loading class java/util/stream/Nodes$SpinedNodeBuilder done
Event: 6.657 Loading class java/util/RegularEnumSet$EnumSetIterator
Event: 6.658 Loading class java/util/RegularEnumSet$EnumSetIterator done
Event: 10.539 Loading class java/util/concurrent/locks/AbstractQueuedSynchronizer$Node
Event: 10.539 Loading class java/util/concurrent/locks/AbstractQueuedSynchronizer$Node done
Event: 11.576 Loading class jdk/internal/math/FloatingDecimal$ASCIIToBinaryBuffer
Event: 11.577 Loading class jdk/internal/math/FloatingDecimal$ASCIIToBinaryBuffer done

Classes unloaded (0 events):
No events

Classes redefined (0 events):
No events

Internal exceptions (20 events):
Event: 9.609 Thread 0x0000017ab86c30f0 Implicit null exception at 0x0000017ac7c42783 to 0x0000017ac7c43090
Event: 9.752 Thread 0x0000017ab86c30f0 Implicit null exception at 0x0000017ac7f778f9 to 0x0000017ac7f77bb0
Event: 10.148 Thread 0x0000017ab86c30f0 Exception <a 'java/lang/NoSuchMethodError'{0x00000007134d2bf0}: 'java.lang.Object java.lang.invoke.Invokers$Holder.linkToTargetMethod(java.lang.Object, java.lang.Object, java.lang.Object, java.lang.Object, java.lang.Object, java.lang.Object, java.lang.Object)'> (0x00000007134d2bf0) 
thrown [s\open\src\hotspot\share\interpreter\linkResolver.cpp, line 759]
Event: 10.197 Thread 0x0000017ab86c30f0 Implicit null exception at 0x0000017ac809d48d to 0x0000017ac80a3c08
Event: 10.364 Thread 0x0000017ab86c30f0 Implicit null exception at 0x0000017ac804ebb3 to 0x0000017ac80508e8
Event: 10.635 Thread 0x0000017ab86c30f0 Implicit null exception at 0x0000017ac81349c8 to 0x0000017ac8135164
Event: 10.932 Thread 0x0000017ab86c30f0 Exception <a 'java/lang/NoSuchMethodError'{0x00000007112e3070}: 'java.lang.Object java.lang.invoke.DirectMethodHandle$Holder.invokeInterface(java.lang.Object, java.lang.Object, java.lang.Object)'> (0x00000007112e3070) 
thrown [s\open\src\hotspot\share\interpreter\linkResolver.cpp, line 759]
Event: 10.933 Thread 0x0000017ab86c30f0 Exception <a 'java/lang/IncompatibleClassChangeError'{0x00000007112e6f28}: Found class java.lang.Object, but interface was expected> (0x00000007112e6f28) 
thrown [s\open\src\hotspot\share\interpreter\linkResolver.cpp, line 826]
Event: 11.336 Thread 0x0000017ab86c30f0 Implicit null exception at 0x0000017ac7e74361 to 0x0000017ac7e773cf
Event: 11.575 Thread 0x0000017ab86c30f0 Exception <a 'java/lang/NoSuchMethodError'{0x0000000714e61c78}: 'int java.lang.invoke.DirectMethodHandle$Holder.invokeStaticInit(java.lang.Object, int)'> (0x0000000714e61c78) 
thrown [s\open\src\hotspot\share\interpreter\linkResolver.cpp, line 759]
Event: 11.672 Thread 0x0000017ab86c30f0 Implicit null exception at 0x0000017ac7bac8d2 to 0x0000017ac7bacddc
Event: 11.694 Thread 0x0000017ab86c30f0 Implicit null exception at 0x0000017ac7bad352 to 0x0000017ac7bad850
Event: 11.853 Thread 0x0000017ab86c30f0 Implicit null exception at 0x0000017ac811f7fc to 0x0000017ac811fac8
Event: 11.853 Thread 0x0000017ab86c30f0 Implicit null exception at 0x0000017ac81183fc to 0x0000017ac81185c8
Event: 11.857 Thread 0x0000017ab86c30f0 Implicit null exception at 0x0000017ac7fa58a3 to 0x0000017ac7fa7b24
Event: 12.477 Thread 0x0000017ab86c30f0 Implicit null exception at 0x0000017ac7f67b5c to 0x0000017ac7f6848c
Event: 12.707 Thread 0x0000017ab86c30f0 Exception <a 'java/lang/NoSuchMethodError'{0x0000000712a48f38}: 'java.lang.Object java.lang.invoke.DirectMethodHandle$Holder.newInvokeSpecial(java.lang.Object, int, java.lang.Object, java.lang.Object)'> (0x0000000712a48f38) 
thrown [s\open\src\hotspot\share\interpreter\linkResolver.cpp, line 759]
Event: 12.707 Thread 0x0000017ab86c30f0 Exception <a 'java/lang/NoSuchMethodError'{0x0000000712a4e130}: 'java.lang.Object java.lang.invoke.DirectMethodHandle$Holder.invokeSpecial(java.lang.Object, java.lang.Object, int, java.lang.Object, java.lang.Object)'> (0x0000000712a4e130) 
thrown [s\open\src\hotspot\share\interpreter\linkResolver.cpp, line 759]
Event: 13.135 Thread 0x0000017ab86c30f0 Exception <a 'java/lang/NoSuchMethodError'{0x000000071207a5e0}: 'void java.lang.invoke.DirectMethodHandle$Holder.invokeStatic(java.lang.Object, java.lang.Object, java.lang.Object)'> (0x000000071207a5e0) 
thrown [s\open\src\hotspot\share\interpreter\linkResolver.cpp, line 759]
Event: 13.144 Thread 0x0000017ab86c30f0 Implicit null exception at 0x0000017ac8117b60 to 0x0000017ac8117c94

VM Operations (20 events):
Event: 12.895 Executing VM operation: HandshakeAllThreads
Event: 12.896 Executing VM operation: HandshakeAllThreads done
Event: 12.999 Executing VM operation: ICBufferFull
Event: 13.000 Executing VM operation: ICBufferFull done
Event: 13.118 Executing VM operation: ICBufferFull
Event: 13.119 Executing VM operation: ICBufferFull done
Event: 13.196 Executing VM operation: ICBufferFull
Event: 13.197 Executing VM operation: ICBufferFull done
Event: 13.373 Executing VM operation: G1CollectForAllocation
Event: 13.386 Executing VM operation: G1CollectForAllocation done
Event: 13.576 Executing VM operation: ICBufferFull
Event: 13.576 Executing VM operation: ICBufferFull done
Event: 13.827 Executing VM operation: ICBufferFull
Event: 13.827 Executing VM operation: ICBufferFull done
Event: 14.114 Executing VM operation: HandshakeAllThreads
Event: 14.114 Executing VM operation: HandshakeAllThreads done
Event: 14.116 Executing VM operation: ICBufferFull
Event: 14.117 Executing VM operation: ICBufferFull done
Event: 14.229 Executing VM operation: HandshakeAllThreads
Event: 14.229 Executing VM operation: HandshakeAllThreads done

Events (20 events):
Event: 14.234 Thread 0x0000017adbab4e30 flushing nmethod 0x0000017ac8119910
Event: 14.234 Thread 0x0000017adbab4e30 flushing nmethod 0x0000017ac8131190
Event: 14.234 Thread 0x0000017adbab4e30 flushing nmethod 0x0000017ac8133910
Event: 14.243 Thread 0x0000017adbab4e30 flushing nmethod 0x0000017ac0f5e110
Event: 14.247 Thread 0x0000017adbab4e30 flushing nmethod 0x0000017ac13e4b10
Event: 14.249 Thread 0x0000017adbab4e30 flushing nmethod 0x0000017ac1613a90
Event: 14.250 Thread 0x0000017adbab4e30 flushing nmethod 0x0000017ac16bbe10
Event: 14.251 Thread 0x0000017adbab4e30 flushing nmethod 0x0000017ac181a390
Event: 14.252 Thread 0x0000017adbab4e30 flushing nmethod 0x0000017ac19c6210
Event: 14.253 Thread 0x0000017adbab4e30 flushing nmethod 0x0000017ac1af4710
Event: 14.253 Thread 0x0000017adbab4e30 flushing nmethod 0x0000017ac1b48e90
Event: 14.254 Thread 0x0000017adbab4e30 flushing nmethod 0x0000017ac1c23b90
Event: 14.254 Thread 0x0000017adbab4e30 flushing nmethod 0x0000017ac1c40010
Event: 14.254 Thread 0x0000017adbab4e30 flushing nmethod 0x0000017ac1cc4310
Event: 14.256 Thread 0x0000017adbab4e30 flushing nmethod 0x0000017ac1f14390
Event: 14.256 Thread 0x0000017adbab4e30 flushing nmethod 0x0000017ac200bd10
Event: 14.256 Thread 0x0000017adbab4e30 flushing nmethod 0x0000017ac204a510
Event: 14.257 Thread 0x0000017adbab4e30 flushing nmethod 0x0000017ac20bc710
Event: 14.259 Thread 0x0000017adbab4e30 flushing nmethod 0x0000017ac232dd10
Event: 14.260 Thread 0x0000017adbab4e30 flushing nmethod 0x0000017ac250b810


Dynamic libraries:
0x00007ff63b2b0000 - 0x00007ff63b2c0000 	C:\Program Files\Java\jdk-18.0.2.1\bin\java.exe
0x00007ff9320d0000 - 0x00007ff9322e7000 	C:\WINDOWS\SYSTEM32\ntdll.dll
0x00007ff930b50000 - 0x00007ff930c14000 	C:\WINDOWS\System32\KERNEL32.DLL
0x00007ff92f440000 - 0x00007ff92f7e6000 	C:\WINDOWS\System32\KERNELBASE.dll
0x00007ff92fc80000 - 0x00007ff92fd91000 	C:\WINDOWS\System32\ucrtbase.dll
0x00007ff8fe9d0000 - 0x00007ff8fe9e8000 	C:\Program Files\Java\jdk-18.0.2.1\bin\jli.dll
0x00007ff903dc0000 - 0x00007ff903dda000 	C:\Program Files\Java\jdk-18.0.2.1\bin\VCRUNTIME140.dll
0x00007ff931fd0000 - 0x00007ff932081000 	C:\WINDOWS\System32\ADVAPI32.dll
0x00007ff931de0000 - 0x00007ff931e87000 	C:\WINDOWS\System32\msvcrt.dll
0x00007ff92fe20000 - 0x00007ff92fec5000 	C:\WINDOWS\System32\sechost.dll
0x00007ff931cc0000 - 0x00007ff931dd7000 	C:\WINDOWS\System32\RPCRT4.dll
0x00007ff931800000 - 0x00007ff9319ae000 	C:\WINDOWS\System32\USER32.dll
0x00007ff92f8b0000 - 0x00007ff92f8d6000 	C:\WINDOWS\System32\win32u.dll
0x00007ff930460000 - 0x00007ff930489000 	C:\WINDOWS\System32\GDI32.dll
0x00007ff92f9f0000 - 0x00007ff92fb08000 	C:\WINDOWS\System32\gdi32full.dll
0x00007ff9108a0000 - 0x00007ff910b33000 	C:\WINDOWS\WinSxS\amd64_microsoft.windows.common-controls_6595b64144ccf1df_6.0.22621.2506_none_270c5ae97388e100\COMCTL32.dll
0x00007ff92f950000 - 0x00007ff92f9ea000 	C:\WINDOWS\System32\msvcp_win.dll
0x00007ff9261c0000 - 0x00007ff9261ca000 	C:\WINDOWS\SYSTEM32\VERSION.dll
0x00007ff931b80000 - 0x00007ff931bb1000 	C:\WINDOWS\System32\IMM32.DLL
0x00007ff9050f0000 - 0x00007ff9050fc000 	C:\Program Files\Java\jdk-18.0.2.1\bin\vcruntime140_1.dll
0x00007ff8e6a90000 - 0x00007ff8e6b1d000 	C:\Program Files\Java\jdk-18.0.2.1\bin\msvcp140.dll
0x00007ff89dd90000 - 0x00007ff89e9a1000 	C:\Program Files\Java\jdk-18.0.2.1\bin\server\jvm.dll
0x00007ff930070000 - 0x00007ff930078000 	C:\WINDOWS\System32\PSAPI.DLL
0x00007ff92ab30000 - 0x00007ff92ab39000 	C:\WINDOWS\SYSTEM32\WSOCK32.dll
0x00007ff927bc0000 - 0x00007ff927bf4000 	C:\WINDOWS\SYSTEM32\WINMM.dll
0x00007ff930ad0000 - 0x00007ff930b41000 	C:\WINDOWS\System32\WS2_32.dll
0x00007ff92e3a0000 - 0x00007ff92e3b8000 	C:\WINDOWS\SYSTEM32\kernel.appcore.dll
0x00007ff904440000 - 0x00007ff90444a000 	C:\Program Files\Java\jdk-18.0.2.1\bin\jimage.dll
0x00007ff9203f0000 - 0x00007ff920623000 	C:\WINDOWS\SYSTEM32\DBGHELP.DLL
0x00007ff9300d0000 - 0x00007ff930459000 	C:\WINDOWS\System32\combase.dll
0x00007ff931a10000 - 0x00007ff931ae7000 	C:\WINDOWS\System32\OLEAUT32.dll
0x00007ff90d070000 - 0x00007ff90d0a2000 	C:\WINDOWS\SYSTEM32\dbgcore.DLL
0x00007ff92fda0000 - 0x00007ff92fe1a000 	C:\WINDOWS\System32\bcryptPrimitives.dll
0x00007ff8fdd00000 - 0x00007ff8fdd25000 	C:\Program Files\Java\jdk-18.0.2.1\bin\java.dll
0x00007ff8dda30000 - 0x00007ff8ddb06000 	C:\Program Files\Java\jdk-18.0.2.1\bin\jsvml.dll
0x00007ff930f80000 - 0x00007ff9317da000 	C:\WINDOWS\System32\SHELL32.dll
0x00007ff92d310000 - 0x00007ff92dc06000 	C:\WINDOWS\SYSTEM32\windows.storage.dll
0x00007ff92d1d0000 - 0x00007ff92d30e000 	C:\WINDOWS\SYSTEM32\wintypes.dll
0x00007ff930e10000 - 0x00007ff930f03000 	C:\WINDOWS\System32\SHCORE.dll
0x00007ff9319b0000 - 0x00007ff931a0e000 	C:\WINDOWS\System32\shlwapi.dll
0x00007ff92f370000 - 0x00007ff92f396000 	C:\WINDOWS\SYSTEM32\profapi.dll
0x00007ff8fe620000 - 0x00007ff8fe633000 	C:\Program Files\Java\jdk-18.0.2.1\bin\net.dll
0x00007ff9284c0000 - 0x00007ff9285f7000 	C:\WINDOWS\SYSTEM32\WINHTTP.dll
0x00007ff92e8e0000 - 0x00007ff92e949000 	C:\WINDOWS\system32\mswsock.dll
0x00007ff8fd860000 - 0x00007ff8fd876000 	C:\Program Files\Java\jdk-18.0.2.1\bin\nio.dll
0x00007ff8fd7d0000 - 0x00007ff8fd7e8000 	C:\Program Files\Java\jdk-18.0.2.1\bin\zip.dll
0x00007ff8fed80000 - 0x00007ff8fed90000 	C:\Program Files\Java\jdk-18.0.2.1\bin\verify.dll

dbghelp: loaded successfully - version: 4.0.5 - missing functions: none
symbol engine: initialized successfully - sym options: 0x614 - pdb path: .;C:\Program Files\Java\jdk-18.0.2.1\bin;C:\WINDOWS\SYSTEM32;C:\WINDOWS\WinSxS\amd64_microsoft.windows.common-controls_6595b64144ccf1df_6.0.22621.2506_none_270c5ae97388e100;C:\Program Files\Java\jdk-18.0.2.1\bin\server

VM Arguments:
java_command: org.jetbrains.kotlin.cli.jvm.K2JVMCompiler @D:\projects\booknex-2\apps\mobile\node_modules\react-native-screens\android\build\20231223_16805271661367683026.compiler.options
java_class_path (initial): C:\Users\anton\.gradle\caches\modules-2\files-2.1\org.jetbrains.kotlin\kotlin-compiler-embeddable\1.8.20\78d9baa57f65babf9e0a93e51f62f26f5f35ac3e\kotlin-compiler-embeddable-1.8.20.jar;C:\Users\anton\.gradle\caches\modules-2\files-2.1\org.jetbrains.kotlin\kotlin-stdlib\1.8.20\e72fc5e03ec6c064c678a6bd0d955c88d55b0c4a\kotlin-stdlib-1.8.20.jar;C:\Users\anton\.gradle\caches\modules-2\files-2.1\org.jetbrains.kotlin\kotlin-script-runtime\1.8.20\c850771e723701f9d63dbcf641429c0f29290074\kotlin-script-runtime-1.8.20.jar;C:\Users\anton\.gradle\caches\modules-2\files-2.1\org.jetbrains.kotlin\kotlin-reflect\1.6.10\1cbe9c92c12a94eea200d23c2bbaedaf3daf5132\kotlin-reflect-1.6.10.jar;C:\Users\anton\.gradle\caches\modules-2\files-2.1\org.jetbrains.kotlin\kotlin-daemon-embeddable\1.8.20\c1b808fbe5fee60bd0504a54778120ef40f383d4\kotlin-daemon-embeddable-1.8.20.jar;C:\Users\anton\.gradle\caches\modules-2\files-2.1\org.jetbrains.intellij.deps\trove4j\1.0.20200330\3afb14d5f9ceb459d724e907a21145e8ff394f02\trove4j-1.0.20200330.jar;C:\Users\anton\.gradle\caches\modules-2\files-2.1\net.java.dev.jna\jna\5.6.0\330f2244e9030119ab3030fc3fededc86713d9cc\jna-5.6.0.jar;C:\Users\anton\.gradle\caches\modules-2\files-2.1\org.jetbrains.kotlin\kotlin-stdlib-common\1.8.20\5eddaaf234c8c49d03eebeb6a14feb7f90faca71\kotlin-stdlib-common-1.8.20.jar;C:\Users\anton\.gradle\caches\modules-2\files-2.1\org.jetbrains\annotations\13.0\919f0dfe192fb4e063e7dacadee7f8bb9a2672a9\annotations-13.0.jar
Launcher Type: SUN_STANDARD

[Global flags]
     intx CICompilerCount                          = 12                                        {product} {ergonomic}
     uint ConcGCThreads                            = 3                                         {product} {ergonomic}
     uint G1ConcRefinementThreads                  = 13                                        {product} {ergonomic}
   size_t G1HeapRegionSize                         = 2097152                                   {product} {ergonomic}
    uintx GCDrainStackTargetSize                   = 64                                        {product} {ergonomic}
   size_t InitialHeapSize                          = 257949696                                 {product} {ergonomic}
   size_t MarkStackSize                            = 4194304                                   {product} {ergonomic}
   size_t MaxHeapSize                              = 4120903680                                {product} {ergonomic}
   size_t MaxNewSize                               = 2472542208                                {product} {ergonomic}
   size_t MinHeapDeltaBytes                        = 2097152                                   {product} {ergonomic}
   size_t MinHeapSize                              = 8388608                                   {product} {ergonomic}
    uintx NonNMethodCodeHeapSize                   = 7602480                                {pd product} {ergonomic}
    uintx NonProfiledCodeHeapSize                  = 122027880                              {pd product} {ergonomic}
    uintx ProfiledCodeHeapSize                     = 122027880                              {pd product} {ergonomic}
    uintx ReservedCodeCacheSize                    = 251658240                              {pd product} {ergonomic}
     bool SegmentedCodeCache                       = true                                      {product} {ergonomic}
   size_t SoftMaxHeapSize                          = 4120903680                             {manageable} {ergonomic}
     bool UseCompressedClassPointers               = true                           {product lp64_product} {ergonomic}
     bool UseCompressedOops                        = true                           {product lp64_product} {ergonomic}
     bool UseG1GC                                  = true                                      {product} {ergonomic}
     bool UseLargePagesIndividualAllocation        = false                                  {pd product} {ergonomic}

Logging:
Log output configuration:
 #0: stdout all=warning uptime,level,tags foldmultilines=false
 #1: stderr all=off uptime,level,tags foldmultilines=false

Environment Variables:
JAVA_HOME=C:\Program Files\Java\jdk-18.0.2.1
CLASSPATH=D:\projects\booknex-2\apps\mobile\android\\gradle\wrapper\gradle-wrapper.jar
PATH=D:\projects\booknex-2\apps\mobile\node_modules\.bin;D:\projects\booknex-2\apps\mobile\node_modules\.bin;D:\projects\booknex-2\apps\node_modules\.bin;D:\projects\booknex-2\node_modules\.bin;D:\projects\node_modules\.bin;D:\node_modules\.bin;C:\Program Files\nodejs\node_modules\npm\node_modules\@npmcli\run-script\lib\node-gyp-bin;C:\Program Files\Common Files\Oracle\Java\javapath;C:\Program Files (x86)\Common Files\Oracle\Java\javapath;C:\Program Files\Microsoft\jdk-17.0.8.7-hotspot\bin;C:\Python312\Scripts\;C:\Python312\;C:\WINDOWS\system32;C:\WINDOWS;C:\WINDOWS\System32\Wbem;C:\WINDOWS\System32\WindowsPowerShell\v1.0\;C:\WINDOWS\System32\OpenSSH\;C:\Program Files\NVIDIA Corporation\NVIDIA NvDLISR;C:\Program Files\nodejs\;C:\ProgramData\chocolatey\bin;C:\Program Files\Git\cmd;C:\Program Files (x86)\Yarn\bin\;C:\Users\anton\AppData\Local\Android\Sdk\platform-tools;C:\Users\anton\AppData\Local\Android\Sdk\tools;C:\Users\anton\AppData\Local\jdk-11.0.2\bin;C:\Users\anton\AppData\Local\Microsoft\WindowsApps;C:\Users\anton\AppData\Roaming\npm;C:\Users\anton\AppData\Local\GitHubDesktop\bin;C:\Users\anton\AppData\Local\Yarn\bin;D:\WebStorm 2023.3.1\bin;;C:\Users\anton\AppData\Local\Android\Sdk;;D:\projects\booknex-2\node_modules\.bin
USERNAME=anton
OS=Windows_NT
PROCESSOR_IDENTIFIER=AMD64 Family 25 Model 80 Stepping 0, AuthenticAMD



---------------  S Y S T E M  ---------------

OS:
 Windows 11 , 64 bit Build 22621 (10.0.22621.2506)
OS uptime: 1 days 0:19 hours
Hyper-V role detected

CPU: total 16 (initial active 16) (16 cores per cpu, 2 threads per core) family 25 model 80 stepping 0 microcode 0x0, cx8, cmov, fxsr, ht, mmx, 3dnowpref, sse, sse2, sse3, ssse3, sse4a, sse4.1, sse4.2, popcnt, lzcnt, tsc, tscinvbit, avx, avx2, aes, erms, clmul, bmi1, bmi2, adx, sha, fma, vzeroupper, clflush, clflushopt, hv

Memory: 4k page, system-wide physical 15713M (474M free)
TotalPageFile size 28454M (AvailPageFile size 12M)
current process WorkingSet (physical memory assigned to process): 412M, peak: 412M
current process commit charge ("private bytes"): 465M, peak: 467M

vm_info: Java HotSpot(TM) 64-Bit Server VM (18.0.2.1+1-1) for windows-amd64 JRE (18.0.2.1+1-1), built on Aug 16 2022 01:46:33 by "mach5one" with MS VC++ 16.8 / 16.9 (VS2019)

END.
