#
# There is insufficient memory for the Java Runtime Environment to continue.
# Native memory allocation (malloc) failed to allocate 32744 bytes for Chunk::new
# Possible reasons:
#   The system is out of physical RAM or swap space
#   The process is running with CompressedOops enabled, and the Java Heap may be blocking the growth of the native heap
# Possible solutions:
#   Reduce memory load on the system
#   Increase physical memory or swap space
#   Check if swap backing store is full
#   Decrease Java heap size (-Xmx/-Xms)
#   Decrease number of Java threads
#   Decrease Java thread stack sizes (-Xss)
#   Set larger code cache with -XX:ReservedCodeCacheSize=
#   JVM is running with Unscaled Compressed Oops mode in which the Java heap is
#     placed in the first 4GB address space. The Java Heap base address is the
#     maximum limit for the native heap growth. Please use -XX:HeapBaseMinAddress
#     to set the Java Heap base and to place the Java Heap above 4GB virtual address.
# This output file may be truncated or incomplete.
#
#  Out of Memory Error (arena.cpp:184), pid=22496, tid=15428
#
# JRE version: Java(TM) SE Runtime Environment (18.0.2.1+1) (build 18.0.2.1+1-1)
# Java VM: Java HotSpot(TM) 64-Bit Server VM (18.0.2.1+1-1, mixed mode, sharing, tiered, compressed oops, compressed class ptrs, g1 gc, windows-amd64)
# No core dump will be written. Minidumps are not enabled by default on client versions of Windows
#

---------------  S U M M A R Y ------------

Command Line: -XX:MaxMetaspaceSize=512m --add-opens=java.base/java.util=ALL-UNNAMED --add-opens=java.base/java.lang=ALL-UNNAMED --add-opens=java.base/java.lang.invoke=ALL-UNNAMED --add-opens=java.prefs/java.util.prefs=ALL-UNNAMED --add-opens=java.base/java.nio.charset=ALL-UNNAMED --add-opens=java.base/java.net=ALL-UNNAMED --add-opens=java.base/java.util.concurrent.atomic=ALL-UNNAMED -Xmx2048m -Dfile.encoding=UTF-8 -Duser.country=RU -Duser.language=ru -Duser.variant org.gradle.launcher.daemon.bootstrap.GradleDaemon 8.0.1

Host: AMD Ryzen 7 5800H with Radeon Graphics         , 16 cores, 15G,  Windows 11 , 64 bit Build 22621 (10.0.22621.2506)
Time: Mon Dec 18 09:45:26 2023  Windows 11 , 64 bit Build 22621 (10.0.22621.2506) elapsed time: 45.620027 seconds (0d 0h 0m 45s)

---------------  T H R E A D  ---------------

Current thread (0x000001e2ffd43090):  JavaThread "C2 CompilerThread0" daemon [_thread_in_native, id=15428, stack(0x0000000101300000,0x0000000101400000)]


Current CompileTask:
C2:  45620 10022   !   4       com.google.common.reflect.TypeVisitor::visit (244 bytes)

Stack: [0x0000000101300000,0x0000000101400000]
Native frames: (J=compiled Java code, j=interpreted, Vv=VM code, C=native code)
V  [jvm.dll+0x6993aa]
V  [jvm.dll+0x7f46dd]
V  [jvm.dll+0x7f5fee]
V  [jvm.dll+0x7f66a3]
V  [jvm.dll+0x25cf1f]
V  [jvm.dll+0xb8c2f]
V  [jvm.dll+0xb8fa5]
V  [jvm.dll+0xb8d4b]
V  [jvm.dll+0x677efc]
V  [jvm.dll+0x5a6a7b]
V  [jvm.dll+0x5a2043]
V  [jvm.dll+0x5a1df4]
V  [jvm.dll+0x5a1078]
V  [jvm.dll+0x238453]
V  [jvm.dll+0x231a39]
V  [jvm.dll+0x22f3cb]
V  [jvm.dll+0x1ba01c]
V  [jvm.dll+0x23ee0a]
V  [jvm.dll+0x23d0f5]
V  [jvm.dll+0x7a6dd1]
V  [jvm.dll+0x7a120a]
V  [jvm.dll+0x698255]
C  [ucrtbase.dll+0x29363]
C  [KERNEL32.DLL+0x1257d]
C  [ntdll.dll+0x5aa58]


---------------  P R O C E S S  ---------------

Threads class SMR info:
_java_thread_list=0x000001e29f5076d0, length=234, elements={
0x000001e2f9775060, 0x000001e2ffd2a910, 0x000001e2ffd2b570, 0x000001e2ffd3c6d0,
0x000001e2ffd3d070, 0x000001e2ffd3da10, 0x000001e2ffd3e3b0, 0x000001e2ffd43090,
0x000001e29cc603c0, 0x000001e29cc6bec0, 0x000001e29cd3baf0, 0x000001e29cd3cff0,
0x000001e29e3bf460, 0x000001e29d781a00, 0x000001e29e2c1b10, 0x000001e29e682030,
0x000001e29e6824f0, 0x000001e29e808880, 0x000001e29e867b30, 0x000001e29e821610,
0x000001e29e81eac0, 0x000001e29e8202d0, 0x000001e29e81f930, 0x000001e29e821ae0,
0x000001e29e8207a0, 0x000001e29e81e120, 0x000001e29e81e5f0, 0x000001e29e81ef90,
0x000001e29e820c70, 0x000001e29e821140, 0x000001e2a00e4f40, 0x000001e2a00e6c20,
0x000001e2a00e23f0, 0x000001e2a00e3730, 0x000001e2a00e70f0, 0x000001e2a00e45a0,
0x000001e2a00e4a70, 0x000001e2a00e75c0, 0x000001e2a00e92a0, 0x000001e2a00e5db0,
0x000001e2a00e8430, 0x000001e2a00e8dd0, 0x000001e2a00e6280, 0x000001e2a00e40d0,
0x000001e2a00e7a90, 0x000001e29eef5840, 0x000001e2a00e1f20, 0x000001e2a00e28c0,
0x000001e29fd0e920, 0x000001e29fd0cc40, 0x000001e29fd0d5e0, 0x000001e29fd0bdd0,
0x000001e29fd0f2c0, 0x000001e29fd0edf0, 0x000001e29fd0c770, 0x000001e29fd09280,
0x000001e29fd0d110, 0x000001e29fd0f790, 0x000001e29fd0dab0, 0x000001e29fd0aa90,
0x000001e29fd0c2a0, 0x000001e29fd0df80, 0x000001e29fd07f40, 0x000001e29fd0e450,
0x000001e29fd0af60, 0x000001e29fd0b900, 0x000001e29fd08410, 0x000001e29fd088e0,
0x000001e29fd09750, 0x000001e29fd08db0, 0x000001e29fd0a5c0, 0x000001e29fd09c20,
0x000001e29fd0a0f0, 0x000001e29fd0b430, 0x000001e29e913bd0, 0x000001e29e914570,
0x000001e29e9158b0, 0x000001e29e911ef0, 0x000001e29e90e060, 0x000001e29e90fd40,
0x000001e29e90e530, 0x000001e29e90ea00, 0x000001e29e90f3a0, 0x000001e29e9106e0,
0x000001e29e912890, 0x000001e29e910bb0, 0x000001e29e914f10, 0x000001e29e9123c0,
0x000001e29e912d60, 0x000001e29e913230, 0x000001e29e90f870, 0x000001e29e9153e0,
0x000001e2a0983f50, 0x000001e2a09830e0, 0x000001e2a0985290, 0x000001e2a0984420,
0x000001e2a0985760, 0x000001e2a0982c10, 0x000001e2a0982740, 0x000001e2a0984dc0,
0x000001e2a0986100, 0x000001e2a09848f0, 0x000001e2a09835b0, 0x000001e2a0983a80,
0x000001e29dac7980, 0x000001e29dac8cc0, 0x000001e29dac9190, 0x000001e29dac6fe0,
0x000001e29dac9660, 0x000001e29dac87f0, 0x000001e29dac74b0, 0x000001e29dac9b30,
0x000001e29dac6640, 0x000001e29dac7e50, 0x000001e29dac6170, 0x000001e29dac8320,
0x000001e29dac6b10, 0x000001e2a055ef10, 0x000001e2a055c890, 0x000001e2a055b550,
0x000001e2a055cd60, 0x000001e2a055b080, 0x000001e2a055abb0, 0x000001e2a055f3e0,
0x000001e2a055f8b0, 0x000001e2a0559d40, 0x000001e2a0558530, 0x000001e2a055ba20,
0x000001e2a055ea40, 0x000001e2a055a6e0, 0x000001e2a055c3c0, 0x000001e2a055e0a0,
0x000001e2a0558ed0, 0x000001e2a05593a0, 0x000001e2a055e570, 0x000001e2a055d230,
0x000001e2a0559870, 0x000001e2a055d700, 0x000001e2a055a210, 0x000001e29dafe3c0,
0x000001e29dafd080, 0x000001e29dafcbb0, 0x000001e29db013e0, 0x000001e29dafb870,
0x000001e29dafaa00, 0x000001e29db000a0, 0x000001e29daff700, 0x000001e29db00a40,
0x000001e29dafa530, 0x000001e29dafe890, 0x000001e29dafed60, 0x000001e29dafa060,
0x000001e29dafd550, 0x000001e29daff230, 0x000001e29dafc210, 0x000001e29daffbd0,
0x000001e29db00f10, 0x000001e29db00570, 0x000001e29daf9b90, 0x000001e29dafaed0,
0x000001e29dafdef0, 0x000001e29dafda20, 0x000001e29dafb3a0, 0x000001e29dafbd40,
0x000001e29dafc6e0, 0x000001e29dc8bc40, 0x000001e29dc8b2a0, 0x000001e29dc8c110,
0x000001e29dc8b770, 0x000001e29dc8c5e0, 0x000001e29dc8cab0, 0x000001e29dc8ec60,
0x000001e29dc88280, 0x000001e29dc8f130, 0x000001e29dc8d450, 0x000001e29dc8cf80,
0x000001e29dc8d920, 0x000001e29dc8ddf0, 0x000001e29dc8add0, 0x000001e29dc878e0,
0x000001e29dc87db0, 0x000001e29dc890f0, 0x000001e29dc8e2c0, 0x000001e29dc895c0,
0x000001e29dc8e790, 0x000001e29dc8a430, 0x000001e29dc88750, 0x000001e29dc89a90,
0x000001e29dc88c20, 0x000001e29dc89f60, 0x000001e29dc8a900, 0x000001e2a0c78ce0,
0x000001e2a0c7bd00, 0x000001e2a0c79680, 0x000001e2a0c744b0, 0x000001e2a0c77000,
0x000001e2a0c78340, 0x000001e2a0c7b360, 0x000001e2a0c757f0, 0x000001e2a0c7a9c0,
0x000001e2a0c79b50, 0x000001e2a0c7a020, 0x000001e2a0c74980, 0x000001e2a0c7ae90,
0x000001e2a0c7b830, 0x000001e2a0c7a4f0, 0x000001e2a0c74e50, 0x000001e2a0c75320,
0x000001e2a0c75cc0, 0x000001e2a0c76190, 0x000001e2a0c76b30, 0x000001e2a0c76660,
0x000001e2a0c774d0, 0x000001e2a0c77e70, 0x000001e2a0c779a0, 0x000001e2a0c78810,
0x000001e2a0c791b0, 0x000001e29f261a30, 0x000001e29f261f00, 0x000001e29f25c860,
0x000001e29f263240, 0x000001e29f260220, 0x000001e29f25cd30, 0x000001e29f2628a0,
0x000001e29f2623d0, 0x000001e29f262d70, 0x000001e29f25e540, 0x000001e29f25d200,
0x000001e29f25bec0, 0x000001e29f263710, 0x000001e29f25c390, 0x000001e29f261560,
0x000001e29f25e070, 0x000001e29f25d6d0
}

Java Threads: ( => current thread )
  0x000001e2f9775060 JavaThread "main" [_thread_blocked, id=15560, stack(0x0000000100600000,0x0000000100700000)]
  0x000001e2ffd2a910 JavaThread "Reference Handler" daemon [_thread_blocked, id=18092, stack(0x0000000100d00000,0x0000000100e00000)]
  0x000001e2ffd2b570 JavaThread "Finalizer" daemon [_thread_blocked, id=21520, stack(0x0000000100e00000,0x0000000100f00000)]
  0x000001e2ffd3c6d0 JavaThread "Signal Dispatcher" daemon [_thread_blocked, id=15184, stack(0x0000000100f00000,0x0000000101000000)]
  0x000001e2ffd3d070 JavaThread "Attach Listener" daemon [_thread_blocked, id=20892, stack(0x0000000101000000,0x0000000101100000)]
  0x000001e2ffd3da10 JavaThread "Service Thread" daemon [_thread_blocked, id=16392, stack(0x0000000101100000,0x0000000101200000)]
  0x000001e2ffd3e3b0 JavaThread "Monitor Deflation Thread" daemon [_thread_blocked, id=13104, stack(0x0000000101200000,0x0000000101300000)]
=>0x000001e2ffd43090 JavaThread "C2 CompilerThread0" daemon [_thread_in_native, id=15428, stack(0x0000000101300000,0x0000000101400000)]
  0x000001e29cc603c0 JavaThread "C1 CompilerThread0" daemon [_thread_blocked, id=9524, stack(0x0000000101400000,0x0000000101500000)]
  0x000001e29cc6bec0 JavaThread "Sweeper thread" daemon [_thread_blocked, id=19084, stack(0x0000000101500000,0x0000000101600000)]
  0x000001e29cd3baf0 JavaThread "Common-Cleaner" daemon [_thread_blocked, id=2752, stack(0x0000000101700000,0x0000000101800000)]
  0x000001e29cd3cff0 JavaThread "Notification Thread" daemon [_thread_blocked, id=22624, stack(0x0000000101800000,0x0000000101900000)]
  0x000001e29e3bf460 JavaThread "Daemon health stats" [_thread_blocked, id=28260, stack(0x0000000102100000,0x0000000102200000)]
  0x000001e29d781a00 JavaThread "Incoming local TCP Connector on port 59477" [_thread_in_native, id=23744, stack(0x0000000101a00000,0x0000000101b00000)]
  0x000001e29e2c1b10 JavaThread "Daemon periodic checks" [_thread_blocked, id=1960, stack(0x0000000102200000,0x0000000102300000)]
  0x000001e29e682030 JavaThread "Daemon" [_thread_blocked, id=15164, stack(0x0000000102300000,0x0000000102400000)]
  0x000001e29e6824f0 JavaThread "Handler for socket connection from /127.0.0.1:59477 to /127.0.0.1:59478" [_thread_in_native, id=15860, stack(0x0000000102400000,0x0000000102500000)]
  0x000001e29e808880 JavaThread "Cancel handler" [_thread_blocked, id=17420, stack(0x0000000102500000,0x0000000102600000)]
  0x000001e29e867b30 JavaThread "Daemon worker" [_thread_in_vm, id=5456, stack(0x0000000102600000,0x0000000102700000)]
  0x000001e29e821610 JavaThread "Asynchronous log dispatcher for DefaultDaemonConnection: socket connection from /127.0.0.1:59477 to /127.0.0.1:59478" [_thread_blocked, id=4132, stack(0x0000000102700000,0x0000000102800000)]
  0x000001e29e81eac0 JavaThread "Stdin handler" [_thread_blocked, id=17740, stack(0x0000000102800000,0x0000000102900000)]
  0x000001e29e8202d0 JavaThread "Daemon client event forwarder" [_thread_blocked, id=24040, stack(0x0000000102900000,0x0000000102a00000)]
  0x000001e29e81f930 JavaThread "Cache worker for journal cache (C:\Users\anton\.gradle\caches\journal-1)" [_thread_blocked, id=15452, stack(0x0000000102a00000,0x0000000102b00000)]
  0x000001e29e821ae0 JavaThread "File lock request listener" [_thread_in_native, id=24884, stack(0x0000000102b00000,0x0000000102c00000)]
  0x000001e29e8207a0 JavaThread "Cache worker for file hash cache (C:\Users\anton\.gradle\caches\8.0.1\fileHashes)" [_thread_blocked, id=8460, stack(0x0000000102c00000,0x0000000102d00000)]
  0x000001e29e81e120 JavaThread "File lock release action executor" [_thread_blocked, id=18412, stack(0x0000000102d00000,0x0000000102e00000)]
  0x000001e29e81e5f0 JavaThread "File watcher server" daemon [_thread_in_native, id=24404, stack(0x0000000102e00000,0x0000000102f00000)]
  0x000001e29e81ef90 JavaThread "File watcher consumer" daemon [_thread_blocked, id=26404, stack(0x0000000102f00000,0x0000000103000000)]
  0x000001e29e820c70 JavaThread "Cache worker for checksums cache (D:\projects\booknex-2\apps\mobile\android\.gradle\8.0.1\checksums)" [_thread_blocked, id=15128, stack(0x0000000103000000,0x0000000103100000)]
  0x000001e29e821140 JavaThread "Cache worker for cache directory md-rule (C:\Users\anton\.gradle\caches\8.0.1\md-rule)" [_thread_blocked, id=18964, stack(0x0000000103b00000,0x0000000103c00000)]
  0x000001e2a00e4f40 JavaThread "Cache worker for file content cache (C:\Users\anton\.gradle\caches\8.0.1\fileContent)" [_thread_blocked, id=16672, stack(0x0000000103c00000,0x0000000103d00000)]
  0x000001e2a00e6c20 JavaThread "Cache worker for file hash cache (D:\projects\booknex-2\apps\mobile\android\.gradle\8.0.1\fileHashes)" [_thread_blocked, id=16296, stack(0x0000000103d00000,0x0000000103e00000)]
  0x000001e2a00e23f0 JavaThread "Cache worker for cache directory md-supplier (C:\Users\anton\.gradle\caches\8.0.1\md-supplier)" [_thread_blocked, id=24248, stack(0x0000000103e00000,0x0000000103f00000)]
  0x000001e2a00e3730 JavaThread "Cache worker for execution history cache (C:\Users\anton\.gradle\caches\8.0.1\executionHistory)" [_thread_blocked, id=17284, stack(0x0000000103f00000,0x0000000104000000)]
  0x000001e2a00e70f0 JavaThread "jar transforms" [_thread_blocked, id=2096, stack(0x0000000104000000,0x0000000104100000)]
  0x000001e2a00e45a0 JavaThread "jar transforms Thread 2" [_thread_blocked, id=17136, stack(0x0000000104100000,0x0000000104200000)]
  0x000001e2a00e4a70 JavaThread "jar transforms Thread 3" [_thread_blocked, id=6724, stack(0x0000000104200000,0x0000000104300000)]
  0x000001e2a00e75c0 JavaThread "jar transforms Thread 4" [_thread_blocked, id=21636, stack(0x0000000104300000,0x0000000104400000)]
  0x000001e2a00e92a0 JavaThread "Cache worker for kotlin-dsl (C:\Users\anton\.gradle\caches\8.0.1\kotlin-dsl)" [_thread_blocked, id=23352, stack(0x0000000102000000,0x0000000102100000)]
  0x000001e2a00e5db0 JavaThread "jar transforms Thread 5" [_thread_blocked, id=7784, stack(0x0000000101b00000,0x0000000101c00000)]
  0x000001e2a00e8430 JavaThread "jar transforms Thread 6" [_thread_blocked, id=15660, stack(0x0000000101600000,0x0000000101700000)]
  0x000001e2a00e8dd0 JavaThread "Cache worker for dependencies-accessors (D:\projects\booknex-2\apps\mobile\android\.gradle\8.0.1\dependencies-accessors)" [_thread_blocked, id=2992, stack(0x0000000104400000,0x0000000104500000)]
  0x000001e2a00e6280 JavaThread "Cache worker for Build Output Cleanup Cache (D:\projects\booknex-2\apps\mobile\node_modules\@react-native\gradle-plugin\.gradle\buildOutputCleanup)" [_thread_blocked, id=18328, stack(0x0000000104600000,0x0000000104700000)]
  0x000001e2a00e40d0 JavaThread "jar transforms Thread 7" [_thread_blocked, id=9036, stack(0x0000000104500000,0x0000000104600000)]
  0x000001e2a00e7a90 JavaThread "File lock release action executor Thread 2" [_thread_blocked, id=20148, stack(0x0000000104700000,0x0000000104800000)]
  0x000001e29eef5840 JavaThread "C1 CompilerThread1" daemon [_thread_blocked, id=25652, stack(0x0000000104800000,0x0000000104900000)]
  0x000001e2a00e1f20 JavaThread "Unconstrained build operations" [_thread_blocked, id=25644, stack(0x0000000104900000,0x0000000104a00000)]
  0x000001e2a00e28c0 JavaThread "Unconstrained build operations Thread 2" [_thread_blocked, id=25648, stack(0x0000000104a00000,0x0000000104b00000)]
  0x000001e29fd0e920 JavaThread "Unconstrained build operations Thread 3" [_thread_blocked, id=25632, stack(0x0000000104b00000,0x0000000104c00000)]
  0x000001e29fd0cc40 JavaThread "Unconstrained build operations Thread 4" [_thread_blocked, id=25636, stack(0x0000000104c00000,0x0000000104d00000)]
  0x000001e29fd0d5e0 JavaThread "Unconstrained build operations Thread 5" [_thread_blocked, id=25660, stack(0x0000000104d00000,0x0000000104e00000)]
  0x000001e29fd0bdd0 JavaThread "Unconstrained build operations Thread 6" [_thread_blocked, id=25656, stack(0x0000000104e00000,0x0000000104f00000)]
  0x000001e29fd0f2c0 JavaThread "Unconstrained build operations Thread 7" [_thread_blocked, id=25664, stack(0x0000000104f00000,0x0000000105000000)]
  0x000001e29fd0edf0 JavaThread "Unconstrained build operations Thread 8" [_thread_blocked, id=25668, stack(0x0000000105000000,0x0000000105100000)]
  0x000001e29fd0c770 JavaThread "Unconstrained build operations Thread 9" [_thread_blocked, id=25672, stack(0x0000000105100000,0x0000000105200000)]
  0x000001e29fd09280 JavaThread "Unconstrained build operations Thread 10" [_thread_blocked, id=25676, stack(0x0000000105200000,0x0000000105300000)]
  0x000001e29fd0d110 JavaThread "Unconstrained build operations Thread 11" [_thread_blocked, id=25680, stack(0x0000000105300000,0x0000000105400000)]
  0x000001e29fd0f790 JavaThread "Unconstrained build operations Thread 12" [_thread_blocked, id=25684, stack(0x0000000105400000,0x0000000105500000)]
  0x000001e29fd0dab0 JavaThread "Unconstrained build operations Thread 13" [_thread_blocked, id=25688, stack(0x0000000105500000,0x0000000105600000)]
  0x000001e29fd0aa90 JavaThread "Unconstrained build operations Thread 14" [_thread_blocked, id=25692, stack(0x0000000105600000,0x0000000105700000)]
  0x000001e29fd0c2a0 JavaThread "Unconstrained build operations Thread 15" [_thread_blocked, id=25696, stack(0x0000000105700000,0x0000000105800000)]
  0x000001e29fd0df80 JavaThread "Unconstrained build operations Thread 16" [_thread_blocked, id=25700, stack(0x0000000105800000,0x0000000105900000)]
  0x000001e29fd07f40 JavaThread "Unconstrained build operations Thread 17" [_thread_blocked, id=25708, stack(0x0000000105900000,0x0000000105a00000)]
  0x000001e29fd0e450 JavaThread "Unconstrained build operations Thread 18" [_thread_blocked, id=25704, stack(0x0000000105a00000,0x0000000105b00000)]
  0x000001e29fd0af60 JavaThread "Unconstrained build operations Thread 19" [_thread_blocked, id=25720, stack(0x0000000105b00000,0x0000000105c00000)]
  0x000001e29fd0b900 JavaThread "Unconstrained build operations Thread 20" [_thread_blocked, id=25712, stack(0x0000000105c00000,0x0000000105d00000)]
  0x000001e29fd08410 JavaThread "Unconstrained build operations Thread 21" [_thread_blocked, id=25716, stack(0x0000000105d00000,0x0000000105e00000)]
  0x000001e29fd088e0 JavaThread "Unconstrained build operations Thread 22" [_thread_blocked, id=25724, stack(0x0000000105e00000,0x0000000105f00000)]
  0x000001e29fd09750 JavaThread "Unconstrained build operations Thread 23" [_thread_blocked, id=25728, stack(0x0000000105f00000,0x0000000106000000)]
  0x000001e29fd08db0 JavaThread "Unconstrained build operations Thread 24" [_thread_blocked, id=25732, stack(0x0000000106000000,0x0000000106100000)]
  0x000001e29fd0a5c0 JavaThread "Unconstrained build operations Thread 25" [_thread_blocked, id=22180, stack(0x0000000106100000,0x0000000106200000)]
  0x000001e29fd09c20 JavaThread "Unconstrained build operations Thread 26" [_thread_blocked, id=25768, stack(0x0000000106200000,0x0000000106300000)]
  0x000001e29fd0a0f0 JavaThread "jar transforms Thread 8" [_thread_blocked, id=20348, stack(0x0000000100500000,0x0000000100600000)]
  0x000001e29fd0b430 JavaThread "jar transforms Thread 9" [_thread_blocked, id=20260, stack(0x0000000106300000,0x0000000106400000)]
  0x000001e29e913bd0 JavaThread "jar transforms Thread 10" [_thread_blocked, id=23748, stack(0x0000000106400000,0x0000000106500000)]
  0x000001e29e914570 JavaThread "jar transforms Thread 11" [_thread_blocked, id=25484, stack(0x0000000106500000,0x0000000106600000)]
  0x000001e29e9158b0 JavaThread "jar transforms Thread 12" [_thread_blocked, id=2436, stack(0x0000000106600000,0x0000000106700000)]
  0x000001e29e911ef0 JavaThread "jar transforms Thread 13" [_thread_blocked, id=28308, stack(0x0000000106700000,0x0000000106800000)]
  0x000001e29e90e060 JavaThread "jar transforms Thread 14" [_thread_blocked, id=2612, stack(0x0000000106800000,0x0000000106900000)]
  0x000001e29e90fd40 JavaThread "jar transforms Thread 15" [_thread_blocked, id=10096, stack(0x0000000106900000,0x0000000106a00000)]
  0x000001e29e90e530 JavaThread "jar transforms Thread 16" [_thread_blocked, id=5884, stack(0x0000000106a00000,0x0000000106b00000)]
  0x000001e29e90ea00 JavaThread "Memory manager" [_thread_blocked, id=27896, stack(0x0000000106c00000,0x0000000106d00000)]
  0x000001e29e90f3a0 JavaThread "Cache worker for Build Output Cleanup Cache (D:\projects\booknex-2\apps\mobile\android\.gradle\buildOutputCleanup)" [_thread_blocked, id=15600, stack(0x0000000107000000,0x0000000107100000)]
  0x000001e29e9106e0 JavaThread "included builds" [_thread_blocked, id=28664, stack(0x0000000107100000,0x0000000107200000)]
  0x000001e29e912890 JavaThread "Execution worker" [_thread_blocked, id=8544, stack(0x0000000107200000,0x0000000107300000)]
  0x000001e29e910bb0 JavaThread "Execution worker Thread 2" [_thread_blocked, id=18124, stack(0x0000000107300000,0x0000000107400000)]
  0x000001e29e914f10 JavaThread "Execution worker Thread 3" [_thread_blocked, id=13404, stack(0x0000000107400000,0x0000000107500000)]
  0x000001e29e9123c0 JavaThread "Execution worker Thread 4" [_thread_blocked, id=12308, stack(0x0000000107500000,0x0000000107600000)]
  0x000001e29e912d60 JavaThread "Execution worker Thread 5" [_thread_blocked, id=16432, stack(0x0000000107600000,0x0000000107700000)]
  0x000001e29e913230 JavaThread "Execution worker Thread 6" [_thread_blocked, id=13408, stack(0x0000000107700000,0x0000000107800000)]
  0x000001e29e90f870 JavaThread "Execution worker Thread 7" [_thread_blocked, id=12336, stack(0x0000000107800000,0x0000000107900000)]
  0x000001e29e9153e0 JavaThread "Execution worker Thread 8" [_thread_blocked, id=11948, stack(0x0000000107900000,0x0000000107a00000)]
  0x000001e2a0983f50 JavaThread "Execution worker Thread 9" [_thread_blocked, id=3716, stack(0x0000000107a00000,0x0000000107b00000)]
  0x000001e2a09830e0 JavaThread "Execution worker Thread 10" [_thread_blocked, id=15484, stack(0x0000000107b00000,0x0000000107c00000)]
  0x000001e2a0985290 JavaThread "Execution worker Thread 11" [_thread_blocked, id=12556, stack(0x0000000107c00000,0x0000000107d00000)]
  0x000001e2a0984420 JavaThread "Execution worker Thread 12" [_thread_blocked, id=18144, stack(0x0000000107d00000,0x0000000107e00000)]
  0x000001e2a0985760 JavaThread "Execution worker Thread 13" [_thread_blocked, id=17280, stack(0x0000000107e00000,0x0000000107f00000)]
  0x000001e2a0982c10 JavaThread "Execution worker Thread 14" [_thread_blocked, id=15032, stack(0x0000000107f00000,0x0000000108000000)]
  0x000001e2a0982740 JavaThread "Execution worker Thread 15" [_thread_blocked, id=18040, stack(0x0000000108000000,0x0000000108100000)]
  0x000001e2a0984dc0 JavaThread "Cache worker for execution history cache (D:\projects\booknex-2\apps\mobile\node_modules\@react-native\gradle-plugin\.gradle\8.0.1\executionHistory)" [_thread_blocked, id=18508, stack(0x0000000108100000,0x0000000108200000)]
  0x000001e2a0986100 JavaThread "Unconstrained build operations Thread 27" [_thread_blocked, id=10132, stack(0x0000000108200000,0x0000000108300000)]
  0x000001e2a09848f0 JavaThread "Unconstrained build operations Thread 28" [_thread_blocked, id=13136, stack(0x0000000108300000,0x0000000108400000)]
  0x000001e2a09835b0 JavaThread "Unconstrained build operations Thread 29" [_thread_blocked, id=17700, stack(0x0000000108400000,0x0000000108500000)]
  0x000001e2a0983a80 JavaThread "Unconstrained build operations Thread 30" [_thread_blocked, id=13316, stack(0x0000000108500000,0x0000000108600000)]
  0x000001e29dac7980 JavaThread "Unconstrained build operations Thread 31" [_thread_blocked, id=3232, stack(0x0000000108600000,0x0000000108700000)]
  0x000001e29dac8cc0 JavaThread "Unconstrained build operations Thread 32" [_thread_blocked, id=13380, stack(0x0000000108700000,0x0000000108800000)]
  0x000001e29dac9190 JavaThread "Unconstrained build operations Thread 33" [_thread_blocked, id=25508, stack(0x0000000108800000,0x0000000108900000)]
  0x000001e29dac6fe0 JavaThread "Unconstrained build operations Thread 34" [_thread_blocked, id=13388, stack(0x0000000108900000,0x0000000108a00000)]
  0x000001e29dac9660 JavaThread "Unconstrained build operations Thread 35" [_thread_blocked, id=26472, stack(0x0000000108a00000,0x0000000108b00000)]
  0x000001e29dac87f0 JavaThread "Unconstrained build operations Thread 36" [_thread_blocked, id=23876, stack(0x0000000108b00000,0x0000000108c00000)]
  0x000001e29dac74b0 JavaThread "Unconstrained build operations Thread 37" [_thread_blocked, id=15408, stack(0x0000000108c00000,0x0000000108d00000)]
  0x000001e29dac9b30 JavaThread "Unconstrained build operations Thread 38" [_thread_blocked, id=12532, stack(0x0000000108d00000,0x0000000108e00000)]
  0x000001e29dac6640 JavaThread "Unconstrained build operations Thread 39" [_thread_blocked, id=17796, stack(0x0000000108e00000,0x0000000108f00000)]
  0x000001e29dac7e50 JavaThread "Unconstrained build operations Thread 40" [_thread_blocked, id=12564, stack(0x0000000108f00000,0x0000000109000000)]
  0x000001e29dac6170 JavaThread "Unconstrained build operations Thread 41" [_thread_blocked, id=18372, stack(0x0000000109000000,0x0000000109100000)]
  0x000001e29dac8320 JavaThread "Unconstrained build operations Thread 42" [_thread_blocked, id=13180, stack(0x0000000109100000,0x0000000109200000)]
  0x000001e29dac6b10 JavaThread "Unconstrained build operations Thread 43" [_thread_blocked, id=10288, stack(0x0000000109200000,0x0000000109300000)]
  0x000001e2a055ef10 JavaThread "Unconstrained build operations Thread 44" [_thread_blocked, id=17680, stack(0x0000000109300000,0x0000000109400000)]
  0x000001e2a055c890 JavaThread "Unconstrained build operations Thread 45" [_thread_blocked, id=3212, stack(0x0000000109400000,0x0000000109500000)]
  0x000001e2a055b550 JavaThread "Unconstrained build operations Thread 46" [_thread_blocked, id=26340, stack(0x0000000109500000,0x0000000109600000)]
  0x000001e2a055cd60 JavaThread "Unconstrained build operations Thread 47" [_thread_blocked, id=9804, stack(0x0000000109600000,0x0000000109700000)]
  0x000001e2a055b080 JavaThread "Unconstrained build operations Thread 48" [_thread_blocked, id=19928, stack(0x0000000109700000,0x0000000109800000)]
  0x000001e2a055abb0 JavaThread "Unconstrained build operations Thread 49" [_thread_blocked, id=27752, stack(0x0000000109800000,0x0000000109900000)]
  0x000001e2a055f3e0 JavaThread "Unconstrained build operations Thread 50" [_thread_blocked, id=12192, stack(0x0000000109900000,0x0000000109a00000)]
  0x000001e2a055f8b0 JavaThread "Unconstrained build operations Thread 51" [_thread_blocked, id=16628, stack(0x0000000109a00000,0x0000000109b00000)]
  0x000001e2a0559d40 JavaThread "Unconstrained build operations Thread 52" [_thread_blocked, id=16800, stack(0x0000000109b00000,0x0000000109c00000)]
  0x000001e2a0558530 JavaThread "Unconstrained build operations Thread 53" [_thread_blocked, id=19768, stack(0x0000000109c00000,0x0000000109d00000)]
  0x000001e2a055ba20 JavaThread "Unconstrained build operations Thread 54" [_thread_blocked, id=25008, stack(0x0000000109d00000,0x0000000109e00000)]
  0x000001e2a055ea40 JavaThread "Unconstrained build operations Thread 55" [_thread_blocked, id=28028, stack(0x0000000109e00000,0x0000000109f00000)]
  0x000001e2a055a6e0 JavaThread "Unconstrained build operations Thread 56" [_thread_blocked, id=17968, stack(0x0000000109f00000,0x000000010a000000)]
  0x000001e2a055c3c0 JavaThread "Unconstrained build operations Thread 57" [_thread_blocked, id=13448, stack(0x000000010a000000,0x000000010a100000)]
  0x000001e2a055e0a0 JavaThread "Unconstrained build operations Thread 58" [_thread_blocked, id=26040, stack(0x000000010a100000,0x000000010a200000)]
  0x000001e2a0558ed0 JavaThread "Unconstrained build operations Thread 59" [_thread_blocked, id=7440, stack(0x000000010a200000,0x000000010a300000)]
  0x000001e2a05593a0 JavaThread "Unconstrained build operations Thread 60" [_thread_blocked, id=18312, stack(0x000000010a300000,0x000000010a400000)]
  0x000001e2a055e570 JavaThread "Unconstrained build operations Thread 61" [_thread_blocked, id=18152, stack(0x000000010a400000,0x000000010a500000)]
  0x000001e2a055d230 JavaThread "Unconstrained build operations Thread 62" [_thread_blocked, id=27448, stack(0x000000010a500000,0x000000010a600000)]
  0x000001e2a0559870 JavaThread "Unconstrained build operations Thread 63" [_thread_blocked, id=9280, stack(0x000000010a600000,0x000000010a700000)]
  0x000001e2a055d700 JavaThread "Unconstrained build operations Thread 64" [_thread_blocked, id=23504, stack(0x000000010a700000,0x000000010a800000)]
  0x000001e2a055a210 JavaThread "Unconstrained build operations Thread 65" [_thread_blocked, id=27568, stack(0x000000010a800000,0x000000010a900000)]
  0x000001e29dafe3c0 JavaThread "Unconstrained build operations Thread 66" [_thread_blocked, id=26456, stack(0x000000010a900000,0x000000010aa00000)]
  0x000001e29dafd080 JavaThread "Unconstrained build operations Thread 67" [_thread_blocked, id=13048, stack(0x000000010aa00000,0x000000010ab00000)]
  0x000001e29dafcbb0 JavaThread "Unconstrained build operations Thread 68" [_thread_blocked, id=27804, stack(0x000000010ab00000,0x000000010ac00000)]
  0x000001e29db013e0 JavaThread "Unconstrained build operations Thread 69" [_thread_blocked, id=20476, stack(0x000000010ac00000,0x000000010ad00000)]
  0x000001e29dafb870 JavaThread "Unconstrained build operations Thread 70" [_thread_blocked, id=20356, stack(0x000000010ad00000,0x000000010ae00000)]
  0x000001e29dafaa00 JavaThread "Unconstrained build operations Thread 71" [_thread_blocked, id=15076, stack(0x000000010ae00000,0x000000010af00000)]
  0x000001e29db000a0 JavaThread "Unconstrained build operations Thread 72" [_thread_blocked, id=23492, stack(0x000000010af00000,0x000000010b000000)]
  0x000001e29daff700 JavaThread "Unconstrained build operations Thread 73" [_thread_blocked, id=12068, stack(0x000000010b000000,0x000000010b100000)]
  0x000001e29db00a40 JavaThread "Unconstrained build operations Thread 74" [_thread_blocked, id=8140, stack(0x000000010b100000,0x000000010b200000)]
  0x000001e29dafa530 JavaThread "Unconstrained build operations Thread 75" [_thread_blocked, id=18496, stack(0x000000010b200000,0x000000010b300000)]
  0x000001e29dafe890 JavaThread "Unconstrained build operations Thread 76" [_thread_blocked, id=22596, stack(0x000000010b300000,0x000000010b400000)]
  0x000001e29dafed60 JavaThread "Unconstrained build operations Thread 77" [_thread_blocked, id=23184, stack(0x000000010b400000,0x000000010b500000)]
  0x000001e29dafa060 JavaThread "Unconstrained build operations Thread 78" [_thread_blocked, id=8440, stack(0x000000010b500000,0x000000010b600000)]
  0x000001e29dafd550 JavaThread "Unconstrained build operations Thread 79" [_thread_blocked, id=20852, stack(0x000000010b600000,0x000000010b700000)]
  0x000001e29daff230 JavaThread "Unconstrained build operations Thread 80" [_thread_blocked, id=13900, stack(0x000000010b700000,0x000000010b800000)]
  0x000001e29dafc210 JavaThread "Unconstrained build operations Thread 81" [_thread_blocked, id=25336, stack(0x000000010b800000,0x000000010b900000)]
  0x000001e29daffbd0 JavaThread "Unconstrained build operations Thread 82" [_thread_blocked, id=10160, stack(0x000000010b900000,0x000000010ba00000)]
  0x000001e29db00f10 JavaThread "Unconstrained build operations Thread 83" [_thread_blocked, id=16444, stack(0x000000010ba00000,0x000000010bb00000)]
  0x000001e29db00570 JavaThread "Unconstrained build operations Thread 84" [_thread_blocked, id=27572, stack(0x000000010bb00000,0x000000010bc00000)]
  0x000001e29daf9b90 JavaThread "Unconstrained build operations Thread 85" [_thread_blocked, id=22568, stack(0x000000010bc00000,0x000000010bd00000)]
  0x000001e29dafaed0 JavaThread "Unconstrained build operations Thread 86" [_thread_blocked, id=21348, stack(0x000000010bd00000,0x000000010be00000)]
  0x000001e29dafdef0 JavaThread "Unconstrained build operations Thread 87" [_thread_blocked, id=4952, stack(0x000000010be00000,0x000000010bf00000)]
  0x000001e29dafda20 JavaThread "Unconstrained build operations Thread 88" [_thread_blocked, id=7100, stack(0x000000010bf00000,0x000000010c000000)]
  0x000001e29dafb3a0 JavaThread "Unconstrained build operations Thread 89" [_thread_blocked, id=27176, stack(0x000000010c000000,0x000000010c100000)]
  0x000001e29dafbd40 JavaThread "Unconstrained build operations Thread 90" [_thread_blocked, id=18876, stack(0x000000010c100000,0x000000010c200000)]
  0x000001e29dafc6e0 JavaThread "Unconstrained build operations Thread 91" [_thread_blocked, id=28632, stack(0x000000010c200000,0x000000010c300000)]
  0x000001e29dc8bc40 JavaThread "Unconstrained build operations Thread 92" [_thread_blocked, id=3980, stack(0x000000010c300000,0x000000010c400000)]
  0x000001e29dc8b2a0 JavaThread "Unconstrained build operations Thread 93" [_thread_blocked, id=20748, stack(0x000000010c400000,0x000000010c500000)]
  0x000001e29dc8c110 JavaThread "Unconstrained build operations Thread 94" [_thread_blocked, id=10816, stack(0x000000010c500000,0x000000010c600000)]
  0x000001e29dc8b770 JavaThread "Unconstrained build operations Thread 95" [_thread_blocked, id=15796, stack(0x000000010c600000,0x000000010c700000)]
  0x000001e29dc8c5e0 JavaThread "Unconstrained build operations Thread 96" [_thread_blocked, id=12676, stack(0x000000010c700000,0x000000010c800000)]
  0x000001e29dc8cab0 JavaThread "Unconstrained build operations Thread 97" [_thread_blocked, id=16368, stack(0x000000010c800000,0x000000010c900000)]
  0x000001e29dc8ec60 JavaThread "Unconstrained build operations Thread 98" [_thread_blocked, id=15740, stack(0x000000010c900000,0x000000010ca00000)]
  0x000001e29dc88280 JavaThread "Unconstrained build operations Thread 99" [_thread_blocked, id=17988, stack(0x000000010ca00000,0x000000010cb00000)]
  0x000001e29dc8f130 JavaThread "Unconstrained build operations Thread 100" [_thread_blocked, id=23664, stack(0x000000010cb00000,0x000000010cc00000)]
  0x000001e29dc8d450 JavaThread "Unconstrained build operations Thread 101" [_thread_blocked, id=16932, stack(0x000000010cc00000,0x000000010cd00000)]
  0x000001e29dc8cf80 JavaThread "Unconstrained build operations Thread 102" [_thread_blocked, id=26276, stack(0x000000010cd00000,0x000000010ce00000)]
  0x000001e29dc8d920 JavaThread "Unconstrained build operations Thread 103" [_thread_blocked, id=13328, stack(0x000000010ce00000,0x000000010cf00000)]
  0x000001e29dc8ddf0 JavaThread "Unconstrained build operations Thread 104" [_thread_blocked, id=17084, stack(0x000000010cf00000,0x000000010d000000)]
  0x000001e29dc8add0 JavaThread "Unconstrained build operations Thread 105" [_thread_blocked, id=17628, stack(0x000000010d000000,0x000000010d100000)]
  0x000001e29dc878e0 JavaThread "Unconstrained build operations Thread 106" [_thread_blocked, id=23616, stack(0x000000010d100000,0x000000010d200000)]
  0x000001e29dc87db0 JavaThread "Unconstrained build operations Thread 107" [_thread_blocked, id=3972, stack(0x000000010d200000,0x000000010d300000)]
  0x000001e29dc890f0 JavaThread "Unconstrained build operations Thread 108" [_thread_blocked, id=13400, stack(0x000000010d300000,0x000000010d400000)]
  0x000001e29dc8e2c0 JavaThread "Unconstrained build operations Thread 109" [_thread_blocked, id=22388, stack(0x000000010d400000,0x000000010d500000)]
  0x000001e29dc895c0 JavaThread "Unconstrained build operations Thread 110" [_thread_blocked, id=18276, stack(0x000000010d500000,0x000000010d600000)]
  0x000001e29dc8e790 JavaThread "Unconstrained build operations Thread 111" [_thread_blocked, id=13340, stack(0x000000010d600000,0x000000010d700000)]
  0x000001e29dc8a430 JavaThread "Unconstrained build operations Thread 112" [_thread_blocked, id=25212, stack(0x000000010d700000,0x000000010d800000)]
  0x000001e29dc88750 JavaThread "Unconstrained build operations Thread 113" [_thread_blocked, id=13156, stack(0x000000010d800000,0x000000010d900000)]
  0x000001e29dc89a90 JavaThread "Unconstrained build operations Thread 114" [_thread_blocked, id=22076, stack(0x000000010d900000,0x000000010da00000)]
  0x000001e29dc88c20 JavaThread "Unconstrained build operations Thread 115" [_thread_blocked, id=7140, stack(0x000000010da00000,0x000000010db00000)]
  0x000001e29dc89f60 JavaThread "Unconstrained build operations Thread 116" [_thread_blocked, id=13028, stack(0x000000010db00000,0x000000010dc00000)]
  0x000001e29dc8a900 JavaThread "Unconstrained build operations Thread 117" [_thread_blocked, id=15020, stack(0x000000010dc00000,0x000000010dd00000)]
  0x000001e2a0c78ce0 JavaThread "Unconstrained build operations Thread 118" [_thread_blocked, id=6784, stack(0x000000010dd00000,0x000000010de00000)]
  0x000001e2a0c7bd00 JavaThread "Unconstrained build operations Thread 119" [_thread_blocked, id=2640, stack(0x000000010de00000,0x000000010df00000)]
  0x000001e2a0c79680 JavaThread "Unconstrained build operations Thread 120" [_thread_blocked, id=18396, stack(0x000000010df00000,0x000000010e000000)]
  0x000001e2a0c744b0 JavaThread "Unconstrained build operations Thread 121" [_thread_blocked, id=28544, stack(0x000000010e000000,0x000000010e100000)]
  0x000001e2a0c77000 JavaThread "Unconstrained build operations Thread 122" [_thread_blocked, id=13396, stack(0x000000010e100000,0x000000010e200000)]
  0x000001e2a0c78340 JavaThread "Unconstrained build operations Thread 123" [_thread_blocked, id=17660, stack(0x000000010e200000,0x000000010e300000)]
  0x000001e2a0c7b360 JavaThread "Unconstrained build operations Thread 124" [_thread_blocked, id=13016, stack(0x000000010e300000,0x000000010e400000)]
  0x000001e2a0c757f0 JavaThread "Unconstrained build operations Thread 125" [_thread_blocked, id=18472, stack(0x000000010e400000,0x000000010e500000)]
  0x000001e2a0c7a9c0 JavaThread "Unconstrained build operations Thread 126" [_thread_blocked, id=20600, stack(0x000000010e500000,0x000000010e600000)]
  0x000001e2a0c79b50 JavaThread "Unconstrained build operations Thread 127" [_thread_blocked, id=25232, stack(0x000000010e600000,0x000000010e700000)]
  0x000001e2a0c7a020 JavaThread "Unconstrained build operations Thread 128" [_thread_blocked, id=12548, stack(0x000000010e700000,0x000000010e800000)]
  0x000001e2a0c74980 JavaThread "Unconstrained build operations Thread 129" [_thread_blocked, id=18280, stack(0x000000010e800000,0x000000010e900000)]
  0x000001e2a0c7ae90 JavaThread "Unconstrained build operations Thread 130" [_thread_blocked, id=6852, stack(0x000000010e900000,0x000000010ea00000)]
  0x000001e2a0c7b830 JavaThread "Unconstrained build operations Thread 131" [_thread_blocked, id=13308, stack(0x000000010ea00000,0x000000010eb00000)]
  0x000001e2a0c7a4f0 JavaThread "Unconstrained build operations Thread 132" [_thread_blocked, id=17168, stack(0x000000010eb00000,0x000000010ec00000)]
  0x000001e2a0c74e50 JavaThread "Unconstrained build operations Thread 133" [_thread_blocked, id=13364, stack(0x000000010ec00000,0x000000010ed00000)]
  0x000001e2a0c75320 JavaThread "Unconstrained build operations Thread 134" [_thread_blocked, id=12552, stack(0x000000010ed00000,0x000000010ee00000)]
  0x000001e2a0c75cc0 JavaThread "Unconstrained build operations Thread 135" [_thread_blocked, id=17100, stack(0x000000010ee00000,0x000000010ef00000)]
  0x000001e2a0c76190 JavaThread "Unconstrained build operations Thread 136" [_thread_blocked, id=6672, stack(0x000000010ef00000,0x000000010f000000)]
  0x000001e2a0c76b30 JavaThread "Unconstrained build operations Thread 137" [_thread_blocked, id=12588, stack(0x000000010f000000,0x000000010f100000)]
  0x000001e2a0c76660 JavaThread "Unconstrained build operations Thread 138" [_thread_blocked, id=13368, stack(0x000000010f100000,0x000000010f200000)]
  0x000001e2a0c774d0 JavaThread "Unconstrained build operations Thread 139" [_thread_blocked, id=11576, stack(0x000000010f200000,0x000000010f300000)]
  0x000001e2a0c77e70 JavaThread "Unconstrained build operations Thread 140" [_thread_blocked, id=18568, stack(0x000000010f300000,0x000000010f400000)]
  0x000001e2a0c779a0 JavaThread "Unconstrained build operations Thread 141" [_thread_blocked, id=20676, stack(0x000000010f400000,0x000000010f500000)]
  0x000001e2a0c78810 JavaThread "Unconstrained build operations Thread 142" [_thread_blocked, id=21800, stack(0x000000010f500000,0x000000010f600000)]
  0x000001e2a0c791b0 JavaThread "Unconstrained build operations Thread 143" [_thread_blocked, id=11084, stack(0x000000010f600000,0x000000010f700000)]
  0x000001e29f261a30 JavaThread "Unconstrained build operations Thread 144" [_thread_blocked, id=17144, stack(0x000000010f700000,0x000000010f800000)]
  0x000001e29f261f00 JavaThread "Unconstrained build operations Thread 145" [_thread_blocked, id=24168, stack(0x000000010f800000,0x000000010f900000)]
  0x000001e29f25c860 JavaThread "Unconstrained build operations Thread 146" [_thread_blocked, id=5644, stack(0x000000010f900000,0x000000010fa00000)]
  0x000001e29f263240 JavaThread "Unconstrained build operations Thread 147" [_thread_blocked, id=13344, stack(0x000000010fa00000,0x000000010fb00000)]
  0x000001e29f260220 JavaThread "Unconstrained build operations Thread 148" [_thread_blocked, id=23804, stack(0x000000010fb00000,0x000000010fc00000)]
  0x000001e29f25cd30 JavaThread "Unconstrained build operations Thread 149" [_thread_blocked, id=10864, stack(0x000000010fc00000,0x000000010fd00000)]
  0x000001e29f2628a0 JavaThread "Unconstrained build operations Thread 150" [_thread_blocked, id=11848, stack(0x000000010fd00000,0x000000010fe00000)]
  0x000001e29f2623d0 JavaThread "Unconstrained build operations Thread 151" [_thread_blocked, id=18172, stack(0x000000010fe00000,0x000000010ff00000)]
  0x000001e29f262d70 JavaThread "Unconstrained build operations Thread 152" [_thread_blocked, id=12576, stack(0x000000010ff00000,0x0000000110000000)]
  0x000001e29f25e540 JavaThread "Unconstrained build operations Thread 153" [_thread_blocked, id=18652, stack(0x0000000110000000,0x0000000110100000)]
  0x000001e29f25d200 JavaThread "Unconstrained build operations Thread 154" [_thread_blocked, id=14560, stack(0x0000000110100000,0x0000000110200000)]
  0x000001e29f25bec0 JavaThread "Unconstrained build operations Thread 155" [_thread_blocked, id=15628, stack(0x0000000110400000,0x0000000110500000)]
  0x000001e29f263710 JavaThread "Unconstrained build operations Thread 156" [_thread_blocked, id=10028, stack(0x0000000110500000,0x0000000110600000)]
  0x000001e29f25c390 JavaThread "Unconstrained build operations Thread 157" [_thread_blocked, id=21960, stack(0x0000000110600000,0x0000000110700000)]
  0x000001e29f261560 JavaThread "Unconstrained build operations Thread 158" [_thread_blocked, id=18920, stack(0x0000000110700000,0x0000000110800000)]
  0x000001e29f25e070 JavaThread "Unconstrained build operations Thread 159" [_thread_blocked, id=26316, stack(0x0000000110800000,0x0000000110900000)]
  0x000001e29f25d6d0 JavaThread "Unconstrained build operations Thread 160" [_thread_blocked, id=4872, stack(0x0000000110900000,0x0000000110a00000)]

Other Threads:
  0x000001e2f9811410 VMThread "VM Thread" [stack: 0x0000000100c00000,0x0000000100d00000] [id=17204]
  0x000001e29cd474d0 WatcherThread "VM Periodic Task Thread" [stack: 0x0000000101900000,0x0000000101a00000] [id=15160]
  0x000001e2f97d6930 WorkerThread "GC Thread#0" [stack: 0x0000000100700000,0x0000000100800000] [id=27376]
  0x000001e29d929830 WorkerThread "GC Thread#1" [stack: 0x0000000101c00000,0x0000000101d00000] [id=18184]
  0x000001e29d897500 WorkerThread "GC Thread#2" [stack: 0x0000000101d00000,0x0000000101e00000] [id=26200]
  0x000001e29d875f50 WorkerThread "GC Thread#3" [stack: 0x0000000101e00000,0x0000000101f00000] [id=18336]
  0x000001e29d8761f0 WorkerThread "GC Thread#4" [stack: 0x0000000101f00000,0x0000000102000000] [id=4768]
  0x000001e29ee3b9a0 WorkerThread "GC Thread#5" [stack: 0x0000000103100000,0x0000000103200000] [id=23168]
  0x000001e29ee3bc40 WorkerThread "GC Thread#6" [stack: 0x0000000103200000,0x0000000103300000] [id=2824]
  0x000001e29d9fa230 WorkerThread "GC Thread#7" [stack: 0x0000000103300000,0x0000000103400000] [id=26400]
  0x000001e29d9fa4d0 WorkerThread "GC Thread#8" [stack: 0x0000000103400000,0x0000000103500000] [id=17336]
  0x000001e29d9fa770 WorkerThread "GC Thread#9" [stack: 0x0000000103500000,0x0000000103600000] [id=15284]
  0x000001e29f090610 WorkerThread "GC Thread#10" [stack: 0x0000000103600000,0x0000000103700000] [id=16024]
  0x000001e29f0908b0 WorkerThread "GC Thread#11" [stack: 0x0000000103700000,0x0000000103800000] [id=16632]
  0x000001e29f090b50 WorkerThread "GC Thread#12" [stack: 0x0000000103800000,0x0000000103900000] [id=24652]
  0x000001e2f97e7860 ConcurrentGCThread "G1 Main Marker" [stack: 0x0000000100800000,0x0000000100900000] [id=19996]
  0x000001e2f97e8250 WorkerThread "G1 Conc#0" [stack: 0x0000000100900000,0x0000000100a00000] [id=11840]
  0x000001e29d9fd3d0 WorkerThread "G1 Conc#1" [stack: 0x0000000103900000,0x0000000103a00000] [id=2444]
  0x000001e29d9fce90 WorkerThread "G1 Conc#2" [stack: 0x0000000103a00000,0x0000000103b00000] [id=26604]
  0x000001e2f982e960 ConcurrentGCThread "G1 Refine#0" [stack: 0x0000000100a00000,0x0000000100b00000] [id=24308]
  0x000001e2ffb9a660 ConcurrentGCThread "G1 Service" [stack: 0x0000000100b00000,0x0000000100c00000] [id=18852]

Threads with active compile tasks:
C2 CompilerThread0    45653 10022   !   4       com.google.common.reflect.TypeVisitor::visit (244 bytes)

VM state: not at safepoint (normal execution)

VM Mutex/Monitor currently owned by a thread: None

Heap address: 0x0000000080000000, size: 2048 MB, Compressed Oops mode: 32-bit

CDS archive(s) mapped at: [0x0000000800000000-0x0000000800ba0000-0x0000000800ba0000), size 12189696, SharedBaseAddress: 0x0000000800000000, ArchiveRelocationMode: 0.
Compressed class space mapped at: 0x0000000800c00000-0x000000081a800000, reserved size: 432013312
Narrow klass base: 0x0000000800000000, Narrow klass shift: 0, Narrow klass range: 0x100000000

GC Precious Log:
 CardTable entry size: 512
 Card Set container configuration: InlinePtr #cards 5 size 8 Array Of Cards #cards 12 size 40 Howl #buckets 4 coarsen threshold 1843 Howl Bitmap #cards 512 size 80 coarsen threshold 460 Card regions per heap region 1 cards per card region 2048
 CPUs: 16 total, 16 available
 Memory: 15713M
 Large Page Support: Disabled
 NUMA Support: Disabled
 Compressed Oops: Enabled (32-bit)
 Heap Region Size: 1M
 Heap Min Capacity: 8M
 Heap Initial Capacity: 246M
 Heap Max Capacity: 2G
 Pre-touch: Disabled
 Parallel Workers: 13
 Concurrent Workers: 3
 Concurrent Refinement Workers: 13
 Periodic GC: Disabled

Heap:
 garbage-first heap   total 119808K, used 89931K [0x0000000080000000, 0x0000000100000000)
  region size 1024K, 13 young (13312K), 1 survivors (1024K)
 Metaspace       used 68406K, committed 70272K, reserved 487424K
  class space    used 9403K, committed 10368K, reserved 421888K

Heap Regions: E=young(eden), S=young(survivor), O=old, HS=humongous(starts), HC=humongous(continues), CS=collection set, F=free, OA=open archive, CA=closed archive, TAMS=top-at-mark-start (previous, next)
|   0|0x0000000080000000, 0x0000000080100000, 0x0000000080100000|100%|HS|  |TAMS 0x0000000080100000, 0x0000000080000000| Complete 
|   1|0x0000000080100000, 0x0000000080200000, 0x0000000080200000|100%|HC|  |TAMS 0x0000000080200000, 0x0000000080100000| Complete 
|   2|0x0000000080200000, 0x0000000080300000, 0x0000000080300000|100%|HC|  |TAMS 0x0000000080300000, 0x0000000080200000| Complete 
|   3|0x0000000080300000, 0x0000000080400000, 0x0000000080400000|100%|HC|  |TAMS 0x0000000080400000, 0x0000000080300000| Complete 
|   4|0x0000000080400000, 0x0000000080500000, 0x0000000080500000|100%| O|  |TAMS 0x0000000080500000, 0x0000000080400000| Untracked 
|   5|0x0000000080500000, 0x0000000080600000, 0x0000000080600000|100%| O|  |TAMS 0x0000000080600000, 0x0000000080500000| Untracked 
|   6|0x0000000080600000, 0x0000000080700000, 0x0000000080700000|100%| O|  |TAMS 0x0000000080700000, 0x0000000080600000| Untracked 
|   7|0x0000000080700000, 0x0000000080800000, 0x0000000080800000|100%| O|  |TAMS 0x0000000080800000, 0x0000000080700000| Untracked 
|   8|0x0000000080800000, 0x0000000080900000, 0x0000000080900000|100%| O|  |TAMS 0x0000000080900000, 0x0000000080800000| Untracked 
|   9|0x0000000080900000, 0x0000000080a00000, 0x0000000080a00000|100%| O|  |TAMS 0x0000000080a00000, 0x0000000080900000| Untracked 
|  10|0x0000000080a00000, 0x0000000080b00000, 0x0000000080b00000|100%| O|  |TAMS 0x0000000080b00000, 0x0000000080a00000| Untracked 
|  11|0x0000000080b00000, 0x0000000080b00000, 0x0000000080c00000|  0%| F|  |TAMS 0x0000000080b00000, 0x0000000080b00000| Untracked 
|  12|0x0000000080c00000, 0x0000000080d00000, 0x0000000080d00000|100%| O|  |TAMS 0x0000000080d00000, 0x0000000080c00000| Untracked 
|  13|0x0000000080d00000, 0x0000000080e00000, 0x0000000080e00000|100%| O|  |TAMS 0x0000000080e00000, 0x0000000080d00000| Untracked 
|  14|0x0000000080e00000, 0x0000000080f00000, 0x0000000080f00000|100%| O|  |TAMS 0x0000000080f00000, 0x0000000080e00000| Untracked 
|  15|0x0000000080f00000, 0x0000000081000000, 0x0000000081000000|100%| O|  |TAMS 0x0000000081000000, 0x0000000080f00000| Untracked 
|  16|0x0000000081000000, 0x0000000081100000, 0x0000000081100000|100%| O|  |TAMS 0x0000000081100000, 0x0000000081000000| Untracked 
|  17|0x0000000081100000, 0x0000000081200000, 0x0000000081200000|100%| O|  |TAMS 0x0000000081200000, 0x0000000081100000| Untracked 
|  18|0x0000000081200000, 0x0000000081300000, 0x0000000081300000|100%| O|  |TAMS 0x0000000081300000, 0x0000000081200000| Untracked 
|  19|0x0000000081300000, 0x0000000081400000, 0x0000000081400000|100%| O|  |TAMS 0x0000000081400000, 0x0000000081300000| Untracked 
|  20|0x0000000081400000, 0x0000000081500000, 0x0000000081500000|100%| O|  |TAMS 0x0000000081500000, 0x0000000081400000| Untracked 
|  21|0x0000000081500000, 0x0000000081600000, 0x0000000081600000|100%| O|  |TAMS 0x0000000081600000, 0x0000000081500000| Untracked 
|  22|0x0000000081600000, 0x0000000081700000, 0x0000000081700000|100%| O|  |TAMS 0x0000000081700000, 0x0000000081600000| Untracked 
|  23|0x0000000081700000, 0x0000000081800000, 0x0000000081800000|100%| O|  |TAMS 0x0000000081800000, 0x0000000081700000| Untracked 
|  24|0x0000000081800000, 0x0000000081900000, 0x0000000081900000|100%| O|  |TAMS 0x0000000081900000, 0x0000000081800000| Untracked 
|  25|0x0000000081900000, 0x0000000081a00000, 0x0000000081a00000|100%| O|  |TAMS 0x0000000081a00000, 0x0000000081900000| Untracked 
|  26|0x0000000081a00000, 0x0000000081b00000, 0x0000000081b00000|100%| O|  |TAMS 0x0000000081b00000, 0x0000000081a00000| Untracked 
|  27|0x0000000081b00000, 0x0000000081c00000, 0x0000000081c00000|100%| O|  |TAMS 0x0000000081c00000, 0x0000000081b00000| Untracked 
|  28|0x0000000081c00000, 0x0000000081d00000, 0x0000000081d00000|100%| O|  |TAMS 0x0000000081d00000, 0x0000000081c00000| Untracked 
|  29|0x0000000081d00000, 0x0000000081e00000, 0x0000000081e00000|100%| O|  |TAMS 0x0000000081e00000, 0x0000000081d00000| Untracked 
|  30|0x0000000081e00000, 0x0000000081f00000, 0x0000000081f00000|100%| O|  |TAMS 0x0000000081f00000, 0x0000000081e00000| Untracked 
|  31|0x0000000081f00000, 0x0000000082000000, 0x0000000082000000|100%| O|  |TAMS 0x0000000082000000, 0x0000000081f00000| Untracked 
|  32|0x0000000082000000, 0x0000000082100000, 0x0000000082100000|100%| O|  |TAMS 0x0000000082100000, 0x0000000082000000| Untracked 
|  33|0x0000000082100000, 0x0000000082200000, 0x0000000082200000|100%| O|  |TAMS 0x0000000082200000, 0x0000000082100000| Untracked 
|  34|0x0000000082200000, 0x0000000082300000, 0x0000000082300000|100%|HS|  |TAMS 0x0000000082300000, 0x0000000082200000| Complete 
|  35|0x0000000082300000, 0x0000000082400000, 0x0000000082400000|100%|HC|  |TAMS 0x0000000082400000, 0x0000000082300000| Complete 
|  36|0x0000000082400000, 0x0000000082500000, 0x0000000082500000|100%| O|  |TAMS 0x0000000082500000, 0x0000000082400000| Untracked 
|  37|0x0000000082500000, 0x0000000082600000, 0x0000000082600000|100%| O|  |TAMS 0x0000000082600000, 0x0000000082500000| Untracked 
|  38|0x0000000082600000, 0x0000000082700000, 0x0000000082700000|100%|HS|  |TAMS 0x0000000082700000, 0x0000000082600000| Complete 
|  39|0x0000000082700000, 0x0000000082800000, 0x0000000082800000|100%|HC|  |TAMS 0x0000000082800000, 0x0000000082700000| Complete 
|  40|0x0000000082800000, 0x0000000082900000, 0x0000000082900000|100%|HC|  |TAMS 0x0000000082900000, 0x0000000082800000| Complete 
|  41|0x0000000082900000, 0x0000000082a00000, 0x0000000082a00000|100%|HC|  |TAMS 0x0000000082a00000, 0x0000000082900000| Complete 
|  42|0x0000000082a00000, 0x0000000082b00000, 0x0000000082b00000|100%| O|  |TAMS 0x0000000082b00000, 0x0000000082a00000| Untracked 
|  43|0x0000000082b00000, 0x0000000082c00000, 0x0000000082c00000|100%| O|  |TAMS 0x0000000082c00000, 0x0000000082b00000| Untracked 
|  44|0x0000000082c00000, 0x0000000082d00000, 0x0000000082d00000|100%| O|  |TAMS 0x0000000082d00000, 0x0000000082c00000| Untracked 
|  45|0x0000000082d00000, 0x0000000082e00000, 0x0000000082e00000|100%| O|  |TAMS 0x0000000082e00000, 0x0000000082d00000| Untracked 
|  46|0x0000000082e00000, 0x0000000082f00000, 0x0000000082f00000|100%| O|  |TAMS 0x0000000082f00000, 0x0000000082e00000| Untracked 
|  47|0x0000000082f00000, 0x0000000083000000, 0x0000000083000000|100%| O|  |TAMS 0x0000000083000000, 0x0000000082f00000| Untracked 
|  48|0x0000000083000000, 0x0000000083100000, 0x0000000083100000|100%| O|  |TAMS 0x0000000083100000, 0x0000000083000000| Untracked 
|  49|0x0000000083100000, 0x0000000083200000, 0x0000000083200000|100%| O|  |TAMS 0x0000000083200000, 0x0000000083100000| Untracked 
|  50|0x0000000083200000, 0x0000000083300000, 0x0000000083300000|100%| O|  |TAMS 0x0000000083300000, 0x0000000083200000| Untracked 
|  51|0x0000000083300000, 0x0000000083400000, 0x0000000083400000|100%| O|  |TAMS 0x0000000083400000, 0x0000000083300000| Untracked 
|  52|0x0000000083400000, 0x0000000083500000, 0x0000000083500000|100%| O|  |TAMS 0x0000000083500000, 0x0000000083400000| Untracked 
|  53|0x0000000083500000, 0x0000000083600000, 0x0000000083600000|100%| O|  |TAMS 0x0000000083600000, 0x0000000083500000| Untracked 
|  54|0x0000000083600000, 0x0000000083700000, 0x0000000083700000|100%| O|  |TAMS 0x0000000083700000, 0x0000000083600000| Untracked 
|  55|0x0000000083700000, 0x0000000083800000, 0x0000000083800000|100%| O|  |TAMS 0x0000000083800000, 0x0000000083700000| Untracked 
|  56|0x0000000083800000, 0x0000000083900000, 0x0000000083900000|100%| O|  |TAMS 0x0000000083900000, 0x0000000083800000| Untracked 
|  57|0x0000000083900000, 0x0000000083a00000, 0x0000000083a00000|100%| O|  |TAMS 0x0000000083a00000, 0x0000000083900000| Untracked 
|  58|0x0000000083a00000, 0x0000000083b00000, 0x0000000083b00000|100%| O|  |TAMS 0x0000000083b00000, 0x0000000083a00000| Untracked 
|  59|0x0000000083b00000, 0x0000000083c00000, 0x0000000083c00000|100%| O|  |TAMS 0x0000000083bffe00, 0x0000000083b00000| Untracked 
|  60|0x0000000083c00000, 0x0000000083d00000, 0x0000000083d00000|100%| O|  |TAMS 0x0000000083c00000, 0x0000000083c00000| Untracked 
|  61|0x0000000083d00000, 0x0000000083e00000, 0x0000000083e00000|100%| O|  |TAMS 0x0000000083d00000, 0x0000000083d00000| Untracked 
|  62|0x0000000083e00000, 0x0000000083f00000, 0x0000000083f00000|100%| O|  |TAMS 0x0000000083e00000, 0x0000000083e00000| Untracked 
|  63|0x0000000083f00000, 0x0000000084000000, 0x0000000084000000|100%|HS|  |TAMS 0x0000000083f00000, 0x0000000083f00000| Complete 
|  64|0x0000000084000000, 0x0000000084100000, 0x0000000084100000|100%|HS|  |TAMS 0x0000000084000000, 0x0000000084000000| Complete 
|  65|0x0000000084100000, 0x0000000084200000, 0x0000000084200000|100%|HC|  |TAMS 0x0000000084100000, 0x0000000084100000| Complete 
|  66|0x0000000084200000, 0x0000000084300000, 0x0000000084300000|100%|HS|  |TAMS 0x0000000084200000, 0x0000000084200000| Complete 
|  67|0x0000000084300000, 0x0000000084400000, 0x0000000084400000|100%|HS|  |TAMS 0x0000000084300000, 0x0000000084300000| Complete 
|  68|0x0000000084400000, 0x0000000084500000, 0x0000000084500000|100%|HC|  |TAMS 0x0000000084400000, 0x0000000084400000| Complete 
|  69|0x0000000084500000, 0x0000000084600000, 0x0000000084600000|100%|HC|  |TAMS 0x0000000084500000, 0x0000000084500000| Complete 
|  70|0x0000000084600000, 0x0000000084700000, 0x0000000084700000|100%|HC|  |TAMS 0x0000000084600000, 0x0000000084600000| Complete 
|  71|0x0000000084700000, 0x0000000084800000, 0x0000000084800000|100%| O|  |TAMS 0x0000000084700000, 0x0000000084700000| Untracked 
|  72|0x0000000084800000, 0x0000000084900000, 0x0000000084900000|100%| O|  |TAMS 0x0000000084800000, 0x0000000084800000| Untracked 
|  73|0x0000000084900000, 0x0000000084a00000, 0x0000000084a00000|100%| O|  |TAMS 0x0000000084900000, 0x0000000084900000| Untracked 
|  74|0x0000000084a00000, 0x0000000084b00000, 0x0000000084b00000|100%| O|  |TAMS 0x0000000084a00000, 0x0000000084a00000| Untracked 
|  75|0x0000000084b00000, 0x0000000084c00000, 0x0000000084c00000|100%| O|  |TAMS 0x0000000084b00000, 0x0000000084b00000| Untracked 
|  76|0x0000000084c00000, 0x0000000084d00000, 0x0000000084d00000|100%| O|  |TAMS 0x0000000084c00000, 0x0000000084c00000| Untracked 
|  77|0x0000000084d00000, 0x0000000084e00000, 0x0000000084e00000|100%| O|  |TAMS 0x0000000084d00000, 0x0000000084d00000| Untracked 
|  78|0x0000000084e00000, 0x0000000084ea7400, 0x0000000084f00000| 65%| O|  |TAMS 0x0000000084e00000, 0x0000000084e00000| Untracked 
|  79|0x0000000084f00000, 0x0000000084f00000, 0x0000000085000000|  0%| F|  |TAMS 0x0000000084f00000, 0x0000000084f00000| Untracked 
|  80|0x0000000085000000, 0x0000000085000000, 0x0000000085100000|  0%| F|  |TAMS 0x0000000085000000, 0x0000000085000000| Untracked 
|  81|0x0000000085100000, 0x0000000085100000, 0x0000000085200000|  0%| F|  |TAMS 0x0000000085100000, 0x0000000085100000| Untracked 
|  82|0x0000000085200000, 0x0000000085200000, 0x0000000085300000|  0%| F|  |TAMS 0x0000000085200000, 0x0000000085200000| Untracked 
|  83|0x0000000085300000, 0x0000000085300000, 0x0000000085400000|  0%| F|  |TAMS 0x0000000085300000, 0x0000000085300000| Untracked 
|  84|0x0000000085400000, 0x0000000085400000, 0x0000000085500000|  0%| F|  |TAMS 0x0000000085400000, 0x0000000085400000| Untracked 
|  85|0x0000000085500000, 0x0000000085500000, 0x0000000085600000|  0%| F|  |TAMS 0x0000000085500000, 0x0000000085500000| Untracked 
|  86|0x0000000085600000, 0x0000000085600000, 0x0000000085700000|  0%| F|  |TAMS 0x0000000085600000, 0x0000000085600000| Untracked 
|  87|0x0000000085700000, 0x0000000085700000, 0x0000000085800000|  0%| F|  |TAMS 0x0000000085700000, 0x0000000085700000| Untracked 
|  88|0x0000000085800000, 0x0000000085800000, 0x0000000085900000|  0%| F|  |TAMS 0x0000000085800000, 0x0000000085800000| Untracked 
|  89|0x0000000085900000, 0x0000000085900000, 0x0000000085a00000|  0%| F|  |TAMS 0x0000000085900000, 0x0000000085900000| Untracked 
|  90|0x0000000085a00000, 0x0000000085a00000, 0x0000000085b00000|  0%| F|  |TAMS 0x0000000085a00000, 0x0000000085a00000| Untracked 
|  91|0x0000000085b00000, 0x0000000085b00000, 0x0000000085c00000|  0%| F|  |TAMS 0x0000000085b00000, 0x0000000085b00000| Untracked 
|  92|0x0000000085c00000, 0x0000000085c00000, 0x0000000085d00000|  0%| F|  |TAMS 0x0000000085c00000, 0x0000000085c00000| Untracked 
|  93|0x0000000085d00000, 0x0000000085d00000, 0x0000000085e00000|  0%| F|  |TAMS 0x0000000085d00000, 0x0000000085d00000| Untracked 
|  94|0x0000000085e00000, 0x0000000085e00000, 0x0000000085f00000|  0%| F|  |TAMS 0x0000000085e00000, 0x0000000085e00000| Untracked 
|  95|0x0000000085f00000, 0x0000000085f00000, 0x0000000086000000|  0%| F|  |TAMS 0x0000000085f00000, 0x0000000085f00000| Untracked 
|  96|0x0000000086000000, 0x0000000086000000, 0x0000000086100000|  0%| F|  |TAMS 0x0000000086000000, 0x0000000086000000| Untracked 
|  97|0x0000000086100000, 0x0000000086100000, 0x0000000086200000|  0%| F|  |TAMS 0x0000000086100000, 0x0000000086100000| Untracked 
|  98|0x0000000086200000, 0x0000000086200000, 0x0000000086300000|  0%| F|  |TAMS 0x0000000086200000, 0x0000000086200000| Untracked 
|  99|0x0000000086300000, 0x0000000086300000, 0x0000000086400000|  0%| F|  |TAMS 0x0000000086300000, 0x0000000086300000| Untracked 
| 100|0x0000000086400000, 0x0000000086400000, 0x0000000086500000|  0%| F|  |TAMS 0x0000000086400000, 0x0000000086400000| Untracked 
| 101|0x0000000086500000, 0x0000000086500000, 0x0000000086600000|  0%| F|  |TAMS 0x0000000086500000, 0x0000000086500000| Untracked 
| 102|0x0000000086600000, 0x0000000086600000, 0x0000000086700000|  0%| F|  |TAMS 0x0000000086600000, 0x0000000086600000| Untracked 
| 103|0x0000000086700000, 0x0000000086700000, 0x0000000086800000|  0%| F|  |TAMS 0x0000000086700000, 0x0000000086700000| Untracked 
| 136|0x0000000088800000, 0x000000008880f638, 0x0000000088900000|  6%| E|  |TAMS 0x0000000088800000, 0x0000000088800000| Complete 
| 137|0x0000000088900000, 0x0000000088a00000, 0x0000000088a00000|100%| E|CS|TAMS 0x0000000088900000, 0x0000000088900000| Complete 
| 138|0x0000000088a00000, 0x0000000088b00000, 0x0000000088b00000|100%| E|CS|TAMS 0x0000000088a00000, 0x0000000088a00000| Complete 
| 139|0x0000000088b00000, 0x0000000088c00000, 0x0000000088c00000|100%| E|CS|TAMS 0x0000000088b00000, 0x0000000088b00000| Complete 
| 140|0x0000000088c00000, 0x0000000088d00000, 0x0000000088d00000|100%| E|CS|TAMS 0x0000000088c00000, 0x0000000088c00000| Complete 
| 141|0x0000000088d00000, 0x0000000088e00000, 0x0000000088e00000|100%| E|CS|TAMS 0x0000000088d00000, 0x0000000088d00000| Complete 
| 142|0x0000000088e00000, 0x0000000088f00000, 0x0000000088f00000|100%| E|CS|TAMS 0x0000000088e00000, 0x0000000088e00000| Complete 
| 143|0x0000000088f00000, 0x0000000089000000, 0x0000000089000000|100%| E|CS|TAMS 0x0000000088f00000, 0x0000000088f00000| Complete 
| 144|0x0000000089000000, 0x0000000089100000, 0x0000000089100000|100%| E|  |TAMS 0x0000000089000000, 0x0000000089000000| Complete 
| 145|0x0000000089100000, 0x0000000089200000, 0x0000000089200000|100%| E|CS|TAMS 0x0000000089100000, 0x0000000089100000| Complete 
| 146|0x0000000089200000, 0x000000008922b980, 0x0000000089300000| 17%| S|CS|TAMS 0x0000000089200000, 0x0000000089200000| Complete 
| 147|0x0000000089300000, 0x0000000089400000, 0x0000000089400000|100%| E|CS|TAMS 0x0000000089300000, 0x0000000089300000| Complete 
| 245|0x000000008f500000, 0x000000008f600000, 0x000000008f600000|100%| E|CS|TAMS 0x000000008f500000, 0x000000008f500000| Complete 

Card table byte_map: [0x000001e2fa4b0000,0x000001e2fa8b0000] _byte_map_base: 0x000001e2fa0b0000

Marking Bits (Prev, Next): (CMBitMap*) 0x000001e2f97d6f70, (CMBitMap*) 0x000001e2f97d6f30
 Prev Bits: [0x000001e2fccb0000, 0x000001e2fecb0000)
 Next Bits: [0x000001e2facb0000, 0x000001e2fccb0000)

Polling page: 0x000001e2f8f30000

Metaspace:

Usage:
  Non-class:     57.63 MB used.
      Class:      9.19 MB used.
       Both:     66.82 MB used.

Virtual space:
  Non-class space:       64.00 MB reserved,      58.50 MB ( 91%) committed,  1 nodes.
      Class space:      412.00 MB reserved,      10.12 MB (  2%) committed,  1 nodes.
             Both:      476.00 MB reserved,      68.62 MB ( 14%) committed. 

Chunk freelists:
   Non-Class:  1.12 MB
       Class:  1.70 MB
        Both:  2.83 MB

MaxMetaspaceSize: 512.00 MB
CompressedClassSpaceSize: 412.00 MB
Initial GC threshold: 21.00 MB
Current GC threshold: 109.69 MB
CDS: on
MetaspaceReclaimPolicy: balanced
 - commit_granule_bytes: 65536.
 - commit_granule_words: 8192.
 - virtual_space_node_default_size: 8388608.
 - enlarge_chunks_in_place: 1.
 - new_chunks_are_fully_committed: 0.
 - uncommit_free_chunks: 1.
 - use_allocation_guard: 0.


Internal statistics:

num_allocs_failed_limit: 6.
num_arena_births: 3412.
num_arena_deaths: 0.
num_vsnodes_births: 2.
num_vsnodes_deaths: 0.
num_space_committed: 1098.
num_space_uncommitted: 0.
num_chunks_returned_to_freelist: 6.
num_chunks_taken_from_freelist: 6594.
num_chunk_merges: 6.
num_chunk_splits: 4321.
num_chunks_enlarged: 2708.
num_inconsistent_stats: 0.

CodeHeap 'non-profiled nmethods': size=119168Kb used=4097Kb max_used=4097Kb free=115070Kb
 bounds [0x000001e28f410000, 0x000001e28f820000, 0x000001e296870000]
CodeHeap 'profiled nmethods': size=119104Kb used=18446Kb max_used=18446Kb free=100657Kb
 bounds [0x000001e287fc0000, 0x000001e2891d0000, 0x000001e28f410000]
CodeHeap 'non-nmethods': size=7488Kb used=2952Kb max_used=4109Kb free=4535Kb
 bounds [0x000001e287870000, 0x000001e287cf0000, 0x000001e287fc0000]
 total_blobs=10005 nmethods=9098 adapters=816
 compilation: enabled
              stopped_count=0, restarted_count=0
 full_count=0

Compilation events (20 events):
Event: 45.585 Thread 0x000001e29cc603c0 10017       3       java.lang.Character::isLowerCase (5 bytes)
Event: 45.586 Thread 0x000001e29eef5840 nmethod 10016 0x000001e2891c0810 code [0x000001e2891c09c0, 0x000001e2891c0c58]
Event: 45.586 Thread 0x000001e29cc603c0 nmethod 10017 0x000001e2891c0d90 code [0x000001e2891c0f40, 0x000001e2891c1198]
Event: 45.586 Thread 0x000001e29eef5840 10018       3       java.lang.Character::isLowerCase (9 bytes)
Event: 45.586 Thread 0x000001e29cc603c0 10019       3       java.lang.CharacterDataLatin1::isLowerCase (16 bytes)
Event: 45.586 Thread 0x000001e29eef5840 nmethod 10018 0x000001e2891c1290 code [0x000001e2891c1440, 0x000001e2891c1638]
Event: 45.586 Thread 0x000001e29cc603c0 nmethod 10019 0x000001e2891c1710 code [0x000001e2891c18c0, 0x000001e2891c1ad8]
Event: 45.586 Thread 0x000001e2ffd43090 10020       4       java.lang.invoke.Invokers::checkExactType (17 bytes)
Event: 45.587 Thread 0x000001e29eef5840 10021       3       org.gradle.api.internal.provider.AbstractProviderWithValue::<init> (5 bytes)
Event: 45.587 Thread 0x000001e29eef5840 nmethod 10021 0x000001e2891c1c10 code [0x000001e2891c1dc0, 0x000001e2891c1f78]
Event: 45.587 Thread 0x000001e2ffd43090 nmethod 10020 0x000001e28f810010 code [0x000001e28f810180, 0x000001e28f810218]
Event: 45.588 Thread 0x000001e2ffd43090 10022   !   4       com.google.common.reflect.TypeVisitor::visit (244 bytes)
Event: 45.588 Thread 0x000001e29cc603c0 10023       1       com.google.common.collect.ImmutableEntry::getKey (5 bytes)
Event: 45.588 Thread 0x000001e29cc603c0 nmethod 10023 0x000001e28f810310 code [0x000001e28f8104a0, 0x000001e28f810578]
Event: 45.591 Thread 0x000001e29eef5840 10024       3       org.gradle.api.internal.provider.Providers$FixedValueProvider::<init> (10 bytes)
Event: 45.592 Thread 0x000001e29eef5840 nmethod 10024 0x000001e2891c2090 code [0x000001e2891c2240, 0x000001e2891c24b8]
Event: 45.592 Thread 0x000001e29eef5840 10025       3       org.gradle.api.internal.provider.AbstractMinimalProvider::getOrNull (13 bytes)
Event: 45.592 Thread 0x000001e29eef5840 nmethod 10025 0x000001e2891c2610 code [0x000001e2891c27c0, 0x000001e2891c2a58]
Event: 45.604 Thread 0x000001e29eef5840 10026       3       java.lang.StringConcatHelper::newString (67 bytes)
Event: 45.605 Thread 0x000001e29eef5840 nmethod 10026 0x000001e2891c2b10 code [0x000001e2891c2d80, 0x000001e2891c3808]

GC Heap History (20 events):
Event: 34.726 GC heap before
{Heap before GC invocations=20 (full 0):
 garbage-first heap   total 89088K, used 69645K [0x0000000080000000, 0x0000000100000000)
  region size 1024K, 22 young (22528K), 3 survivors (3072K)
 Metaspace       used 56898K, committed 58688K, reserved 487424K
  class space    used 7914K, committed 8832K, reserved 421888K
}
Event: 34.729 GC heap after
{Heap after GC invocations=21 (full 0):
 garbage-first heap   total 89088K, used 53107K [0x0000000080000000, 0x0000000100000000)
  region size 1024K, 3 young (3072K), 3 survivors (3072K)
 Metaspace       used 56898K, committed 58688K, reserved 487424K
  class space    used 7914K, committed 8832K, reserved 421888K
}
Event: 36.563 GC heap before
{Heap before GC invocations=21 (full 0):
 garbage-first heap   total 89088K, used 72563K [0x0000000080000000, 0x0000000100000000)
  region size 1024K, 22 young (22528K), 3 survivors (3072K)
 Metaspace       used 58827K, committed 60672K, reserved 487424K
  class space    used 8201K, committed 9152K, reserved 421888K
}
Event: 36.566 GC heap after
{Heap after GC invocations=22 (full 0):
 garbage-first heap   total 89088K, used 52297K [0x0000000080000000, 0x0000000100000000)
  region size 1024K, 1 young (1024K), 1 survivors (1024K)
 Metaspace       used 58827K, committed 60672K, reserved 487424K
  class space    used 8201K, committed 9152K, reserved 421888K
}
Event: 37.628 GC heap before
{Heap before GC invocations=23 (full 0):
 garbage-first heap   total 92160K, used 72777K [0x0000000080000000, 0x0000000100000000)
  region size 1024K, 21 young (21504K), 1 survivors (1024K)
 Metaspace       used 59967K, committed 61824K, reserved 487424K
  class space    used 8382K, committed 9344K, reserved 421888K
}
Event: 37.630 GC heap after
{Heap after GC invocations=24 (full 0):
 garbage-first heap   total 92160K, used 54097K [0x0000000080000000, 0x0000000100000000)
  region size 1024K, 3 young (3072K), 3 survivors (3072K)
 Metaspace       used 59967K, committed 61824K, reserved 487424K
  class space    used 8382K, committed 9344K, reserved 421888K
}
Event: 38.713 GC heap before
{Heap before GC invocations=24 (full 0):
 garbage-first heap   total 92160K, used 74577K [0x0000000080000000, 0x0000000100000000)
  region size 1024K, 24 young (24576K), 3 survivors (3072K)
 Metaspace       used 61248K, committed 63104K, reserved 487424K
  class space    used 8530K, committed 9472K, reserved 421888K
}
Event: 38.718 GC heap after
{Heap after GC invocations=25 (full 0):
 garbage-first heap   total 92160K, used 56073K [0x0000000080000000, 0x0000000100000000)
  region size 1024K, 3 young (3072K), 3 survivors (3072K)
 Metaspace       used 61248K, committed 63104K, reserved 487424K
  class space    used 8530K, committed 9472K, reserved 421888K
}
Event: 39.788 GC heap before
{Heap before GC invocations=26 (full 0):
 garbage-first heap   total 99328K, used 73481K [0x0000000080000000, 0x0000000100000000)
  region size 1024K, 20 young (20480K), 3 survivors (3072K)
 Metaspace       used 62459K, committed 64256K, reserved 487424K
  class space    used 8735K, committed 9664K, reserved 421888K
}
Event: 39.792 GC heap after
{Heap after GC invocations=27 (full 0):
 garbage-first heap   total 99328K, used 58100K [0x0000000080000000, 0x0000000100000000)
  region size 1024K, 3 young (3072K), 3 survivors (3072K)
 Metaspace       used 62459K, committed 64256K, reserved 487424K
  class space    used 8735K, committed 9664K, reserved 421888K
}
Event: 40.486 GC heap before
{Heap before GC invocations=27 (full 0):
 garbage-first heap   total 99328K, used 79604K [0x0000000080000000, 0x0000000100000000)
  region size 1024K, 24 young (24576K), 3 survivors (3072K)
 Metaspace       used 64615K, committed 66496K, reserved 487424K
  class space    used 8979K, committed 9920K, reserved 421888K
}
Event: 40.490 GC heap after
{Heap after GC invocations=28 (full 0):
 garbage-first heap   total 99328K, used 60790K [0x0000000080000000, 0x0000000100000000)
  region size 1024K, 3 young (3072K), 3 survivors (3072K)
 Metaspace       used 64615K, committed 66496K, reserved 487424K
  class space    used 8979K, committed 9920K, reserved 421888K
}
Event: 43.238 GC heap before
{Heap before GC invocations=29 (full 0):
 garbage-first heap   total 106496K, used 80246K [0x0000000080000000, 0x0000000100000000)
  region size 1024K, 22 young (22528K), 3 survivors (3072K)
 Metaspace       used 65293K, committed 67200K, reserved 487424K
  class space    used 9064K, committed 10048K, reserved 421888K
}
Event: 43.241 GC heap after
{Heap after GC invocations=30 (full 0):
 garbage-first heap   total 106496K, used 63439K [0x0000000080000000, 0x0000000100000000)
  region size 1024K, 3 young (3072K), 3 survivors (3072K)
 Metaspace       used 65293K, committed 67200K, reserved 487424K
  class space    used 9064K, committed 10048K, reserved 421888K
}
Event: 43.420 GC heap before
{Heap before GC invocations=30 (full 0):
 garbage-first heap   total 106496K, used 72655K [0x0000000080000000, 0x0000000100000000)
  region size 1024K, 13 young (13312K), 3 survivors (3072K)
 Metaspace       used 65431K, committed 67392K, reserved 487424K
  class space    used 9080K, committed 10048K, reserved 421888K
}
Event: 43.424 GC heap after
{Heap after GC invocations=31 (full 0):
 garbage-first heap   total 106496K, used 64893K [0x0000000080000000, 0x0000000100000000)
  region size 1024K, 2 young (2048K), 2 survivors (2048K)
 Metaspace       used 65431K, committed 67392K, reserved 487424K
  class space    used 9080K, committed 10048K, reserved 421888K
}
Event: 45.250 GC heap before
{Heap before GC invocations=32 (full 0):
 garbage-first heap   total 119808K, used 92541K [0x0000000080000000, 0x0000000100000000)
  region size 1024K, 21 young (21504K), 2 survivors (2048K)
 Metaspace       used 66496K, committed 68416K, reserved 487424K
  class space    used 9206K, committed 10176K, reserved 421888K
}
Event: 45.254 GC heap after
{Heap after GC invocations=33 (full 0):
 garbage-first heap   total 119808K, used 79577K [0x0000000080000000, 0x0000000100000000)
  region size 1024K, 3 young (3072K), 3 survivors (3072K)
 Metaspace       used 66496K, committed 68416K, reserved 487424K
  class space    used 9206K, committed 10176K, reserved 421888K
}
Event: 45.304 GC heap before
{Heap before GC invocations=33 (full 0):
 garbage-first heap   total 119808K, used 81625K [0x0000000080000000, 0x0000000100000000)
  region size 1024K, 5 young (5120K), 3 survivors (3072K)
 Metaspace       used 66782K, committed 68736K, reserved 487424K
  class space    used 9240K, committed 10240K, reserved 421888K
}
Event: 45.307 GC heap after
{Heap after GC invocations=34 (full 0):
 garbage-first heap   total 119808K, used 79691K [0x0000000080000000, 0x0000000100000000)
  region size 1024K, 1 young (1024K), 1 survivors (1024K)
 Metaspace       used 66782K, committed 68736K, reserved 487424K
  class space    used 9240K, committed 10240K, reserved 421888K
}

Deoptimization events (20 events):
Event: 45.466 Thread 0x000001e29e867b30 Uncommon trap: trap_request=0xffffffde fr.pc=0x000001e28f641bd4 relative=0x0000000000000374
Event: 45.466 Thread 0x000001e29e867b30 Uncommon trap: reason=class_check action=maybe_recompile pc=0x000001e28f641bd4 method=java.util.stream.AbstractPipeline.copyIntoWithCancel(Ljava/util/stream/Sink;Ljava/util/Spliterator;)Z @ 32 c2
Event: 45.466 Thread 0x000001e29e867b30 DEOPT PACKING pc=0x000001e28f641bd4 sp=0x00000001026f5df0
Event: 45.466 Thread 0x000001e29e867b30 DEOPT UNPACKING pc=0x000001e2878c23a3 sp=0x00000001026f5cb0 mode 2
Event: 45.466 Thread 0x000001e29e867b30 Uncommon trap: trap_request=0xffffffde fr.pc=0x000001e28f641bd4 relative=0x0000000000000374
Event: 45.466 Thread 0x000001e29e867b30 Uncommon trap: reason=class_check action=maybe_recompile pc=0x000001e28f641bd4 method=java.util.stream.AbstractPipeline.copyIntoWithCancel(Ljava/util/stream/Sink;Ljava/util/Spliterator;)Z @ 32 c2
Event: 45.466 Thread 0x000001e29e867b30 DEOPT PACKING pc=0x000001e28f641bd4 sp=0x00000001026f5df0
Event: 45.466 Thread 0x000001e29e867b30 DEOPT UNPACKING pc=0x000001e2878c23a3 sp=0x00000001026f5cb0 mode 2
Event: 45.475 Thread 0x000001e29e867b30 Uncommon trap: trap_request=0xffffffbe fr.pc=0x000001e28f599340 relative=0x00000000000001a0
Event: 45.475 Thread 0x000001e29e867b30 Uncommon trap: reason=profile_predicate action=maybe_recompile pc=0x000001e28f599340 method=java.util.LinkedHashMap.keysToArray([Ljava/lang/Object;)[Ljava/lang/Object; @ 12 c2
Event: 45.475 Thread 0x000001e29e867b30 DEOPT PACKING pc=0x000001e28f599340 sp=0x00000001026f68a0
Event: 45.475 Thread 0x000001e29e867b30 DEOPT UNPACKING pc=0x000001e2878c23a3 sp=0x00000001026f6858 mode 2
Event: 45.548 Thread 0x000001e29e867b30 Uncommon trap: trap_request=0xffffffde fr.pc=0x000001e28f4d5d18 relative=0x00000000000006b8
Event: 45.548 Thread 0x000001e29e867b30 Uncommon trap: reason=class_check action=maybe_recompile pc=0x000001e28f4d5d18 method=org.gradle.internal.instantiation.generator.AbstractClassGenerator$InjectionAnnotationValidator.validateMethod(Ljava/lang/reflect/Method;Lorg/gradle/internal/reflect/Pro
Event: 45.548 Thread 0x000001e29e867b30 DEOPT PACKING pc=0x000001e28f4d5d18 sp=0x00000001026f7240
Event: 45.548 Thread 0x000001e29e867b30 DEOPT UNPACKING pc=0x000001e2878c23a3 sp=0x00000001026f7208 mode 2
Event: 45.548 Thread 0x000001e29e867b30 Uncommon trap: trap_request=0xffffffde fr.pc=0x000001e28f5f0c8c relative=0x0000000000002d4c
Event: 45.548 Thread 0x000001e29e867b30 Uncommon trap: reason=class_check action=maybe_recompile pc=0x000001e28f5f0c8c method=com.google.common.reflect.TypeVisitor.visit([Ljava/lang/reflect/Type;)V @ 99 c2
Event: 45.548 Thread 0x000001e29e867b30 DEOPT PACKING pc=0x000001e28f5f0c8c sp=0x00000001026f6f60
Event: 45.548 Thread 0x000001e29e867b30 DEOPT UNPACKING pc=0x000001e2878c23a3 sp=0x00000001026f6f80 mode 2

Classes loaded (20 events):
Event: 36.609 Loading class java/time/temporal/WeekFields$ComputedDayOfField
Event: 36.610 Loading class java/time/temporal/WeekFields$ComputedDayOfField done
Event: 36.610 Loading class java/time/Month$1
Event: 36.610 Loading class java/time/Month$1 done
Event: 36.611 Loading class java/nio/channels/Channels
Event: 36.611 Loading class java/nio/channels/Channels done
Event: 36.611 Loading class sun/nio/ch/ChannelOutputStream
Event: 36.612 Loading class sun/nio/ch/ChannelOutputStream done
Event: 40.277 Loading class java/io/NotSerializableException
Event: 40.278 Loading class java/io/NotSerializableException done
Event: 41.832 Loading class sun/nio/fs/WindowsException
Event: 41.832 Loading class sun/nio/fs/WindowsException done
Event: 41.977 Loading class java/util/concurrent/ConcurrentLinkedQueue$Itr
Event: 41.977 Loading class java/util/concurrent/ConcurrentLinkedQueue$Itr done
Event: 45.444 Loading class sun/nio/ch/ChannelInputStream
Event: 45.444 Loading class sun/nio/ch/ChannelInputStream done
Event: 45.462 Loading class sun/text/resources/cldr/FormatData_en
Event: 45.464 Loading class sun/text/resources/cldr/FormatData_en done
Event: 45.464 Loading class sun/text/resources/cldr/FormatData_en_US
Event: 45.464 Loading class sun/text/resources/cldr/FormatData_en_US done

Classes unloaded (0 events):
No events

Classes redefined (0 events):
No events

Internal exceptions (20 events):
Event: 40.149 Thread 0x000001e29e912890 Exception <a 'java/lang/NoSuchMethodError'{0x0000000088b21098}: method resolution failed> (0x0000000088b21098) 
thrown [s\open\src\hotspot\share\prims\methodHandles.cpp, line 1264]
Event: 41.832 Thread 0x000001e29e9123c0 Exception <a 'sun/nio/fs/WindowsException'{0x0000000088fab9a8}> (0x0000000088fab9a8) 
thrown [s\open\src\hotspot\share\prims\jni.cpp, line 516]
Event: 41.850 Thread 0x000001e29e9123c0 Exception <a 'sun/nio/fs/WindowsException'{0x0000000088fc59f8}> (0x0000000088fc59f8) 
thrown [s\open\src\hotspot\share\prims\jni.cpp, line 516]
Event: 41.851 Thread 0x000001e29e9123c0 Exception <a 'sun/nio/fs/WindowsException'{0x0000000088fc7e10}> (0x0000000088fc7e10) 
thrown [s\open\src\hotspot\share\prims\jni.cpp, line 516]
Event: 41.853 Thread 0x000001e29e9123c0 Exception <a 'sun/nio/fs/WindowsException'{0x0000000088fca158}> (0x0000000088fca158) 
thrown [s\open\src\hotspot\share\prims\jni.cpp, line 516]
Event: 43.399 Thread 0x000001e29e867b30 Exception <a 'java/lang/ClassNotFoundException'{0x0000000088da29d0}: build_4qb85d8wdwek87zc7mn6rkypkBeanInfo> (0x0000000088da29d0) 
thrown [s\open\src\hotspot\share\classfile\systemDictionary.cpp, line 255]
Event: 43.399 Thread 0x000001e29e867b30 Exception <a 'java/lang/ClassNotFoundException'{0x0000000088da8f60}: build_4qb85d8wdwek87zc7mn6rkypkCustomizer> (0x0000000088da8f60) 
thrown [s\open\src\hotspot\share\classfile\systemDictionary.cpp, line 255]
Event: 43.408 Thread 0x000001e29e867b30 Exception <a 'java/lang/NoSuchMethodError'{0x0000000088df2c70}: 'java.lang.Object java.lang.invoke.DirectMethodHandle$Holder.newInvokeSpecial(java.lang.Object, java.lang.Object, java.lang.Object, java.lang.Object, java.lang.Object, java.lang.Object, java.lang.Object, java.lang.Object, java.lang.Object, java.lang.Object, java.lang.Object, java.lang.Object, java.lang.Object, java.lang.Object, java.lang.Object, java.lang.Object, java.lang.Object, java.lang.Object)'> (0x0000000088df2c70) 
thrown [s\open\src\ho
Event: 43.584 Thread 0x000001e29e867b30 Exception <a 'java/lang/ClassNotFoundException'{0x0000000088de0078}: org/gradle/api/internal/artifacts/repositories/DefaultMavenArtifactRepository_DecoratedBeanInfo> (0x0000000088de0078) 
thrown [s\open\src\hotspot\share\classfile\systemDictionary.cpp, line 255]
Event: 43.587 Thread 0x000001e29e867b30 Exception <a 'java/lang/ClassNotFoundException'{0x0000000088dfd0d8}: org/gradle/api/internal/artifacts/repositories/DefaultMavenArtifactRepositoryBeanInfo> (0x0000000088dfd0d8) 
thrown [s\open\src\hotspot\share\classfile\systemDictionary.cpp, line 255]
Event: 43.595 Thread 0x000001e29e867b30 Exception <a 'java/lang/ClassNotFoundException'{0x0000000088c1af78}: org/gradle/api/internal/artifacts/repositories/AbstractAuthenticationSupportedRepositoryBeanInfo> (0x0000000088c1af78) 
thrown [s\open\src\hotspot\share\classfile\systemDictionary.cpp, line 255]
Event: 43.601 Thread 0x000001e29e867b30 Exception <a 'java/lang/ClassNotFoundException'{0x0000000088c388f8}: org/gradle/api/internal/artifacts/repositories/AbstractResolutionAwareArtifactRepositoryBeanInfo> (0x0000000088c388f8) 
thrown [s\open\src\hotspot\share\classfile\systemDictionary.cpp, line 255]
Event: 43.604 Thread 0x000001e29e867b30 Exception <a 'java/lang/ClassNotFoundException'{0x0000000088c55e20}: org/gradle/api/internal/artifacts/repositories/AbstractArtifactRepositoryBeanInfo> (0x0000000088c55e20) 
thrown [s\open\src\hotspot\share\classfile\systemDictionary.cpp, line 255]
Event: 43.605 Thread 0x000001e29e867b30 Exception <a 'java/lang/ClassNotFoundException'{0x0000000088c730f0}: org/gradle/api/internal/artifacts/repositories/AbstractArtifactRepositoryCustomizer> (0x0000000088c730f0) 
thrown [s\open\src\hotspot\share\classfile\systemDictionary.cpp, line 255]
Event: 43.608 Thread 0x000001e29e867b30 Exception <a 'java/lang/ClassNotFoundException'{0x0000000088cbfd58}: org/gradle/api/internal/artifacts/repositories/AbstractResolutionAwareArtifactRepositoryCustomizer> (0x0000000088cbfd58) 
thrown [s\open\src\hotspot\share\classfile\systemDictionary.cpp, line 255]
Event: 43.610 Thread 0x000001e29e867b30 Exception <a 'java/lang/ClassNotFoundException'{0x0000000088ce61c8}: org/gradle/api/internal/artifacts/repositories/AbstractAuthenticationSupportedRepositoryCustomizer> (0x0000000088ce61c8) 
thrown [s\open\src\hotspot\share\classfile\systemDictionary.cpp, line 255]
Event: 43.612 Thread 0x000001e29e867b30 Exception <a 'java/lang/ClassNotFoundException'{0x0000000088b15a00}: org/gradle/api/internal/artifacts/repositories/DefaultMavenArtifactRepositoryCustomizer> (0x0000000088b15a00) 
thrown [s\open\src\hotspot\share\classfile\systemDictionary.cpp, line 255]
Event: 43.614 Thread 0x000001e29e867b30 Exception <a 'java/lang/ClassNotFoundException'{0x0000000088b4a418}: org/gradle/api/internal/artifacts/repositories/DefaultMavenArtifactRepository_DecoratedCustomizer> (0x0000000088b4a418) 
thrown [s\open\src\hotspot\share\classfile\systemDictionary.cpp, line 255]
Event: 45.086 Thread 0x000001e29e867b30 Exception <a 'java/lang/ClassNotFoundException'{0x00000000867d7f10}: build_bjzgle052bap4k8tatibui8sdBeanInfo> (0x00000000867d7f10) 
thrown [s\open\src\hotspot\share\classfile\systemDictionary.cpp, line 255]
Event: 45.087 Thread 0x000001e29e867b30 Exception <a 'java/lang/ClassNotFoundException'{0x00000000867de500}: build_bjzgle052bap4k8tatibui8sdCustomizer> (0x00000000867de500) 
thrown [s\open\src\hotspot\share\classfile\systemDictionary.cpp, line 255]

VM Operations (20 events):
Event: 41.791 Executing VM operation: HandshakeAllThreads
Event: 41.792 Executing VM operation: HandshakeAllThreads done
Event: 41.841 Executing VM operation: HandshakeAllThreads
Event: 41.842 Executing VM operation: HandshakeAllThreads done
Event: 42.855 Executing VM operation: Cleanup
Event: 42.855 Executing VM operation: Cleanup done
Event: 43.238 Executing VM operation: G1CollectForAllocation
Event: 43.243 Executing VM operation: G1CollectForAllocation done
Event: 43.420 Executing VM operation: G1TryInitiateConcMark
Event: 43.424 Executing VM operation: G1TryInitiateConcMark done
Event: 43.461 Executing VM operation: G1Concurrent
Event: 43.466 Executing VM operation: G1Concurrent done
Event: 43.482 Executing VM operation: G1Concurrent
Event: 43.482 Executing VM operation: G1Concurrent done
Event: 44.494 Executing VM operation: Cleanup
Event: 44.494 Executing VM operation: Cleanup done
Event: 45.250 Executing VM operation: G1CollectForAllocation
Event: 45.254 Executing VM operation: G1CollectForAllocation done
Event: 45.303 Executing VM operation: G1CollectForAllocation
Event: 45.307 Executing VM operation: G1CollectForAllocation done

Events (20 events):
Event: 42.007 Thread 0x000001e2a0c791b0 Thread added: 0x000001e2a0c791b0
Event: 42.007 Thread 0x000001e29f261a30 Thread added: 0x000001e29f261a30
Event: 42.007 Thread 0x000001e29f261f00 Thread added: 0x000001e29f261f00
Event: 42.007 Thread 0x000001e29f25c860 Thread added: 0x000001e29f25c860
Event: 42.007 Thread 0x000001e29f263240 Thread added: 0x000001e29f263240
Event: 42.007 Thread 0x000001e29f260220 Thread added: 0x000001e29f260220
Event: 42.008 Thread 0x000001e29f25cd30 Thread added: 0x000001e29f25cd30
Event: 42.008 Thread 0x000001e29f2628a0 Thread added: 0x000001e29f2628a0
Event: 42.008 Thread 0x000001e29f2623d0 Thread added: 0x000001e29f2623d0
Event: 42.008 Thread 0x000001e29f262d70 Thread added: 0x000001e29f262d70
Event: 42.008 Thread 0x000001e29f25e540 Thread added: 0x000001e29f25e540
Event: 42.008 Thread 0x000001e29f25d200 Thread added: 0x000001e29f25d200
Event: 42.008 Thread 0x000001e29f25bec0 Thread added: 0x000001e29f25bec0
Event: 42.009 Thread 0x000001e29f263710 Thread added: 0x000001e29f263710
Event: 42.009 Thread 0x000001e29f25c390 Thread added: 0x000001e29f25c390
Event: 42.009 Thread 0x000001e29f261560 Thread added: 0x000001e29f261560
Event: 42.009 Thread 0x000001e29f25e070 Thread added: 0x000001e29f25e070
Event: 42.009 Thread 0x000001e29f25d6d0 Thread added: 0x000001e29f25d6d0
Event: 44.434 Thread 0x000001e29ff8f350 Thread exited: 0x000001e29ff8f350
Event: 45.071 Thread 0x000001e29cfc1080 Thread exited: 0x000001e29cfc1080


Dynamic libraries:
0x00007ff6112e0000 - 0x00007ff6112f0000 	C:\Program Files\Java\jdk-18.0.2.1\bin\java.exe
0x00007ffb9ddd0000 - 0x00007ffb9dfe7000 	C:\WINDOWS\SYSTEM32\ntdll.dll
0x00007ffb9bbd0000 - 0x00007ffb9bc94000 	C:\WINDOWS\System32\KERNEL32.DLL
0x00007ffb9b770000 - 0x00007ffb9bb16000 	C:\WINDOWS\System32\KERNELBASE.dll
0x00007ffb9b590000 - 0x00007ffb9b6a1000 	C:\WINDOWS\System32\ucrtbase.dll
0x00007ffb96660000 - 0x00007ffb9667a000 	C:\Program Files\Java\jdk-18.0.2.1\bin\VCRUNTIME140.dll
0x00007ffb96700000 - 0x00007ffb96718000 	C:\Program Files\Java\jdk-18.0.2.1\bin\jli.dll
0x00007ffb9c830000 - 0x00007ffb9c8e1000 	C:\WINDOWS\System32\ADVAPI32.dll
0x00007ffb9d550000 - 0x00007ffb9d5f7000 	C:\WINDOWS\System32\msvcrt.dll
0x00007ffb9bb20000 - 0x00007ffb9bbc5000 	C:\WINDOWS\System32\sechost.dll
0x00007ffb9d380000 - 0x00007ffb9d497000 	C:\WINDOWS\System32\RPCRT4.dll
0x00007ffb9cd40000 - 0x00007ffb9ceee000 	C:\WINDOWS\System32\USER32.dll
0x00007ffb9b250000 - 0x00007ffb9b276000 	C:\WINDOWS\System32\win32u.dll
0x00007ffb9be50000 - 0x00007ffb9be79000 	C:\WINDOWS\System32\GDI32.dll
0x00007ffb9b3f0000 - 0x00007ffb9b508000 	C:\WINDOWS\System32\gdi32full.dll
0x00007ffb9b140000 - 0x00007ffb9b1da000 	C:\WINDOWS\System32\msvcp_win.dll
0x00007ffb87f50000 - 0x00007ffb881e3000 	C:\WINDOWS\WinSxS\amd64_microsoft.windows.common-controls_6595b64144ccf1df_6.0.22621.2506_none_270c5ae97388e100\COMCTL32.dll
0x00007ffb91d90000 - 0x00007ffb91d9a000 	C:\WINDOWS\SYSTEM32\VERSION.dll
0x00007ffb9c8f0000 - 0x00007ffb9c921000 	C:\WINDOWS\System32\IMM32.DLL
0x00007ffb96820000 - 0x00007ffb9682c000 	C:\Program Files\Java\jdk-18.0.2.1\bin\vcruntime140_1.dll
0x00007ffb8d810000 - 0x00007ffb8d89d000 	C:\Program Files\Java\jdk-18.0.2.1\bin\msvcp140.dll
0x00007ffb50130000 - 0x00007ffb50d41000 	C:\Program Files\Java\jdk-18.0.2.1\bin\server\jvm.dll
0x00007ffb9c9b0000 - 0x00007ffb9c9b8000 	C:\WINDOWS\System32\PSAPI.DLL
0x00007ffb1ce10000 - 0x00007ffb1ce19000 	C:\WINDOWS\SYSTEM32\WSOCK32.dll
0x00007ffb9bef0000 - 0x00007ffb9bf61000 	C:\WINDOWS\System32\WS2_32.dll
0x00007ffb93940000 - 0x00007ffb93974000 	C:\WINDOWS\SYSTEM32\WINMM.dll
0x00007ffb9a0a0000 - 0x00007ffb9a0b8000 	C:\WINDOWS\SYSTEM32\kernel.appcore.dll
0x00007ffb96790000 - 0x00007ffb9679a000 	C:\Program Files\Java\jdk-18.0.2.1\bin\jimage.dll
0x00007ffb8c330000 - 0x00007ffb8c563000 	C:\WINDOWS\SYSTEM32\DBGHELP.DLL
0x00007ffb9cff0000 - 0x00007ffb9d379000 	C:\WINDOWS\System32\combase.dll
0x00007ffb9db10000 - 0x00007ffb9dbe7000 	C:\WINDOWS\System32\OLEAUT32.dll
0x00007ffb79790000 - 0x00007ffb797c2000 	C:\WINDOWS\SYSTEM32\dbgcore.DLL
0x00007ffb9b510000 - 0x00007ffb9b58a000 	C:\WINDOWS\System32\bcryptPrimitives.dll
0x00007ffb95560000 - 0x00007ffb95585000 	C:\Program Files\Java\jdk-18.0.2.1\bin\java.dll
0x00007ffb89b80000 - 0x00007ffb89c56000 	C:\Program Files\Java\jdk-18.0.2.1\bin\jsvml.dll
0x00007ffb9bf70000 - 0x00007ffb9c7ca000 	C:\WINDOWS\System32\SHELL32.dll
0x00007ffb99010000 - 0x00007ffb99906000 	C:\WINDOWS\SYSTEM32\windows.storage.dll
0x00007ffb98ed0000 - 0x00007ffb9900e000 	C:\WINDOWS\SYSTEM32\wintypes.dll
0x00007ffb9cc10000 - 0x00007ffb9cd03000 	C:\WINDOWS\System32\SHCORE.dll
0x00007ffb9c950000 - 0x00007ffb9c9ae000 	C:\WINDOWS\System32\shlwapi.dll
0x00007ffb9b070000 - 0x00007ffb9b096000 	C:\WINDOWS\SYSTEM32\profapi.dll
0x00007ffb95c40000 - 0x00007ffb95c53000 	C:\Program Files\Java\jdk-18.0.2.1\bin\net.dll
0x00007ffb94760000 - 0x00007ffb94897000 	C:\WINDOWS\SYSTEM32\WINHTTP.dll
0x00007ffb9a570000 - 0x00007ffb9a5d9000 	C:\WINDOWS\system32\mswsock.dll
0x00007ffb934e0000 - 0x00007ffb934f6000 	C:\Program Files\Java\jdk-18.0.2.1\bin\nio.dll
0x00007ffb934c0000 - 0x00007ffb934d8000 	C:\Program Files\Java\jdk-18.0.2.1\bin\zip.dll
0x00007ffb966e0000 - 0x00007ffb966f0000 	C:\Program Files\Java\jdk-18.0.2.1\bin\verify.dll
0x00007ffb93490000 - 0x00007ffb934b7000 	C:\Users\anton\.gradle\native\68d5fa5c4cc2d200863cafc0d521ce42e7d3e7ee720ec0a83991735586a16f82\windows-amd64\native-platform.dll
0x00007ffb899c0000 - 0x00007ffb89b04000 	C:\Users\anton\.gradle\native\e376f236ea51e6404a007f0833ffe2c6e607c4080706a723a18a27aeea778392\windows-amd64\native-platform-file-events.dll
0x00007ffb94c40000 - 0x00007ffb94c49000 	C:\Program Files\Java\jdk-18.0.2.1\bin\management.dll
0x00007ffb93480000 - 0x00007ffb9348b000 	C:\Program Files\Java\jdk-18.0.2.1\bin\management_ext.dll
0x00007ffb9a830000 - 0x00007ffb9a84b000 	C:\WINDOWS\SYSTEM32\CRYPTSP.dll
0x00007ffb9a060000 - 0x00007ffb9a095000 	C:\WINDOWS\system32\rsaenh.dll
0x00007ffb9a680000 - 0x00007ffb9a6ac000 	C:\WINDOWS\SYSTEM32\USERENV.dll
0x00007ffb9aad0000 - 0x00007ffb9aaf8000 	C:\WINDOWS\SYSTEM32\bcrypt.dll
0x00007ffb9a7f0000 - 0x00007ffb9a7fc000 	C:\WINDOWS\SYSTEM32\CRYPTBASE.dll
0x00007ffb99b70000 - 0x00007ffb99b9d000 	C:\WINDOWS\SYSTEM32\IPHLPAPI.DLL
0x00007ffb9cd10000 - 0x00007ffb9cd19000 	C:\WINDOWS\System32\NSI.dll
0x00007ffb94350000 - 0x00007ffb94369000 	C:\WINDOWS\SYSTEM32\dhcpcsvc6.DLL
0x00007ffb94140000 - 0x00007ffb9415f000 	C:\WINDOWS\SYSTEM32\dhcpcsvc.DLL
0x00007ffb99be0000 - 0x00007ffb99cd9000 	C:\WINDOWS\SYSTEM32\DNSAPI.dll

dbghelp: loaded successfully - version: 4.0.5 - missing functions: none
symbol engine: initialized successfully - sym options: 0x614 - pdb path: .;C:\Program Files\Java\jdk-18.0.2.1\bin;C:\WINDOWS\SYSTEM32;C:\WINDOWS\WinSxS\amd64_microsoft.windows.common-controls_6595b64144ccf1df_6.0.22621.2506_none_270c5ae97388e100;C:\Program Files\Java\jdk-18.0.2.1\bin\server;C:\Users\anton\.gradle\native\68d5fa5c4cc2d200863cafc0d521ce42e7d3e7ee720ec0a83991735586a16f82\windows-amd64;C:\Users\anton\.gradle\native\e376f236ea51e6404a007f0833ffe2c6e607c4080706a723a18a27aeea778392\windows-amd64

VM Arguments:
jvm_args: -XX:MaxMetaspaceSize=512m --add-opens=java.base/java.util=ALL-UNNAMED --add-opens=java.base/java.lang=ALL-UNNAMED --add-opens=java.base/java.lang.invoke=ALL-UNNAMED --add-opens=java.prefs/java.util.prefs=ALL-UNNAMED --add-opens=java.base/java.nio.charset=ALL-UNNAMED --add-opens=java.base/java.net=ALL-UNNAMED --add-opens=java.base/java.util.concurrent.atomic=ALL-UNNAMED -Xmx2048m -Dfile.encoding=UTF-8 -Duser.country=RU -Duser.language=ru -Duser.variant 
java_command: org.gradle.launcher.daemon.bootstrap.GradleDaemon 8.0.1
java_class_path (initial): C:\Users\anton\.gradle\wrapper\dists\gradle-8.0.1-all\aro4hu1c3oeioove7l0i4i14o\gradle-8.0.1\lib\gradle-launcher-8.0.1.jar
Launcher Type: SUN_STANDARD

[Global flags]
     intx CICompilerCount                          = 12                                        {product} {ergonomic}
   size_t CompressedClassSpaceSize                 = 432013312                                 {product} {ergonomic}
     uint ConcGCThreads                            = 3                                         {product} {ergonomic}
     uint G1ConcRefinementThreads                  = 13                                        {product} {ergonomic}
   size_t G1HeapRegionSize                         = 1048576                                   {product} {ergonomic}
    uintx GCDrainStackTargetSize                   = 64                                        {product} {ergonomic}
   size_t InitialHeapSize                          = 257949696                                 {product} {ergonomic}
   size_t MarkStackSize                            = 4194304                                   {product} {ergonomic}
   size_t MaxHeapSize                              = 2147483648                                {product} {command line}
   size_t MaxMetaspaceSize                         = 536870912                                 {product} {command line}
   size_t MaxNewSize                               = 1287651328                                {product} {ergonomic}
   size_t MinHeapDeltaBytes                        = 1048576                                   {product} {ergonomic}
   size_t MinHeapSize                              = 8388608                                   {product} {ergonomic}
    uintx NonNMethodCodeHeapSize                   = 7602480                                {pd product} {ergonomic}
    uintx NonProfiledCodeHeapSize                  = 122027880                              {pd product} {ergonomic}
    uintx ProfiledCodeHeapSize                     = 122027880                              {pd product} {ergonomic}
    uintx ReservedCodeCacheSize                    = 251658240                              {pd product} {ergonomic}
     bool SegmentedCodeCache                       = true                                      {product} {ergonomic}
   size_t SoftMaxHeapSize                          = 2147483648                             {manageable} {ergonomic}
     bool UseCompressedClassPointers               = true                           {product lp64_product} {ergonomic}
     bool UseCompressedOops                        = true                           {product lp64_product} {ergonomic}
     bool UseG1GC                                  = true                                      {product} {ergonomic}
     bool UseLargePagesIndividualAllocation        = false                                  {pd product} {ergonomic}

Logging:
Log output configuration:
 #0: stdout all=warning uptime,level,tags foldmultilines=false
 #1: stderr all=off uptime,level,tags foldmultilines=false

Environment Variables:
JAVA_HOME=C:\Program Files\Java\jdk-18.0.2.1
CLASSPATH=D:\projects\booknex-2\apps\mobile\android\\gradle\wrapper\gradle-wrapper.jar
PATH=D:\projects\booknex-2\apps\mobile\node_modules\.bin;D:\projects\booknex-2\apps\mobile\node_modules\.bin;D:\projects\booknex-2\apps\node_modules\.bin;D:\projects\booknex-2\node_modules\.bin;D:\projects\node_modules\.bin;D:\node_modules\.bin;C:\Program Files\nodejs\node_modules\npm\node_modules\@npmcli\run-script\lib\node-gyp-bin;C:\Program Files\Common Files\Oracle\Java\javapath;C:\Program Files (x86)\Common Files\Oracle\Java\javapath;C:\Program Files\Microsoft\jdk-17.0.8.7-hotspot\bin;C:\Python312\Scripts\;C:\Python312\;C:\WINDOWS\system32;C:\WINDOWS;C:\WINDOWS\System32\Wbem;C:\WINDOWS\System32\WindowsPowerShell\v1.0\;C:\WINDOWS\System32\OpenSSH\;C:\Program Files\NVIDIA Corporation\NVIDIA NvDLISR;C:\Program Files\nodejs\;C:\ProgramData\chocolatey\bin;C:\Program Files\Git\cmd;C:\Program Files (x86)\Yarn\bin\;C:\Users\anton\AppData\Local\Android\Sdk\platform-tools;C:\Users\anton\AppData\Local\Android\Sdk\tools;C:\Users\anton\AppData\Local\jdk-11.0.2\bin;C:\Users\anton\AppData\Local\Microsoft\WindowsApps;C:\Users\anton\AppData\Roaming\npm;C:\Users\anton\AppData\Local\GitHubDesktop\bin;C:\Users\anton\AppData\Local\Yarn\bin;D:\WebStorm 2023.3.1\bin;;C:\Users\anton\AppData\Local\Android\Sdk;;D:\projects\booknex-2\node_modules\.bin
USERNAME=anton
OS=Windows_NT
PROCESSOR_IDENTIFIER=AMD64 Family 25 Model 80 Stepping 0, AuthenticAMD



---------------  S Y S T E M  ---------------

OS:
 Windows 11 , 64 bit Build 22621 (10.0.22621.2506)
OS uptime: 0 days 11:51 hours
Hyper-V role detected

CPU: total 16 (initial active 16) (16 cores per cpu, 2 threads per core) family 25 model 80 stepping 0 microcode 0x0, cx8, cmov, fxsr, ht, mmx, 3dnowpref, sse, sse2, sse3, ssse3, sse4a, sse4.1, sse4.2, popcnt, lzcnt, tsc, tscinvbit, avx, avx2, aes, erms, clmul, bmi1, bmi2, adx, sha, fma, vzeroupper, clflush, clflushopt, hv

Memory: 4k page, system-wide physical 15713M (122M free)
TotalPageFile size 28454M (AvailPageFile size 1M)
current process WorkingSet (physical memory assigned to process): 314M, peak: 319M
current process commit charge ("private bytes"): 379M, peak: 418M

vm_info: Java HotSpot(TM) 64-Bit Server VM (18.0.2.1+1-1) for windows-amd64 JRE (18.0.2.1+1-1), built on Aug 16 2022 01:46:33 by "mach5one" with MS VC++ 16.8 / 16.9 (VS2019)

END.
