#
# There is insufficient memory for the Java Runtime Environment to continue.
# Native memory allocation (mmap) failed to map 65536 bytes for Failed to commit metaspace.
# Possible reasons:
#   The system is out of physical RAM or swap space
#   The process is running with CompressedOops enabled, and the Java Heap may be blocking the growth of the native heap
# Possible solutions:
#   Reduce memory load on the system
#   Increase physical memory or swap space
#   Check if swap backing store is full
#   Decrease Java heap size (-Xmx/-Xms)
#   Decrease number of Java threads
#   Decrease Java thread stack sizes (-Xss)
#   Set larger code cache with -XX:ReservedCodeCacheSize=
#   JVM is running with Unscaled Compressed Oops mode in which the Java heap is
#     placed in the first 4GB address space. The Java Heap base address is the
#     maximum limit for the native heap growth. Please use -XX:HeapBaseMinAddress
#     to set the Java Heap base and to place the Java Heap above 4GB virtual address.
# This output file may be truncated or incomplete.
#
#  Out of Memory Error (virtualSpaceNode.cpp:110), pid=20680, tid=20408
#
# JRE version: Java(TM) SE Runtime Environment (18.0.2.1+1) (build 18.0.2.1+1-1)
# Java VM: Java HotSpot(TM) 64-Bit Server VM (18.0.2.1+1-1, mixed mode, sharing, tiered, compressed oops, compressed class ptrs, g1 gc, windows-amd64)
# No core dump will be written. Minidumps are not enabled by default on client versions of Windows
#

---------------  S U M M A R Y ------------

Command Line: -Xmx64m -Xms64m -Dorg.gradle.appname=gradlew org.gradle.wrapper.GradleWrapperMain tasks

Host: AMD Ryzen 7 5800H with Radeon Graphics         , 16 cores, 15G,  Windows 11 , 64 bit Build 22621 (10.0.22621.2506)
Time: Sat Dec 16 08:09:21 2023  Windows 11 , 64 bit Build 22621 (10.0.22621.2506) elapsed time: 1.577613 seconds (0d 0h 0m 1s)

---------------  T H R E A D  ---------------

Current thread (0x000001af8ed10a40):  JavaThread "main" [_thread_in_vm, id=20408, stack(0x00000018aba00000,0x00000018abb00000)]

Stack: [0x00000018aba00000,0x00000018abb00000]
Native frames: (J=compiled Java code, j=interpreted, Vv=VM code, C=native code)
V  [jvm.dll+0x6993aa]
V  [jvm.dll+0x7f46dd]
V  [jvm.dll+0x7f5fee]
V  [jvm.dll+0x7f66a3]
V  [jvm.dll+0x25cf1f]
V  [jvm.dll+0x7f03eb]
V  [jvm.dll+0x63f526]
V  [jvm.dll+0x1d75ce]
V  [jvm.dll+0x641ecb]
V  [jvm.dll+0x641cce]
V  [jvm.dll+0x63feee]
V  [jvm.dll+0x38e1f2]
V  [jvm.dll+0x1fa60b]
V  [jvm.dll+0x55dc2e]
V  [jvm.dll+0x76e943]
V  [jvm.dll+0x76ea24]
V  [jvm.dll+0x42d7b4]
V  [jvm.dll+0x4334bf]
C  [java.dll+0x17ec]

Java frames: (J=compiled Java code, j=interpreted, Vv=VM code)
J 803  java.lang.ClassLoader.defineClass1(Ljava/lang/ClassLoader;Ljava/lang/String;[BIILjava/security/ProtectionDomain;Ljava/lang/String;)Ljava/lang/Class; java.base@18.0.2.1 (0 bytes) @ 0x000001af9fa1e763 [0x000001af9fa1e6a0+0x00000000000000c3]
J 853 c1 java.lang.ClassLoader.defineClass(Ljava/lang/String;[BIILjava/security/ProtectionDomain;)Ljava/lang/Class; java.base@18.0.2.1 (43 bytes) @ 0x000001af98722bd4 [0x000001af98722880+0x0000000000000354]
J 889 c1 java.security.SecureClassLoader.defineClass(Ljava/lang/String;[BIILjava/security/CodeSource;)Ljava/lang/Class; java.base@18.0.2.1 (16 bytes) @ 0x000001af9873678c [0x000001af987366c0+0x00000000000000cc]
J 883 c1 java.net.URLClassLoader.defineClass(Ljava/lang/String;Ljdk/internal/loader/Resource;)Ljava/lang/Class; java.base@18.0.2.1 (224 bytes) @ 0x000001af98738844 [0x000001af98736dc0+0x0000000000001a84]
J 751 c1 java.net.URLClassLoader$1.run()Ljava/lang/Class; java.base@18.0.2.1 (81 bytes) @ 0x000001af986eebdc [0x000001af986edfa0+0x0000000000000c3c]
J 750 c1 java.net.URLClassLoader$1.run()Ljava/lang/Object; java.base@18.0.2.1 (5 bytes) @ 0x000001af986ecbc4 [0x000001af986ecb40+0x0000000000000084]
J 635 c1 java.security.AccessController.doPrivileged(Ljava/security/PrivilegedExceptionAction;Ljava/security/AccessControlContext;)Ljava/lang/Object; java.base@18.0.2.1 (26 bytes) @ 0x000001af986a8c7c [0x000001af986a8aa0+0x00000000000001dc]
J 748 c1 java.net.URLClassLoader.findClass(Ljava/lang/String;)Ljava/lang/Class; java.base@18.0.2.1 (47 bytes) @ 0x000001af986ed51c [0x000001af986ed380+0x000000000000019c]
J 664 c1 java.lang.ClassLoader.loadClass(Ljava/lang/String;Z)Ljava/lang/Class; java.base@18.0.2.1 (121 bytes) @ 0x000001af986b61f4 [0x000001af986b5c40+0x00000000000005b4]
J 646 c1 java.lang.ClassLoader.loadClass(Ljava/lang/String;)Ljava/lang/Class; java.base@18.0.2.1 (7 bytes) @ 0x000001af986aec4c [0x000001af986aeb40+0x000000000000010c]
v  ~StubRoutines::call_stub
J 803  java.lang.ClassLoader.defineClass1(Ljava/lang/ClassLoader;Ljava/lang/String;[BIILjava/security/ProtectionDomain;Ljava/lang/String;)Ljava/lang/Class; java.base@18.0.2.1 (0 bytes) @ 0x000001af9fa1e763 [0x000001af9fa1e6a0+0x00000000000000c3]
J 853 c1 java.lang.ClassLoader.defineClass(Ljava/lang/String;[BIILjava/security/ProtectionDomain;)Ljava/lang/Class; java.base@18.0.2.1 (43 bytes) @ 0x000001af98722bd4 [0x000001af98722880+0x0000000000000354]
J 889 c1 java.security.SecureClassLoader.defineClass(Ljava/lang/String;[BIILjava/security/CodeSource;)Ljava/lang/Class; java.base@18.0.2.1 (16 bytes) @ 0x000001af9873678c [0x000001af987366c0+0x00000000000000cc]
J 883 c1 java.net.URLClassLoader.defineClass(Ljava/lang/String;Ljdk/internal/loader/Resource;)Ljava/lang/Class; java.base@18.0.2.1 (224 bytes) @ 0x000001af98738844 [0x000001af98736dc0+0x0000000000001a84]
J 751 c1 java.net.URLClassLoader$1.run()Ljava/lang/Class; java.base@18.0.2.1 (81 bytes) @ 0x000001af986eebdc [0x000001af986edfa0+0x0000000000000c3c]
J 750 c1 java.net.URLClassLoader$1.run()Ljava/lang/Object; java.base@18.0.2.1 (5 bytes) @ 0x000001af986ecbc4 [0x000001af986ecb40+0x0000000000000084]
J 635 c1 java.security.AccessController.doPrivileged(Ljava/security/PrivilegedExceptionAction;Ljava/security/AccessControlContext;)Ljava/lang/Object; java.base@18.0.2.1 (26 bytes) @ 0x000001af986a8c7c [0x000001af986a8aa0+0x00000000000001dc]
J 748 c1 java.net.URLClassLoader.findClass(Ljava/lang/String;)Ljava/lang/Class; java.base@18.0.2.1 (47 bytes) @ 0x000001af986ed51c [0x000001af986ed380+0x000000000000019c]
J 664 c1 java.lang.ClassLoader.loadClass(Ljava/lang/String;Z)Ljava/lang/Class; java.base@18.0.2.1 (121 bytes) @ 0x000001af986b61f4 [0x000001af986b5c40+0x00000000000005b4]
J 646 c1 java.lang.ClassLoader.loadClass(Ljava/lang/String;)Ljava/lang/Class; java.base@18.0.2.1 (7 bytes) @ 0x000001af986aec4c [0x000001af986aeb40+0x000000000000010c]
v  ~StubRoutines::call_stub
j  org.gradle.launcher.daemon.configuration.DaemonParameters.<clinit>()V+8
v  ~StubRoutines::call_stub
j  org.gradle.launcher.cli.ParametersConverter.convert(Lorg/gradle/cli/ParsedCommandLine;Ljava/io/File;)Lorg/gradle/launcher/cli/Parameters;+57
j  org.gradle.launcher.cli.BuildActionsFactory.createAction(Lorg/gradle/cli/CommandLineParser;Lorg/gradle/cli/ParsedCommandLine;)Lorg/gradle/api/Action;+6
j  org.gradle.launcher.cli.DefaultCommandLineActionFactory$ParseAndBuildAction.createAction(Lorg/gradle/cli/CommandLineParser;Lorg/gradle/cli/ParsedCommandLine;)Lorg/gradle/api/Action;+46
j  org.gradle.launcher.cli.DefaultCommandLineActionFactory$ParseAndBuildAction.execute(Lorg/gradle/launcher/bootstrap/ExecutionListener;)V+37
j  org.gradle.launcher.cli.DefaultCommandLineActionFactory$ParseAndBuildAction.execute(Ljava/lang/Object;)V+5
j  org.gradle.launcher.cli.DebugLoggerWarningAction.execute(Lorg/gradle/launcher/bootstrap/ExecutionListener;)V+9
j  org.gradle.launcher.cli.DebugLoggerWarningAction.execute(Ljava/lang/Object;)V+5
j  org.gradle.launcher.cli.WelcomeMessageAction.execute(Lorg/gradle/launcher/bootstrap/ExecutionListener;)V+218
j  org.gradle.launcher.cli.WelcomeMessageAction.execute(Ljava/lang/Object;)V+5
j  org.gradle.launcher.cli.NativeServicesInitializingAction.execute(Lorg/gradle/launcher/bootstrap/ExecutionListener;)V+35
j  org.gradle.launcher.cli.NativeServicesInitializingAction.execute(Ljava/lang/Object;)V+5
j  org.gradle.launcher.cli.ExceptionReportingAction.execute(Lorg/gradle/launcher/bootstrap/ExecutionListener;)V+5
j  org.gradle.launcher.cli.ExceptionReportingAction.execute(Ljava/lang/Object;)V+5
j  org.gradle.launcher.cli.DefaultCommandLineActionFactory$WithLogging.execute(Lorg/gradle/launcher/bootstrap/ExecutionListener;)V+299
j  org.gradle.launcher.Main.doAction([Ljava/lang/String;Lorg/gradle/launcher/bootstrap/ExecutionListener;)V+14
j  org.gradle.launcher.bootstrap.EntryPoint.run([Ljava/lang/String;)V+12
j  java.lang.invoke.DirectMethodHandle$Holder.invokeVirtual(Ljava/lang/Object;Ljava/lang/Object;Ljava/lang/Object;)V+11 java.base@18.0.2.1
j  java.lang.invoke.LambdaForm$MH+0x0000000800c12800.invoke(Ljava/lang/Object;Ljava/lang/Object;Ljava/lang/Object;)Ljava/lang/Object;+52 java.base@18.0.2.1
j  java.lang.invoke.Invokers$Holder.invokeExact_MT(Ljava/lang/Object;Ljava/lang/Object;Ljava/lang/Object;Ljava/lang/Object;)Ljava/lang/Object;+20 java.base@18.0.2.1
j  jdk.internal.reflect.DirectMethodHandleAccessor.invokeImpl(Ljava/lang/Object;[Ljava/lang/Object;)Ljava/lang/Object;+55 java.base@18.0.2.1
j  jdk.internal.reflect.DirectMethodHandleAccessor.invoke(Ljava/lang/Object;[Ljava/lang/Object;)Ljava/lang/Object;+23 java.base@18.0.2.1
j  java.lang.reflect.Method.invoke(Ljava/lang/Object;[Ljava/lang/Object;)Ljava/lang/Object;+102 java.base@18.0.2.1
j  org.gradle.launcher.bootstrap.ProcessBootstrap.runNoExit(Ljava/lang/String;[Ljava/lang/String;)V+159
j  org.gradle.launcher.bootstrap.ProcessBootstrap.run(Ljava/lang/String;[Ljava/lang/String;)V+2
j  java.lang.invoke.LambdaForm$DMH+0x0000000800c08400.invokeStatic(Ljava/lang/Object;Ljava/lang/Object;Ljava/lang/Object;)V+11 java.base@18.0.2.1
j  java.lang.invoke.LambdaForm$MH+0x0000000800c09c00.invoke(Ljava/lang/Object;Ljava/lang/Object;Ljava/lang/Object;Ljava/lang/Object;)Ljava/lang/Object;+54 java.base@18.0.2.1
j  java.lang.invoke.LambdaForm$MH+0x0000000800c0a000.invokeExact_MT(Ljava/lang/Object;Ljava/lang/Object;Ljava/lang/Object;Ljava/lang/Object;Ljava/lang/Object;)Ljava/lang/Object;+22 java.base@18.0.2.1
j  jdk.internal.reflect.DirectMethodHandleAccessor.invokeImpl(Ljava/lang/Object;[Ljava/lang/Object;)Ljava/lang/Object;+72 java.base@18.0.2.1
j  jdk.internal.reflect.DirectMethodHandleAccessor.invoke(Ljava/lang/Object;[Ljava/lang/Object;)Ljava/lang/Object;+23 java.base@18.0.2.1
j  java.lang.reflect.Method.invoke(Ljava/lang/Object;[Ljava/lang/Object;)Ljava/lang/Object;+102 java.base@18.0.2.1
j  org.gradle.launcher.GradleMain.main([Ljava/lang/String;)V+100
j  java.lang.invoke.LambdaForm$DMH+0x0000000800c04400.invokeStatic(Ljava/lang/Object;Ljava/lang/Object;)V+10 java.base@18.0.2.1
j  java.lang.invoke.LambdaForm$MH+0x0000000800c08000.invoke(Ljava/lang/Object;Ljava/lang/Object;Ljava/lang/Object;)Ljava/lang/Object;+33 java.base@18.0.2.1
j  java.lang.invoke.Invokers$Holder.invokeExact_MT(Ljava/lang/Object;Ljava/lang/Object;Ljava/lang/Object;Ljava/lang/Object;)Ljava/lang/Object;+20 java.base@18.0.2.1
j  jdk.internal.reflect.DirectMethodHandleAccessor.invokeImpl(Ljava/lang/Object;[Ljava/lang/Object;)Ljava/lang/Object;+55 java.base@18.0.2.1
j  jdk.internal.reflect.DirectMethodHandleAccessor.invoke(Ljava/lang/Object;[Ljava/lang/Object;)Ljava/lang/Object;+23 java.base@18.0.2.1
j  java.lang.reflect.Method.invoke(Ljava/lang/Object;[Ljava/lang/Object;)Ljava/lang/Object;+102 java.base@18.0.2.1
j  org.gradle.wrapper.BootstrapMainStarter.start([Ljava/lang/String;Ljava/io/File;)V+105
j  org.gradle.wrapper.WrapperExecutor.execute([Ljava/lang/String;Lorg/gradle/wrapper/Install;Lorg/gradle/wrapper/BootstrapMainStarter;)V+14
j  org.gradle.wrapper.GradleWrapperMain.main([Ljava/lang/String;)V+206
v  ~StubRoutines::call_stub

---------------  P R O C E S S  ---------------

Threads class SMR info:
_java_thread_list=0x000001afafdab620, length=15, elements={
0x000001af8ed10a40, 0x000001af8edb2200, 0x000001af8edb2e60, 0x000001af8edca310,
0x000001af8edcacb0, 0x000001af8edcb650, 0x000001af8edcbff0, 0x000001af8edcccc0,
0x000001af8edcd6a0, 0x000001afaaf5e790, 0x000001afaf44f150, 0x000001afaf472e90,
0x000001afaf480830, 0x000001afaf482950, 0x000001afafec61a0
}

Java Threads: ( => current thread )
=>0x000001af8ed10a40 JavaThread "main" [_thread_in_vm, id=20408, stack(0x00000018aba00000,0x00000018abb00000)]
  0x000001af8edb2200 JavaThread "Reference Handler" daemon [_thread_blocked, id=19040, stack(0x00000018ac100000,0x00000018ac200000)]
  0x000001af8edb2e60 JavaThread "Finalizer" daemon [_thread_blocked, id=19172, stack(0x00000018ac200000,0x00000018ac300000)]
  0x000001af8edca310 JavaThread "Signal Dispatcher" daemon [_thread_blocked, id=18964, stack(0x00000018ac300000,0x00000018ac400000)]
  0x000001af8edcacb0 JavaThread "Attach Listener" daemon [_thread_blocked, id=27132, stack(0x00000018ac400000,0x00000018ac500000)]
  0x000001af8edcb650 JavaThread "Service Thread" daemon [_thread_blocked, id=7016, stack(0x00000018ac500000,0x00000018ac600000)]
  0x000001af8edcbff0 JavaThread "Monitor Deflation Thread" daemon [_thread_blocked, id=12836, stack(0x00000018ac600000,0x00000018ac700000)]
  0x000001af8edcccc0 JavaThread "C2 CompilerThread0" daemon [_thread_blocked, id=18996, stack(0x00000018ac700000,0x00000018ac800000)]
  0x000001af8edcd6a0 JavaThread "C1 CompilerThread0" daemon [_thread_blocked, id=19052, stack(0x00000018ac800000,0x00000018ac900000)]
  0x000001afaaf5e790 JavaThread "Sweeper thread" daemon [_thread_blocked, id=15684, stack(0x00000018ac900000,0x00000018aca00000)]
  0x000001afaf44f150 JavaThread "C1 CompilerThread1" daemon [_thread_blocked, id=16260, stack(0x00000018aca00000,0x00000018acb00000)]
  0x000001afaf472e90 JavaThread "C1 CompilerThread2" daemon [_thread_blocked, id=17892, stack(0x00000018acb00000,0x00000018acc00000)]
  0x000001afaf480830 JavaThread "Notification Thread" daemon [_thread_blocked, id=27116, stack(0x00000018acc00000,0x00000018acd00000)]
  0x000001afaf482950 JavaThread "Common-Cleaner" daemon [_thread_blocked, id=12136, stack(0x00000018ace00000,0x00000018acf00000)]
  0x000001afafec61a0 JavaThread "pool-1-thread-1" [_thread_blocked, id=21172, stack(0x00000018acf00000,0x00000018ad000000)]

Other Threads:
  0x000001af8edad830 VMThread "VM Thread" [stack: 0x00000018ac000000,0x00000018ac100000] [id=25448]
  0x000001afaf481d10 WatcherThread "VM Periodic Task Thread" [stack: 0x00000018acd00000,0x00000018ace00000] [id=20532]
  0x000001af8ed37d20 WorkerThread "GC Thread#0" [stack: 0x00000018abb00000,0x00000018abc00000] [id=20520]
  0x000001afafddff10 WorkerThread "GC Thread#1" [stack: 0x00000018ad000000,0x00000018ad100000] [id=8812]
  0x000001afaf767fe0 WorkerThread "GC Thread#2" [stack: 0x00000018ad100000,0x00000018ad200000] [id=27584]
  0x000001afafdb6ba0 WorkerThread "GC Thread#3" [stack: 0x00000018ad200000,0x00000018ad300000] [id=17032]
  0x000001afafefac00 WorkerThread "GC Thread#4" [stack: 0x00000018ad300000,0x00000018ad400000] [id=21316]
  0x000001afafefaea0 WorkerThread "GC Thread#5" [stack: 0x00000018ad400000,0x00000018ad500000] [id=27140]
  0x000001af8ed39460 ConcurrentGCThread "G1 Main Marker" [stack: 0x00000018abc00000,0x00000018abd00000] [id=21352]
  0x000001af8ed39e50 WorkerThread "G1 Conc#0" [stack: 0x00000018abd00000,0x00000018abe00000] [id=20540]
  0x000001af8ed885f0 ConcurrentGCThread "G1 Refine#0" [stack: 0x00000018abe00000,0x00000018abf00000] [id=7824]
  0x000001af8ed8cf10 ConcurrentGCThread "G1 Service" [stack: 0x00000018abf00000,0x00000018ac000000] [id=16816]

Threads with active compile tasks:

VM state: not at safepoint (normal execution)

VM Mutex/Monitor currently owned by a thread:  ([mutex/lock_event])
[0x000001af8ecfa430] Metaspace_lock - owner thread: 0x000001af8ed10a40

Heap address: 0x00000000fc000000, size: 64 MB, Compressed Oops mode: 32-bit

CDS archive(s) mapped at: [0x0000000800000000-0x0000000800ba0000-0x0000000800ba0000), size 12189696, SharedBaseAddress: 0x0000000800000000, ArchiveRelocationMode: 0.
Compressed class space mapped at: 0x0000000800c00000-0x0000000840c00000, reserved size: 1073741824
Narrow klass base: 0x0000000800000000, Narrow klass shift: 0, Narrow klass range: 0x100000000

GC Precious Log:
 CardTable entry size: 512
 Card Set container configuration: InlinePtr #cards 5 size 8 Array Of Cards #cards 12 size 40 Howl #buckets 4 coarsen threshold 1843 Howl Bitmap #cards 512 size 80 coarsen threshold 460 Card regions per heap region 1 cards per card region 2048
 CPUs: 16 total, 16 available
 Memory: 15713M
 Large Page Support: Disabled
 NUMA Support: Disabled
 Compressed Oops: Enabled (32-bit)
 Heap Region Size: 1M
 Heap Min Capacity: 64M
 Heap Initial Capacity: 64M
 Heap Max Capacity: 64M
 Pre-touch: Disabled
 Parallel Workers: 13
 Concurrent Workers: 3
 Concurrent Refinement Workers: 13
 Periodic GC: Disabled

Heap:
 garbage-first heap   total 65536K, used 13446K [0x00000000fc000000, 0x0000000100000000)
  region size 1024K, 7 young (7168K), 3 survivors (3072K)
 Metaspace       used 4973K, committed 5184K, reserved 1114112K
  class space    used 652K, committed 768K, reserved 1048576K

Heap Regions: E=young(eden), S=young(survivor), O=old, HS=humongous(starts), HC=humongous(continues), CS=collection set, F=free, OA=open archive, CA=closed archive, TAMS=top-at-mark-start (previous, next)
|   0|0x00000000fc000000, 0x00000000fc100000, 0x00000000fc100000|100%|HS|  |TAMS 0x00000000fc000000, 0x00000000fc000000| Complete 
|   1|0x00000000fc100000, 0x00000000fc200000, 0x00000000fc200000|100%|HC|  |TAMS 0x00000000fc100000, 0x00000000fc100000| Complete 
|   2|0x00000000fc200000, 0x00000000fc300000, 0x00000000fc300000|100%|HC|  |TAMS 0x00000000fc200000, 0x00000000fc200000| Complete 
|   3|0x00000000fc300000, 0x00000000fc400000, 0x00000000fc400000|100%|HC|  |TAMS 0x00000000fc300000, 0x00000000fc300000| Complete 
|   4|0x00000000fc400000, 0x00000000fc500000, 0x00000000fc500000|100%| O|  |TAMS 0x00000000fc400000, 0x00000000fc400000| Untracked 
|   5|0x00000000fc500000, 0x00000000fc600000, 0x00000000fc600000|100%| O|  |TAMS 0x00000000fc500000, 0x00000000fc500000| Untracked 
|   6|0x00000000fc600000, 0x00000000fc700000, 0x00000000fc700000|100%| O|  |TAMS 0x00000000fc600000, 0x00000000fc600000| Untracked 
|   7|0x00000000fc700000, 0x00000000fc721a00, 0x00000000fc800000| 13%| O|  |TAMS 0x00000000fc700000, 0x00000000fc700000| Untracked 
|   8|0x00000000fc800000, 0x00000000fc800000, 0x00000000fc900000|  0%| F|  |TAMS 0x00000000fc800000, 0x00000000fc800000| Untracked 
|   9|0x00000000fc900000, 0x00000000fc900000, 0x00000000fca00000|  0%| F|  |TAMS 0x00000000fc900000, 0x00000000fc900000| Untracked 
|  10|0x00000000fca00000, 0x00000000fca00000, 0x00000000fcb00000|  0%| F|  |TAMS 0x00000000fca00000, 0x00000000fca00000| Untracked 
|  11|0x00000000fcb00000, 0x00000000fcb00000, 0x00000000fcc00000|  0%| F|  |TAMS 0x00000000fcb00000, 0x00000000fcb00000| Untracked 
|  12|0x00000000fcc00000, 0x00000000fcc00000, 0x00000000fcd00000|  0%| F|  |TAMS 0x00000000fcc00000, 0x00000000fcc00000| Untracked 
|  13|0x00000000fcd00000, 0x00000000fcd00000, 0x00000000fce00000|  0%| F|  |TAMS 0x00000000fcd00000, 0x00000000fcd00000| Untracked 
|  14|0x00000000fce00000, 0x00000000fce00000, 0x00000000fcf00000|  0%| F|  |TAMS 0x00000000fce00000, 0x00000000fce00000| Untracked 
|  15|0x00000000fcf00000, 0x00000000fcf00000, 0x00000000fd000000|  0%| F|  |TAMS 0x00000000fcf00000, 0x00000000fcf00000| Untracked 
|  16|0x00000000fd000000, 0x00000000fd000000, 0x00000000fd100000|  0%| F|  |TAMS 0x00000000fd000000, 0x00000000fd000000| Untracked 
|  17|0x00000000fd100000, 0x00000000fd100000, 0x00000000fd200000|  0%| F|  |TAMS 0x00000000fd100000, 0x00000000fd100000| Untracked 
|  18|0x00000000fd200000, 0x00000000fd200000, 0x00000000fd300000|  0%| F|  |TAMS 0x00000000fd200000, 0x00000000fd200000| Untracked 
|  19|0x00000000fd300000, 0x00000000fd300000, 0x00000000fd400000|  0%| F|  |TAMS 0x00000000fd300000, 0x00000000fd300000| Untracked 
|  20|0x00000000fd400000, 0x00000000fd400000, 0x00000000fd500000|  0%| F|  |TAMS 0x00000000fd400000, 0x00000000fd400000| Untracked 
|  21|0x00000000fd500000, 0x00000000fd500000, 0x00000000fd600000|  0%| F|  |TAMS 0x00000000fd500000, 0x00000000fd500000| Untracked 
|  22|0x00000000fd600000, 0x00000000fd600000, 0x00000000fd700000|  0%| F|  |TAMS 0x00000000fd600000, 0x00000000fd600000| Untracked 
|  23|0x00000000fd700000, 0x00000000fd700000, 0x00000000fd800000|  0%| F|  |TAMS 0x00000000fd700000, 0x00000000fd700000| Untracked 
|  24|0x00000000fd800000, 0x00000000fd800000, 0x00000000fd900000|  0%| F|  |TAMS 0x00000000fd800000, 0x00000000fd800000| Untracked 
|  25|0x00000000fd900000, 0x00000000fd900000, 0x00000000fda00000|  0%| F|  |TAMS 0x00000000fd900000, 0x00000000fd900000| Untracked 
|  26|0x00000000fda00000, 0x00000000fda00000, 0x00000000fdb00000|  0%| F|  |TAMS 0x00000000fda00000, 0x00000000fda00000| Untracked 
|  27|0x00000000fdb00000, 0x00000000fdb00000, 0x00000000fdc00000|  0%| F|  |TAMS 0x00000000fdb00000, 0x00000000fdb00000| Untracked 
|  28|0x00000000fdc00000, 0x00000000fdc00000, 0x00000000fdd00000|  0%| F|  |TAMS 0x00000000fdc00000, 0x00000000fdc00000| Untracked 
|  29|0x00000000fdd00000, 0x00000000fdd00000, 0x00000000fde00000|  0%| F|  |TAMS 0x00000000fdd00000, 0x00000000fdd00000| Untracked 
|  30|0x00000000fde00000, 0x00000000fde00000, 0x00000000fdf00000|  0%| F|  |TAMS 0x00000000fde00000, 0x00000000fde00000| Untracked 
|  31|0x00000000fdf00000, 0x00000000fdf00000, 0x00000000fe000000|  0%| F|  |TAMS 0x00000000fdf00000, 0x00000000fdf00000| Untracked 
|  32|0x00000000fe000000, 0x00000000fe000000, 0x00000000fe100000|  0%| F|  |TAMS 0x00000000fe000000, 0x00000000fe000000| Untracked 
|  33|0x00000000fe100000, 0x00000000fe100000, 0x00000000fe200000|  0%| F|  |TAMS 0x00000000fe100000, 0x00000000fe100000| Untracked 
|  34|0x00000000fe200000, 0x00000000fe200000, 0x00000000fe300000|  0%| F|  |TAMS 0x00000000fe200000, 0x00000000fe200000| Untracked 
|  35|0x00000000fe300000, 0x00000000fe300000, 0x00000000fe400000|  0%| F|  |TAMS 0x00000000fe300000, 0x00000000fe300000| Untracked 
|  36|0x00000000fe400000, 0x00000000fe400000, 0x00000000fe500000|  0%| F|  |TAMS 0x00000000fe400000, 0x00000000fe400000| Untracked 
|  37|0x00000000fe500000, 0x00000000fe500000, 0x00000000fe600000|  0%| F|  |TAMS 0x00000000fe500000, 0x00000000fe500000| Untracked 
|  38|0x00000000fe600000, 0x00000000fe700000, 0x00000000fe700000|100%| S|CS|TAMS 0x00000000fe600000, 0x00000000fe600000| Complete 
|  39|0x00000000fe700000, 0x00000000fe800000, 0x00000000fe800000|100%| S|CS|TAMS 0x00000000fe700000, 0x00000000fe700000| Complete 
|  40|0x00000000fe800000, 0x00000000fe900000, 0x00000000fe900000|100%| S|CS|TAMS 0x00000000fe800000, 0x00000000fe800000| Complete 
|  41|0x00000000fe900000, 0x00000000fe900000, 0x00000000fea00000|  0%| F|  |TAMS 0x00000000fe900000, 0x00000000fe900000| Untracked 
|  42|0x00000000fea00000, 0x00000000fea00000, 0x00000000feb00000|  0%| F|  |TAMS 0x00000000fea00000, 0x00000000fea00000| Untracked 
|  43|0x00000000feb00000, 0x00000000feb00000, 0x00000000fec00000|  0%| F|  |TAMS 0x00000000feb00000, 0x00000000feb00000| Untracked 
|  44|0x00000000fec00000, 0x00000000fec00000, 0x00000000fed00000|  0%| F|  |TAMS 0x00000000fec00000, 0x00000000fec00000| Untracked 
|  45|0x00000000fed00000, 0x00000000fed00000, 0x00000000fee00000|  0%| F|  |TAMS 0x00000000fed00000, 0x00000000fed00000| Untracked 
|  46|0x00000000fee00000, 0x00000000fee00000, 0x00000000fef00000|  0%| F|  |TAMS 0x00000000fee00000, 0x00000000fee00000| Untracked 
|  47|0x00000000fef00000, 0x00000000fef00000, 0x00000000ff000000|  0%| F|  |TAMS 0x00000000fef00000, 0x00000000fef00000| Untracked 
|  48|0x00000000ff000000, 0x00000000ff000000, 0x00000000ff100000|  0%| F|  |TAMS 0x00000000ff000000, 0x00000000ff000000| Untracked 
|  49|0x00000000ff100000, 0x00000000ff100000, 0x00000000ff200000|  0%| F|  |TAMS 0x00000000ff100000, 0x00000000ff100000| Untracked 
|  50|0x00000000ff200000, 0x00000000ff200000, 0x00000000ff300000|  0%| F|  |TAMS 0x00000000ff200000, 0x00000000ff200000| Untracked 
|  51|0x00000000ff300000, 0x00000000ff300000, 0x00000000ff400000|  0%| F|  |TAMS 0x00000000ff300000, 0x00000000ff300000| Untracked 
|  52|0x00000000ff400000, 0x00000000ff400000, 0x00000000ff500000|  0%| F|  |TAMS 0x00000000ff400000, 0x00000000ff400000| Untracked 
|  53|0x00000000ff500000, 0x00000000ff500000, 0x00000000ff600000|  0%| F|  |TAMS 0x00000000ff500000, 0x00000000ff500000| Untracked 
|  54|0x00000000ff600000, 0x00000000ff600000, 0x00000000ff700000|  0%| F|  |TAMS 0x00000000ff600000, 0x00000000ff600000| Untracked 
|  55|0x00000000ff700000, 0x00000000ff700000, 0x00000000ff800000|  0%| F|  |TAMS 0x00000000ff700000, 0x00000000ff700000| Untracked 
|  56|0x00000000ff800000, 0x00000000ff800000, 0x00000000ff900000|  0%| F|  |TAMS 0x00000000ff800000, 0x00000000ff800000| Untracked 
|  57|0x00000000ff900000, 0x00000000ff900000, 0x00000000ffa00000|  0%| F|  |TAMS 0x00000000ff900000, 0x00000000ff900000| Untracked 
|  58|0x00000000ffa00000, 0x00000000ffa00000, 0x00000000ffb00000|  0%| F|  |TAMS 0x00000000ffa00000, 0x00000000ffa00000| Untracked 
|  59|0x00000000ffb00000, 0x00000000ffb00000, 0x00000000ffc00000|  0%| F|  |TAMS 0x00000000ffb00000, 0x00000000ffb00000| Untracked 
|  60|0x00000000ffc00000, 0x00000000ffcd0b30, 0x00000000ffd00000| 81%| E|  |TAMS 0x00000000ffc00000, 0x00000000ffc00000| Complete 
|  61|0x00000000ffd00000, 0x00000000ffe00000, 0x00000000ffe00000|100%| E|CS|TAMS 0x00000000ffd00000, 0x00000000ffd00000| Complete 
|  62|0x00000000ffe00000, 0x00000000fff00000, 0x00000000fff00000|100%| E|CS|TAMS 0x00000000ffe00000, 0x00000000ffe00000| Complete 
|  63|0x00000000fff00000, 0x0000000100000000, 0x0000000100000000|100%| E|CS|TAMS 0x00000000fff00000, 0x00000000fff00000| Complete 

Card table byte_map: [0x000001afa7e00000,0x000001afa7e20000] _byte_map_base: 0x000001afa7620000

Marking Bits (Prev, Next): (CMBitMap*) 0x000001af8ed38330, (CMBitMap*) 0x000001af8ed38370
 Prev Bits: [0x000001afa7e40000, 0x000001afa7f40000)
 Next Bits: [0x000001afa7f40000, 0x000001afa8040000)

Polling page: 0x000001af8edd0000

Metaspace:

Usage:
  Non-class:      4.22 MB used.
      Class:    652.97 KB used.
       Both:      4.86 MB used.

Virtual space:
  Non-class space:       64.00 MB reserved,       4.31 MB (  7%) committed,  1 nodes.
      Class space:        1.00 GB reserved,     768.00 KB ( <1%) committed,  1 nodes.
             Both:        1.06 GB reserved,       5.06 MB ( <1%) committed. 

Chunk freelists:
   Non-Class:  1.83 MB
       Class:  3.23 MB
        Both:  5.06 MB

MaxMetaspaceSize: unlimited
CompressedClassSpaceSize: 1.00 GB
Initial GC threshold: 21.00 MB
Current GC threshold: 21.00 MB
CDS: on
MetaspaceReclaimPolicy: balanced
 - commit_granule_bytes: 65536.
 - commit_granule_words: 8192.
 - virtual_space_node_default_size: 8388608.
 - enlarge_chunks_in_place: 1.
 - new_chunks_are_fully_committed: 0.
 - uncommit_free_chunks: 1.
 - use_allocation_guard: 0.


Internal statistics:

num_allocs_failed_limit: 0.
num_arena_births: 138.
num_arena_deaths: 0.
num_vsnodes_births: 2.
num_vsnodes_deaths: 0.
num_space_committed: 81.
num_space_uncommitted: 0.
num_chunks_returned_to_freelist: 0.
num_chunks_taken_from_freelist: 279.
num_chunk_merges: 0.
num_chunk_splits: 177.
num_chunks_enlarged: 130.
num_inconsistent_stats: 0.

CodeHeap 'non-profiled nmethods': size=119168Kb used=345Kb max_used=345Kb free=118822Kb
 bounds [0x000001af9f9e0000, 0x000001af9fc50000, 0x000001afa6e40000]
CodeHeap 'profiled nmethods': size=119104Kb used=2069Kb max_used=2069Kb free=117034Kb
 bounds [0x000001af98590000, 0x000001af98800000, 0x000001af9f9e0000]
CodeHeap 'non-nmethods': size=7488Kb used=2276Kb max_used=2290Kb free=5211Kb
 bounds [0x000001af97e40000, 0x000001af980b0000, 0x000001af98590000]
 total_blobs=1497 nmethods=1069 adapters=339
 compilation: enabled
              stopped_count=0, restarted_count=0
 full_count=0

Compilation events (20 events):
Event: 1.557 Thread 0x000001af8edcd6a0 1061       3       java.util.regex.Pattern::lambda$union$3 (26 bytes)
Event: 1.557 Thread 0x000001af8edcd6a0 nmethod 1061 0x000001af98792890 code [0x000001af98792a40, 0x000001af98792d58]
Event: 1.557 Thread 0x000001afaf44f150 nmethod 1060 0x000001af98792e90 code [0x000001af98793060, 0x000001af98793418]
Event: 1.557 Thread 0x000001afaf44f150 1062       3       java.util.HashSet::<init> (16 bytes)
Event: 1.557 Thread 0x000001afaf44f150 nmethod 1062 0x000001af98793590 code [0x000001af98793760, 0x000001af98793b78]
Event: 1.557 Thread 0x000001afaf472e90 1063       3       java.util.HashMap$HashIterator::<init> (79 bytes)
Event: 1.557 Thread 0x000001af8edcd6a0 1064       3       java.util.Arrays$ArrayItr::hasNext (18 bytes)
Event: 1.557 Thread 0x000001afaf472e90 nmethod 1063 0x000001af98793d10 code [0x000001af98793ec0, 0x000001af987942f8]
Event: 1.557 Thread 0x000001afaf472e90 1065       3       java.util.regex.Pattern$BmpCharProperty::match (55 bytes)
Event: 1.558 Thread 0x000001af8edcd6a0 nmethod 1064 0x000001af98794490 code [0x000001af98794620, 0x000001af98794798]
Event: 1.558 Thread 0x000001afaf44f150 1066       1       org.gradle.cli.CommandLineOption::getOptions (5 bytes)
Event: 1.558 Thread 0x000001afaf472e90 nmethod 1065 0x000001af98794890 code [0x000001af98794a60, 0x000001af98794f08]
Event: 1.558 Thread 0x000001afaf44f150 nmethod 1066 0x000001af9fa34f90 code [0x000001af9fa35120, 0x000001af9fa351f8]
Event: 1.560 Thread 0x000001afaf44f150 1067       1       java.util.concurrent.ConcurrentHashMap$MapEntry::getKey (5 bytes)
Event: 1.560 Thread 0x000001afaf44f150 nmethod 1067 0x000001af9fa35290 code [0x000001af9fa35420, 0x000001af9fa354f8]
Event: 1.563 Thread 0x000001af8edcd6a0 1068       3       java.util.jar.Manifest$FastInputStream::peek (38 bytes)
Event: 1.563 Thread 0x000001af8edcd6a0 nmethod 1068 0x000001af98795090 code [0x000001af98795240, 0x000001af98795468]
Event: 1.566 Thread 0x000001af8edcccc0 nmethod 1056 0x000001af9fa35590 code [0x000001af9fa35780, 0x000001af9fa35d50]
Event: 1.570 Thread 0x000001af8edcccc0 1069       4       java.lang.StringCoding::hasNegatives (25 bytes)
Event: 1.573 Thread 0x000001af8edcccc0 nmethod 1069 0x000001af9fa36290 code [0x000001af9fa36400, 0x000001af9fa36558]

GC Heap History (2 events):
Event: 1.460 GC heap before
{Heap before GC invocations=0 (full 0):
 garbage-first heap   total 65536K, used 27648K [0x00000000fc000000, 0x0000000100000000)
  region size 1024K, 23 young (23552K), 0 survivors (0K)
 Metaspace       used 4158K, committed 4352K, reserved 1114112K
  class space    used 527K, committed 576K, reserved 1048576K
}
Event: 1.465 GC heap after
{Heap after GC invocations=1 (full 0):
 garbage-first heap   total 65536K, used 10374K [0x00000000fc000000, 0x0000000100000000)
  region size 1024K, 3 young (3072K), 3 survivors (3072K)
 Metaspace       used 4158K, committed 4352K, reserved 1114112K
  class space    used 527K, committed 576K, reserved 1048576K
}

Deoptimization events (20 events):
Event: 1.295 Thread 0x000001af8ed10a40 Uncommon trap: trap_request=0xffffffde fr.pc=0x000001af9fa0042c relative=0x000000000000030c
Event: 1.295 Thread 0x000001af8ed10a40 Uncommon trap: reason=class_check action=maybe_recompile pc=0x000001af9fa0042c method=java.util.regex.Matcher.match(II)Z @ 121 c2
Event: 1.295 Thread 0x000001af8ed10a40 DEOPT PACKING pc=0x000001af9fa0042c sp=0x00000018abafe2d0
Event: 1.295 Thread 0x000001af8ed10a40 DEOPT UNPACKING pc=0x000001af97e923a3 sp=0x00000018abafe268 mode 2
Event: 1.295 Thread 0x000001af8ed10a40 Uncommon trap: trap_request=0xffffffde fr.pc=0x000001af9fa0042c relative=0x000000000000030c
Event: 1.295 Thread 0x000001af8ed10a40 Uncommon trap: reason=class_check action=maybe_recompile pc=0x000001af9fa0042c method=java.util.regex.Matcher.match(II)Z @ 121 c2
Event: 1.295 Thread 0x000001af8ed10a40 DEOPT PACKING pc=0x000001af9fa0042c sp=0x00000018abafe2d0
Event: 1.295 Thread 0x000001af8ed10a40 DEOPT UNPACKING pc=0x000001af97e923a3 sp=0x00000018abafe268 mode 2
Event: 1.296 Thread 0x000001af8ed10a40 Uncommon trap: trap_request=0xffffffde fr.pc=0x000001af9fa0042c relative=0x000000000000030c
Event: 1.296 Thread 0x000001af8ed10a40 Uncommon trap: reason=class_check action=maybe_recompile pc=0x000001af9fa0042c method=java.util.regex.Matcher.match(II)Z @ 121 c2
Event: 1.296 Thread 0x000001af8ed10a40 DEOPT PACKING pc=0x000001af9fa0042c sp=0x00000018abafe160
Event: 1.296 Thread 0x000001af8ed10a40 DEOPT UNPACKING pc=0x000001af97e923a3 sp=0x00000018abafe0f8 mode 2
Event: 1.296 Thread 0x000001af8ed10a40 Uncommon trap: trap_request=0xffffffde fr.pc=0x000001af9fa0042c relative=0x000000000000030c
Event: 1.296 Thread 0x000001af8ed10a40 Uncommon trap: reason=class_check action=maybe_recompile pc=0x000001af9fa0042c method=java.util.regex.Matcher.match(II)Z @ 121 c2
Event: 1.296 Thread 0x000001af8ed10a40 DEOPT PACKING pc=0x000001af9fa0042c sp=0x00000018abafe160
Event: 1.296 Thread 0x000001af8ed10a40 DEOPT UNPACKING pc=0x000001af97e923a3 sp=0x00000018abafe0f8 mode 2
Event: 1.475 Thread 0x000001af8ed10a40 DEOPT PACKING pc=0x000001af986aa3bf sp=0x00000018abafa8a0
Event: 1.475 Thread 0x000001af8ed10a40 DEOPT UNPACKING pc=0x000001af97e92b43 sp=0x00000018abaf9d30 mode 0
Event: 1.570 Thread 0x000001afafec61a0 DEOPT PACKING pc=0x000001af9860e856 sp=0x00000018acffde30
Event: 1.570 Thread 0x000001afafec61a0 DEOPT UNPACKING pc=0x000001af97e92b43 sp=0x00000018acffd2b8 mode 0

Classes loaded (20 events):
Event: 1.474 Loading class sun/reflect/generics/tree/MethodTypeSignature
Event: 1.474 Loading class sun/reflect/generics/tree/MethodTypeSignature done
Event: 1.495 Loading class java/util/ArrayList$ListItr
Event: 1.496 Loading class java/util/ArrayList$ListItr done
Event: 1.506 Loading class java/io/FileNotFoundException
Event: 1.506 Loading class java/io/FileNotFoundException done
Event: 1.523 Loading class java/util/concurrent/CopyOnWriteArraySet
Event: 1.526 Loading class java/util/concurrent/CopyOnWriteArraySet done
Event: 1.541 Loading class java/util/concurrent/SynchronousQueue
Event: 1.542 Loading class java/util/concurrent/SynchronousQueue done
Event: 1.542 Loading class java/util/concurrent/SynchronousQueue$TransferStack
Event: 1.542 Loading class java/util/concurrent/SynchronousQueue$Transferer
Event: 1.542 Loading class java/util/concurrent/SynchronousQueue$Transferer done
Event: 1.542 Loading class java/util/concurrent/SynchronousQueue$TransferStack done
Event: 1.542 Loading class java/util/concurrent/SynchronousQueue$TransferStack$SNode
Event: 1.542 Loading class java/util/concurrent/SynchronousQueue$TransferStack$SNode done
Event: 1.554 Loading class java/nio/file/NoSuchFileException
Event: 1.555 Loading class java/nio/file/FileSystemException
Event: 1.555 Loading class java/nio/file/FileSystemException done
Event: 1.555 Loading class java/nio/file/NoSuchFileException done

Classes unloaded (0 events):
No events

Classes redefined (0 events):
No events

Internal exceptions (13 events):
Event: 0.196 Thread 0x000001af8ed10a40 Exception <a 'java/lang/NoSuchMethodError'{0x00000000ffc3bf08}: 'void java.lang.invoke.DirectMethodHandle$Holder.invokeStatic(java.lang.Object, java.lang.Object)'> (0x00000000ffc3bf08) 
thrown [s\open\src\hotspot\share\interpreter\linkResolver.cpp, line 759]
Event: 0.197 Thread 0x000001af8ed10a40 Exception <a 'java/lang/NoSuchMethodError'{0x00000000ffc3fda8}: 'void java.lang.invoke.DirectMethodHandle$Holder.invokeSpecial(java.lang.Object, java.lang.Object, java.lang.Object)'> (0x00000000ffc3fda8) 
thrown [s\open\src\hotspot\share\interpreter\linkResolver.cpp, line 759]
Event: 0.210 Thread 0x000001af8ed10a40 Exception <a 'java/lang/NoSuchMethodError'{0x00000000ffcd4468}: 'void java.lang.invoke.DirectMethodHandle$Holder.invokeStatic(java.lang.Object, java.lang.Object, java.lang.Object)'> (0x00000000ffcd4468) 
thrown [s\open\src\hotspot\share\interpreter\linkResolver.cpp, line 759]
Event: 0.213 Thread 0x000001af8ed10a40 Exception <a 'java/lang/NoSuchMethodError'{0x00000000ffce7e28}: 'java.lang.Object java.lang.invoke.Invokers$Holder.invokeExact_MT(java.lang.Object, java.lang.Object, java.lang.Object, java.lang.Object, java.lang.Object)'> (0x00000000ffce7e28) 
thrown [s\open\src\hotspot\share\interpreter\linkResolver.cpp, line 759]
Event: 0.220 Thread 0x000001af8ed10a40 Exception <a 'java/lang/NoSuchMethodError'{0x00000000ffb17c10}: 'int java.lang.invoke.DirectMethodHandle$Holder.invokeStaticInit(java.lang.Object, java.lang.Object)'> (0x00000000ffb17c10) 
thrown [s\open\src\hotspot\share\interpreter\linkResolver.cpp, line 759]
Event: 1.354 Thread 0x000001af8ed10a40 Exception <a 'java/lang/NoClassDefFoundError'{0x00000000febd81a8}: org/slf4j/impl/StaticMarkerBinder> (0x00000000febd81a8) 
thrown [s\open\src\hotspot\share\classfile\systemDictionary.cpp, line 244]
Event: 1.375 Thread 0x000001af8ed10a40 Exception <a 'java/lang/NoSuchMethodError'{0x00000000fea66bc0}: 'java.lang.Object java.lang.invoke.DirectMethodHandle$Holder.invokeVirtual(java.lang.Object, java.lang.Object, java.lang.Object, java.lang.Object, java.lang.Object, java.lang.Object, java.lang.Object)'> (0x00000000fea66bc0) 
thrown [s\open\src\hotspot\share\interpreter\linkResolver.cpp, line 759]
Event: 1.380 Thread 0x000001af8ed10a40 Exception <a 'java/lang/NoSuchMethodError'{0x00000000fea7af98}: 'java.lang.Object java.lang.invoke.DirectMethodHandle$Holder.invokeStatic(java.lang.Object, java.lang.Object, int)'> (0x00000000fea7af98) 
thrown [s\open\src\hotspot\share\interpreter\linkResolver.cpp, line 759]
Event: 1.384 Thread 0x000001af8ed10a40 Exception <a 'java/lang/NoSuchMethodError'{0x00000000fea86cb0}: 'void java.lang.invoke.DelegatingMethodHandle$Holder.delegate(java.lang.Object, java.lang.Object, int, java.lang.Object)'> (0x00000000fea86cb0) 
thrown [s\open\src\hotspot\share\interpreter\linkResolver.cpp, line 759]
Event: 1.385 Thread 0x000001af8ed10a40 Exception <a 'java/lang/NoSuchMethodError'{0x00000000fea8ae00}: 'int java.lang.invoke.DirectMethodHandle$Holder.invokeSpecial(java.lang.Object, java.lang.Object, java.lang.Object)'> (0x00000000fea8ae00) 
thrown [s\open\src\hotspot\share\interpreter\linkResolver.cpp, line 759]
Event: 1.420 Thread 0x000001af8ed10a40 Exception <a 'java/lang/NoSuchMethodError'{0x00000000fe92acf8}: 'java.lang.Object java.lang.invoke.DirectMethodHandle$Holder.invokeVirtual(java.lang.Object, java.lang.Object, java.lang.Object)'> (0x00000000fe92acf8) 
thrown [s\open\src\hotspot\share\interpreter\linkResolver.cpp, line 759]
Event: 1.508 Thread 0x000001af8ed10a40 Exception <a 'java/lang/NoSuchMethodError'{0x00000000ffec1738}: 'java.lang.Object java.lang.invoke.DirectMethodHandle$Holder.invokeVirtual(java.lang.Object, java.lang.Object, java.lang.Object, java.lang.Object)'> (0x00000000ffec1738) 
thrown [s\open\src\hotspot\share\interpreter\linkResolver.cpp, line 759]
Event: 1.526 Thread 0x000001af8ed10a40 Exception <a 'java/lang/NoSuchMethodError'{0x00000000ffd42448}: 'java.lang.Object java.lang.invoke.DirectMethodHandle$Holder.invokeVirtual(java.lang.Object, java.lang.Object, java.lang.Object, java.lang.Object, java.lang.Object, java.lang.Object)'> (0x00000000ffd42448) 
thrown [s\open\src\hotspot\share\interpreter\linkResolver.cpp, line 759]

VM Operations (18 events):
Event: 0.079 Executing VM operation: HandshakeAllThreads
Event: 0.079 Executing VM operation: HandshakeAllThreads done
Event: 1.087 Executing VM operation: Cleanup
Event: 1.087 Executing VM operation: Cleanup done
Event: 1.153 Executing VM operation: HandshakeAllThreads
Event: 1.153 Executing VM operation: HandshakeAllThreads done
Event: 1.164 Executing VM operation: HandshakeAllThreads
Event: 1.164 Executing VM operation: HandshakeAllThreads done
Event: 1.348 Executing VM operation: HandshakeAllThreads
Event: 1.349 Executing VM operation: HandshakeAllThreads done
Event: 1.349 Executing VM operation: HandshakeAllThreads
Event: 1.349 Executing VM operation: HandshakeAllThreads done
Event: 1.380 Executing VM operation: HandshakeAllThreads
Event: 1.380 Executing VM operation: HandshakeAllThreads done
Event: 1.456 Executing VM operation: G1CollectForAllocation
Event: 1.465 Executing VM operation: G1CollectForAllocation done
Event: 1.496 Executing VM operation: HandshakeAllThreads
Event: 1.496 Executing VM operation: HandshakeAllThreads done

Events (20 events):
Event: 0.033 Thread 0x000001af8edb2200 Thread added: 0x000001af8edb2200
Event: 0.033 Thread 0x000001af8edb2e60 Thread added: 0x000001af8edb2e60
Event: 0.047 Thread 0x000001af8edca310 Thread added: 0x000001af8edca310
Event: 0.047 Thread 0x000001af8edcacb0 Thread added: 0x000001af8edcacb0
Event: 0.047 Thread 0x000001af8edcb650 Thread added: 0x000001af8edcb650
Event: 0.047 Thread 0x000001af8edcbff0 Thread added: 0x000001af8edcbff0
Event: 0.047 Thread 0x000001af8edcccc0 Thread added: 0x000001af8edcccc0
Event: 0.047 Thread 0x000001af8edcd6a0 Thread added: 0x000001af8edcd6a0
Event: 0.047 Thread 0x000001afaaf5e790 Thread added: 0x000001afaaf5e790
Event: 0.063 Thread 0x000001afaf44f150 Thread added: 0x000001afaf44f150
Event: 0.063 Thread 0x000001afaf472e90 Thread added: 0x000001afaf472e90
Event: 0.065 Thread 0x000001afaf480830 Thread added: 0x000001afaf480830
Event: 0.068 Thread 0x000001afaf482950 Thread added: 0x000001afaf482950
Event: 0.073 Loaded shared library C:\Program Files\Java\jdk-18.0.2.1\bin\net.dll
Event: 0.074 Loaded shared library C:\Program Files\Java\jdk-18.0.2.1\bin\nio.dll
Event: 0.078 Loaded shared library C:\Program Files\Java\jdk-18.0.2.1\bin\zip.dll
Event: 0.621 Loaded shared library C:\Program Files\Java\jdk-18.0.2.1\bin\jimage.dll
Event: 0.757 Loaded shared library C:\Program Files\Java\jdk-18.0.2.1\bin\verify.dll
Event: 1.411 Loaded shared library C:\Users\anton\.gradle\native\68d5fa5c4cc2d200863cafc0d521ce42e7d3e7ee720ec0a83991735586a16f82\windows-amd64\native-platform.dll
Event: 1.451 Thread 0x000001afafec61a0 Thread added: 0x000001afafec61a0


Dynamic libraries:
0x00007ff633190000 - 0x00007ff6331a0000 	C:\Program Files\Java\jdk-18.0.2.1\bin\java.exe
0x00007ffb55ad0000 - 0x00007ffb55ce7000 	C:\WINDOWS\SYSTEM32\ntdll.dll
0x00007ffb54db0000 - 0x00007ffb54e74000 	C:\WINDOWS\System32\KERNEL32.DLL
0x00007ffb533b0000 - 0x00007ffb53756000 	C:\WINDOWS\System32\KERNELBASE.dll
0x00007ffb531a0000 - 0x00007ffb532b1000 	C:\WINDOWS\System32\ucrtbase.dll
0x00007ffab0a40000 - 0x00007ffab0a58000 	C:\Program Files\Java\jdk-18.0.2.1\bin\jli.dll
0x00007ffb53950000 - 0x00007ffb53a01000 	C:\WINDOWS\System32\ADVAPI32.dll
0x00007ffb54c80000 - 0x00007ffb54d27000 	C:\WINDOWS\System32\msvcrt.dll
0x00007ffb54ea0000 - 0x00007ffb54f45000 	C:\WINDOWS\System32\sechost.dll
0x00007ffb55540000 - 0x00007ffb55657000 	C:\WINDOWS\System32\RPCRT4.dll
0x00007ffb54f80000 - 0x00007ffb5512e000 	C:\WINDOWS\System32\USER32.dll
0x00007ffb52e40000 - 0x00007ffb52e66000 	C:\WINDOWS\System32\win32u.dll
0x00007ffab0a60000 - 0x00007ffab0a7a000 	C:\Program Files\Java\jdk-18.0.2.1\bin\VCRUNTIME140.dll
0x00007ffb54f50000 - 0x00007ffb54f79000 	C:\WINDOWS\System32\GDI32.dll
0x00007ffb52fe0000 - 0x00007ffb530f8000 	C:\WINDOWS\System32\gdi32full.dll
0x00007ffb53100000 - 0x00007ffb5319a000 	C:\WINDOWS\System32\msvcp_win.dll
0x00007ffb34950000 - 0x00007ffb34be3000 	C:\WINDOWS\WinSxS\amd64_microsoft.windows.common-controls_6595b64144ccf1df_6.0.22621.2506_none_270c5ae97388e100\COMCTL32.dll
0x00007ffb49b60000 - 0x00007ffb49b6a000 	C:\WINDOWS\SYSTEM32\VERSION.dll
0x00007ffb543e0000 - 0x00007ffb54411000 	C:\WINDOWS\System32\IMM32.DLL
0x00007ffab0a30000 - 0x00007ffab0a3c000 	C:\Program Files\Java\jdk-18.0.2.1\bin\vcruntime140_1.dll
0x00007ffab09a0000 - 0x00007ffab0a2d000 	C:\Program Files\Java\jdk-18.0.2.1\bin\msvcp140.dll
0x00007ffaafd80000 - 0x00007ffab0991000 	C:\Program Files\Java\jdk-18.0.2.1\bin\server\jvm.dll
0x00007ffb54e90000 - 0x00007ffb54e98000 	C:\WINDOWS\System32\PSAPI.DLL
0x00007ffb4e260000 - 0x00007ffb4e269000 	C:\WINDOWS\SYSTEM32\WSOCK32.dll
0x00007ffb4bac0000 - 0x00007ffb4baf4000 	C:\WINDOWS\SYSTEM32\WINMM.dll
0x00007ffb559f0000 - 0x00007ffb55a61000 	C:\WINDOWS\System32\WS2_32.dll
0x00007ffb51da0000 - 0x00007ffb51db8000 	C:\WINDOWS\SYSTEM32\kernel.appcore.dll
0x00007ffaafd70000 - 0x00007ffaafd7a000 	C:\Program Files\Java\jdk-18.0.2.1\bin\jimage.dll
0x00007ffb3bce0000 - 0x00007ffb3bf13000 	C:\WINDOWS\SYSTEM32\DBGHELP.DLL
0x00007ffb55660000 - 0x00007ffb559e9000 	C:\WINDOWS\System32\combase.dll
0x00007ffb53aa0000 - 0x00007ffb53b77000 	C:\WINDOWS\System32\OLEAUT32.dll
0x00007ffb305a0000 - 0x00007ffb305d2000 	C:\WINDOWS\SYSTEM32\dbgcore.DLL
0x00007ffb53330000 - 0x00007ffb533aa000 	C:\WINDOWS\System32\bcryptPrimitives.dll
0x00007ffaafd40000 - 0x00007ffaafd65000 	C:\Program Files\Java\jdk-18.0.2.1\bin\java.dll
0x00007ffaafc60000 - 0x00007ffaafd36000 	C:\Program Files\Java\jdk-18.0.2.1\bin\jsvml.dll
0x00007ffb53b80000 - 0x00007ffb543da000 	C:\WINDOWS\System32\SHELL32.dll
0x00007ffb50d10000 - 0x00007ffb51606000 	C:\WINDOWS\SYSTEM32\windows.storage.dll
0x00007ffb50bd0000 - 0x00007ffb50d0e000 	C:\WINDOWS\SYSTEM32\wintypes.dll
0x00007ffb553f0000 - 0x00007ffb554e3000 	C:\WINDOWS\System32\SHCORE.dll
0x00007ffb545e0000 - 0x00007ffb5463e000 	C:\WINDOWS\System32\shlwapi.dll
0x00007ffb52d70000 - 0x00007ffb52d96000 	C:\WINDOWS\SYSTEM32\profapi.dll
0x00007ffaafc40000 - 0x00007ffaafc53000 	C:\Program Files\Java\jdk-18.0.2.1\bin\net.dll
0x00007ffb4c180000 - 0x00007ffb4c2b7000 	C:\WINDOWS\SYSTEM32\WINHTTP.dll
0x00007ffb522e0000 - 0x00007ffb52349000 	C:\WINDOWS\system32\mswsock.dll
0x00007ffaafc20000 - 0x00007ffaafc36000 	C:\Program Files\Java\jdk-18.0.2.1\bin\nio.dll
0x00007ffaafc00000 - 0x00007ffaafc18000 	C:\Program Files\Java\jdk-18.0.2.1\bin\zip.dll
0x00007ffaafbf0000 - 0x00007ffaafc00000 	C:\Program Files\Java\jdk-18.0.2.1\bin\verify.dll
0x00007ffaafbc0000 - 0x00007ffaafbe7000 	C:\Users\anton\.gradle\native\68d5fa5c4cc2d200863cafc0d521ce42e7d3e7ee720ec0a83991735586a16f82\windows-amd64\native-platform.dll

dbghelp: loaded successfully - version: 4.0.5 - missing functions: none
symbol engine: initialized successfully - sym options: 0x614 - pdb path: .;C:\Program Files\Java\jdk-18.0.2.1\bin;C:\WINDOWS\SYSTEM32;C:\WINDOWS\WinSxS\amd64_microsoft.windows.common-controls_6595b64144ccf1df_6.0.22621.2506_none_270c5ae97388e100;C:\Program Files\Java\jdk-18.0.2.1\bin\server;C:\Users\anton\.gradle\native\68d5fa5c4cc2d200863cafc0d521ce42e7d3e7ee720ec0a83991735586a16f82\windows-amd64

VM Arguments:
jvm_args: -Xmx64m -Xms64m -Dorg.gradle.appname=gradlew 
java_command: org.gradle.wrapper.GradleWrapperMain tasks
java_class_path (initial): D:\projects\booknex-2\apps\mobile\android\\gradle\wrapper\gradle-wrapper.jar
Launcher Type: SUN_STANDARD

[Global flags]
     intx CICompilerCount                          = 12                                        {product} {ergonomic}
     uint ConcGCThreads                            = 3                                         {product} {ergonomic}
     uint G1ConcRefinementThreads                  = 13                                        {product} {ergonomic}
   size_t G1HeapRegionSize                         = 1048576                                   {product} {ergonomic}
    uintx GCDrainStackTargetSize                   = 64                                        {product} {ergonomic}
   size_t InitialHeapSize                          = 67108864                                  {product} {command line}
   size_t MarkStackSize                            = 4194304                                   {product} {ergonomic}
   size_t MaxHeapSize                              = 67108864                                  {product} {command line}
   size_t MaxNewSize                               = 39845888                                  {product} {ergonomic}
   size_t MinHeapDeltaBytes                        = 1048576                                   {product} {ergonomic}
   size_t MinHeapSize                              = 67108864                                  {product} {command line}
    uintx NonNMethodCodeHeapSize                   = 7602480                                {pd product} {ergonomic}
    uintx NonProfiledCodeHeapSize                  = 122027880                              {pd product} {ergonomic}
    uintx ProfiledCodeHeapSize                     = 122027880                              {pd product} {ergonomic}
    uintx ReservedCodeCacheSize                    = 251658240                              {pd product} {ergonomic}
     bool SegmentedCodeCache                       = true                                      {product} {ergonomic}
   size_t SoftMaxHeapSize                          = 67108864                               {manageable} {ergonomic}
     bool UseCompressedClassPointers               = true                           {product lp64_product} {ergonomic}
     bool UseCompressedOops                        = true                           {product lp64_product} {ergonomic}
     bool UseG1GC                                  = true                                      {product} {ergonomic}
     bool UseLargePagesIndividualAllocation        = false                                  {pd product} {ergonomic}

Logging:
Log output configuration:
 #0: stdout all=warning uptime,level,tags foldmultilines=false
 #1: stderr all=off uptime,level,tags foldmultilines=false

Environment Variables:
JAVA_HOME=C:\Program Files\Java\jdk-18.0.2.1
CLASSPATH=D:\projects\booknex-2\apps\mobile\android\\gradle\wrapper\gradle-wrapper.jar
PATH=D:\projects\booknex-2\apps\mobile\node_modules\.bin;D:\projects\booknex-2\apps\mobile\node_modules\.bin;D:\projects\booknex-2\apps\node_modules\.bin;D:\projects\booknex-2\node_modules\.bin;D:\projects\node_modules\.bin;D:\node_modules\.bin;C:\Program Files\nodejs\node_modules\npm\node_modules\@npmcli\run-script\lib\node-gyp-bin;C:\Program Files\Common Files\Oracle\Java\javapath;C:\Program Files (x86)\Common Files\Oracle\Java\javapath;C:\Program Files\Microsoft\jdk-17.0.8.7-hotspot\bin;C:\Python312\Scripts\;C:\Python312\;C:\WINDOWS\system32;C:\WINDOWS;C:\WINDOWS\System32\Wbem;C:\WINDOWS\System32\WindowsPowerShell\v1.0\;C:\WINDOWS\System32\OpenSSH\;C:\Program Files\NVIDIA Corporation\NVIDIA NvDLISR;C:\Program Files\nodejs\;C:\ProgramData\chocolatey\bin;C:\Program Files\Git\cmd;C:\Program Files (x86)\Yarn\bin\;C:\Users\anton\AppData\Local\Android\Sdk\platform-tools;C:\Users\anton\AppData\Local\Android\Sdk\tools;C:\Users\anton\AppData\Local\jdk-11.0.2\bin;C:\Users\anton\AppData\Local\Microsoft\WindowsApps;C:\Users\anton\AppData\Roaming\npm;C:\Users\anton\AppData\Local\GitHubDesktop\bin;C:\Users\anton\AppData\Local\Yarn\bin;D:\WebStorm 2023.3.1\bin;;C:\Users\anton\AppData\Local\Android\Sdk;;D:\projects\booknex-2\node_modules\.bin
USERNAME=anton
OS=Windows_NT
PROCESSOR_IDENTIFIER=AMD64 Family 25 Model 80 Stepping 0, AuthenticAMD



---------------  S Y S T E M  ---------------

OS:
 Windows 11 , 64 bit Build 22621 (10.0.22621.2506)
OS uptime: 0 days 0:57 hours
Hyper-V role detected

CPU: total 16 (initial active 16) (16 cores per cpu, 2 threads per core) family 25 model 80 stepping 0 microcode 0x0, cx8, cmov, fxsr, ht, mmx, 3dnowpref, sse, sse2, sse3, ssse3, sse4a, sse4.1, sse4.2, popcnt, lzcnt, tsc, tscinvbit, avx, avx2, aes, erms, clmul, bmi1, bmi2, adx, sha, fma, vzeroupper, clflush, clflushopt, hv

Memory: 4k page, system-wide physical 15713M (416M free)
TotalPageFile size 28454M (AvailPageFile size 648M)
current process WorkingSet (physical memory assigned to process): 79M, peak: 79M
current process commit charge ("private bytes"): 168M, peak: 168M

vm_info: Java HotSpot(TM) 64-Bit Server VM (18.0.2.1+1-1) for windows-amd64 JRE (18.0.2.1+1-1), built on Aug 16 2022 01:46:33 by "mach5one" with MS VC++ 16.8 / 16.9 (VS2019)

END.
