#
# There is insufficient memory for the Java Runtime Environment to continue.
# Native memory allocation (malloc) failed to allocate 335472 bytes for Chunk::new
# Possible reasons:
#   The system is out of physical RAM or swap space
#   The process is running with CompressedOops enabled, and the Java Heap may be blocking the growth of the native heap
# Possible solutions:
#   Reduce memory load on the system
#   Increase physical memory or swap space
#   Check if swap backing store is full
#   Decrease Java heap size (-Xmx/-Xms)
#   Decrease number of Java threads
#   Decrease Java thread stack sizes (-Xss)
#   Set larger code cache with -XX:ReservedCodeCacheSize=
#   JVM is running with Unscaled Compressed Oops mode in which the Java heap is
#     placed in the first 4GB address space. The Java Heap base address is the
#     maximum limit for the native heap growth. Please use -XX:HeapBaseMinAddress
#     to set the Java Heap base and to place the Java Heap above 4GB virtual address.
# This output file may be truncated or incomplete.
#
#  Out of Memory Error (arena.cpp:191), pid=11492, tid=22772
#
# JRE version: OpenJDK Runtime Environment Microsoft-8902769 (17.0.10+7) (build 17.0.10+7-LTS)
# Java VM: OpenJDK 64-Bit Server VM Microsoft-8902769 (17.0.10+7-LTS, mixed mode, sharing, tiered, compressed oops, compressed class ptrs, g1 gc, windows-amd64)
# No core dump will be written. Minidumps are not enabled by default on client versions of Windows
#

---------------  S U M M A R Y ------------

Command Line: -XX:MaxMetaspaceSize=512m --add-opens=java.base/java.util=ALL-UNNAMED --add-opens=java.base/java.lang=ALL-UNNAMED --add-opens=java.base/java.lang.invoke=ALL-UNNAMED --add-opens=java.prefs/java.util.prefs=ALL-UNNAMED --add-opens=java.base/java.nio.charset=ALL-UNNAMED --add-opens=java.base/java.net=ALL-UNNAMED --add-opens=java.base/java.util.concurrent.atomic=ALL-UNNAMED -Xmx2048m -Dfile.encoding=windows-1251 -Duser.country=RU -Duser.language=ru -Duser.variant org.gradle.launcher.daemon.bootstrap.GradleDaemon 8.0.1

Host: AMD Ryzen 7 5800H with Radeon Graphics         , 16 cores, 15G,  Windows 11 , 64 bit Build 22621 (10.0.22621.3235)
Time: Sun Mar 24 20:35:02 2024  Windows 11 , 64 bit Build 22621 (10.0.22621.3235) elapsed time: 11.562302 seconds (0d 0h 0m 11s)

---------------  T H R E A D  ---------------

Current thread (0x000002bc7ce7c590):  JavaThread "C2 CompilerThread1" daemon [_thread_in_native, id=22772, stack(0x000000dd1ac00000,0x000000dd1ad00000)]


Current CompileTask:
C2:  11562 5760   !   4       sun.nio.fs.WindowsPath::initOffsets (153 bytes)

Stack: [0x000000dd1ac00000,0x000000dd1ad00000]
Native frames: (J=compiled Java code, j=interpreted, Vv=VM code, C=native code)
V  [jvm.dll+0x67f829]
V  [jvm.dll+0x83750a]
V  [jvm.dll+0x838fce]
V  [jvm.dll+0x839633]
V  [jvm.dll+0x247cbf]
V  [jvm.dll+0xac524]
V  [jvm.dll+0xacb6c]
V  [jvm.dll+0x368cf7]
V  [jvm.dll+0x33311a]
V  [jvm.dll+0x3325ba]
V  [jvm.dll+0x21a401]
V  [jvm.dll+0x219821]
V  [jvm.dll+0x1a5176]
V  [jvm.dll+0x22957e]
V  [jvm.dll+0x22774c]
V  [jvm.dll+0x7ec5d7]
V  [jvm.dll+0x7e69da]
V  [jvm.dll+0x67e715]
C  [ucrtbase.dll+0x29363]
C  [KERNEL32.DLL+0x1257d]
C  [ntdll.dll+0x5aa58]


---------------  P R O C E S S  ---------------

Threads class SMR info:
_java_thread_list=0x000002bc7d5170e0, length=81, elements={
0x000002bc5ad9cf70, 0x000002bc7b6cb370, 0x000002bc7b6cc100, 0x000002bc7b6e4a00,
0x000002bc7b6e53d0, 0x000002bc7b6e7db0, 0x000002bc7b6eae30, 0x000002bc7b6f3b10,
0x000002bc7b6f7fe0, 0x000002bc7b70d510, 0x000002bc7bff9270, 0x000002bc7c03ca90,
0x000002bc7c044c20, 0x000002bc7e097400, 0x000002bc7d22dcc0, 0x000002bc7d4a2000,
0x000002bc7cfc6260, 0x000002bc7d8befd0, 0x000002bc7df06210, 0x000002bc7e22c030,
0x000002bc7e209450, 0x000002bc7e5f2000, 0x000002bc7e5eed60, 0x000002bc7e5f2510,
0x000002bc7e5ef270, 0x000002bc7e5f06b0, 0x000002bc7e5f01a0, 0x000002bc7e5efc90,
0x000002bc7e5f0bc0, 0x000002bc7e5ef780, 0x000002bc7e5f15e0, 0x000002bc7e5f1af0,
0x000002bc1fcb5d30, 0x000002bc1fcb5820, 0x000002bc1fcb6750, 0x000002bc1fcb7b90,
0x000002bc1fcb7170, 0x000002bc1fcb48f0, 0x000002bc1fcb9f00, 0x000002bc1fcb6c60,
0x000002bc1fcba410, 0x000002bc1fcbae30, 0x000002bc1fcb7680, 0x000002bc1fcb6240,
0x000002bc1fcb80a0, 0x000002bc1fcb85b0, 0x000002bc1fcb4e00, 0x000002bc1fcb8ac0,
0x000002bc1fcb8fd0, 0x000002bc1fcb5310, 0x000002bc1fcb94e0, 0x000002bc1fcb99f0,
0x000002bc1fcb39c0, 0x000002bc1fcbb340, 0x000002bc1f8e7a40, 0x000002bc1f8e7020,
0x000002bc1f8e7f50, 0x000002bc1f8e6600, 0x000002bc1f8ea7d0, 0x000002bc1f8e8e80,
0x000002bc1f8e6b10, 0x000002bc1f8e7530, 0x000002bc1f8e8460, 0x000002bc1f8e8970,
0x000002bc1f8e9390, 0x000002bc1f8ea2c0, 0x000002bc1f8eace0, 0x000002bc1f8ed050,
0x000002bc1f8e5be0, 0x000002bc1f8e98a0, 0x000002bc7ce7c590, 0x000002bc7ce7d580,
0x000002bc1f8e9db0, 0x000002bc1f8ec120, 0x000002bc1f8eb1f0, 0x000002bc1f8eb700,
0x000002bc1f8ebc10, 0x000002bc1f8ec630, 0x000002bc1f8ecb40, 0x000002bc1f8ed560,
0x000002bc1f8e60f0
}

Java Threads: ( => current thread )
  0x000002bc5ad9cf70 JavaThread "main" [_thread_blocked, id=9888, stack(0x000000dd15000000,0x000000dd15100000)]
  0x000002bc7b6cb370 JavaThread "Reference Handler" daemon [_thread_blocked, id=12456, stack(0x000000dd15700000,0x000000dd15800000)]
  0x000002bc7b6cc100 JavaThread "Finalizer" daemon [_thread_blocked, id=20708, stack(0x000000dd15800000,0x000000dd15900000)]
  0x000002bc7b6e4a00 JavaThread "Signal Dispatcher" daemon [_thread_blocked, id=16500, stack(0x000000dd15900000,0x000000dd15a00000)]
  0x000002bc7b6e53d0 JavaThread "Attach Listener" daemon [_thread_blocked, id=26012, stack(0x000000dd15a00000,0x000000dd15b00000)]
  0x000002bc7b6e7db0 JavaThread "Service Thread" daemon [_thread_blocked, id=11672, stack(0x000000dd15b00000,0x000000dd15c00000)]
  0x000002bc7b6eae30 JavaThread "Monitor Deflation Thread" daemon [_thread_blocked, id=11192, stack(0x000000dd15c00000,0x000000dd15d00000)]
  0x000002bc7b6f3b10 JavaThread "C2 CompilerThread0" daemon [_thread_in_native, id=26064, stack(0x000000dd15d00000,0x000000dd15e00000)]
  0x000002bc7b6f7fe0 JavaThread "C1 CompilerThread0" daemon [_thread_blocked, id=7416, stack(0x000000dd15e00000,0x000000dd15f00000)]
  0x000002bc7b70d510 JavaThread "Sweeper thread" daemon [_thread_blocked, id=21200, stack(0x000000dd15f00000,0x000000dd16000000)]
  0x000002bc7bff9270 JavaThread "C1 CompilerThread1" daemon [_thread_blocked, id=24976, stack(0x000000dd16000000,0x000000dd16100000)]
  0x000002bc7c03ca90 JavaThread "Common-Cleaner" daemon [_thread_blocked, id=12684, stack(0x000000dd16100000,0x000000dd16200000)]
  0x000002bc7c044c20 JavaThread "Notification Thread" daemon [_thread_blocked, id=10124, stack(0x000000dd16200000,0x000000dd16300000)]
  0x000002bc7e097400 JavaThread "Daemon health stats" [_thread_blocked, id=23156, stack(0x000000dd16c00000,0x000000dd16d00000)]
  0x000002bc7d22dcc0 JavaThread "Incoming local TCP Connector on port 49834" [_thread_in_native, id=13180, stack(0x000000dd16d00000,0x000000dd16e00000)]
  0x000002bc7d4a2000 JavaThread "Daemon periodic checks" [_thread_blocked, id=328, stack(0x000000dd16e00000,0x000000dd16f00000)]
  0x000002bc7cfc6260 JavaThread "Daemon" [_thread_blocked, id=19432, stack(0x000000dd16f00000,0x000000dd17000000)]
  0x000002bc7d8befd0 JavaThread "Handler for socket connection from /127.0.0.1:49834 to /127.0.0.1:49835" [_thread_in_native, id=28152, stack(0x000000dd17000000,0x000000dd17100000)]
  0x000002bc7df06210 JavaThread "Cancel handler" [_thread_blocked, id=17020, stack(0x000000dd17100000,0x000000dd17200000)]
  0x000002bc7e22c030 JavaThread "Daemon worker" [_thread_blocked, id=11240, stack(0x000000dd17200000,0x000000dd17300000)]
  0x000002bc7e209450 JavaThread "Asynchronous log dispatcher for DefaultDaemonConnection: socket connection from /127.0.0.1:49834 to /127.0.0.1:49835" [_thread_blocked, id=5180, stack(0x000000dd16500000,0x000000dd16600000)]
  0x000002bc7e5f2000 JavaThread "Stdin handler" [_thread_blocked, id=26212, stack(0x000000dd17300000,0x000000dd17400000)]
  0x000002bc7e5eed60 JavaThread "Daemon client event forwarder" [_thread_blocked, id=27748, stack(0x000000dd17400000,0x000000dd17500000)]
  0x000002bc7e5f2510 JavaThread "Cache worker for journal cache (C:\Users\anton\.gradle\caches\journal-1)" [_thread_blocked, id=24640, stack(0x000000dd17500000,0x000000dd17600000)]
  0x000002bc7e5ef270 JavaThread "File lock request listener" [_thread_in_native, id=4144, stack(0x000000dd17600000,0x000000dd17700000)]
  0x000002bc7e5f06b0 JavaThread "Cache worker for file hash cache (C:\Users\anton\.gradle\caches\8.0.1\fileHashes)" [_thread_blocked, id=20764, stack(0x000000dd17700000,0x000000dd17800000)]
  0x000002bc7e5f01a0 JavaThread "File watcher server" daemon [_thread_in_native, id=13216, stack(0x000000dd17900000,0x000000dd17a00000)]
  0x000002bc7e5efc90 JavaThread "File watcher consumer" daemon [_thread_blocked, id=17440, stack(0x000000dd17a00000,0x000000dd17b00000)]
  0x000002bc7e5f0bc0 JavaThread "Cache worker for checksums cache (D:\projects\booknex-2\apps\mobile\android\.gradle\8.0.1\checksums)" [_thread_blocked, id=27060, stack(0x000000dd17b00000,0x000000dd17c00000)]
  0x000002bc7e5ef780 JavaThread "Cache worker for cache directory md-rule (C:\Users\anton\.gradle\caches\8.0.1\md-rule)" [_thread_blocked, id=21056, stack(0x000000dd17c00000,0x000000dd17d00000)]
  0x000002bc7e5f15e0 JavaThread "Cache worker for file content cache (C:\Users\anton\.gradle\caches\8.0.1\fileContent)" [_thread_blocked, id=23088, stack(0x000000dd17d00000,0x000000dd17e00000)]
  0x000002bc7e5f1af0 JavaThread "Cache worker for file hash cache (D:\projects\booknex-2\apps\mobile\android\.gradle\8.0.1\fileHashes)" [_thread_blocked, id=22808, stack(0x000000dd17e00000,0x000000dd17f00000)]
  0x000002bc1fcb5d30 JavaThread "Cache worker for cache directory md-supplier (C:\Users\anton\.gradle\caches\8.0.1\md-supplier)" [_thread_blocked, id=7684, stack(0x000000dd18900000,0x000000dd18a00000)]
  0x000002bc1fcb5820 JavaThread "Cache worker for execution history cache (C:\Users\anton\.gradle\caches\8.0.1\executionHistory)" [_thread_blocked, id=1496, stack(0x000000dd18a00000,0x000000dd18b00000)]
  0x000002bc1fcb6750 JavaThread "jar transforms" [_thread_blocked, id=23784, stack(0x000000dd18b00000,0x000000dd18c00000)]
  0x000002bc1fcb7b90 JavaThread "jar transforms Thread 2" [_thread_blocked, id=22564, stack(0x000000dd18c00000,0x000000dd18d00000)]
  0x000002bc1fcb7170 JavaThread "jar transforms Thread 3" [_thread_blocked, id=9752, stack(0x000000dd18d00000,0x000000dd18e00000)]
  0x000002bc1fcb48f0 JavaThread "jar transforms Thread 4" [_thread_blocked, id=24844, stack(0x000000dd18e00000,0x000000dd18f00000)]
  0x000002bc1fcb9f00 JavaThread "Cache worker for kotlin-dsl (C:\Users\anton\.gradle\caches\8.0.1\kotlin-dsl)" [_thread_blocked, id=22688, stack(0x000000dd17800000,0x000000dd17900000)]
  0x000002bc1fcb6c60 JavaThread "jar transforms Thread 5" [_thread_blocked, id=18824, stack(0x000000dd18f00000,0x000000dd19000000)]
  0x000002bc1fcba410 JavaThread "jar transforms Thread 6" [_thread_blocked, id=23188, stack(0x000000dd19000000,0x000000dd19100000)]
  0x000002bc1fcbae30 JavaThread "Cache worker for dependencies-accessors (D:\projects\booknex-2\apps\mobile\android\.gradle\8.0.1\dependencies-accessors)" [_thread_blocked, id=20976, stack(0x000000dd19100000,0x000000dd19200000)]
  0x000002bc1fcb7680 JavaThread "Cache worker for Build Output Cleanup Cache (D:\projects\booknex-2\apps\mobile\node_modules\@react-native\gradle-plugin\.gradle\buildOutputCleanup)" [_thread_blocked, id=10528, stack(0x000000dd19200000,0x000000dd19300000)]
  0x000002bc1fcb6240 JavaThread "jar transforms Thread 7" [_thread_blocked, id=6372, stack(0x000000dd19300000,0x000000dd19400000)]
  0x000002bc1fcb80a0 JavaThread "Unconstrained build operations" [_thread_blocked, id=12328, stack(0x000000dd16400000,0x000000dd16500000)]
  0x000002bc1fcb85b0 JavaThread "Unconstrained build operations Thread 2" [_thread_blocked, id=23736, stack(0x000000dd16600000,0x000000dd16700000)]
  0x000002bc1fcb4e00 JavaThread "Unconstrained build operations Thread 3" [_thread_blocked, id=28176, stack(0x000000dd16700000,0x000000dd16800000)]
  0x000002bc1fcb8ac0 JavaThread "Unconstrained build operations Thread 4" [_thread_blocked, id=19260, stack(0x000000dd19500000,0x000000dd19600000)]
  0x000002bc1fcb8fd0 JavaThread "Unconstrained build operations Thread 5" [_thread_blocked, id=14980, stack(0x000000dd19600000,0x000000dd19700000)]
  0x000002bc1fcb5310 JavaThread "Unconstrained build operations Thread 6" [_thread_blocked, id=10208, stack(0x000000dd19700000,0x000000dd19800000)]
  0x000002bc1fcb94e0 JavaThread "Unconstrained build operations Thread 7" [_thread_blocked, id=8552, stack(0x000000dd19800000,0x000000dd19900000)]
  0x000002bc1fcb99f0 JavaThread "Unconstrained build operations Thread 8" [_thread_blocked, id=25968, stack(0x000000dd19900000,0x000000dd19a00000)]
  0x000002bc1fcb39c0 JavaThread "Unconstrained build operations Thread 9" [_thread_blocked, id=18328, stack(0x000000dd19a00000,0x000000dd19b00000)]
  0x000002bc1fcbb340 JavaThread "Unconstrained build operations Thread 10" [_thread_blocked, id=4028, stack(0x000000dd19b00000,0x000000dd19c00000)]
  0x000002bc1f8e7a40 JavaThread "Unconstrained build operations Thread 11" [_thread_blocked, id=20056, stack(0x000000dd19c00000,0x000000dd19d00000)]
  0x000002bc1f8e7020 JavaThread "Unconstrained build operations Thread 12" [_thread_blocked, id=18240, stack(0x000000dd19d00000,0x000000dd19e00000)]
  0x000002bc1f8e7f50 JavaThread "Unconstrained build operations Thread 13" [_thread_blocked, id=22508, stack(0x000000dd19e00000,0x000000dd19f00000)]
  0x000002bc1f8e6600 JavaThread "Unconstrained build operations Thread 14" [_thread_blocked, id=19584, stack(0x000000dd19f00000,0x000000dd1a000000)]
  0x000002bc1f8ea7d0 JavaThread "Unconstrained build operations Thread 15" [_thread_blocked, id=6916, stack(0x000000dd1a000000,0x000000dd1a100000)]
  0x000002bc1f8e8e80 JavaThread "Unconstrained build operations Thread 16" [_thread_blocked, id=15556, stack(0x000000dd1a100000,0x000000dd1a200000)]
  0x000002bc1f8e6b10 JavaThread "Unconstrained build operations Thread 17" [_thread_blocked, id=21328, stack(0x000000dd1a200000,0x000000dd1a300000)]
  0x000002bc1f8e7530 JavaThread "Unconstrained build operations Thread 18" [_thread_blocked, id=8816, stack(0x000000dd1a300000,0x000000dd1a400000)]
  0x000002bc1f8e8460 JavaThread "Unconstrained build operations Thread 19" [_thread_blocked, id=16616, stack(0x000000dd1a400000,0x000000dd1a500000)]
  0x000002bc1f8e8970 JavaThread "Unconstrained build operations Thread 20" [_thread_blocked, id=9876, stack(0x000000dd1a500000,0x000000dd1a600000)]
  0x000002bc1f8e9390 JavaThread "Unconstrained build operations Thread 21" [_thread_blocked, id=18588, stack(0x000000dd1a600000,0x000000dd1a700000)]
  0x000002bc1f8ea2c0 JavaThread "Unconstrained build operations Thread 22" [_thread_blocked, id=4612, stack(0x000000dd1a700000,0x000000dd1a800000)]
  0x000002bc1f8eace0 JavaThread "Unconstrained build operations Thread 23" [_thread_blocked, id=26676, stack(0x000000dd1a800000,0x000000dd1a900000)]
  0x000002bc1f8ed050 JavaThread "Unconstrained build operations Thread 24" [_thread_blocked, id=14880, stack(0x000000dd1a900000,0x000000dd1aa00000)]
  0x000002bc1f8e5be0 JavaThread "Unconstrained build operations Thread 25" [_thread_blocked, id=20228, stack(0x000000dd1aa00000,0x000000dd1ab00000)]
  0x000002bc1f8e98a0 JavaThread "Unconstrained build operations Thread 26" [_thread_blocked, id=4272, stack(0x000000dd1ab00000,0x000000dd1ac00000)]
=>0x000002bc7ce7c590 JavaThread "C2 CompilerThread1" daemon [_thread_in_native, id=22772, stack(0x000000dd1ac00000,0x000000dd1ad00000)]
  0x000002bc7ce7d580 JavaThread "C2 CompilerThread2" daemon [_thread_in_native, id=21184, stack(0x000000dd1ad00000,0x000000dd1ae00000)]
  0x000002bc1f8e9db0 JavaThread "jar transforms Thread 8" [_thread_blocked, id=28156, stack(0x000000dd1ae00000,0x000000dd1af00000)]
  0x000002bc1f8ec120 JavaThread "jar transforms Thread 9" [_thread_blocked, id=10624, stack(0x000000dd1af00000,0x000000dd1b000000)]
  0x000002bc1f8eb1f0 JavaThread "jar transforms Thread 10" [_thread_blocked, id=20240, stack(0x000000dd1b000000,0x000000dd1b100000)]
  0x000002bc1f8eb700 JavaThread "jar transforms Thread 11" [_thread_blocked, id=16480, stack(0x000000dd1b100000,0x000000dd1b200000)]
  0x000002bc1f8ebc10 JavaThread "jar transforms Thread 12" [_thread_blocked, id=5976, stack(0x000000dd1b200000,0x000000dd1b300000)]
  0x000002bc1f8ec630 JavaThread "jar transforms Thread 13" [_thread_blocked, id=28308, stack(0x000000dd1b300000,0x000000dd1b400000)]
  0x000002bc1f8ecb40 JavaThread "jar transforms Thread 14" [_thread_blocked, id=1848, stack(0x000000dd1b400000,0x000000dd1b500000)]
  0x000002bc1f8ed560 JavaThread "jar transforms Thread 15" [_thread_blocked, id=11736, stack(0x000000dd1b500000,0x000000dd1b600000)]
  0x000002bc1f8e60f0 JavaThread "jar transforms Thread 16" [_thread_in_vm, id=22768, stack(0x000000dd1b600000,0x000000dd1b700000)]

Other Threads:
  0x000002bc7b6c8680 VMThread "VM Thread" [stack: 0x000000dd15600000,0x000000dd15700000] [id=2716]
  0x000002bc7c045510 WatcherThread [stack: 0x000000dd16300000,0x000000dd16400000] [id=24012]
  0x000002bc5ce9cb80 GCTaskThread "GC Thread#0" [stack: 0x000000dd15100000,0x000000dd15200000] [id=21228]
  0x000002bc7cf7f690 GCTaskThread "GC Thread#1" [stack: 0x000000dd16800000,0x000000dd16900000] [id=10828]
  0x000002bc7cf7f950 GCTaskThread "GC Thread#2" [stack: 0x000000dd16900000,0x000000dd16a00000] [id=27324]
  0x000002bc7cf7fc10 GCTaskThread "GC Thread#3" [stack: 0x000000dd16a00000,0x000000dd16b00000] [id=18300]
  0x000002bc7cf3c2b0 GCTaskThread "GC Thread#4" [stack: 0x000000dd16b00000,0x000000dd16c00000] [id=16272]
  0x000002bc7f33aa40 GCTaskThread "GC Thread#5" [stack: 0x000000dd17f00000,0x000000dd18000000] [id=12196]
  0x000002bc1fbfac40 GCTaskThread "GC Thread#6" [stack: 0x000000dd18000000,0x000000dd18100000] [id=17740]
  0x000002bc7f539060 GCTaskThread "GC Thread#7" [stack: 0x000000dd18100000,0x000000dd18200000] [id=3368]
  0x000002bc7f53a920 GCTaskThread "GC Thread#8" [stack: 0x000000dd18200000,0x000000dd18300000] [id=17528]
  0x000002bc7f5395e0 GCTaskThread "GC Thread#9" [stack: 0x000000dd18300000,0x000000dd18400000] [id=9792]
  0x000002bc7f539e20 GCTaskThread "GC Thread#10" [stack: 0x000000dd18400000,0x000000dd18500000] [id=28312]
  0x000002bc7f53a660 GCTaskThread "GC Thread#11" [stack: 0x000000dd18500000,0x000000dd18600000] [id=18876]
  0x000002bc7f5398a0 GCTaskThread "GC Thread#12" [stack: 0x000000dd18600000,0x000000dd18700000] [id=2320]
  0x000002bc5cead9e0 ConcurrentGCThread "G1 Main Marker" [stack: 0x000000dd15200000,0x000000dd15300000] [id=21668]
  0x000002bc5ceae310 ConcurrentGCThread "G1 Conc#0" [stack: 0x000000dd15300000,0x000000dd15400000] [id=16420]
  0x000002bc7f539b60 ConcurrentGCThread "G1 Conc#1" [stack: 0x000000dd18700000,0x000000dd18800000] [id=22944]
  0x000002bc7f539320 ConcurrentGCThread "G1 Conc#2" [stack: 0x000000dd18800000,0x000000dd18900000] [id=4932]
  0x000002bc5ceee440 ConcurrentGCThread "G1 Refine#0" [stack: 0x000000dd15400000,0x000000dd15500000] [id=17100]
  0x000002bc7b5f3f70 ConcurrentGCThread "G1 Service" [stack: 0x000000dd15500000,0x000000dd15600000] [id=8320]

Threads with active compile tasks:
C2 CompilerThread0    11587 5749       4       java.lang.invoke.MethodType::makeImpl (109 bytes)
C2 CompilerThread1    11587 5760   !   4       sun.nio.fs.WindowsPath::initOffsets (153 bytes)
C2 CompilerThread2    11587 5751       4       jdk.internal.org.objectweb.asm.MethodWriter::visitVarInsn (302 bytes)

VM state: not at safepoint (normal execution)

VM Mutex/Monitor currently owned by a thread: None

Heap address: 0x0000000080000000, size: 2048 MB, Compressed Oops mode: 32-bit

CDS archive(s) mapped at: [0x000002bc00000000-0x000002bc00bb0000-0x000002bc00bb0000), size 12255232, SharedBaseAddress: 0x000002bc00000000, ArchiveRelocationMode: 1.
Compressed class space mapped at: 0x000002bc01000000-0x000002bc1b000000, reserved size: 436207616
Narrow klass base: 0x000002bc00000000, Narrow klass shift: 0, Narrow klass range: 0x100000000

GC Precious Log:
 CPUs: 16 total, 16 available
 Memory: 15713M
 Large Page Support: Disabled
 NUMA Support: Disabled
 Compressed Oops: Enabled (32-bit)
 Heap Region Size: 1M
 Heap Min Capacity: 8M
 Heap Initial Capacity: 246M
 Heap Max Capacity: 2G
 Pre-touch: Disabled
 Parallel Workers: 13
 Concurrent Workers: 3
 Concurrent Refinement Workers: 13
 Periodic GC: Disabled

Heap:
 garbage-first heap   total 81920K, used 63158K [0x0000000080000000, 0x0000000100000000)
  region size 1024K, 31 young (31744K), 4 survivors (4096K)
 Metaspace       used 48855K, committed 49408K, reserved 491520K
  class space    used 6684K, committed 6976K, reserved 425984K

Heap Regions: E=young(eden), S=young(survivor), O=old, HS=humongous(starts), HC=humongous(continues), CS=collection set, F=free, OA=open archive, CA=closed archive, TAMS=top-at-mark-start (previous, next)
|   0|0x0000000080000000, 0x0000000080100000, 0x0000000080100000|100%|HS|  |TAMS 0x0000000080100000, 0x0000000080000000| Complete 
|   1|0x0000000080100000, 0x0000000080200000, 0x0000000080200000|100%|HC|  |TAMS 0x0000000080200000, 0x0000000080100000| Complete 
|   2|0x0000000080200000, 0x0000000080300000, 0x0000000080300000|100%|HC|  |TAMS 0x0000000080300000, 0x0000000080200000| Complete 
|   3|0x0000000080300000, 0x0000000080400000, 0x0000000080400000|100%|HC|  |TAMS 0x0000000080400000, 0x0000000080300000| Complete 
|   4|0x0000000080400000, 0x0000000080500000, 0x0000000080500000|100%| O|  |TAMS 0x0000000080500000, 0x0000000080400000| Untracked 
|   5|0x0000000080500000, 0x0000000080600000, 0x0000000080600000|100%| O|  |TAMS 0x0000000080600000, 0x0000000080500000| Untracked 
|   6|0x0000000080600000, 0x0000000080700000, 0x0000000080700000|100%| O|  |TAMS 0x0000000080700000, 0x0000000080600000| Untracked 
|   7|0x0000000080700000, 0x0000000080800000, 0x0000000080800000|100%| O|  |TAMS 0x0000000080800000, 0x0000000080700000| Untracked 
|   8|0x0000000080800000, 0x0000000080900000, 0x0000000080900000|100%| O|  |TAMS 0x0000000080900000, 0x0000000080800000| Untracked 
|   9|0x0000000080900000, 0x0000000080a00000, 0x0000000080a00000|100%| O|  |TAMS 0x0000000080a00000, 0x0000000080900000| Untracked 
|  10|0x0000000080a00000, 0x0000000080b00000, 0x0000000080b00000|100%| O|  |TAMS 0x0000000080b00000, 0x0000000080a00000| Untracked 
|  11|0x0000000080b00000, 0x0000000080b23a00, 0x0000000080c00000| 13%| O|  |TAMS 0x0000000080b23a00, 0x0000000080b00000| Untracked 
|  12|0x0000000080c00000, 0x0000000080d00000, 0x0000000080d00000|100%| O|  |TAMS 0x0000000080d00000, 0x0000000080c00000| Untracked 
|  13|0x0000000080d00000, 0x0000000080e00000, 0x0000000080e00000|100%| O|  |TAMS 0x0000000080e00000, 0x0000000080d00000| Untracked 
|  14|0x0000000080e00000, 0x0000000080f00000, 0x0000000080f00000|100%| O|  |TAMS 0x0000000080f00000, 0x0000000080e00000| Untracked 
|  15|0x0000000080f00000, 0x0000000081000000, 0x0000000081000000|100%| O|  |TAMS 0x0000000081000000, 0x0000000080f00000| Untracked 
|  16|0x0000000081000000, 0x0000000081100000, 0x0000000081100000|100%| O|  |TAMS 0x0000000081100000, 0x0000000081000000| Untracked 
|  17|0x0000000081100000, 0x0000000081200000, 0x0000000081200000|100%| O|  |TAMS 0x0000000081200000, 0x0000000081100000| Untracked 
|  18|0x0000000081200000, 0x0000000081300000, 0x0000000081300000|100%| O|  |TAMS 0x0000000081300000, 0x0000000081200000| Untracked 
|  19|0x0000000081300000, 0x0000000081400000, 0x0000000081400000|100%| O|  |TAMS 0x0000000081400000, 0x0000000081300000| Untracked 
|  20|0x0000000081400000, 0x0000000081500000, 0x0000000081500000|100%| O|  |TAMS 0x0000000081500000, 0x0000000081400000| Untracked 
|  21|0x0000000081500000, 0x0000000081600000, 0x0000000081600000|100%| O|  |TAMS 0x0000000081600000, 0x0000000081500000| Untracked 
|  22|0x0000000081600000, 0x0000000081700000, 0x0000000081700000|100%| O|  |TAMS 0x0000000081700000, 0x0000000081600000| Untracked 
|  23|0x0000000081700000, 0x0000000081800000, 0x0000000081800000|100%| O|  |TAMS 0x000000008172be00, 0x0000000081700000| Untracked 
|  24|0x0000000081800000, 0x0000000081900000, 0x0000000081900000|100%| O|  |TAMS 0x0000000081800000, 0x0000000081800000| Untracked 
|  25|0x0000000081900000, 0x0000000081a00000, 0x0000000081a00000|100%| O|  |TAMS 0x0000000081900000, 0x0000000081900000| Untracked 
|  26|0x0000000081a00000, 0x0000000081b00000, 0x0000000081b00000|100%| O|  |TAMS 0x0000000081b00000, 0x0000000081a00000| Untracked 
|  27|0x0000000081b00000, 0x0000000081c00000, 0x0000000081c00000|100%| O|  |TAMS 0x0000000081b00000, 0x0000000081b00000| Untracked 
|  28|0x0000000081c00000, 0x0000000081d00000, 0x0000000081d00000|100%| O|  |TAMS 0x0000000081c00000, 0x0000000081c00000| Untracked 
|  29|0x0000000081d00000, 0x0000000081e00000, 0x0000000081e00000|100%| O|  |TAMS 0x0000000081d00000, 0x0000000081d00000| Untracked 
|  30|0x0000000081e00000, 0x0000000081f00000, 0x0000000081f00000|100%| O|  |TAMS 0x0000000081e00000, 0x0000000081e00000| Untracked 
|  31|0x0000000081f00000, 0x0000000081f12600, 0x0000000082000000|  7%| O|  |TAMS 0x0000000081f00000, 0x0000000081f00000| Untracked 
|  32|0x0000000082000000, 0x0000000082100000, 0x0000000082100000|100%| O|  |TAMS 0x0000000082100000, 0x0000000082000000| Untracked 
|  33|0x0000000082100000, 0x0000000082200000, 0x0000000082200000|100%| O|  |TAMS 0x0000000082200000, 0x0000000082100000| Untracked 
|  34|0x0000000082200000, 0x0000000082200000, 0x0000000082300000|  0%| F|  |TAMS 0x0000000082200000, 0x0000000082200000| Untracked 
|  35|0x0000000082300000, 0x0000000082300000, 0x0000000082400000|  0%| F|  |TAMS 0x0000000082300000, 0x0000000082300000| Untracked 
|  36|0x0000000082400000, 0x0000000082400000, 0x0000000082500000|  0%| F|  |TAMS 0x0000000082400000, 0x0000000082400000| Untracked 
|  37|0x0000000082500000, 0x0000000082500000, 0x0000000082600000|  0%| F|  |TAMS 0x0000000082500000, 0x0000000082500000| Untracked 
|  38|0x0000000082600000, 0x0000000082600000, 0x0000000082700000|  0%| F|  |TAMS 0x0000000082600000, 0x0000000082600000| Untracked 
|  39|0x0000000082700000, 0x0000000082700000, 0x0000000082800000|  0%| F|  |TAMS 0x0000000082700000, 0x0000000082700000| Untracked 
|  40|0x0000000082800000, 0x0000000082800000, 0x0000000082900000|  0%| F|  |TAMS 0x0000000082800000, 0x0000000082800000| Untracked 
|  41|0x0000000082900000, 0x0000000082900000, 0x0000000082a00000|  0%| F|  |TAMS 0x0000000082900000, 0x0000000082900000| Untracked 
|  42|0x0000000082a00000, 0x0000000082a00000, 0x0000000082b00000|  0%| F|  |TAMS 0x0000000082a00000, 0x0000000082a00000| Untracked 
|  43|0x0000000082b00000, 0x0000000082b00000, 0x0000000082c00000|  0%| F|  |TAMS 0x0000000082b00000, 0x0000000082b00000| Untracked 
|  44|0x0000000082c00000, 0x0000000082c00000, 0x0000000082d00000|  0%| F|  |TAMS 0x0000000082c00000, 0x0000000082c00000| Untracked 
|  45|0x0000000082d00000, 0x0000000082d00000, 0x0000000082e00000|  0%| F|  |TAMS 0x0000000082d00000, 0x0000000082d00000| Untracked 
|  46|0x0000000082e00000, 0x0000000082e00000, 0x0000000082f00000|  0%| F|  |TAMS 0x0000000082e00000, 0x0000000082e00000| Untracked 
|  47|0x0000000082f00000, 0x0000000082f00000, 0x0000000083000000|  0%| F|  |TAMS 0x0000000082f00000, 0x0000000082f00000| Untracked 
|  48|0x0000000083000000, 0x0000000083000000, 0x0000000083100000|  0%| F|  |TAMS 0x0000000083000000, 0x0000000083000000| Untracked 
|  49|0x0000000083100000, 0x00000000831779a0, 0x0000000083200000| 46%| S|CS|TAMS 0x0000000083100000, 0x0000000083100000| Complete 
|  50|0x0000000083200000, 0x0000000083300000, 0x0000000083300000|100%| S|CS|TAMS 0x0000000083200000, 0x0000000083200000| Complete 
|  51|0x0000000083300000, 0x0000000083400000, 0x0000000083400000|100%| S|CS|TAMS 0x0000000083300000, 0x0000000083300000| Complete 
|  52|0x0000000083400000, 0x0000000083500000, 0x0000000083500000|100%| S|CS|TAMS 0x0000000083400000, 0x0000000083400000| Complete 
|  53|0x0000000083500000, 0x00000000835d9a30, 0x0000000083600000| 85%| E|  |TAMS 0x0000000083500000, 0x0000000083500000| Complete 
|  54|0x0000000083600000, 0x0000000083700000, 0x0000000083700000|100%| E|CS|TAMS 0x0000000083600000, 0x0000000083600000| Complete 
|  55|0x0000000083700000, 0x0000000083800000, 0x0000000083800000|100%| E|CS|TAMS 0x0000000083700000, 0x0000000083700000| Complete 
|  56|0x0000000083800000, 0x0000000083900000, 0x0000000083900000|100%| E|CS|TAMS 0x0000000083800000, 0x0000000083800000| Complete 
|  57|0x0000000083900000, 0x0000000083a00000, 0x0000000083a00000|100%| E|CS|TAMS 0x0000000083900000, 0x0000000083900000| Complete 
|  58|0x0000000083a00000, 0x0000000083b00000, 0x0000000083b00000|100%| E|CS|TAMS 0x0000000083a00000, 0x0000000083a00000| Complete 
|  59|0x0000000083b00000, 0x0000000083c00000, 0x0000000083c00000|100%| E|CS|TAMS 0x0000000083b00000, 0x0000000083b00000| Complete 
|  60|0x0000000083c00000, 0x0000000083d00000, 0x0000000083d00000|100%| E|CS|TAMS 0x0000000083c00000, 0x0000000083c00000| Complete 
|  61|0x0000000083d00000, 0x0000000083e00000, 0x0000000083e00000|100%| E|CS|TAMS 0x0000000083d00000, 0x0000000083d00000| Complete 
|  62|0x0000000083e00000, 0x0000000083f00000, 0x0000000083f00000|100%| E|CS|TAMS 0x0000000083e00000, 0x0000000083e00000| Complete 
|  63|0x0000000083f00000, 0x0000000084000000, 0x0000000084000000|100%| E|CS|TAMS 0x0000000083f00000, 0x0000000083f00000| Complete 
|  64|0x0000000084000000, 0x0000000084100000, 0x0000000084100000|100%| E|CS|TAMS 0x0000000084000000, 0x0000000084000000| Complete 
|  65|0x0000000084100000, 0x0000000084200000, 0x0000000084200000|100%| E|CS|TAMS 0x0000000084100000, 0x0000000084100000| Complete 
|  66|0x0000000084200000, 0x0000000084300000, 0x0000000084300000|100%| E|CS|TAMS 0x0000000084200000, 0x0000000084200000| Complete 
| 130|0x0000000088200000, 0x0000000088300000, 0x0000000088300000|100%| E|CS|TAMS 0x0000000088200000, 0x0000000088200000| Complete 
| 131|0x0000000088300000, 0x0000000088400000, 0x0000000088400000|100%| E|CS|TAMS 0x0000000088300000, 0x0000000088300000| Complete 
| 132|0x0000000088400000, 0x0000000088500000, 0x0000000088500000|100%| E|CS|TAMS 0x0000000088400000, 0x0000000088400000| Complete 
| 133|0x0000000088500000, 0x0000000088600000, 0x0000000088600000|100%| E|CS|TAMS 0x0000000088500000, 0x0000000088500000| Complete 
| 134|0x0000000088600000, 0x0000000088700000, 0x0000000088700000|100%| E|CS|TAMS 0x0000000088600000, 0x0000000088600000| Complete 
| 135|0x0000000088700000, 0x0000000088800000, 0x0000000088800000|100%| E|CS|TAMS 0x0000000088700000, 0x0000000088700000| Complete 
| 136|0x0000000088800000, 0x0000000088900000, 0x0000000088900000|100%| E|CS|TAMS 0x0000000088800000, 0x0000000088800000| Complete 
| 137|0x0000000088900000, 0x0000000088a00000, 0x0000000088a00000|100%| E|CS|TAMS 0x0000000088900000, 0x0000000088900000| Complete 
| 138|0x0000000088a00000, 0x0000000088b00000, 0x0000000088b00000|100%| E|CS|TAMS 0x0000000088a00000, 0x0000000088a00000| Complete 
| 139|0x0000000088b00000, 0x0000000088c00000, 0x0000000088c00000|100%| E|CS|TAMS 0x0000000088b00000, 0x0000000088b00000| Complete 
| 140|0x0000000088c00000, 0x0000000088d00000, 0x0000000088d00000|100%| E|CS|TAMS 0x0000000088c00000, 0x0000000088c00000| Complete 
| 141|0x0000000088d00000, 0x0000000088e00000, 0x0000000088e00000|100%| E|CS|TAMS 0x0000000088d00000, 0x0000000088d00000| Complete 
| 245|0x000000008f500000, 0x000000008f600000, 0x000000008f600000|100%| E|CS|TAMS 0x000000008f500000, 0x000000008f500000| Complete 

Card table byte_map: [0x000002bc745f0000,0x000002bc749f0000] _byte_map_base: 0x000002bc741f0000

Marking Bits (Prev, Next): (CMBitMap*) 0x000002bc5ce9d0b0, (CMBitMap*) 0x000002bc5ce9d0f0
 Prev Bits: [0x000002bc74df0000, 0x000002bc76df0000)
 Next Bits: [0x000002bc76df0000, 0x000002bc78df0000)

Polling page: 0x000002bc5c5f0000

Metaspace:

Usage:
  Non-class:     41.18 MB used.
      Class:      6.53 MB used.
       Both:     47.71 MB used.

Virtual space:
  Non-class space:       64.00 MB reserved,      41.44 MB ( 65%) committed,  1 nodes.
      Class space:      416.00 MB reserved,       6.81 MB (  2%) committed,  1 nodes.
             Both:      480.00 MB reserved,      48.25 MB ( 10%) committed. 

Chunk freelists:
   Non-Class:  6.14 MB
       Class:  9.17 MB
        Both:  15.31 MB

MaxMetaspaceSize: 512.00 MB
CompressedClassSpaceSize: 416.00 MB
Initial GC threshold: 21.00 MB
Current GC threshold: 58.75 MB
CDS: on
MetaspaceReclaimPolicy: balanced
 - commit_granule_bytes: 65536.
 - commit_granule_words: 8192.
 - virtual_space_node_default_size: 8388608.
 - enlarge_chunks_in_place: 1.
 - new_chunks_are_fully_committed: 0.
 - uncommit_free_chunks: 1.
 - use_allocation_guard: 0.
 - handle_deallocations: 1.


Internal statistics:

num_allocs_failed_limit: 6.
num_arena_births: 614.
num_arena_deaths: 0.
num_vsnodes_births: 2.
num_vsnodes_deaths: 0.
num_space_committed: 772.
num_space_uncommitted: 0.
num_chunks_returned_to_freelist: 6.
num_chunks_taken_from_freelist: 2318.
num_chunk_merges: 6.
num_chunk_splits: 1556.
num_chunks_enlarged: 1078.
num_inconsistent_stats: 0.

CodeHeap 'non-profiled nmethods': size=119168Kb used=2773Kb max_used=3247Kb free=116394Kb
 bounds [0x000002bc6c4f0000, 0x000002bc6c820000, 0x000002bc73950000]
CodeHeap 'profiled nmethods': size=119104Kb used=9983Kb max_used=10657Kb free=109120Kb
 bounds [0x000002bc64950000, 0x000002bc653c0000, 0x000002bc6bda0000]
CodeHeap 'non-nmethods': size=7488Kb used=2925Kb max_used=4020Kb free=4562Kb
 bounds [0x000002bc6bda0000, 0x000002bc6c190000, 0x000002bc6c4f0000]
 total_blobs=5976 nmethods=5086 adapters=800
 compilation: enabled
              stopped_count=0, restarted_count=0
 full_count=0

Compilation events (20 events):
Event: 11.558 Thread 0x000002bc7bff9270 nmethod 5814 0x000002bc6497f710 code [0x000002bc6497f8e0, 0x000002bc6497fdb8]
Event: 11.558 Thread 0x000002bc7bff9270 5817       1       org.gradle.internal.operations.DefaultBuildOperationRunner$DefaultBuildOperationContext::getFailure (5 bytes)
Event: 11.558 Thread 0x000002bc7b6f7fe0 nmethod 5816 0x000002bc6497f190 code [0x000002bc6497f340, 0x000002bc6497f5f8]
Event: 11.558 Thread 0x000002bc7bff9270 nmethod 5817 0x000002bc6c580190 code [0x000002bc6c580320, 0x000002bc6c5803f8]
Event: 11.559 Thread 0x000002bc7bff9270 5818       3       java.lang.ThreadLocal$ThreadLocalMap::expungeStaleEntry (146 bytes)
Event: 11.559 Thread 0x000002bc7b6f7fe0 5819       3       java.util.Collections::indexedBinarySearch (83 bytes)
Event: 11.559 Thread 0x000002bc7b6f7fe0 nmethod 5819 0x000002bc6497e810 code [0x000002bc6497ea00, 0x000002bc6497f008]
Event: 11.559 Thread 0x000002bc7b6f7fe0 5820       3       java.io.DataOutputStream::writeLong (118 bytes)
Event: 11.559 Thread 0x000002bc7bff9270 nmethod 5818 0x000002bc64c10010 code [0x000002bc64c10240, 0x000002bc64c11058]
Event: 11.559 Thread 0x000002bc7b6f7fe0 nmethod 5820 0x000002bc6497e010 code [0x000002bc6497e1e0, 0x000002bc6497e608]
Event: 11.559 Thread 0x000002bc7b6f7fe0 5821       3       org.gradle.cache.internal.btree.BTreePersistentIndexedCache$1::create (65 bytes)
Event: 11.560 Thread 0x000002bc7bff9270 5822       1       java.util.ArrayDeque$DeqSpliterator::characteristics (4 bytes)
Event: 11.560 Thread 0x000002bc7bff9270 nmethod 5822 0x000002bc6c57fe90 code [0x000002bc6c580020, 0x000002bc6c5800f8]
Event: 11.560 Thread 0x000002bc7b6f7fe0 nmethod 5821 0x000002bc64c0ee10 code [0x000002bc64c0f080, 0x000002bc64c0fc78]
Event: 11.560 Thread 0x000002bc7bff9270 5823   !   3       com.google.common.cache.LocalCache::processPendingNotifications (47 bytes)
Event: 11.560 Thread 0x000002bc7bff9270 nmethod 5823 0x000002bc6497d590 code [0x000002bc6497d780, 0x000002bc6497dde8]
Event: 11.560 Thread 0x000002bc7bff9270 5824       3       org.gradle.internal.snapshot.PathUtil::equalChars (60 bytes)
Event: 11.560 Thread 0x000002bc7b6f7fe0 5825       3       org.gradle.internal.serialize.kryo.KryoBackedEncoder::flush (8 bytes)
Event: 11.560 Thread 0x000002bc7b6f7fe0 nmethod 5825 0x000002bc64c0ea10 code [0x000002bc64c0ebc0, 0x000002bc64c0ed28]
Event: 11.561 Thread 0x000002bc7bff9270 nmethod 5824 0x000002bc64ad9910 code [0x000002bc64ad9ba0, 0x000002bc64ada798]

GC Heap History (18 events):
Event: 1.116 GC heap before
{Heap before GC invocations=0 (full 0):
 garbage-first heap   total 251904K, used 26624K [0x0000000080000000, 0x0000000100000000)
  region size 1024K, 23 young (23552K), 0 survivors (0K)
 Metaspace       used 3057K, committed 3200K, reserved 491520K
  class space    used 380K, committed 448K, reserved 425984K
}
Event: 1.120 GC heap after
{Heap after GC invocations=1 (full 0):
 garbage-first heap   total 251904K, used 10685K [0x0000000080000000, 0x0000000100000000)
  region size 1024K, 3 young (3072K), 3 survivors (3072K)
 Metaspace       used 3057K, committed 3200K, reserved 491520K
  class space    used 380K, committed 448K, reserved 425984K
}
Event: 1.597 GC heap before
{Heap before GC invocations=1 (full 0):
 garbage-first heap   total 251904K, used 39357K [0x0000000080000000, 0x0000000100000000)
  region size 1024K, 31 young (31744K), 3 survivors (3072K)
 Metaspace       used 3991K, committed 4160K, reserved 491520K
  class space    used 477K, committed 576K, reserved 425984K
}
Event: 1.600 GC heap after
{Heap after GC invocations=2 (full 0):
 garbage-first heap   total 251904K, used 13247K [0x0000000080000000, 0x0000000100000000)
  region size 1024K, 3 young (3072K), 3 survivors (3072K)
 Metaspace       used 3991K, committed 4160K, reserved 491520K
  class space    used 477K, committed 576K, reserved 425984K
}
Event: 3.975 GC heap before
{Heap before GC invocations=2 (full 0):
 garbage-first heap   total 251904K, used 115647K [0x0000000080000000, 0x0000000100000000)
  region size 1024K, 104 young (106496K), 3 survivors (3072K)
 Metaspace       used 21212K, committed 21504K, reserved 491520K
  class space    used 3116K, committed 3264K, reserved 425984K
}
Event: 3.983 GC heap after
{Heap after GC invocations=3 (full 0):
 garbage-first heap   total 251904K, used 22105K [0x0000000080000000, 0x0000000100000000)
  region size 1024K, 12 young (12288K), 12 survivors (12288K)
 Metaspace       used 21212K, committed 21504K, reserved 491520K
  class space    used 3116K, committed 3264K, reserved 425984K
}
Event: 4.755 GC heap before
{Heap before GC invocations=4 (full 0):
 garbage-first heap   total 81920K, used 58969K [0x0000000080000000, 0x0000000100000000)
  region size 1024K, 48 young (49152K), 12 survivors (12288K)
 Metaspace       used 28705K, committed 29056K, reserved 491520K
  class space    used 4017K, committed 4160K, reserved 425984K
}
Event: 4.761 GC heap after
{Heap after GC invocations=5 (full 0):
 garbage-first heap   total 81920K, used 26439K [0x0000000080000000, 0x0000000100000000)
  region size 1024K, 5 young (5120K), 5 survivors (5120K)
 Metaspace       used 28705K, committed 29056K, reserved 491520K
  class space    used 4017K, committed 4160K, reserved 425984K
}
Event: 5.139 GC heap before
{Heap before GC invocations=5 (full 0):
 garbage-first heap   total 81920K, used 60231K [0x0000000080000000, 0x0000000100000000)
  region size 1024K, 36 young (36864K), 5 survivors (5120K)
 Metaspace       used 31540K, committed 31872K, reserved 491520K
  class space    used 4319K, committed 4480K, reserved 425984K
}
Event: 5.142 GC heap after
{Heap after GC invocations=6 (full 0):
 garbage-first heap   total 81920K, used 28621K [0x0000000080000000, 0x0000000100000000)
  region size 1024K, 3 young (3072K), 3 survivors (3072K)
 Metaspace       used 31540K, committed 31872K, reserved 491520K
  class space    used 4319K, committed 4480K, reserved 425984K
}
Event: 9.643 GC heap before
{Heap before GC invocations=6 (full 0):
 garbage-first heap   total 81920K, used 60365K [0x0000000080000000, 0x0000000100000000)
  region size 1024K, 34 young (34816K), 3 survivors (3072K)
 Metaspace       used 32725K, committed 33152K, reserved 491520K
  class space    used 4484K, committed 4672K, reserved 425984K
}
Event: 9.645 GC heap after
{Heap after GC invocations=7 (full 0):
 garbage-first heap   total 81920K, used 31038K [0x0000000080000000, 0x0000000100000000)
  region size 1024K, 5 young (5120K), 5 survivors (5120K)
 Metaspace       used 32725K, committed 33152K, reserved 491520K
  class space    used 4484K, committed 4672K, reserved 425984K
}
Event: 9.948 GC heap before
{Heap before GC invocations=7 (full 0):
 garbage-first heap   total 81920K, used 58686K [0x0000000080000000, 0x0000000100000000)
  region size 1024K, 33 young (33792K), 5 survivors (5120K)
 Metaspace       used 35509K, committed 35968K, reserved 491520K
  class space    used 4814K, committed 4992K, reserved 425984K
}
Event: 9.951 GC heap after
{Heap after GC invocations=8 (full 0):
 garbage-first heap   total 81920K, used 32916K [0x0000000080000000, 0x0000000100000000)
  region size 1024K, 5 young (5120K), 5 survivors (5120K)
 Metaspace       used 35509K, committed 35968K, reserved 491520K
  class space    used 4814K, committed 4992K, reserved 425984K
}
Event: 10.364 GC heap before
{Heap before GC invocations=9 (full 0):
 garbage-first heap   total 81920K, used 60564K [0x0000000080000000, 0x0000000100000000)
  region size 1024K, 33 young (33792K), 5 survivors (5120K)
 Metaspace       used 38733K, committed 39168K, reserved 491520K
  class space    used 5369K, committed 5568K, reserved 425984K
}
Event: 10.366 GC heap after
{Heap after GC invocations=10 (full 0):
 garbage-first heap   total 81920K, used 35128K [0x0000000080000000, 0x0000000100000000)
  region size 1024K, 4 young (4096K), 4 survivors (4096K)
 Metaspace       used 38733K, committed 39168K, reserved 491520K
  class space    used 5369K, committed 5568K, reserved 425984K
}
Event: 10.760 GC heap before
{Heap before GC invocations=10 (full 0):
 garbage-first heap   total 81920K, used 61752K [0x0000000080000000, 0x0000000100000000)
  region size 1024K, 31 young (31744K), 4 survivors (4096K)
 Metaspace       used 42164K, committed 42688K, reserved 491520K
  class space    used 5856K, committed 6080K, reserved 425984K
}
Event: 10.762 GC heap after
{Heap after GC invocations=11 (full 0):
 garbage-first heap   total 81920K, used 36534K [0x0000000080000000, 0x0000000100000000)
  region size 1024K, 4 young (4096K), 4 survivors (4096K)
 Metaspace       used 42164K, committed 42688K, reserved 491520K
  class space    used 5856K, committed 6080K, reserved 425984K
}

Dll operation events (13 events):
Event: 0.027 Loaded shared library C:\Program Files\Microsoft\jdk-17.0.10.7-hotspot\bin\java.dll
Event: 0.052 Loaded shared library C:\Program Files\Microsoft\jdk-17.0.10.7-hotspot\bin\jsvml.dll
Event: 0.107 Loaded shared library C:\Program Files\Microsoft\jdk-17.0.10.7-hotspot\bin\net.dll
Event: 0.110 Loaded shared library C:\Program Files\Microsoft\jdk-17.0.10.7-hotspot\bin\nio.dll
Event: 0.116 Loaded shared library C:\Program Files\Microsoft\jdk-17.0.10.7-hotspot\bin\zip.dll
Event: 0.610 Loaded shared library C:\Program Files\Microsoft\jdk-17.0.10.7-hotspot\bin\jimage.dll
Event: 0.708 Loaded shared library C:\Program Files\Microsoft\jdk-17.0.10.7-hotspot\bin\verify.dll
Event: 0.957 Loaded shared library C:\Users\anton\.gradle\native\68d5fa5c4cc2d200863cafc0d521ce42e7d3e7ee720ec0a83991735586a16f82\windows-amd64\native-platform.dll
Event: 0.994 Loaded shared library C:\Users\anton\.gradle\native\e376f236ea51e6404a007f0833ffe2c6e607c4080706a723a18a27aeea778392\windows-amd64\native-platform-file-events.dll
Event: 1.885 Loaded shared library C:\Program Files\Microsoft\jdk-17.0.10.7-hotspot\bin\management.dll
Event: 1.888 Loaded shared library C:\Program Files\Microsoft\jdk-17.0.10.7-hotspot\bin\management_ext.dll
Event: 2.132 Loaded shared library C:\Program Files\Microsoft\jdk-17.0.10.7-hotspot\bin\extnet.dll
Event: 2.403 Loaded shared library C:\Program Files\Microsoft\jdk-17.0.10.7-hotspot\bin\sunmscapi.dll

Deoptimization events (20 events):
Event: 11.538 Thread 0x000002bc1f8e7530 DEOPT UNPACKING pc=0x000002bc6bdf69a3 sp=0x000000dd1a3fdf60 mode 2
Event: 11.538 Thread 0x000002bc1fcb85b0 DEOPT UNPACKING pc=0x000002bc6bdf69a3 sp=0x000000dd166fdbd8 mode 2
Event: 11.538 Thread 0x000002bc1f8e7530 Uncommon trap: trap_request=0xffffff54 fr.pc=0x000002bc6c6b15e4 relative=0x0000000000004d04
Event: 11.538 Thread 0x000002bc1f8e7530 Uncommon trap: reason=speculate_null_assert action=make_not_entrant pc=0x000002bc6c6b15e4 method=java.lang.invoke.MethodType$ConcurrentWeakInternSet.add(Ljava/lang/Object;)Ljava/lang/Object; @ 47 c2
Event: 11.538 Thread 0x000002bc1f8e7530 DEOPT PACKING pc=0x000002bc6c6b15e4 sp=0x000000dd1a3fe0a0
Event: 11.538 Thread 0x000002bc1f8e7530 DEOPT UNPACKING pc=0x000002bc6bdf69a3 sp=0x000000dd1a3fe038 mode 2
Event: 11.540 Thread 0x000002bc1fcb5310 Uncommon trap: trap_request=0xffffff45 fr.pc=0x000002bc6c5a68a4 relative=0x0000000000000f84
Event: 11.541 Thread 0x000002bc1fcb5310 Uncommon trap: reason=unstable_if action=reinterpret pc=0x000002bc6c5a68a4 method=java.util.concurrent.ConcurrentHashMap.putVal(Ljava/lang/Object;Ljava/lang/Object;Z)Ljava/lang/Object; @ 97 c2
Event: 11.541 Thread 0x000002bc1fcb5310 DEOPT PACKING pc=0x000002bc6c5a68a4 sp=0x000000dd197fe360
Event: 11.541 Thread 0x000002bc1fcb5310 DEOPT UNPACKING pc=0x000002bc6bdf69a3 sp=0x000000dd197fe2f8 mode 2
Event: 11.541 Thread 0x000002bc1f8e6600 Uncommon trap: trap_request=0xffffff45 fr.pc=0x000002bc6c59893c relative=0x000000000000017c
Event: 11.541 Thread 0x000002bc1f8e6600 Uncommon trap: reason=unstable_if action=reinterpret pc=0x000002bc6c59893c method=java.util.concurrent.ConcurrentHashMap.addCount(JI)V @ 34 c2
Event: 11.541 Thread 0x000002bc1f8e6600 DEOPT PACKING pc=0x000002bc6c59893c sp=0x000000dd19ffe620
Event: 11.541 Thread 0x000002bc1f8e6600 DEOPT UNPACKING pc=0x000002bc6bdf69a3 sp=0x000000dd19ffe580 mode 2
Event: 11.548 Thread 0x000002bc1f8e7020 DEOPT PACKING pc=0x000002bc64dd47dc sp=0x000000dd19dfde30
Event: 11.548 Thread 0x000002bc1f8e7020 DEOPT UNPACKING pc=0x000002bc6bdf7143 sp=0x000000dd19dfd3b0 mode 0
Event: 11.560 Thread 0x000002bc7e22c030 Uncommon trap: trap_request=0xffffff45 fr.pc=0x000002bc6c795fd4 relative=0x0000000000000294
Event: 11.560 Thread 0x000002bc7e22c030 Uncommon trap: reason=unstable_if action=reinterpret pc=0x000002bc6c795fd4 method=org.gradle.internal.snapshot.PathUtil.equalChars(CCLorg/gradle/internal/snapshot/CaseSensitivity;)Z @ 11 c2
Event: 11.560 Thread 0x000002bc7e22c030 DEOPT PACKING pc=0x000002bc6c795fd4 sp=0x000000dd172f6960
Event: 11.560 Thread 0x000002bc7e22c030 DEOPT UNPACKING pc=0x000002bc6bdf69a3 sp=0x000000dd172f6910 mode 2

Classes unloaded (0 events):
No events

Classes redefined (0 events):
No events

Internal exceptions (20 events):
Event: 9.734 Thread 0x000002bc7e22c030 Exception <a 'java/lang/NoSuchMethodError'{0x000000008897faf0}: 'java.lang.Object java.lang.invoke.DirectMethodHandle$Holder.invokeStatic(java.lang.Object, java.lang.Object, java.lang.Object, java.lang.Object, java.lang.Object, java.lang.Object, java.lang.Object, java.lang.Object, java.lang.Object, java.lang.Object, java.lang.Object, java.lang.Object, java.lang.Object, java.lang.Object, java.lang.Object, java.lang.Object, java.lang.Object)'> (0x000000008897faf0) 
thrown [s\src\hotspot\share\interpreter\lin
Event: 9.735 Thread 0x000002bc7e22c030 Exception <a 'java/lang/NoSuchMethodError'{0x00000000889a7710}: 'java.lang.Object java.lang.invoke.DirectMethodHandle$Holder.invokeStatic(java.lang.Object, java.lang.Object, java.lang.Object, java.lang.Object, java.lang.Object, java.lang.Object, java.lang.Object, java.lang.Object, java.lang.Object, java.lang.Object, java.lang.Object, java.lang.Object, java.lang.Object, java.lang.Object, java.lang.Object, java.lang.Object, java.lang.Object, java.lang.Object)'> (0x00000000889a7710) 
thrown [s\src\hotspot\sha
Event: 9.737 Thread 0x000002bc7e22c030 Exception <a 'java/lang/NoSuchMethodError'{0x00000000889cfdb8}: 'java.lang.Object java.lang.invoke.DirectMethodHandle$Holder.invokeStatic(java.lang.Object, java.lang.Object, java.lang.Object, java.lang.Object, java.lang.Object, java.lang.Object, java.lang.Object, java.lang.Object, java.lang.Object, java.lang.Object, java.lang.Object, java.lang.Object, java.lang.Object, java.lang.Object, java.lang.Object, java.lang.Object, java.lang.Object, java.lang.Object, java.lang.Object)'> (0x00000000889cfdb8) 
thrown 
Event: 9.738 Thread 0x000002bc7e22c030 Exception <a 'java/lang/NoSuchMethodError'{0x00000000889f9da8}: 'java.lang.Object java.lang.invoke.DirectMethodHandle$Holder.invokeStatic(java.lang.Object, java.lang.Object, java.lang.Object, java.lang.Object, java.lang.Object, java.lang.Object, java.lang.Object, java.lang.Object, java.lang.Object, java.lang.Object, java.lang.Object, java.lang.Object, java.lang.Object, java.lang.Object, java.lang.Object, java.lang.Object, java.lang.Object, java.lang.Object, java.lang.Object, java.lang.Object)'> (0x00000000
Event: 9.739 Thread 0x000002bc7e22c030 Exception <a 'java/lang/NoSuchMethodError'{0x0000000088824ba8}: 'java.lang.Object java.lang.invoke.DirectMethodHandle$Holder.invokeStatic(java.lang.Object, java.lang.Object, java.lang.Object, java.lang.Object, java.lang.Object, java.lang.Object, java.lang.Object, java.lang.Object, java.lang.Object, java.lang.Object, java.lang.Object, java.lang.Object, java.lang.Object, java.lang.Object, java.lang.Object, java.lang.Object, java.lang.Object, java.lang.Object, java.lang.Object, java.lang.Object, java.lang.Obj
Event: 9.741 Thread 0x000002bc7e22c030 Exception <a 'java/lang/NoSuchMethodError'{0x000000008884feb0}: 'java.lang.Object java.lang.invoke.DirectMethodHandle$Holder.invokeStatic(java.lang.Object, java.lang.Object, java.lang.Object, java.lang.Object, java.lang.Object, java.lang.Object, java.lang.Object, java.lang.Object, java.lang.Object, java.lang.Object, java.lang.Object, java.lang.Object, java.lang.Object, java.lang.Object, java.lang.Object, java.lang.Object, java.lang.Object, java.lang.Object, java.lang.Object, java.lang.Object, java.lang.Obj
Event: 9.742 Thread 0x000002bc7e22c030 Exception <a 'java/lang/NoSuchMethodError'{0x000000008887ced8}: 'java.lang.Object java.lang.invoke.DirectMethodHandle$Holder.invokeStatic(java.lang.Object, java.lang.Object, java.lang.Object, java.lang.Object, java.lang.Object, java.lang.Object, java.lang.Object, java.lang.Object, java.lang.Object, java.lang.Object, java.lang.Object, java.lang.Object, java.lang.Object, java.lang.Object, java.lang.Object, java.lang.Object, java.lang.Object, java.lang.Object, java.lang.Object, java.lang.Object, java.lang.Obj
Event: 9.743 Thread 0x000002bc7e22c030 Exception <a 'java/lang/NoSuchMethodError'{0x00000000888ab530}: 'java.lang.Object java.lang.invoke.DirectMethodHandle$Holder.invokeStatic(java.lang.Object, java.lang.Object, java.lang.Object, java.lang.Object, java.lang.Object, java.lang.Object, java.lang.Object, java.lang.Object, java.lang.Object, java.lang.Object, java.lang.Object, java.lang.Object, java.lang.Object, java.lang.Object, java.lang.Object, java.lang.Object, java.lang.Object, java.lang.Object, java.lang.Object, java.lang.Object, java.lang.Obj
Event: 9.825 Thread 0x000002bc7e22c030 Exception <a 'java/lang/IncompatibleClassChangeError'{0x0000000083c256d0}: Found class java.lang.Object, but interface was expected> (0x0000000083c256d0) 
thrown [s\src\hotspot\share\interpreter\linkResolver.cpp, line 826]
Event: 9.899 Thread 0x000002bc7e22c030 Exception <a 'java/lang/IncompatibleClassChangeError'{0x0000000083850e38}: Found class java.lang.Object, but interface was expected> (0x0000000083850e38) 
thrown [s\src\hotspot\share\interpreter\linkResolver.cpp, line 826]
Event: 9.918 Thread 0x000002bc7e22c030 Exception <a 'java/lang/NoSuchMethodError'{0x00000000837e8938}: 'int java.lang.invoke.DirectMethodHandle$Holder.invokeStaticInit(java.lang.Object, java.lang.Object, java.lang.Object, java.lang.Object, java.lang.Object)'> (0x00000000837e8938) 
thrown [s\src\hotspot\share\interpreter\linkResolver.cpp, line 759]
Event: 10.104 Thread 0x000002bc7e22c030 Exception <a 'java/lang/NoSuchMethodError'{0x00000000884e8668}: 'java.lang.Object java.lang.invoke.DirectMethodHandle$Holder.newInvokeSpecial(java.lang.Object, int, java.lang.Object)'> (0x00000000884e8668) 
thrown [s\src\hotspot\share\interpreter\linkResolver.cpp, line 759]
Event: 10.647 Thread 0x000002bc7e22c030 Exception <a 'java/lang/NoSuchMethodError'{0x0000000083b3f248}: 'int java.lang.invoke.DirectMethodHandle$Holder.invokeStatic(java.lang.Object)'> (0x0000000083b3f248) 
thrown [s\src\hotspot\share\interpreter\linkResolver.cpp, line 759]
Event: 10.647 Thread 0x000002bc7e22c030 Exception <a 'java/lang/NoSuchMethodError'{0x0000000083b43b88}: 'int java.lang.invoke.DirectMethodHandle$Holder.invokeStaticInit(java.lang.Object)'> (0x0000000083b43b88) 
thrown [s\src\hotspot\share\interpreter\linkResolver.cpp, line 759]
Event: 10.653 Thread 0x000002bc7e22c030 Exception <a 'java/lang/NoSuchMethodError'{0x0000000083bbb1e8}: 'java.lang.Object java.lang.invoke.DirectMethodHandle$Holder.newInvokeSpecial(java.lang.Object, java.lang.Object, java.lang.Object, java.lang.Object, java.lang.Object, int)'> (0x0000000083bbb1e8) 
thrown [s\src\hotspot\share\interpreter\linkResolver.cpp, line 759]
Event: 10.654 Thread 0x000002bc7e22c030 Exception <a 'java/lang/NoSuchMethodError'{0x0000000083bc0ae8}: 'java.lang.Object java.lang.invoke.DirectMethodHandle$Holder.invokeSpecial(java.lang.Object, java.lang.Object, java.lang.Object, java.lang.Object, java.lang.Object, java.lang.Object, int)'> (0x0000000083bc0ae8) 
thrown [s\src\hotspot\share\interpreter\linkResolver.cpp, line 759]
Event: 10.665 Thread 0x000002bc7e22c030 Exception <a 'java/lang/NoSuchMethodError'{0x0000000083a98238}: 'void java.lang.invoke.DirectMethodHandle$Holder.invokeStatic(java.lang.Object, java.lang.Object, java.lang.Object, int, java.lang.Object)'> (0x0000000083a98238) 
thrown [s\src\hotspot\share\interpreter\linkResolver.cpp, line 759]
Event: 10.708 Thread 0x000002bc7e22c030 Exception <a 'java/lang/NoSuchMethodError'{0x00000000837b8350}: 'java.lang.Object java.lang.invoke.DirectMethodHandle$Holder.newInvokeSpecial(java.lang.Object, java.lang.Object, int)'> (0x00000000837b8350) 
thrown [s\src\hotspot\share\interpreter\linkResolver.cpp, line 759]
Event: 10.772 Thread 0x000002bc7e22c030 Implicit null exception at 0x000002bc6c52d0f2 to 0x000002bc6c52d6d0
Event: 10.804 Thread 0x000002bc7e22c030 Exception <a 'sun/nio/fs/WindowsException'{0x0000000088c54a88}> (0x0000000088c54a88) 
thrown [s\src\hotspot\share\prims\jni.cpp, line 516]

VM Operations (20 events):
Event: 10.654 Executing VM operation: HandshakeAllThreads
Event: 10.654 Executing VM operation: HandshakeAllThreads done
Event: 10.664 Executing VM operation: HandshakeAllThreads
Event: 10.664 Executing VM operation: HandshakeAllThreads done
Event: 10.710 Executing VM operation: ICBufferFull
Event: 10.710 Executing VM operation: ICBufferFull done
Event: 10.760 Executing VM operation: G1CollectForAllocation
Event: 10.762 Executing VM operation: G1CollectForAllocation done
Event: 10.780 Executing VM operation: HandshakeAllThreads
Event: 10.780 Executing VM operation: HandshakeAllThreads done
Event: 10.805 Executing VM operation: HandshakeAllThreads
Event: 10.805 Executing VM operation: HandshakeAllThreads done
Event: 10.811 Executing VM operation: HandshakeAllThreads
Event: 10.811 Executing VM operation: HandshakeAllThreads done
Event: 10.812 Executing VM operation: HandshakeAllThreads
Event: 10.812 Executing VM operation: HandshakeAllThreads done
Event: 10.857 Executing VM operation: HandshakeAllThreads
Event: 10.857 Executing VM operation: HandshakeAllThreads done
Event: 11.009 Executing VM operation: HandshakeAllThreads
Event: 11.009 Executing VM operation: HandshakeAllThreads done

Events (20 events):
Event: 11.537 Thread 0x000002bc1fcb99f0 Thread added: 0x000002bc1fcb99f0
Event: 11.537 Thread 0x000002bc1fcb39c0 Thread added: 0x000002bc1fcb39c0
Event: 11.537 Thread 0x000002bc1fcbb340 Thread added: 0x000002bc1fcbb340
Event: 11.537 Thread 0x000002bc1f8e7a40 Thread added: 0x000002bc1f8e7a40
Event: 11.537 Thread 0x000002bc1f8e7020 Thread added: 0x000002bc1f8e7020
Event: 11.537 Thread 0x000002bc1f8e7f50 Thread added: 0x000002bc1f8e7f50
Event: 11.537 Thread 0x000002bc1f8e6600 Thread added: 0x000002bc1f8e6600
Event: 11.537 Thread 0x000002bc1f8ea7d0 Thread added: 0x000002bc1f8ea7d0
Event: 11.537 Thread 0x000002bc1f8e8e80 Thread added: 0x000002bc1f8e8e80
Event: 11.538 Thread 0x000002bc1f8e6b10 Thread added: 0x000002bc1f8e6b10
Event: 11.538 Thread 0x000002bc1f8e7530 Thread added: 0x000002bc1f8e7530
Event: 11.538 Thread 0x000002bc1f8e8460 Thread added: 0x000002bc1f8e8460
Event: 11.539 Thread 0x000002bc1f8e8970 Thread added: 0x000002bc1f8e8970
Event: 11.540 Thread 0x000002bc1f8e9390 Thread added: 0x000002bc1f8e9390
Event: 11.541 Thread 0x000002bc1f8ea2c0 Thread added: 0x000002bc1f8ea2c0
Event: 11.541 Thread 0x000002bc1f8eace0 Thread added: 0x000002bc1f8eace0
Event: 11.541 Thread 0x000002bc1f8ed050 Thread added: 0x000002bc1f8ed050
Event: 11.541 Thread 0x000002bc1f8e5be0 Thread added: 0x000002bc1f8e5be0
Event: 11.541 Thread 0x000002bc1f8e98a0 Thread added: 0x000002bc1f8e98a0
Event: 11.547 Thread 0x000002bc7ce7c590 Thread added: 0x000002bc7ce7c590


Dynamic libraries:
0x00007ff78a920000 - 0x00007ff78a92e000 	C:\Program Files\Microsoft\jdk-17.0.10.7-hotspot\bin\java.exe
0x00007ffa1bd90000 - 0x00007ffa1bfa6000 	C:\WINDOWS\SYSTEM32\ntdll.dll
0x00007ffa1a460000 - 0x00007ffa1a524000 	C:\WINDOWS\System32\KERNEL32.DLL
0x00007ffa191f0000 - 0x00007ffa19596000 	C:\WINDOWS\System32\KERNELBASE.dll
0x00007ffa197b0000 - 0x00007ffa198c1000 	C:\WINDOWS\System32\ucrtbase.dll
0x00007ff9f86d0000 - 0x00007ff9f86eb000 	C:\Program Files\Microsoft\jdk-17.0.10.7-hotspot\bin\VCRUNTIME140.dll
0x00007ff9f86b0000 - 0x00007ff9f86c7000 	C:\Program Files\Microsoft\jdk-17.0.10.7-hotspot\bin\jli.dll
0x00007ffa19cd0000 - 0x00007ffa19e7d000 	C:\WINDOWS\System32\USER32.dll
0x00007ff9fa0b0000 - 0x00007ff9fa343000 	C:\WINDOWS\WinSxS\amd64_microsoft.windows.common-controls_6595b64144ccf1df_6.0.22621.3235_none_270f74e173860f98\COMCTL32.dll
0x00007ffa19690000 - 0x00007ffa196b6000 	C:\WINDOWS\System32\win32u.dll
0x00007ffa1b870000 - 0x00007ffa1b917000 	C:\WINDOWS\System32\msvcrt.dll
0x00007ffa1b920000 - 0x00007ffa1b949000 	C:\WINDOWS\System32\GDI32.dll
0x00007ffa190d0000 - 0x00007ffa191e8000 	C:\WINDOWS\System32\gdi32full.dll
0x00007ffa19a40000 - 0x00007ffa19ada000 	C:\WINDOWS\System32\msvcp_win.dll
0x00007ffa19f60000 - 0x00007ffa19f91000 	C:\WINDOWS\System32\IMM32.DLL
0x00007ffa144f0000 - 0x00007ffa144fc000 	C:\Program Files\Microsoft\jdk-17.0.10.7-hotspot\bin\vcruntime140_1.dll
0x00007ff9f8620000 - 0x00007ff9f86ad000 	C:\Program Files\Microsoft\jdk-17.0.10.7-hotspot\bin\msvcp140.dll
0x00007ff984ec0000 - 0x00007ff985b25000 	C:\Program Files\Microsoft\jdk-17.0.10.7-hotspot\bin\server\jvm.dll
0x00007ffa1a290000 - 0x00007ffa1a342000 	C:\WINDOWS\System32\ADVAPI32.dll
0x00007ffa1a070000 - 0x00007ffa1a118000 	C:\WINDOWS\System32\sechost.dll
0x00007ffa19660000 - 0x00007ffa19688000 	C:\WINDOWS\System32\bcrypt.dll
0x00007ffa1a170000 - 0x00007ffa1a285000 	C:\WINDOWS\System32\RPCRT4.dll
0x00007ffa18690000 - 0x00007ffa186dd000 	C:\WINDOWS\SYSTEM32\POWRPROF.dll
0x00007ffa0fdd0000 - 0x00007ffa0fdda000 	C:\WINDOWS\SYSTEM32\VERSION.dll
0x00007ffa11230000 - 0x00007ffa11264000 	C:\WINDOWS\SYSTEM32\WINMM.dll
0x00007ff9cbd80000 - 0x00007ff9cbd89000 	C:\WINDOWS\SYSTEM32\WSOCK32.dll
0x00007ffa1bab0000 - 0x00007ffa1bb21000 	C:\WINDOWS\System32\WS2_32.dll
0x00007ffa18660000 - 0x00007ffa18673000 	C:\WINDOWS\SYSTEM32\UMPDC.dll
0x00007ffa180d0000 - 0x00007ffa180e8000 	C:\WINDOWS\SYSTEM32\kernel.appcore.dll
0x00007ff9f8610000 - 0x00007ff9f861a000 	C:\Program Files\Microsoft\jdk-17.0.10.7-hotspot\bin\jimage.dll
0x00007ffa08330000 - 0x00007ffa08563000 	C:\WINDOWS\SYSTEM32\DBGHELP.DLL
0x00007ffa1ac00000 - 0x00007ffa1af88000 	C:\WINDOWS\System32\combase.dll
0x00007ffa19e80000 - 0x00007ffa19f57000 	C:\WINDOWS\System32\OLEAUT32.dll
0x00007ff9f5ce0000 - 0x00007ff9f5d12000 	C:\WINDOWS\SYSTEM32\dbgcore.DLL
0x00007ffa19730000 - 0x00007ffa197aa000 	C:\WINDOWS\System32\bcryptPrimitives.dll
0x00007ff9e1580000 - 0x00007ff9e15a5000 	C:\Program Files\Microsoft\jdk-17.0.10.7-hotspot\bin\java.dll
0x00007ff9d6f50000 - 0x00007ff9d7027000 	C:\Program Files\Microsoft\jdk-17.0.10.7-hotspot\bin\jsvml.dll
0x00007ffa1af90000 - 0x00007ffa1b7ed000 	C:\WINDOWS\System32\SHELL32.dll
0x00007ffa16fe0000 - 0x00007ffa178d8000 	C:\WINDOWS\SYSTEM32\windows.storage.dll
0x00007ffa16ea0000 - 0x00007ffa16fde000 	C:\WINDOWS\SYSTEM32\wintypes.dll
0x00007ffa1a350000 - 0x00007ffa1a443000 	C:\WINDOWS\System32\SHCORE.dll
0x00007ffa1bbe0000 - 0x00007ffa1bc3e000 	C:\WINDOWS\System32\shlwapi.dll
0x00007ffa19000000 - 0x00007ffa19026000 	C:\WINDOWS\SYSTEM32\profapi.dll
0x00007ff9f8550000 - 0x00007ff9f8569000 	C:\Program Files\Microsoft\jdk-17.0.10.7-hotspot\bin\net.dll
0x00007ffa12b30000 - 0x00007ffa12c67000 	C:\WINDOWS\SYSTEM32\WINHTTP.dll
0x00007ffa185b0000 - 0x00007ffa18619000 	C:\WINDOWS\system32\mswsock.dll
0x00007ff9f4ed0000 - 0x00007ff9f4ee6000 	C:\Program Files\Microsoft\jdk-17.0.10.7-hotspot\bin\nio.dll
0x00007ff9e8d10000 - 0x00007ff9e8d28000 	C:\Program Files\Microsoft\jdk-17.0.10.7-hotspot\bin\zip.dll
0x00007ff9f8600000 - 0x00007ff9f8610000 	C:\Program Files\Microsoft\jdk-17.0.10.7-hotspot\bin\verify.dll
0x00007ff9d8a30000 - 0x00007ff9d8a57000 	C:\Users\anton\.gradle\native\68d5fa5c4cc2d200863cafc0d521ce42e7d3e7ee720ec0a83991735586a16f82\windows-amd64\native-platform.dll
0x00007ff9d10b0000 - 0x00007ff9d11f4000 	C:\Users\anton\.gradle\native\e376f236ea51e6404a007f0833ffe2c6e607c4080706a723a18a27aeea778392\windows-amd64\native-platform-file-events.dll
0x00007ff9f4bf0000 - 0x00007ff9f4bf9000 	C:\Program Files\Microsoft\jdk-17.0.10.7-hotspot\bin\management.dll
0x00007ff9efdf0000 - 0x00007ff9efdfb000 	C:\Program Files\Microsoft\jdk-17.0.10.7-hotspot\bin\management_ext.dll
0x00007ffa1bd40000 - 0x00007ffa1bd48000 	C:\WINDOWS\System32\PSAPI.DLL
0x00007ffa18850000 - 0x00007ffa1886b000 	C:\WINDOWS\SYSTEM32\CRYPTSP.dll
0x00007ffa18030000 - 0x00007ffa18065000 	C:\WINDOWS\system32\rsaenh.dll
0x00007ffa186e0000 - 0x00007ffa1870c000 	C:\WINDOWS\SYSTEM32\USERENV.dll
0x00007ffa18840000 - 0x00007ffa1884c000 	C:\WINDOWS\SYSTEM32\CRYPTBASE.dll
0x00007ffa17b40000 - 0x00007ffa17b6d000 	C:\WINDOWS\SYSTEM32\IPHLPAPI.DLL
0x00007ffa1a000000 - 0x00007ffa1a009000 	C:\WINDOWS\System32\NSI.dll
0x00007ffa12860000 - 0x00007ffa12879000 	C:\WINDOWS\SYSTEM32\dhcpcsvc6.DLL
0x00007ffa124a0000 - 0x00007ffa124bf000 	C:\WINDOWS\SYSTEM32\dhcpcsvc.DLL
0x00007ffa17bb0000 - 0x00007ffa17ca9000 	C:\WINDOWS\SYSTEM32\DNSAPI.dll
0x00007ff9e85f0000 - 0x00007ff9e85f9000 	C:\Program Files\Microsoft\jdk-17.0.10.7-hotspot\bin\extnet.dll
0x00007ff9e5420000 - 0x00007ff9e542e000 	C:\Program Files\Microsoft\jdk-17.0.10.7-hotspot\bin\sunmscapi.dll
0x00007ffa198d0000 - 0x00007ffa19a36000 	C:\WINDOWS\System32\CRYPT32.dll
0x00007ffa18a90000 - 0x00007ffa18abe000 	C:\WINDOWS\SYSTEM32\ncrypt.dll
0x00007ffa18a50000 - 0x00007ffa18a87000 	C:\WINDOWS\SYSTEM32\NTASN1.dll
0x00007ff9c4ee0000 - 0x00007ff9c4ee8000 	C:\WINDOWS\system32\wshunix.dll
0x00007ff9f9f30000 - 0x00007ff9f9f3a000 	C:\Windows\System32\rasadhlp.dll
0x00007ffa11080000 - 0x00007ffa11103000 	C:\WINDOWS\System32\fwpuclnt.dll

dbghelp: loaded successfully - version: 4.0.5 - missing functions: none
symbol engine: initialized successfully - sym options: 0x614 - pdb path: .;C:\Program Files\Microsoft\jdk-17.0.10.7-hotspot\bin;C:\WINDOWS\SYSTEM32;C:\WINDOWS\WinSxS\amd64_microsoft.windows.common-controls_6595b64144ccf1df_6.0.22621.3235_none_270f74e173860f98;C:\Program Files\Microsoft\jdk-17.0.10.7-hotspot\bin\server;C:\Users\anton\.gradle\native\68d5fa5c4cc2d200863cafc0d521ce42e7d3e7ee720ec0a83991735586a16f82\windows-amd64;C:\Users\anton\.gradle\native\e376f236ea51e6404a007f0833ffe2c6e607c4080706a723a18a27aeea778392\windows-amd64

VM Arguments:
jvm_args: -XX:MaxMetaspaceSize=512m --add-opens=java.base/java.util=ALL-UNNAMED --add-opens=java.base/java.lang=ALL-UNNAMED --add-opens=java.base/java.lang.invoke=ALL-UNNAMED --add-opens=java.prefs/java.util.prefs=ALL-UNNAMED --add-opens=java.base/java.nio.charset=ALL-UNNAMED --add-opens=java.base/java.net=ALL-UNNAMED --add-opens=java.base/java.util.concurrent.atomic=ALL-UNNAMED -Xmx2048m -Dfile.encoding=windows-1251 -Duser.country=RU -Duser.language=ru -Duser.variant 
java_command: org.gradle.launcher.daemon.bootstrap.GradleDaemon 8.0.1
java_class_path (initial): C:\Users\anton\.gradle\wrapper\dists\gradle-8.0.1-all\aro4hu1c3oeioove7l0i4i14o\gradle-8.0.1\lib\gradle-launcher-8.0.1.jar
Launcher Type: SUN_STANDARD

[Global flags]
     intx CICompilerCount                          = 12                                        {product} {ergonomic}
   size_t CompressedClassSpaceSize                 = 436207616                                 {product} {ergonomic}
     uint ConcGCThreads                            = 3                                         {product} {ergonomic}
     uint G1ConcRefinementThreads                  = 13                                        {product} {ergonomic}
   size_t G1HeapRegionSize                         = 1048576                                   {product} {ergonomic}
    uintx GCDrainStackTargetSize                   = 64                                        {product} {ergonomic}
   size_t InitialHeapSize                          = 257949696                                 {product} {ergonomic}
   size_t MarkStackSize                            = 4194304                                   {product} {ergonomic}
   size_t MaxHeapSize                              = 2147483648                                {product} {command line}
   size_t MaxMetaspaceSize                         = 536870912                                 {product} {command line}
   size_t MaxNewSize                               = 1287651328                                {product} {ergonomic}
   size_t MinHeapDeltaBytes                        = 1048576                                   {product} {ergonomic}
   size_t MinHeapSize                              = 8388608                                   {product} {ergonomic}
    uintx NonNMethodCodeHeapSize                   = 7602480                                {pd product} {ergonomic}
    uintx NonProfiledCodeHeapSize                  = 122027880                              {pd product} {ergonomic}
    uintx ProfiledCodeHeapSize                     = 122027880                              {pd product} {ergonomic}
    uintx ReservedCodeCacheSize                    = 251658240                              {pd product} {ergonomic}
     bool SegmentedCodeCache                       = true                                      {product} {ergonomic}
   size_t SoftMaxHeapSize                          = 2147483648                             {manageable} {ergonomic}
     bool UseCompressedClassPointers               = true                           {product lp64_product} {ergonomic}
     bool UseCompressedOops                        = true                           {product lp64_product} {ergonomic}
     bool UseG1GC                                  = true                                      {product} {ergonomic}
     bool UseLargePagesIndividualAllocation        = false                                  {pd product} {ergonomic}

Logging:
Log output configuration:
 #0: stdout all=warning uptime,level,tags
 #1: stderr all=off uptime,level,tags

Environment Variables:
JAVA_HOME=C:\Program Files\Microsoft\jdk-17.0.10.7-hotspot\
CLASSPATH=D:\projects\booknex-2\apps\mobile\android\\gradle\wrapper\gradle-wrapper.jar
PATH=D:\projects\booknex-2\apps\mobile\node_modules\.bin;D:\projects\booknex-2\apps\mobile\node_modules\.bin;D:\projects\booknex-2\apps\node_modules\.bin;D:\projects\booknex-2\node_modules\.bin;D:\projects\node_modules\.bin;D:\node_modules\.bin;C:\Program Files\nodejs\node_modules\npm\node_modules\@npmcli\run-script\lib\node-gyp-bin;C:\Python312\Scripts\;C:\Python312\;C:\Program Files\Microsoft\jdk-17.0.10.7-hotspot\bin;C:\WINDOWS\system32;C:\WINDOWS;C:\WINDOWS\System32\Wbem;C:\WINDOWS\System32\WindowsPowerShell\v1.0\;C:\WINDOWS\System32\OpenSSH\;C:\ProgramData\chocolatey\bin;C:\Program Files\nodejs\;C:\Program Files\Git\cmd;C:\Program Files (x86)\Yarn\bin\;C:\Users\anton\AppData\Local\Android\Sdk\platform-tools;C:\Users\anton\AppData\Local\Android\Sdk\tools;C:\Users\anton\AppData\Local\Microsoft\WindowsApps;;D:\WebStorm 2023.3.5\bin;;C:\Users\anton\AppData\Roaming\npm;C:\Users\anton\AppData\Local\Yarn\bin;C:\Users\anton\.bun\bin;D:\projects\old\Microsoft VS Code\bin;D:\projects\booknex-2\node_modules\.bin
USERNAME=anton
OS=Windows_NT
PROCESSOR_IDENTIFIER=AMD64 Family 25 Model 80 Stepping 0, AuthenticAMD
TMP=C:\Users\anton\AppData\Local\Temp
TEMP=C:\Users\anton\AppData\Local\Temp



Periodic native trim disabled


---------------  S Y S T E M  ---------------

OS:
 Windows 11 , 64 bit Build 22621 (10.0.22621.3235)
OS uptime: 1 days 23:42 hours
Hyper-V role detected

CPU: total 16 (initial active 16) (16 cores per cpu, 2 threads per core) family 25 model 80 stepping 0 microcode 0x0, cx8, cmov, fxsr, ht, mmx, 3dnowpref, sse, sse2, sse3, ssse3, sse4a, sse4.1, sse4.2, popcnt, lzcnt, tsc, tscinvbit, avx, avx2, aes, erms, clmul, bmi1, bmi2, adx, sha, fma, vzeroupper, clflush, clflushopt, hv
Processor Information for all 16 processors :
  Max Mhz: 3201, Current Mhz: 3201, Mhz Limit: 3201

Memory: 4k page, system-wide physical 15713M (760M free)
TotalPageFile size 28454M (AvailPageFile size 3M)
current process WorkingSet (physical memory assigned to process): 247M, peak: 269M
current process commit charge ("private bytes"): 300M, peak: 453M

vm_info: OpenJDK 64-Bit Server VM (17.0.10+7-LTS) for windows-amd64 JRE (17.0.10+7-LTS), built on Jan 10 2024 19:47:12 by "MicrosoftCorporation" with MS VC++ 16.10 / 16.11 (VS2019)

END.
